[ 2018-03-24T11:25:27+08:00 ] ::1 /thinkphp/Public/js/album/jquery.min.map
ERR: 无法加载模块:Public

[ 2018-03-24T11:25:31+08:00 ] ::1 /thinkphp/Public/js/album/jquery.min.map
ERR: 无法加载模块:Public

[ 2018-03-24T11:26:28+08:00 ] ::1 /thinkphp/Public/js/album/jquery.min.map
ERR: 无法加载模块:Public

[ 2018-03-24T11:26:30+08:00 ] ::1 /thinkphp/Public/js/album/jquery.min.map
ERR: 无法加载模块:Public

[ 2018-03-24T12:14:57+08:00 ] ::1 /thinkphp/Public/js/album/jquery.min.map
ERR: 无法加载模块:Public

[ 2018-03-24T12:15:05+08:00 ] ::1 /thinkphp/Public/js/album/jquery.min.map
ERR: 无法加载模块:Public

[ 2018-03-24T12:15:10+08:00 ] ::1 /thinkphp/Public/js/album/jquery.min.map
ERR: 无法加载模块:Public

[ 2018-03-24T12:15:14+08:00 ] ::1 /thinkphp/Public/js/album/jquery.min.map
ERR: 无法加载模块:Public

[ 2018-03-24T12:15:51+08:00 ] ::1 /thinkphp/Public/js/album/jquery.min.map
ERR: 无法加载模块:Public

[ 2018-03-24T12:15:55+08:00 ] ::1 /thinkphp/Public/images/20180207/robot_logo.png
ERR: 无法加载模块:Public

[ 2018-03-24T12:15:55+08:00 ] ::1 /thinkphp/Public/images/20180207/robot_logo.png
ERR: 无法加载模块:Public

[ 2018-03-24T12:15:59+08:00 ] ::1 /thinkphp/Public/js/album/jquery.min.map
ERR: 无法加载模块:Public

[ 2018-03-24T12:16:07+08:00 ] ::1 /thinkphp/Public/js/album/jquery.min.map
ERR: 无法加载模块:Public

[ 2018-03-24T12:16:31+08:00 ] ::1 /thinkphp/Public/js/album/jquery.min.map
ERR: 无法加载模块:Public

[ 2018-03-24T12:16:55+08:00 ] ::1 /thinkphp/Public/js/album/jquery.min.map
ERR: 无法加载模块:Public

[ 2018-03-24T13:57:51+08:00 ] ::1 /thinkphp/Public/js/album/jquery.min.map
ERR: 无法加载模块:Public

[ 2018-03-24T13:58:53+08:00 ] ::1 /thinkphp/Public/js/album/jquery.min.map
ERR: 无法加载模块:Public

[ 2018-03-24T13:59:50+08:00 ] ::1 /thinkphp/Public/js/album/jquery.min.map
ERR: 无法加载模块:Public

[ 2018-03-24T14:00:15+08:00 ] ::1 /thinkphp/Public/js/album/jquery.min.map
ERR: 无法加载模块:Public

[ 2018-03-24T14:01:22+08:00 ] ::1 /thinkphp/Public/js/album/jquery.min.map
ERR: 无法加载模块:Public

[ 2018-03-24T14:04:15+08:00 ] ::1 /thinkphp/Public/js/album/jquery.min.map
ERR: 无法加载模块:Public

[ 2018-03-24T14:04:19+08:00 ] ::1 /thinkphp/Public/js/album/jquery.min.map
ERR: 无法加载模块:Public

[ 2018-03-24T14:19:40+08:00 ] 127.0.0.1 /thinkphp/Public/css/Home/vendors/jquery/jquery.min.css
ERR: 无法加载模块:Public

[ 2018-03-24T14:19:42+08:00 ] 127.0.0.1 /thinkphp/Public/css/Home/vendors/jquery/jquery.min.css
ERR: 无法加载模块:Public

[ 2018-03-24T14:19:44+08:00 ] 127.0.0.1 /thinkphp/Public/css/Home/vendors/jquery/jquery.min.css
ERR: 无法加载模块:Public

[ 2018-03-24T14:19:44+08:00 ] 127.0.0.1 /thinkphp/Public/images/20180207/robot_logo.png
ERR: 无法加载模块:Public

[ 2018-03-24T14:20:25+08:00 ] 127.0.0.1 /thinkphp/Public/css/Home/vendors/bootstrap4/bootstrap-grid.min.css.map
ERR: 无法加载模块:Public

[ 2018-03-24T14:26:22+08:00 ] 127.0.0.1 /thinkphp/Public/css/Home/vendors/bootstrap4/bootstrap-grid.min.css.map
ERR: 无法加载模块:Public

[ 2018-03-24T14:26:32+08:00 ] 127.0.0.1 /thinkphp/Public/css/Home/vendors/jquery/jquery.min.css
ERR: 无法加载模块:Public

[ 2018-03-24T14:26:34+08:00 ] 127.0.0.1 /thinkphp/Public/css/Home/vendors/bootstrap4/bootstrap-grid.min.css.map
ERR: 无法加载模块:Public

[ 2018-03-24T14:26:59+08:00 ] 127.0.0.1 /thinkphp/Public/css/Home/vendors/jquery/jquery.min.css
ERR: 无法加载模块:Public

[ 2018-03-24T14:27:04+08:00 ] 127.0.0.1 /thinkphp/Public/css/Home/vendors/bootstrap4/bootstrap-grid.min.css.map
ERR: 无法加载模块:Public

[ 2018-03-24T14:27:05+08:00 ] 127.0.0.1 /thinkphp/Public/css/Home/vendors/jquery/jquery.min.css
ERR: 无法加载模块:Public

[ 2018-03-24T14:27:06+08:00 ] 127.0.0.1 /thinkphp/Public/css/Home/vendors/bootstrap4/bootstrap-grid.min.css.map
ERR: 无法加载模块:Public

[ 2018-03-24T14:30:16+08:00 ] 127.0.0.1 /thinkphp/Public/css/Home/vendors/jquery/jquery.min.css
ERR: 无法加载模块:Public

[ 2018-03-24T14:31:10+08:00 ] 127.0.0.1 /thinkphp/Public/css/Home/vendors/jquery/jquery.min.css
ERR: 无法加载模块:Public

[ 2018-03-24T14:31:22+08:00 ] 127.0.0.1 /thinkphp/Public/css/Home/vendors/bootstrap4/bootstrap-grid.min.css.map
ERR: 无法加载模块:Public

[ 2018-03-24T14:31:58+08:00 ] ::1 /thinkphp/Public/css/Home/vendors/jquery/jquery.min.css
ERR: 无法加载模块:Public

[ 2018-03-24T14:32:08+08:00 ] ::1 /thinkphp/Public/css/Home/vendors/jquery/jquery.min.css
ERR: 无法加载模块:Public

[ 2018-03-24T14:32:09+08:00 ] ::1 /thinkphp/Public/css/Home/vendors/jquery/jquery.min.css
ERR: 无法加载模块:Public

[ 2018-03-24T14:32:12+08:00 ] ::1 /thinkphp/Public/css/Home/vendors/jquery/jquery.min.css
ERR: 无法加载模块:Public

[ 2018-03-24T14:32:12+08:00 ] ::1 /thinkphp/Public/css/Home/vendors/bootstrap4/bootstrap-grid.min.css.map
ERR: 无法加载模块:Public

[ 2018-03-24T14:33:07+08:00 ] ::1 /thinkphp/Public/css/Home/vendors/bootstrap4/bootstrap-grid.min.css.map
ERR: 无法加载模块:Public

[ 2018-03-24T14:33:18+08:00 ] ::1 /thinkphp/Public/js/album/jquery.min.map
ERR: 无法加载模块:Public

[ 2018-03-24T14:33:24+08:00 ] ::1 /thinkphp/Public/css/Home/vendors/jquery/jquery.min.css
ERR: 无法加载模块:Public

[ 2018-03-24T14:33:25+08:00 ] ::1 /thinkphp/Public/css/Home/vendors/jquery/jquery.min.css
ERR: 无法加载模块:Public

[ 2018-03-24T14:33:25+08:00 ] ::1 /thinkphp/Public/images/20180207/robot_logo.png
ERR: 无法加载模块:Public

[ 2018-03-24T14:33:27+08:00 ] ::1 /thinkphp/Public/css/Home/vendors/jquery/jquery.min.css
ERR: 无法加载模块:Public

[ 2018-03-24T14:33:27+08:00 ] ::1 /thinkphp/Public/css/Home/vendors/bootstrap4/bootstrap-grid.min.css.map
ERR: 无法加载模块:Public

[ 2018-03-24T14:33:29+08:00 ] ::1 /thinkphp/Public/css/Home/vendors/jquery/jquery.min.css
ERR: 无法加载模块:Public

[ 2018-03-24T14:33:32+08:00 ] ::1 /thinkphp/Public/css/Home/vendors/jquery/jquery.min.css
ERR: 无法加载模块:Public

[ 2018-03-24T14:33:34+08:00 ] ::1 /thinkphp/Public/css/Home/vendors/jquery/jquery.min.css
ERR: 无法加载模块:Public

[ 2018-03-24T14:33:36+08:00 ] ::1 /thinkphp/Public/css/Home/vendors/jquery/jquery.min.css
ERR: 无法加载模块:Public

[ 2018-03-24T14:33:36+08:00 ] ::1 /thinkphp/Public/css/Home/vendors/bootstrap4/bootstrap-grid.min.css.map
ERR: 无法加载模块:Public

[ 2018-03-24T14:34:44+08:00 ] ::1 /thinkphp/Public/css/Home/vendors/jquery/jquery.min.css
ERR: 无法加载模块:Public

[ 2018-03-24T14:34:47+08:00 ] ::1 /thinkphp/Public/css/Home/vendors/jquery/jquery.min.css
ERR: 无法加载模块:Public

[ 2018-03-24T14:34:49+08:00 ] ::1 /thinkphp/Public/css/Home/vendors/jquery/jquery.min.css
ERR: 无法加载模块:Public

[ 2018-03-24T14:35:23+08:00 ] ::1 /thinkphp/Public/css/Home/vendors/jquery/jquery.min.css
ERR: 无法加载模块:Public

[ 2018-03-24T14:35:25+08:00 ] ::1 /thinkphp/Public/css/Home/vendors/jquery/jquery.min.css
ERR: 无法加载模块:Public

[ 2018-03-24T14:35:26+08:00 ] ::1 /thinkphp/Public/css/Home/vendors/jquery/jquery.min.css
ERR: 无法加载模块:Public

[ 2018-03-24T14:35:28+08:00 ] ::1 /thinkphp/Public/css/Home/vendors/jquery/jquery.min.css
ERR: 无法加载模块:Public

[ 2018-03-24T14:35:29+08:00 ] ::1 /thinkphp/Public/css/Home/vendors/jquery/jquery.min.css
ERR: 无法加载模块:Public

[ 2018-03-24T14:35:30+08:00 ] ::1 /thinkphp/Public/css/Home/vendors/jquery/jquery.min.css
ERR: 无法加载模块:Public

[ 2018-03-24T14:35:49+08:00 ] ::1 /thinkphp/Public/css/Home/vendors/jquery/jquery.min.css
ERR: 无法加载模块:Public

[ 2018-03-24T14:35:56+08:00 ] ::1 /thinkphp/Public/css/Home/vendors/jquery/jquery.min.css
ERR: 无法加载模块:Public

[ 2018-03-24T14:35:56+08:00 ] ::1 /thinkphp/Public/js/Home/vendors/smoothscroll/SmoothScroll.min.js.map
ERR: 无法加载模块:Public

[ 2018-03-24T14:35:56+08:00 ] ::1 /thinkphp/Public/css/Home/vendors/bootstrap4/bootstrap-grid.min.css.map
ERR: 无法加载模块:Public

[ 2018-03-24T14:36:45+08:00 ] ::1 /thinkphp/Public/css/Home/vendors/jquery/jquery.min.css
ERR: 无法加载模块:Public

[ 2018-03-24T14:36:47+08:00 ] ::1 /thinkphp/Public/css/Home/vendors/jquery/jquery.min.css
ERR: 无法加载模块:Public

[ 2018-03-24T14:36:49+08:00 ] ::1 /thinkphp/Public/css/Home/vendors/jquery/jquery.min.css
ERR: 无法加载模块:Public

[ 2018-03-24T14:36:51+08:00 ] ::1 /thinkphp/Public/css/Home/vendors/jquery/jquery.min.css
ERR: 无法加载模块:Public

[ 2018-03-24T14:36:51+08:00 ] ::1 /thinkphp/Public/css/Home/vendors/bootstrap4/bootstrap-grid.min.css.map
ERR: 无法加载模块:Public

[ 2018-03-24T14:36:59+08:00 ] ::1 /thinkphp/Public/css/Home/vendors/bootstrap4/bootstrap-grid.min.css.map
ERR: 无法加载模块:Public

[ 2018-03-24T14:37:15+08:00 ] ::1 /thinkphp/Public/css/Home/vendors/jquery/jquery.min.css
ERR: 无法加载模块:Public

[ 2018-03-24T14:37:15+08:00 ] ::1 /thinkphp/Public/js/Home/vendors/smoothscroll/SmoothScroll.min.js.map
ERR: 无法加载模块:Public

[ 2018-03-24T14:37:15+08:00 ] ::1 /thinkphp/Public/css/Home/vendors/bootstrap4/bootstrap-grid.min.css.map
ERR: 无法加载模块:Public

[ 2018-03-24T14:37:20+08:00 ] ::1 /thinkphp/Public/css/Home/vendors/jquery/jquery.min.css
ERR: 无法加载模块:Public

[ 2018-03-24T14:37:20+08:00 ] ::1 /thinkphp/Public/js/Home/vendors/smoothscroll/SmoothScroll.min.js.map
ERR: 无法加载模块:Public

[ 2018-03-24T14:37:20+08:00 ] ::1 /thinkphp/Public/css/Home/vendors/bootstrap4/bootstrap-grid.min.css.map
ERR: 无法加载模块:Public

[ 2018-03-24T14:37:26+08:00 ] ::1 /thinkphp/Public/js/Home/vendors/smoothscroll/SmoothScroll.min.js.map
ERR: 无法加载模块:Public

[ 2018-03-24T14:37:26+08:00 ] ::1 /thinkphp/Public/css/Home/vendors/bootstrap4/bootstrap-grid.min.css.map
ERR: 无法加载模块:Public

[ 2018-03-24T14:37:43+08:00 ] ::1 /thinkphp/Public/css/Home/vendors/jquery/jquery.min.css
ERR: 无法加载模块:Public

[ 2018-03-24T14:37:45+08:00 ] ::1 /thinkphp/Public/css/Home/vendors/jquery/jquery.min.css
ERR: 无法加载模块:Public

[ 2018-03-24T14:37:45+08:00 ] ::1 /thinkphp/Public/js/Home/vendors/smoothscroll/SmoothScroll.min.js.map
ERR: 无法加载模块:Public

[ 2018-03-24T14:37:45+08:00 ] ::1 /thinkphp/Public/css/Home/vendors/bootstrap4/bootstrap-grid.min.css.map
ERR: 无法加载模块:Public

[ 2018-03-24T14:38:05+08:00 ] ::1 /thinkphp/Public/js/Home/vendors/smoothscroll/SmoothScroll.min.js.map
ERR: 无法加载模块:Public

[ 2018-03-24T14:38:05+08:00 ] ::1 /thinkphp/Public/css/Home/vendors/bootstrap4/bootstrap-grid.min.css.map
ERR: 无法加载模块:Public

[ 2018-03-24T14:38:09+08:00 ] ::1 /thinkphp/Public/js/Home/vendors/smoothscroll/SmoothScroll.min.js.map
ERR: 无法加载模块:Public

[ 2018-03-24T14:38:09+08:00 ] ::1 /thinkphp/Public/css/Home/vendors/bootstrap4/bootstrap-grid.min.css.map
ERR: 无法加载模块:Public

[ 2018-03-24T14:38:12+08:00 ] ::1 /thinkphp/Public/js/Home/vendors/smoothscroll/SmoothScroll.min.js.map
ERR: 无法加载模块:Public

[ 2018-03-24T14:38:12+08:00 ] ::1 /thinkphp/Public/css/Home/vendors/bootstrap4/bootstrap-grid.min.css.map
ERR: 无法加载模块:Public

[ 2018-03-24T14:39:04+08:00 ] ::1 /thinkphp/Public/css/Home/vendors/jquery/jquery.min.css
ERR: 无法加载模块:Public

[ 2018-03-24T14:39:05+08:00 ] ::1 /thinkphp/Public/js/Home/vendors/smoothscroll/SmoothScroll.min.js.map
ERR: 无法加载模块:Public

[ 2018-03-24T14:39:05+08:00 ] ::1 /thinkphp/Public/css/Home/vendors/bootstrap4/bootstrap-grid.min.css.map
ERR: 无法加载模块:Public

[ 2018-03-24T14:39:13+08:00 ] ::1 /thinkphp/Public/js/Home/vendors/smoothscroll/SmoothScroll.min.js.map
ERR: 无法加载模块:Public

[ 2018-03-24T14:39:13+08:00 ] ::1 /thinkphp/Public/css/Home/vendors/bootstrap4/bootstrap-grid.min.css.map
ERR: 无法加载模块:Public

[ 2018-03-24T14:39:15+08:00 ] ::1 /thinkphp/Public/css/Home/vendors/jquery/jquery.min.css
ERR: 无法加载模块:Public

[ 2018-03-24T14:39:16+08:00 ] ::1 /thinkphp/Public/js/Home/vendors/smoothscroll/SmoothScroll.min.js.map
ERR: 无法加载模块:Public

[ 2018-03-24T14:39:16+08:00 ] ::1 /thinkphp/Public/css/Home/vendors/bootstrap4/bootstrap-grid.min.css.map
ERR: 无法加载模块:Public

[ 2018-03-24T14:40:23+08:00 ] ::1 /thinkphp/Public/css/Home/vendors/jquery/jquery.min.css
ERR: 无法加载模块:Public

[ 2018-03-24T14:40:24+08:00 ] ::1 /thinkphp/Public/css/Home/vendors/bootstrap4/bootstrap-grid.min.css.map
ERR: 无法加载模块:Public

[ 2018-03-24T14:40:24+08:00 ] ::1 /thinkphp/Public/js/Home/vendors/smoothscroll/SmoothScroll.min.js.map
ERR: 无法加载模块:Public

[ 2018-03-24T14:40:58+08:00 ] ::1 /thinkphp/Public/css/Home/vendors/jquery/jquery.min.css
ERR: 无法加载模块:Public

[ 2018-03-24T14:40:58+08:00 ] ::1 /thinkphp/Public/js/Home/vendors/smoothscroll/SmoothScroll.min.js.map
ERR: 无法加载模块:Public

[ 2018-03-24T14:40:59+08:00 ] ::1 /thinkphp/Public/css/Home/vendors/bootstrap4/bootstrap-grid.min.css.map
ERR: 无法加载模块:Public

[ 2018-03-24T14:41:23+08:00 ] 127.0.0.1 /thinkphp/Public/images/Editable/20180324/0b88aa07e877fa46f39f9b5e3b092586.jpg
ERR: 无法加载模块:Public

[ 2018-03-24T14:41:27+08:00 ] 127.0.0.1 /thinkphp/Public/images/Editable/20180324/0b88aa07e877fa46f39f9b5e3b092586.jpg
ERR: 无法加载模块:Public

[ 2018-03-24T14:41:28+08:00 ] 127.0.0.1 /thinkphp/Public/images/Editable/20180324/0b88aa07e877fa46f39f9b5e3b092586.jpg
ERR: 无法加载模块:Public

[ 2018-03-24T14:41:53+08:00 ] ::1 /thinkphp/Public/css/Home/vendors/jquery/jquery.min.css
ERR: 无法加载模块:Public

[ 2018-03-24T14:41:54+08:00 ] ::1 /thinkphp/Public/css/Home/vendors/bootstrap4/bootstrap-grid.min.css.map
ERR: 无法加载模块:Public

[ 2018-03-24T14:41:54+08:00 ] ::1 /thinkphp/Public/js/Home/vendors/smoothscroll/SmoothScroll.min.js.map
ERR: 无法加载模块:Public

[ 2018-03-24T14:42:56+08:00 ] 127.0.0.1 /thinkphp/Public/images/Editable/20180324/0bc4c9a314d2ac9c98e896a994cc1930.jpg
ERR: 无法加载模块:Public

[ 2018-03-24T14:42:56+08:00 ] 127.0.0.1 /thinkphp/Public/images/Editable/20180324/0bc4c9a314d2ac9c98e896a994cc1930.jpg
ERR: 无法加载模块:Public

[ 2018-03-24T14:42:57+08:00 ] 127.0.0.1 /thinkphp/Public/images/Editable/20180324/0bc4c9a314d2ac9c98e896a994cc1930.jpg
ERR: 无法加载模块:Public

[ 2018-03-24T14:42:59+08:00 ] 127.0.0.1 /thinkphp/Public/images/Editable/20180324/0bc4c9a314d2ac9c98e896a994cc1930.jpg
ERR: 无法加载模块:Public

[ 2018-03-24T14:43:29+08:00 ] ::1 /thinkphp/Public/css/Home/vendors/bootstrap4/bootstrap-grid.min.css.map
ERR: 无法加载模块:Public

[ 2018-03-24T14:43:30+08:00 ] ::1 /thinkphp/Public/js/Home/vendors/smoothscroll/SmoothScroll.min.js.map
ERR: 无法加载模块:Public

[ 2018-03-24T14:43:31+08:00 ] ::1 /thinkphp/Public/css/Home/vendors/jquery/jquery.min.css
ERR: 无法加载模块:Public

[ 2018-03-24T14:43:31+08:00 ] ::1 /thinkphp/Public/css/Home/vendors/bootstrap4/bootstrap-grid.min.css.map
ERR: 无法加载模块:Public

[ 2018-03-24T14:43:32+08:00 ] ::1 /thinkphp/Public/js/Home/vendors/smoothscroll/SmoothScroll.min.js.map
ERR: 无法加载模块:Public

[ 2018-03-24T14:43:38+08:00 ] ::1 /thinkphp/Public/css/Home/vendors/jquery/jquery.min.css
ERR: 无法加载模块:Public

[ 2018-03-24T14:43:38+08:00 ] ::1 /thinkphp/Public/js/Home/vendors/smoothscroll/SmoothScroll.min.js.map
ERR: 无法加载模块:Public

[ 2018-03-24T14:43:38+08:00 ] ::1 /thinkphp/Public/css/Home/vendors/bootstrap4/bootstrap-grid.min.css.map
ERR: 无法加载模块:Public

[ 2018-03-24T14:43:51+08:00 ] ::1 /thinkphp/Public/js/Home/vendors/smoothscroll/SmoothScroll.min.js.map
ERR: 无法加载模块:Public

[ 2018-03-24T14:43:51+08:00 ] ::1 /thinkphp/Public/css/Home/vendors/bootstrap4/bootstrap-grid.min.css.map
ERR: 无法加载模块:Public

[ 2018-03-24T14:43:53+08:00 ] ::1 /thinkphp/Public/js/Home/vendors/smoothscroll/SmoothScroll.min.js.map
ERR: 无法加载模块:Public

[ 2018-03-24T14:43:53+08:00 ] ::1 /thinkphp/Public/css/Home/vendors/bootstrap4/bootstrap-grid.min.css.map
ERR: 无法加载模块:Public

[ 2018-03-24T14:43:58+08:00 ] ::1 /thinkphp/Public/js/Home/vendors/smoothscroll/SmoothScroll.min.js.map
ERR: 无法加载模块:Public

[ 2018-03-24T14:43:58+08:00 ] ::1 /thinkphp/Public/css/Home/vendors/bootstrap4/bootstrap-grid.min.css.map
ERR: 无法加载模块:Public

[ 2018-03-24T14:53:40+08:00 ] ::1 /thinkphp/Public/css/Home/vendors/jquery/jquery.min.css
ERR: 无法加载模块:Public

[ 2018-03-24T14:53:42+08:00 ] ::1 /thinkphp/Public/css/Home/vendors/jquery/jquery.min.css
ERR: 无法加载模块:Public

[ 2018-03-24T14:53:48+08:00 ] ::1 /thinkphp/Public/css/Home/vendors/jquery/jquery.min.css
ERR: 无法加载模块:Public

[ 2018-03-24T14:53:48+08:00 ] ::1 /thinkphp/Public/css/Home/vendors/bootstrap4/bootstrap-grid.min.css.map
ERR: 无法加载模块:Public

[ 2018-03-24T14:54:27+08:00 ] ::1 /thinkphp/Public/css/Home/vendors/bootstrap4/bootstrap-grid.min.css.map
ERR: 无法加载模块:Public

[ 2018-03-24T14:54:40+08:00 ] ::1 /thinkphp/Public/css/Home/vendors/bootstrap4/bootstrap-grid.min.css.map
ERR: 无法加载模块:Public

[ 2018-03-24T14:55:40+08:00 ] ::1 /thinkphp/Public/css/Home/vendors/jquery/jquery.min.css
ERR: 无法加载模块:Public

[ 2018-03-24T14:55:40+08:00 ] ::1 /thinkphp/Public/js/Home/vendors/smoothscroll/SmoothScroll.min.js.map
ERR: 无法加载模块:Public

[ 2018-03-24T14:55:40+08:00 ] ::1 /thinkphp/Public/css/Home/vendors/bootstrap4/bootstrap-grid.min.css.map
ERR: 无法加载模块:Public

[ 2018-03-24T14:55:46+08:00 ] ::1 /thinkphp/Public/css/Home/vendors/jquery/jquery.min.css
ERR: 无法加载模块:Public

[ 2018-03-24T14:55:46+08:00 ] ::1 /thinkphp/Public/js/Home/vendors/smoothscroll/SmoothScroll.min.js.map
ERR: 无法加载模块:Public

[ 2018-03-24T14:55:46+08:00 ] ::1 /thinkphp/Public/css/Home/vendors/bootstrap4/bootstrap-grid.min.css.map
ERR: 无法加载模块:Public

[ 2018-03-24T14:55:48+08:00 ] ::1 /thinkphp/Public/js/Home/vendors/smoothscroll/SmoothScroll.min.js.map
ERR: 无法加载模块:Public

[ 2018-03-24T14:55:48+08:00 ] ::1 /thinkphp/Public/css/Home/vendors/bootstrap4/bootstrap-grid.min.css.map
ERR: 无法加载模块:Public

[ 2018-03-24T14:57:45+08:00 ] ::1 /thinkphp/Public/css/Home/vendors/jquery/jquery.min.css
ERR: 无法加载模块:Public

[ 2018-03-24T14:57:45+08:00 ] ::1 /thinkphp/Public/css/Home/vendors/bootstrap4/bootstrap-grid.min.css.map
ERR: 无法加载模块:Public

[ 2018-03-24T14:57:45+08:00 ] ::1 /thinkphp/Public/js/Home/vendors/smoothscroll/SmoothScroll.min.js.map
ERR: 无法加载模块:Public

[ 2018-03-24T14:57:50+08:00 ] ::1 /thinkphp/Public/css/Home/vendors/jquery/jquery.min.css
ERR: 无法加载模块:Public

[ 2018-03-24T14:57:50+08:00 ] ::1 /thinkphp/Public/js/Home/vendors/smoothscroll/SmoothScroll.min.js.map
ERR: 无法加载模块:Public

[ 2018-03-24T14:57:51+08:00 ] ::1 /thinkphp/Public/css/Home/vendors/bootstrap4/bootstrap-grid.min.css.map
ERR: 无法加载模块:Public

[ 2018-03-24T14:59:12+08:00 ] ::1 /thinkphp/Public/css/Home/vendors/jquery/jquery.min.css
ERR: 无法加载模块:Public

[ 2018-03-24T14:59:12+08:00 ] ::1 /thinkphp/Public/js/Home/vendors/smoothscroll/SmoothScroll.min.js.map
ERR: 无法加载模块:Public

[ 2018-03-24T14:59:12+08:00 ] ::1 /thinkphp/Public/css/Home/vendors/bootstrap4/bootstrap-grid.min.css.map
ERR: 无法加载模块:Public

[ 2018-03-24T14:59:32+08:00 ] ::1 /thinkphp/Public/css/Home/vendors/jquery/jquery.min.css
ERR: 无法加载模块:Public

[ 2018-03-24T14:59:53+08:00 ] ::1 /thinkphp/Public/css/Home/vendors/jquery/jquery.min.css
ERR: 无法加载模块:Public

[ 2018-03-24T14:59:57+08:00 ] ::1 /thinkphp/Public/css/Home/vendors/jquery/jquery.min.css
ERR: 无法加载模块:Public

[ 2018-03-24T14:59:57+08:00 ] ::1 /thinkphp/Public/js/Home/vendors/smoothscroll/SmoothScroll.min.js.map
ERR: 无法加载模块:Public

[ 2018-03-24T14:59:58+08:00 ] ::1 /thinkphp/Public/css/Home/vendors/bootstrap4/bootstrap-grid.min.css.map
ERR: 无法加载模块:Public

[ 2018-03-24T15:00:09+08:00 ] ::1 /thinkphp/Public/css/Home/vendors/jquery/jquery.min.css
ERR: 无法加载模块:Public

[ 2018-03-24T15:00:19+08:00 ] ::1 /thinkphp/Public/css/Home/vendors/jquery/jquery.min.css
ERR: 无法加载模块:Public

[ 2018-03-24T15:00:26+08:00 ] ::1 /thinkphp/Public/css/Home/vendors/jquery/jquery.min.css
ERR: 无法加载模块:Public

[ 2018-03-24T15:00:32+08:00 ] ::1 /thinkphp/Public/css/Home/vendors/jquery/jquery.min.css
ERR: 无法加载模块:Public

[ 2018-03-24T15:00:34+08:00 ] ::1 /thinkphp/Public/css/Home/vendors/jquery/jquery.min.css
ERR: 无法加载模块:Public

[ 2018-03-24T15:00:40+08:00 ] ::1 /thinkphp/Public/css/Home/vendors/jquery/jquery.min.css
ERR: 无法加载模块:Public

[ 2018-03-24T15:01:30+08:00 ] ::1 /thinkphp/Public/css/Home/vendors/jquery/jquery.min.css
ERR: 无法加载模块:Public

[ 2018-03-24T15:01:42+08:00 ] ::1 /thinkphp/Public/css/Home/vendors/jquery/jquery.min.css
ERR: 无法加载模块:Public

[ 2018-03-24T15:01:49+08:00 ] ::1 /thinkphp/Public/css/Home/vendors/jquery/jquery.min.css
ERR: 无法加载模块:Public

[ 2018-03-24T15:01:55+08:00 ] ::1 /thinkphp/Public/css/Home/vendors/jquery/jquery.min.css
ERR: 无法加载模块:Public

[ 2018-03-24T15:03:08+08:00 ] ::1 /thinkphp/Public/css/Home/vendors/jquery/jquery.min.css
ERR: 无法加载模块:Public

[ 2018-03-24T15:03:16+08:00 ] ::1 /thinkphp/Public/css/Home/vendors/jquery/jquery.min.css
ERR: 无法加载模块:Public

[ 2018-03-24T15:03:22+08:00 ] ::1 /thinkphp/Public/css/Home/vendors/jquery/jquery.min.css
ERR: 无法加载模块:Public

[ 2018-03-24T15:03:36+08:00 ] ::1 /thinkphp/Public/css/Home/vendors/jquery/jquery.min.css
ERR: 无法加载模块:Public

[ 2018-03-24T15:03:50+08:00 ] ::1 /thinkphp/Public/css/Home/vendors/jquery/jquery.min.css
ERR: 无法加载模块:Public

[ 2018-03-24T15:03:53+08:00 ] ::1 /thinkphp/Public/css/Home/vendors/jquery/jquery.min.css
ERR: 无法加载模块:Public

[ 2018-03-24T15:03:53+08:00 ] ::1 /thinkphp/Public/js/Home/vendors/smoothscroll/SmoothScroll.min.js.map
ERR: 无法加载模块:Public

[ 2018-03-24T15:03:53+08:00 ] ::1 /thinkphp/Public/css/Home/vendors/bootstrap4/bootstrap-grid.min.css.map
ERR: 无法加载模块:Public

[ 2018-03-24T15:03:59+08:00 ] ::1 /thinkphp/Public/js/Home/vendors/smoothscroll/SmoothScroll.min.js.map
ERR: 无法加载模块:Public

[ 2018-03-24T15:03:59+08:00 ] ::1 /thinkphp/Public/css/Home/vendors/bootstrap4/bootstrap-grid.min.css.map
ERR: 无法加载模块:Public

[ 2018-03-24T15:04:13+08:00 ] ::1 /thinkphp/Public/css/Home/vendors/jquery/jquery.min.css
ERR: 无法加载模块:Public

[ 2018-03-24T15:04:17+08:00 ] ::1 /thinkphp/Public/css/Home/vendors/jquery/jquery.min.css
ERR: 无法加载模块:Public

[ 2018-03-24T15:04:17+08:00 ] ::1 /thinkphp/Public/js/Home/vendors/smoothscroll/SmoothScroll.min.js.map
ERR: 无法加载模块:Public

[ 2018-03-24T15:04:17+08:00 ] ::1 /thinkphp/Public/css/Home/vendors/bootstrap4/bootstrap-grid.min.css.map
ERR: 无法加载模块:Public

[ 2018-03-24T15:04:30+08:00 ] ::1 /thinkphp/Public/css/Home/vendors/jquery/jquery.min.css
ERR: 无法加载模块:Public

[ 2018-03-24T15:04:30+08:00 ] ::1 /thinkphp/Public/js/Home/vendors/smoothscroll/SmoothScroll.min.js.map
ERR: 无法加载模块:Public

[ 2018-03-24T15:04:30+08:00 ] ::1 /thinkphp/Public/css/Home/vendors/bootstrap4/bootstrap-grid.min.css.map
ERR: 无法加载模块:Public

[ 2018-03-24T15:04:37+08:00 ] ::1 /thinkphp/Public/css/Home/vendors/jquery/jquery.min.css
ERR: 无法加载模块:Public

[ 2018-03-24T15:04:38+08:00 ] ::1 /thinkphp/Public/js/Home/vendors/smoothscroll/SmoothScroll.min.js.map
ERR: 无法加载模块:Public

[ 2018-03-24T15:04:38+08:00 ] ::1 /thinkphp/Public/css/Home/vendors/bootstrap4/bootstrap-grid.min.css.map
ERR: 无法加载模块:Public

[ 2018-03-24T15:05:05+08:00 ] ::1 /thinkphp/Public/css/Home/vendors/jquery/jquery.min.css
ERR: 无法加载模块:Public

[ 2018-03-24T15:05:05+08:00 ] ::1 /thinkphp/Public/js/Home/vendors/smoothscroll/SmoothScroll.min.js.map
ERR: 无法加载模块:Public

[ 2018-03-24T15:05:06+08:00 ] ::1 /thinkphp/Public/css/Home/vendors/bootstrap4/bootstrap-grid.min.css.map
ERR: 无法加载模块:Public

[ 2018-03-24T15:05:24+08:00 ] ::1 /thinkphp/Public/js/Home/vendors/smoothscroll/SmoothScroll.min.js.map
ERR: 无法加载模块:Public

[ 2018-03-24T15:05:24+08:00 ] ::1 /thinkphp/Public/css/Home/vendors/bootstrap4/bootstrap-grid.min.css.map
ERR: 无法加载模块:Public

[ 2018-03-24T15:05:57+08:00 ] ::1 /thinkphp/Public/js/Home/vendors/smoothscroll/SmoothScroll.min.js.map
ERR: 无法加载模块:Public

[ 2018-03-24T15:05:57+08:00 ] ::1 /thinkphp/Public/css/Home/vendors/bootstrap4/bootstrap-grid.min.css.map
ERR: 无法加载模块:Public

[ 2018-03-24T15:07:13+08:00 ] ::1 /thinkphp/Public/css/Home/vendors/jquery/jquery.min.css
ERR: 无法加载模块:Public

[ 2018-03-24T15:07:17+08:00 ] ::1 /thinkphp/Public/css/Home/vendors/jquery/jquery.min.css
ERR: 无法加载模块:Public

[ 2018-03-24T15:07:17+08:00 ] ::1 /thinkphp/Public/js/Home/vendors/smoothscroll/SmoothScroll.min.js.map
ERR: 无法加载模块:Public

[ 2018-03-24T15:07:17+08:00 ] ::1 /thinkphp/Public/css/Home/vendors/bootstrap4/bootstrap-grid.min.css.map
ERR: 无法加载模块:Public

[ 2018-03-24T15:07:29+08:00 ] ::1 /thinkphp/Public/css/Home/vendors/jquery/jquery.min.css
ERR: 无法加载模块:Public

[ 2018-03-24T15:07:31+08:00 ] ::1 /thinkphp/Public/css/Home/vendors/jquery/jquery.min.css
ERR: 无法加载模块:Public

[ 2018-03-24T15:07:31+08:00 ] ::1 /thinkphp/Public/js/Home/vendors/smoothscroll/SmoothScroll.min.js.map
ERR: 无法加载模块:Public

[ 2018-03-24T15:07:31+08:00 ] ::1 /thinkphp/Public/css/Home/vendors/bootstrap4/bootstrap-grid.min.css.map
ERR: 无法加载模块:Public

[ 2018-03-24T15:07:42+08:00 ] ::1 /thinkphp/Public/css/Home/vendors/jquery/jquery.min.css
ERR: 无法加载模块:Public

[ 2018-03-24T15:07:42+08:00 ] ::1 /thinkphp/Public/js/Home/vendors/smoothscroll/SmoothScroll.min.js.map
ERR: 无法加载模块:Public

[ 2018-03-24T15:07:42+08:00 ] ::1 /thinkphp/Public/css/Home/vendors/bootstrap4/bootstrap-grid.min.css.map
ERR: 无法加载模块:Public

[ 2018-03-24T15:08:06+08:00 ] ::1 /thinkphp/Public/css/Home/vendors/jquery/jquery.min.css
ERR: 无法加载模块:Public

[ 2018-03-24T15:08:06+08:00 ] ::1 /thinkphp/Public/js/Home/vendors/smoothscroll/SmoothScroll.min.js.map
ERR: 无法加载模块:Public

[ 2018-03-24T15:08:06+08:00 ] ::1 /thinkphp/Public/css/Home/vendors/bootstrap4/bootstrap-grid.min.css.map
ERR: 无法加载模块:Public

[ 2018-03-24T15:08:48+08:00 ] ::1 /thinkphp/Public/css/Home/vendors/jquery/jquery.min.css
ERR: 无法加载模块:Public

[ 2018-03-24T15:08:49+08:00 ] ::1 /thinkphp/Public/js/Home/vendors/smoothscroll/SmoothScroll.min.js.map
ERR: 无法加载模块:Public

[ 2018-03-24T15:08:49+08:00 ] ::1 /thinkphp/Public/css/Home/vendors/bootstrap4/bootstrap-grid.min.css.map
ERR: 无法加载模块:Public

[ 2018-03-24T15:09:17+08:00 ] ::1 /thinkphp/Public/css/Home/vendors/jquery/jquery.min.css
ERR: 无法加载模块:Public

[ 2018-03-24T15:09:17+08:00 ] ::1 /thinkphp/Public/js/Home/vendors/smoothscroll/SmoothScroll.min.js.map
ERR: 无法加载模块:Public

[ 2018-03-24T15:09:18+08:00 ] ::1 /thinkphp/Public/css/Home/vendors/bootstrap4/bootstrap-grid.min.css.map
ERR: 无法加载模块:Public

[ 2018-03-24T15:09:20+08:00 ] ::1 /thinkphp/Public/css/Home/vendors/jquery/jquery.min.css
ERR: 无法加载模块:Public

[ 2018-03-24T15:09:21+08:00 ] ::1 /thinkphp/Public/js/Home/vendors/smoothscroll/SmoothScroll.min.js.map
ERR: 无法加载模块:Public

[ 2018-03-24T15:09:21+08:00 ] ::1 /thinkphp/Public/css/Home/vendors/bootstrap4/bootstrap-grid.min.css.map
ERR: 无法加载模块:Public

[ 2018-03-24T15:09:53+08:00 ] ::1 /thinkphp/Public/css/Home/vendors/jquery/jquery.min.css
ERR: 无法加载模块:Public

[ 2018-03-24T15:09:53+08:00 ] ::1 /thinkphp/Public/js/Home/vendors/smoothscroll/SmoothScroll.min.js.map
ERR: 无法加载模块:Public

[ 2018-03-24T15:09:53+08:00 ] ::1 /thinkphp/Public/css/Home/vendors/bootstrap4/bootstrap-grid.min.css.map
ERR: 无法加载模块:Public

[ 2018-03-24T15:10:11+08:00 ] ::1 /thinkphp/Public/css/Home/vendors/jquery/jquery.min.css
ERR: 无法加载模块:Public

[ 2018-03-24T15:10:11+08:00 ] ::1 /thinkphp/Public/js/Home/vendors/smoothscroll/SmoothScroll.min.js.map
ERR: 无法加载模块:Public

[ 2018-03-24T15:10:11+08:00 ] ::1 /thinkphp/Public/css/Home/vendors/bootstrap4/bootstrap-grid.min.css.map
ERR: 无法加载模块:Public

[ 2018-03-24T15:10:25+08:00 ] ::1 /thinkphp/Public/css/Home/vendors/jquery/jquery.min.css
ERR: 无法加载模块:Public

[ 2018-03-24T15:10:25+08:00 ] ::1 /thinkphp/Public/js/Home/vendors/smoothscroll/SmoothScroll.min.js.map
ERR: 无法加载模块:Public

[ 2018-03-24T15:10:25+08:00 ] ::1 /thinkphp/Public/css/Home/vendors/bootstrap4/bootstrap-grid.min.css.map
ERR: 无法加载模块:Public

[ 2018-03-24T15:11:02+08:00 ] ::1 /thinkphp/Public/css/Home/vendors/jquery/jquery.min.css
ERR: 无法加载模块:Public

[ 2018-03-24T15:11:02+08:00 ] ::1 /thinkphp/Public/js/Home/vendors/smoothscroll/SmoothScroll.min.js.map
ERR: 无法加载模块:Public

[ 2018-03-24T15:11:02+08:00 ] ::1 /thinkphp/Public/css/Home/vendors/bootstrap4/bootstrap-grid.min.css.map
ERR: 无法加载模块:Public

[ 2018-03-24T15:11:06+08:00 ] ::1 /thinkphp/Public/css/Home/vendors/jquery/jquery.min.css
ERR: 无法加载模块:Public

[ 2018-03-24T15:11:06+08:00 ] ::1 /thinkphp/Public/js/Home/vendors/smoothscroll/SmoothScroll.min.js.map
ERR: 无法加载模块:Public

[ 2018-03-24T15:11:06+08:00 ] ::1 /thinkphp/Public/css/Home/vendors/bootstrap4/bootstrap-grid.min.css.map
ERR: 无法加载模块:Public

[ 2018-03-24T15:11:11+08:00 ] ::1 /thinkphp/Public/css/Home/vendors/jquery/jquery.min.css
ERR: 无法加载模块:Public

[ 2018-03-24T15:11:11+08:00 ] ::1 /thinkphp/Public/js/Home/vendors/smoothscroll/SmoothScroll.min.js.map
ERR: 无法加载模块:Public

[ 2018-03-24T15:11:11+08:00 ] ::1 /thinkphp/Public/css/Home/vendors/bootstrap4/bootstrap-grid.min.css.map
ERR: 无法加载模块:Public

[ 2018-03-24T15:11:14+08:00 ] ::1 /thinkphp/Public/css/Home/vendors/jquery/jquery.min.css
ERR: 无法加载模块:Public

[ 2018-03-24T15:11:14+08:00 ] ::1 /thinkphp/Public/js/Home/vendors/smoothscroll/SmoothScroll.min.js.map
ERR: 无法加载模块:Public

[ 2018-03-24T15:11:14+08:00 ] ::1 /thinkphp/Public/css/Home/vendors/bootstrap4/bootstrap-grid.min.css.map
ERR: 无法加载模块:Public

[ 2018-03-24T15:11:24+08:00 ] ::1 /thinkphp/Public/js/Home/vendors/smoothscroll/SmoothScroll.min.js.map
ERR: 无法加载模块:Public

[ 2018-03-24T15:11:24+08:00 ] ::1 /thinkphp/Public/css/Home/vendors/bootstrap4/bootstrap-grid.min.css.map
ERR: 无法加载模块:Public

[ 2018-03-24T15:12:23+08:00 ] ::1 /thinkphp/Public/css/Home/vendors/jquery/jquery.min.css
ERR: 无法加载模块:Public

[ 2018-03-24T15:12:23+08:00 ] ::1 /thinkphp/Public/js/Home/vendors/smoothscroll/SmoothScroll.min.js.map
ERR: 无法加载模块:Public

[ 2018-03-24T15:12:23+08:00 ] ::1 /thinkphp/Public/css/Home/vendors/bootstrap4/bootstrap-grid.min.css.map
ERR: 无法加载模块:Public

[ 2018-03-24T15:12:25+08:00 ] ::1 /thinkphp/Public/css/Home/vendors/jquery/jquery.min.css
ERR: 无法加载模块:Public

[ 2018-03-24T15:12:28+08:00 ] ::1 /thinkphp/Public/css/Home/vendors/jquery/jquery.min.css
ERR: 无法加载模块:Public

[ 2018-03-24T15:12:28+08:00 ] ::1 /thinkphp/Public/js/Home/vendors/smoothscroll/SmoothScroll.min.js.map
ERR: 无法加载模块:Public

[ 2018-03-24T15:12:29+08:00 ] ::1 /thinkphp/Public/css/Home/vendors/bootstrap4/bootstrap-grid.min.css.map
ERR: 无法加载模块:Public

[ 2018-03-24T15:13:27+08:00 ] ::1 /thinkphp/Public/css/Home/vendors/jquery/jquery.min.css
ERR: 无法加载模块:Public

[ 2018-03-24T15:13:27+08:00 ] ::1 /thinkphp/Public/js/Home/vendors/smoothscroll/SmoothScroll.min.js.map
ERR: 无法加载模块:Public

[ 2018-03-24T15:13:27+08:00 ] ::1 /thinkphp/Public/css/Home/vendors/bootstrap4/bootstrap-grid.min.css.map
ERR: 无法加载模块:Public

[ 2018-03-24T15:13:32+08:00 ] ::1 /thinkphp/Public/css/Home/vendors/jquery/jquery.min.css
ERR: 无法加载模块:Public

[ 2018-03-24T15:13:32+08:00 ] ::1 /thinkphp/Public/js/Home/vendors/smoothscroll/SmoothScroll.min.js.map
ERR: 无法加载模块:Public

[ 2018-03-24T15:13:32+08:00 ] ::1 /thinkphp/Public/css/Home/vendors/bootstrap4/bootstrap-grid.min.css.map
ERR: 无法加载模块:Public

[ 2018-03-24T15:14:01+08:00 ] ::1 /thinkphp/Public/css/Home/vendors/jquery/jquery.min.css
ERR: 无法加载模块:Public

[ 2018-03-24T15:14:02+08:00 ] ::1 /thinkphp/Public/js/Home/vendors/smoothscroll/SmoothScroll.min.js.map
ERR: 无法加载模块:Public

[ 2018-03-24T15:14:02+08:00 ] ::1 /thinkphp/Public/css/Home/vendors/bootstrap4/bootstrap-grid.min.css.map
ERR: 无法加载模块:Public

[ 2018-03-24T15:14:06+08:00 ] ::1 /thinkphp/Public/css/Home/vendors/jquery/jquery.min.css
ERR: 无法加载模块:Public

[ 2018-03-24T15:14:06+08:00 ] ::1 /thinkphp/Public/js/Home/vendors/smoothscroll/SmoothScroll.min.js.map
ERR: 无法加载模块:Public

[ 2018-03-24T15:14:06+08:00 ] ::1 /thinkphp/Public/css/Home/vendors/bootstrap4/bootstrap-grid.min.css.map
ERR: 无法加载模块:Public

[ 2018-03-24T15:14:23+08:00 ] ::1 /thinkphp/Public/css/Home/vendors/jquery/jquery.min.css
ERR: 无法加载模块:Public

[ 2018-03-24T15:14:23+08:00 ] ::1 /thinkphp/Public/js/Home/vendors/smoothscroll/SmoothScroll.min.js.map
ERR: 无法加载模块:Public

[ 2018-03-24T15:14:23+08:00 ] ::1 /thinkphp/Public/css/Home/vendors/bootstrap4/bootstrap-grid.min.css.map
ERR: 无法加载模块:Public

[ 2018-03-24T15:14:33+08:00 ] ::1 /thinkphp/Public/css/Home/vendors/jquery/jquery.min.css
ERR: 无法加载模块:Public

[ 2018-03-24T15:14:33+08:00 ] ::1 /thinkphp/Public/js/Home/vendors/smoothscroll/SmoothScroll.min.js.map
ERR: 无法加载模块:Public

[ 2018-03-24T15:14:33+08:00 ] ::1 /thinkphp/Public/css/Home/vendors/bootstrap4/bootstrap-grid.min.css.map
ERR: 无法加载模块:Public

[ 2018-03-24T15:15:27+08:00 ] ::1 /thinkphp/Public/css/Home/vendors/jquery/jquery.min.css
ERR: 无法加载模块:Public

[ 2018-03-24T15:15:27+08:00 ] ::1 /thinkphp/Public/js/Home/vendors/smoothscroll/SmoothScroll.min.js.map
ERR: 无法加载模块:Public

[ 2018-03-24T15:15:27+08:00 ] ::1 /thinkphp/Public/css/Home/vendors/bootstrap4/bootstrap-grid.min.css.map
ERR: 无法加载模块:Public

[ 2018-03-24T15:15:31+08:00 ] ::1 /thinkphp/Public/css/Home/vendors/jquery/jquery.min.css
ERR: 无法加载模块:Public

[ 2018-03-24T15:15:33+08:00 ] ::1 /thinkphp/Public/css/Home/vendors/jquery/jquery.min.css
ERR: 无法加载模块:Public

[ 2018-03-24T15:15:33+08:00 ] ::1 /thinkphp/Public/js/Home/vendors/smoothscroll/SmoothScroll.min.js.map
ERR: 无法加载模块:Public

[ 2018-03-24T15:15:33+08:00 ] ::1 /thinkphp/Public/css/Home/vendors/bootstrap4/bootstrap-grid.min.css.map
ERR: 无法加载模块:Public

[ 2018-03-24T15:16:20+08:00 ] ::1 /thinkphp/Public/css/Home/vendors/jquery/jquery.min.css
ERR: 无法加载模块:Public

[ 2018-03-24T15:16:21+08:00 ] ::1 /thinkphp/Public/css/Home/vendors/bootstrap4/bootstrap-grid.min.css.map
ERR: 无法加载模块:Public

[ 2018-03-24T15:16:21+08:00 ] ::1 /thinkphp/Public/js/Home/vendors/smoothscroll/SmoothScroll.min.js.map
ERR: 无法加载模块:Public

[ 2018-03-24T15:16:24+08:00 ] ::1 /thinkphp/Public/css/Home/vendors/jquery/jquery.min.css
ERR: 无法加载模块:Public

[ 2018-03-24T15:16:29+08:00 ] ::1 /thinkphp/Public/css/Home/vendors/jquery/jquery.min.css
ERR: 无法加载模块:Public

[ 2018-03-24T15:16:29+08:00 ] ::1 /thinkphp/Public/js/Home/vendors/smoothscroll/SmoothScroll.min.js.map
ERR: 无法加载模块:Public

[ 2018-03-24T15:16:29+08:00 ] ::1 /thinkphp/Public/css/Home/vendors/bootstrap4/bootstrap-grid.min.css.map
ERR: 无法加载模块:Public

[ 2018-03-24T15:16:31+08:00 ] ::1 /thinkphp/Public/js/Home/vendors/smoothscroll/SmoothScroll.min.js.map
ERR: 无法加载模块:Public

[ 2018-03-24T15:16:31+08:00 ] ::1 /thinkphp/Public/css/Home/vendors/bootstrap4/bootstrap-grid.min.css.map
ERR: 无法加载模块:Public

[ 2018-03-24T15:16:33+08:00 ] ::1 /thinkphp/Public/js/Home/vendors/smoothscroll/SmoothScroll.min.js.map
ERR: 无法加载模块:Public

[ 2018-03-24T15:16:33+08:00 ] ::1 /thinkphp/Public/css/Home/vendors/bootstrap4/bootstrap-grid.min.css.map
ERR: 无法加载模块:Public

[ 2018-03-24T15:17:32+08:00 ] ::1 /thinkphp/Public/css/Home/vendors/jquery/jquery.min.css
ERR: 无法加载模块:Public

[ 2018-03-24T15:17:32+08:00 ] ::1 /thinkphp/Public/js/Home/vendors/smoothscroll/SmoothScroll.min.js.map
ERR: 无法加载模块:Public

[ 2018-03-24T15:17:32+08:00 ] ::1 /thinkphp/Public/css/Home/vendors/bootstrap4/bootstrap-grid.min.css.map
ERR: 无法加载模块:Public

[ 2018-03-24T15:18:40+08:00 ] ::1 /thinkphp/Public/css/Home/vendors/jquery/jquery.min.css
ERR: 无法加载模块:Public

[ 2018-03-24T15:18:40+08:00 ] ::1 /thinkphp/Public/js/Home/vendors/smoothscroll/SmoothScroll.min.js.map
ERR: 无法加载模块:Public

[ 2018-03-24T15:18:40+08:00 ] ::1 /thinkphp/Public/css/Home/vendors/bootstrap4/bootstrap-grid.min.css.map
ERR: 无法加载模块:Public

[ 2018-03-24T15:18:44+08:00 ] ::1 /thinkphp/Public/css/Home/vendors/jquery/jquery.min.css
ERR: 无法加载模块:Public

[ 2018-03-24T15:18:44+08:00 ] ::1 /thinkphp/Public/js/Home/vendors/smoothscroll/SmoothScroll.min.js.map
ERR: 无法加载模块:Public

[ 2018-03-24T15:18:44+08:00 ] ::1 /thinkphp/Public/css/Home/vendors/bootstrap4/bootstrap-grid.min.css.map
ERR: 无法加载模块:Public

[ 2018-03-24T15:18:56+08:00 ] ::1 /thinkphp/Public/css/Home/vendors/jquery/jquery.min.css
ERR: 无法加载模块:Public

[ 2018-03-24T15:19:25+08:00 ] ::1 /thinkphp/Public/css/Home/vendors/jquery/jquery.min.css
ERR: 无法加载模块:Public

[ 2018-03-24T15:19:42+08:00 ] ::1 /thinkphp/Public/css/Home/vendors/jquery/jquery.min.css
ERR: 无法加载模块:Public

[ 2018-03-24T15:20:04+08:00 ] ::1 /thinkphp/Public/css/Home/vendors/jquery/jquery.min.css
ERR: 无法加载模块:Public

[ 2018-03-24T15:20:16+08:00 ] ::1 /thinkphp/Public/css/Home/vendors/jquery/jquery.min.css
ERR: 无法加载模块:Public

[ 2018-03-24T15:20:16+08:00 ] ::1 /thinkphp/Public/js/Home/vendors/smoothscroll/SmoothScroll.min.js.map
ERR: 无法加载模块:Public

[ 2018-03-24T15:20:16+08:00 ] ::1 /thinkphp/Public/css/Home/vendors/bootstrap4/bootstrap-grid.min.css.map
ERR: 无法加载模块:Public

[ 2018-03-24T15:20:59+08:00 ] ::1 /thinkphp/Public/js/Home/vendors/smoothscroll/SmoothScroll.min.js.map
ERR: 无法加载模块:Public

[ 2018-03-24T15:20:59+08:00 ] ::1 /thinkphp/Public/css/Home/vendors/bootstrap4/bootstrap-grid.min.css.map
ERR: 无法加载模块:Public

[ 2018-03-24T15:21:37+08:00 ] ::1 /thinkphp/Public/css/Home/vendors/jquery/jquery.min.css
ERR: 无法加载模块:Public

[ 2018-03-24T15:21:37+08:00 ] ::1 /thinkphp/Public/css/Home/vendors/bootstrap4/bootstrap-grid.min.css.map
ERR: 无法加载模块:Public

[ 2018-03-24T15:21:37+08:00 ] ::1 /thinkphp/Public/js/Home/vendors/smoothscroll/SmoothScroll.min.js.map
ERR: 无法加载模块:Public

[ 2018-03-24T15:21:48+08:00 ] ::1 /thinkphp/Public/css/Home/vendors/jquery/jquery.min.css
ERR: 无法加载模块:Public

[ 2018-03-24T15:21:48+08:00 ] ::1 /thinkphp/Public/js/Home/vendors/smoothscroll/SmoothScroll.min.js.map
ERR: 无法加载模块:Public

[ 2018-03-24T15:21:49+08:00 ] ::1 /thinkphp/Public/css/Home/vendors/bootstrap4/bootstrap-grid.min.css.map
ERR: 无法加载模块:Public

[ 2018-03-24T15:22:09+08:00 ] ::1 /thinkphp/Public/css/Home/vendors/jquery/jquery.min.css
ERR: 无法加载模块:Public

[ 2018-03-24T15:22:09+08:00 ] ::1 /thinkphp/Public/js/Home/vendors/smoothscroll/SmoothScroll.min.js.map
ERR: 无法加载模块:Public

[ 2018-03-24T15:22:09+08:00 ] ::1 /thinkphp/Public/css/Home/vendors/bootstrap4/bootstrap-grid.min.css.map
ERR: 无法加载模块:Public

[ 2018-03-24T15:22:24+08:00 ] ::1 /thinkphp/Public/css/Home/vendors/jquery/jquery.min.css
ERR: 无法加载模块:Public

[ 2018-03-24T15:22:24+08:00 ] ::1 /thinkphp/Public/js/Home/vendors/smoothscroll/SmoothScroll.min.js.map
ERR: 无法加载模块:Public

[ 2018-03-24T15:22:24+08:00 ] ::1 /thinkphp/Public/css/Home/vendors/bootstrap4/bootstrap-grid.min.css.map
ERR: 无法加载模块:Public

[ 2018-03-24T15:22:25+08:00 ] ::1 /thinkphp/Public/css/Home/vendors/jquery/jquery.min.css
ERR: 无法加载模块:Public

[ 2018-03-24T15:22:25+08:00 ] ::1 /thinkphp/Public/js/Home/vendors/smoothscroll/SmoothScroll.min.js.map
ERR: 无法加载模块:Public

[ 2018-03-24T15:22:25+08:00 ] ::1 /thinkphp/Public/css/Home/vendors/bootstrap4/bootstrap-grid.min.css.map
ERR: 无法加载模块:Public

[ 2018-03-24T15:22:26+08:00 ] ::1 /thinkphp/Public/css/Home/vendors/jquery/jquery.min.css
ERR: 无法加载模块:Public

[ 2018-03-24T15:22:27+08:00 ] ::1 /thinkphp/Public/js/Home/vendors/smoothscroll/SmoothScroll.min.js.map
ERR: 无法加载模块:Public

[ 2018-03-24T15:22:27+08:00 ] ::1 /thinkphp/Public/css/Home/vendors/bootstrap4/bootstrap-grid.min.css.map
ERR: 无法加载模块:Public

[ 2018-03-24T15:22:31+08:00 ] ::1 /thinkphp/Public/js/Home/vendors/smoothscroll/SmoothScroll.min.js.map
ERR: 无法加载模块:Public

[ 2018-03-24T15:22:31+08:00 ] ::1 /thinkphp/Public/css/Home/vendors/bootstrap4/bootstrap-grid.min.css.map
ERR: 无法加载模块:Public

[ 2018-03-24T15:22:32+08:00 ] ::1 /thinkphp/Public/css/Home/vendors/jquery/jquery.min.css
ERR: 无法加载模块:Public

[ 2018-03-24T15:22:32+08:00 ] ::1 /thinkphp/Public/js/Home/vendors/smoothscroll/SmoothScroll.min.js.map
ERR: 无法加载模块:Public

[ 2018-03-24T15:22:32+08:00 ] ::1 /thinkphp/Public/css/Home/vendors/bootstrap4/bootstrap-grid.min.css.map
ERR: 无法加载模块:Public

[ 2018-03-24T15:22:40+08:00 ] ::1 /thinkphp/Public/css/Home/vendors/jquery/jquery.min.css
ERR: 无法加载模块:Public

[ 2018-03-24T15:22:40+08:00 ] ::1 /thinkphp/Public/js/Home/vendors/smoothscroll/SmoothScroll.min.js.map
ERR: 无法加载模块:Public

[ 2018-03-24T15:22:40+08:00 ] ::1 /thinkphp/Public/css/Home/vendors/bootstrap4/bootstrap-grid.min.css.map
ERR: 无法加载模块:Public

[ 2018-03-24T15:23:00+08:00 ] ::1 /thinkphp/Public/js/Home/vendors/smoothscroll/SmoothScroll.min.js.map
ERR: 无法加载模块:Public

[ 2018-03-24T15:23:00+08:00 ] ::1 /thinkphp/Public/css/Home/vendors/bootstrap4/bootstrap-grid.min.css.map
ERR: 无法加载模块:Public

[ 2018-03-24T15:23:25+08:00 ] ::1 /thinkphp/Public/css/Home/vendors/jquery/jquery.min.css
ERR: 无法加载模块:Public

[ 2018-03-24T15:23:25+08:00 ] ::1 /thinkphp/Public/css/Home/vendors/bootstrap4/bootstrap-grid.min.css.map
ERR: 无法加载模块:Public

[ 2018-03-24T15:23:25+08:00 ] ::1 /thinkphp/Public/js/Home/vendors/smoothscroll/SmoothScroll.min.js.map
ERR: 无法加载模块:Public

[ 2018-03-24T15:23:28+08:00 ] ::1 /thinkphp/Public/css/Home/vendors/jquery/jquery.min.css
ERR: 无法加载模块:Public

[ 2018-03-24T15:23:28+08:00 ] ::1 /thinkphp/Public/js/Home/vendors/smoothscroll/SmoothScroll.min.js.map
ERR: 无法加载模块:Public

[ 2018-03-24T15:23:29+08:00 ] ::1 /thinkphp/Public/css/Home/vendors/bootstrap4/bootstrap-grid.min.css.map
ERR: 无法加载模块:Public

[ 2018-03-24T15:23:33+08:00 ] ::1 /thinkphp/Public/css/Home/vendors/jquery/jquery.min.css
ERR: 无法加载模块:Public

[ 2018-03-24T15:23:43+08:00 ] ::1 /thinkphp/Public/js/Home/vendors/smoothscroll/SmoothScroll.min.js.map
ERR: 无法加载模块:Public

[ 2018-03-24T15:23:43+08:00 ] ::1 /thinkphp/Public/css/Home/vendors/jquery/jquery.min.css
ERR: 无法加载模块:Public

[ 2018-03-24T15:23:44+08:00 ] ::1 /thinkphp/Public/css/Home/vendors/bootstrap4/bootstrap-grid.min.css.map
ERR: 无法加载模块:Public

[ 2018-03-24T15:24:13+08:00 ] ::1 /thinkphp/Public/css/Home/vendors/jquery/jquery.min.css
ERR: 无法加载模块:Public

[ 2018-03-24T15:24:17+08:00 ] ::1 /thinkphp/Public/css/Home/vendors/jquery/jquery.min.css
ERR: 无法加载模块:Public

[ 2018-03-24T15:24:21+08:00 ] ::1 /thinkphp/Public/css/Home/vendors/jquery/jquery.min.css
ERR: 无法加载模块:Public

[ 2018-03-24T15:24:21+08:00 ] ::1 /thinkphp/Public/js/Home/vendors/smoothscroll/SmoothScroll.min.js.map
ERR: 无法加载模块:Public

[ 2018-03-24T15:24:21+08:00 ] ::1 /thinkphp/Public/css/Home/vendors/bootstrap4/bootstrap-grid.min.css.map
ERR: 无法加载模块:Public

[ 2018-03-24T15:24:29+08:00 ] ::1 /thinkphp/Public/css/Home/vendors/jquery/jquery.min.css
ERR: 无法加载模块:Public

[ 2018-03-24T15:24:31+08:00 ] ::1 /thinkphp/Public/css/Home/vendors/jquery/jquery.min.css
ERR: 无法加载模块:Public

[ 2018-03-24T15:24:33+08:00 ] ::1 /thinkphp/Public/css/Home/vendors/jquery/jquery.min.css
ERR: 无法加载模块:Public

[ 2018-03-24T15:24:36+08:00 ] ::1 /thinkphp/Public/css/Home/vendors/jquery/jquery.min.css
ERR: 无法加载模块:Public

[ 2018-03-24T15:24:45+08:00 ] ::1 /thinkphp/Public/css/Home/vendors/jquery/jquery.min.css
ERR: 无法加载模块:Public

[ 2018-03-24T15:25:07+08:00 ] ::1 /thinkphp/Public/css/Home/vendors/jquery/jquery.min.css
ERR: 无法加载模块:Public

[ 2018-03-24T15:25:08+08:00 ] ::1 /thinkphp/Public/js/Home/vendors/smoothscroll/SmoothScroll.min.js.map
ERR: 无法加载模块:Public

[ 2018-03-24T15:25:08+08:00 ] ::1 /thinkphp/Public/css/Home/vendors/bootstrap4/bootstrap-grid.min.css.map
ERR: 无法加载模块:Public

[ 2018-03-24T15:25:36+08:00 ] ::1 /thinkphp/Public/css/Home/vendors/jquery/jquery.min.css
ERR: 无法加载模块:Public

[ 2018-03-24T15:25:37+08:00 ] ::1 /thinkphp/Public/css/Home/vendors/bootstrap4/bootstrap-grid.min.css.map
ERR: 无法加载模块:Public

[ 2018-03-24T15:25:37+08:00 ] ::1 /thinkphp/Public/js/Home/vendors/smoothscroll/SmoothScroll.min.js.map
ERR: 无法加载模块:Public

[ 2018-03-24T15:26:22+08:00 ] ::1 /thinkphp/Public/css/Home/vendors/jquery/jquery.min.css
ERR: 无法加载模块:Public

[ 2018-03-24T15:26:22+08:00 ] ::1 /thinkphp/Public/js/Home/vendors/smoothscroll/SmoothScroll.min.js.map
ERR: 无法加载模块:Public

[ 2018-03-24T15:26:22+08:00 ] ::1 /thinkphp/Public/css/Home/vendors/bootstrap4/bootstrap-grid.min.css.map
ERR: 无法加载模块:Public

[ 2018-03-24T15:26:33+08:00 ] ::1 /thinkphp/Public/css/Home/vendors/jquery/jquery.min.css
ERR: 无法加载模块:Public

[ 2018-03-24T15:26:33+08:00 ] ::1 /thinkphp/Public/css/Home/vendors/bootstrap4/bootstrap-grid.min.css.map
ERR: 无法加载模块:Public

[ 2018-03-24T15:26:34+08:00 ] ::1 /thinkphp/Public/js/Home/vendors/smoothscroll/SmoothScroll.min.js.map
ERR: 无法加载模块:Public

[ 2018-03-24T15:27:07+08:00 ] ::1 /thinkphp/Public/css/Home/vendors/jquery/jquery.min.css
ERR: 无法加载模块:Public

[ 2018-03-24T15:27:07+08:00 ] ::1 /thinkphp/Public/js/Home/vendors/smoothscroll/SmoothScroll.min.js.map
ERR: 无法加载模块:Public

[ 2018-03-24T15:27:08+08:00 ] ::1 /thinkphp/Public/css/Home/vendors/bootstrap4/bootstrap-grid.min.css.map
ERR: 无法加载模块:Public

[ 2018-03-24T15:27:17+08:00 ] 127.0.0.1 /thinkphp/Public/images/20180207/robot_logo.png
ERR: 无法加载模块:Public

[ 2018-03-24T15:27:21+08:00 ] 127.0.0.1 /thinkphp/Public/images/20180207/robot_logo.png
ERR: 无法加载模块:Public

[ 2018-03-24T15:27:21+08:00 ] 127.0.0.1 /thinkphp/Public/images/20180207/robot_logo.png
ERR: 无法加载模块:Public

[ 2018-03-24T15:27:24+08:00 ] 127.0.0.1 /thinkphp/Public/images/20180207/robot_logo.png
ERR: 无法加载模块:Public

[ 2018-03-24T15:27:24+08:00 ] 127.0.0.1 /thinkphp/Public/images/20180207/robot_logo.png
ERR: 无法加载模块:Public

[ 2018-03-24T15:28:02+08:00 ] ::1 /thinkphp/Public/css/Home/vendors/jquery/jquery.min.css
ERR: 无法加载模块:Public

[ 2018-03-24T15:28:03+08:00 ] ::1 /thinkphp/Public/css/Home/vendors/jquery/jquery.min.css
ERR: 无法加载模块:Public

[ 2018-03-24T15:28:05+08:00 ] ::1 /thinkphp/Public/css/Home/vendors/jquery/jquery.min.css
ERR: 无法加载模块:Public

[ 2018-03-24T15:28:12+08:00 ] ::1 /thinkphp/Public/css/Home/vendors/jquery/jquery.min.css
ERR: 无法加载模块:Public

[ 2018-03-24T15:28:12+08:00 ] ::1 /thinkphp/Public/js/Home/vendors/smoothscroll/SmoothScroll.min.js.map
ERR: 无法加载模块:Public

[ 2018-03-24T15:28:12+08:00 ] ::1 /thinkphp/Public/css/Home/vendors/bootstrap4/bootstrap-grid.min.css.map
ERR: 无法加载模块:Public

[ 2018-03-24T15:29:47+08:00 ] ::1 /thinkphp/Public/css/Home/vendors/jquery/jquery.min.css
ERR: 无法加载模块:Public

[ 2018-03-24T15:29:53+08:00 ] ::1 /thinkphp/Public/css/Home/vendors/jquery/jquery.min.css
ERR: 无法加载模块:Public

[ 2018-03-24T15:29:53+08:00 ] ::1 /thinkphp/Public/js/Home/vendors/smoothscroll/SmoothScroll.min.js.map
ERR: 无法加载模块:Public

[ 2018-03-24T15:29:53+08:00 ] ::1 /thinkphp/Public/css/Home/vendors/bootstrap4/bootstrap-grid.min.css.map
ERR: 无法加载模块:Public

[ 2018-03-24T15:30:41+08:00 ] ::1 /thinkphp/Public/css/Home/vendors/jquery/jquery.min.css
ERR: 无法加载模块:Public

[ 2018-03-24T15:30:44+08:00 ] ::1 /thinkphp/Public/css/Home/vendors/jquery/jquery.min.css
ERR: 无法加载模块:Public

[ 2018-03-24T15:30:45+08:00 ] ::1 /thinkphp/Public/js/Home/vendors/smoothscroll/SmoothScroll.min.js.map
ERR: 无法加载模块:Public

[ 2018-03-24T15:30:45+08:00 ] ::1 /thinkphp/Public/css/Home/vendors/bootstrap4/bootstrap-grid.min.css.map
ERR: 无法加载模块:Public

[ 2018-03-24T15:31:23+08:00 ] ::1 /thinkphp/Public/js/Home/vendors/smoothscroll/SmoothScroll.min.js.map
ERR: 无法加载模块:Public

[ 2018-03-24T15:31:23+08:00 ] ::1 /thinkphp/Public/css/Home/vendors/bootstrap4/bootstrap-grid.min.css.map
ERR: 无法加载模块:Public

[ 2018-03-24T15:32:00+08:00 ] ::1 /thinkphp/Public/js/Home/vendors/smoothscroll/SmoothScroll.min.js.map
ERR: 无法加载模块:Public

[ 2018-03-24T15:32:00+08:00 ] ::1 /thinkphp/Public/css/Home/vendors/bootstrap4/bootstrap-grid.min.css.map
ERR: 无法加载模块:Public

[ 2018-03-24T15:36:05+08:00 ] ::1 /thinkphp/Public/css/Home/vendors/jquery/jquery.min.css
ERR: 无法加载模块:Public

[ 2018-03-24T15:36:06+08:00 ] ::1 /thinkphp/Public/css/Home/vendors/bootstrap4/bootstrap-grid.min.css.map
ERR: 无法加载模块:Public

[ 2018-03-24T15:36:06+08:00 ] ::1 /thinkphp/Public/js/Home/vendors/smoothscroll/SmoothScroll.min.js.map
ERR: 无法加载模块:Public

[ 2018-03-24T15:36:13+08:00 ] ::1 /thinkphp/Public/css/Home/vendors/jquery/jquery.min.css
ERR: 无法加载模块:Public

[ 2018-03-24T15:36:13+08:00 ] ::1 /thinkphp/Public/js/Home/vendors/smoothscroll/SmoothScroll.min.js.map
ERR: 无法加载模块:Public

[ 2018-03-24T15:36:14+08:00 ] ::1 /thinkphp/Public/css/Home/vendors/bootstrap4/bootstrap-grid.min.css.map
ERR: 无法加载模块:Public

[ 2018-03-24T15:36:19+08:00 ] ::1 /thinkphp/Public/css/Home/vendors/jquery/jquery.min.css
ERR: 无法加载模块:Public

[ 2018-03-24T15:36:19+08:00 ] ::1 /thinkphp/Public/css/Home/vendors/bootstrap4/bootstrap-grid.min.css.map
ERR: 无法加载模块:Public

[ 2018-03-24T15:36:20+08:00 ] ::1 /thinkphp/Public/js/Home/vendors/smoothscroll/SmoothScroll.min.js.map
ERR: 无法加载模块:Public

[ 2018-03-24T15:36:21+08:00 ] ::1 /thinkphp/Public/js/Home/vendors/smoothscroll/SmoothScroll.min.js.map
ERR: 无法加载模块:Public

[ 2018-03-24T15:36:21+08:00 ] ::1 /thinkphp/Public/css/Home/vendors/bootstrap4/bootstrap-grid.min.css.map
ERR: 无法加载模块:Public

[ 2018-03-24T15:36:23+08:00 ] ::1 /thinkphp/Public/css/Home/vendors/jquery/jquery.min.css
ERR: 无法加载模块:Public

[ 2018-03-24T15:36:24+08:00 ] ::1 /thinkphp/Public/js/Home/vendors/smoothscroll/SmoothScroll.min.js.map
ERR: 无法加载模块:Public

[ 2018-03-24T15:36:24+08:00 ] ::1 /thinkphp/Public/css/Home/vendors/bootstrap4/bootstrap-grid.min.css.map
ERR: 无法加载模块:Public

[ 2018-03-24T15:36:30+08:00 ] ::1 /thinkphp/Public/css/Home/vendors/jquery/jquery.min.css
ERR: 无法加载模块:Public

[ 2018-03-24T15:36:46+08:00 ] ::1 /thinkphp/Public/css/Home/vendors/jquery/jquery.min.css
ERR: 无法加载模块:Public

[ 2018-03-24T15:36:48+08:00 ] ::1 /thinkphp/Public/css/Home/vendors/jquery/jquery.min.css
ERR: 无法加载模块:Public

[ 2018-03-24T15:36:48+08:00 ] ::1 /thinkphp/Public/js/Home/vendors/smoothscroll/SmoothScroll.min.js.map
ERR: 无法加载模块:Public

[ 2018-03-24T15:36:49+08:00 ] ::1 /thinkphp/Public/css/Home/vendors/bootstrap4/bootstrap-grid.min.css.map
ERR: 无法加载模块:Public

[ 2018-03-24T15:36:52+08:00 ] ::1 /thinkphp/Public/js/Home/vendors/smoothscroll/SmoothScroll.min.js.map
ERR: 无法加载模块:Public

[ 2018-03-24T15:36:52+08:00 ] ::1 /thinkphp/Public/css/Home/vendors/bootstrap4/bootstrap-grid.min.css.map
ERR: 无法加载模块:Public

[ 2018-03-24T15:36:54+08:00 ] ::1 /thinkphp/Public/js/Home/vendors/smoothscroll/SmoothScroll.min.js.map
ERR: 无法加载模块:Public

[ 2018-03-24T15:36:54+08:00 ] ::1 /thinkphp/Public/css/Home/vendors/bootstrap4/bootstrap-grid.min.css.map
ERR: 无法加载模块:Public

[ 2018-03-24T15:36:59+08:00 ] ::1 /thinkphp/Public/css/Home/vendors/jquery/jquery.min.css
ERR: 无法加载模块:Public

[ 2018-03-24T15:37:02+08:00 ] ::1 /thinkphp/Public/css/Home/vendors/jquery/jquery.min.css
ERR: 无法加载模块:Public

[ 2018-03-24T15:38:15+08:00 ] ::1 /thinkphp/Public/css/Home/vendors/jquery/jquery.min.css
ERR: 无法加载模块:Public

[ 2018-03-24T15:38:15+08:00 ] ::1 /thinkphp/Public/js/Home/vendors/smoothscroll/SmoothScroll.min.js.map
ERR: 无法加载模块:Public

[ 2018-03-24T15:38:15+08:00 ] ::1 /thinkphp/Public/css/Home/vendors/bootstrap4/bootstrap-grid.min.css.map
ERR: 无法加载模块:Public

[ 2018-03-24T15:38:17+08:00 ] ::1 /thinkphp/Public/css/Home/vendors/jquery/jquery.min.css
ERR: 无法加载模块:Public

[ 2018-03-24T15:38:17+08:00 ] ::1 /thinkphp/Public/css/Home/vendors/bootstrap4/bootstrap-grid.min.css.map
ERR: 无法加载模块:Public

[ 2018-03-24T15:38:17+08:00 ] ::1 /thinkphp/Public/js/Home/vendors/smoothscroll/SmoothScroll.min.js.map
ERR: 无法加载模块:Public

[ 2018-03-24T15:38:34+08:00 ] ::1 /thinkphp/Public/css/Home/vendors/jquery/jquery.min.css
ERR: 无法加载模块:Public

[ 2018-03-24T15:38:34+08:00 ] ::1 /thinkphp/Public/js/Home/vendors/smoothscroll/SmoothScroll.min.js.map
ERR: 无法加载模块:Public

[ 2018-03-24T15:38:34+08:00 ] ::1 /thinkphp/Public/css/Home/vendors/bootstrap4/bootstrap-grid.min.css.map
ERR: 无法加载模块:Public

[ 2018-03-24T15:38:45+08:00 ] ::1 /thinkphp/Public/css/Home/vendors/jquery/jquery.min.css
ERR: 无法加载模块:Public

[ 2018-03-24T15:38:46+08:00 ] ::1 /thinkphp/Public/js/Home/vendors/smoothscroll/SmoothScroll.min.js.map
ERR: 无法加载模块:Public

[ 2018-03-24T15:38:46+08:00 ] ::1 /thinkphp/Public/css/Home/vendors/bootstrap4/bootstrap-grid.min.css.map
ERR: 无法加载模块:Public

[ 2018-03-24T15:38:53+08:00 ] ::1 /thinkphp/Public/css/Home/vendors/jquery/jquery.min.css
ERR: 无法加载模块:Public

[ 2018-03-24T15:38:53+08:00 ] ::1 /thinkphp/Public/js/Home/vendors/smoothscroll/SmoothScroll.min.js.map
ERR: 无法加载模块:Public

[ 2018-03-24T15:38:53+08:00 ] ::1 /thinkphp/Public/css/Home/vendors/bootstrap4/bootstrap-grid.min.css.map
ERR: 无法加载模块:Public

[ 2018-03-24T15:39:05+08:00 ] ::1 /thinkphp/Public/css/Home/vendors/jquery/jquery.min.css
ERR: 无法加载模块:Public

[ 2018-03-24T15:39:06+08:00 ] ::1 /thinkphp/Public/js/Home/vendors/smoothscroll/SmoothScroll.min.js.map
ERR: 无法加载模块:Public

[ 2018-03-24T15:39:06+08:00 ] ::1 /thinkphp/Public/css/Home/vendors/bootstrap4/bootstrap-grid.min.css.map
ERR: 无法加载模块:Public

[ 2018-03-24T15:39:11+08:00 ] ::1 /thinkphp/Public/css/Home/vendors/jquery/jquery.min.css
ERR: 无法加载模块:Public

[ 2018-03-24T15:39:15+08:00 ] ::1 /thinkphp/Public/css/Home/vendors/jquery/jquery.min.css
ERR: 无法加载模块:Public

[ 2018-03-24T15:39:15+08:00 ] ::1 /thinkphp/Public/js/Home/vendors/smoothscroll/SmoothScroll.min.js.map
ERR: 无法加载模块:Public

[ 2018-03-24T15:39:15+08:00 ] ::1 /thinkphp/Public/css/Home/vendors/bootstrap4/bootstrap-grid.min.css.map
ERR: 无法加载模块:Public

[ 2018-03-24T15:39:23+08:00 ] ::1 /thinkphp/Public/css/Home/vendors/jquery/jquery.min.css
ERR: 无法加载模块:Public

[ 2018-03-24T15:39:30+08:00 ] ::1 /thinkphp/Public/css/Home/vendors/jquery/jquery.min.css
ERR: 无法加载模块:Public

[ 2018-03-24T15:39:30+08:00 ] ::1 /thinkphp/Public/js/Home/vendors/smoothscroll/SmoothScroll.min.js.map
ERR: 无法加载模块:Public

[ 2018-03-24T15:39:30+08:00 ] ::1 /thinkphp/Public/css/Home/vendors/bootstrap4/bootstrap-grid.min.css.map
ERR: 无法加载模块:Public

[ 2018-03-24T15:41:03+08:00 ] ::1 /thinkphp/Public/js/Home/vendors/smoothscroll/SmoothScroll.min.js.map
ERR: 无法加载模块:Public

[ 2018-03-24T15:41:03+08:00 ] ::1 /thinkphp/Public/css/Home/vendors/bootstrap4/bootstrap-grid.min.css.map
ERR: 无法加载模块:Public

[ 2018-03-24T15:41:30+08:00 ] ::1 /thinkphp/Public/css/Home/vendors/jquery/jquery.min.css
ERR: 无法加载模块:Public

[ 2018-03-24T15:41:31+08:00 ] ::1 /thinkphp/Public/js/Home/vendors/smoothscroll/SmoothScroll.min.js.map
ERR: 无法加载模块:Public

[ 2018-03-24T15:41:31+08:00 ] ::1 /thinkphp/Public/css/Home/vendors/bootstrap4/bootstrap-grid.min.css.map
ERR: 无法加载模块:Public

[ 2018-03-24T15:42:25+08:00 ] ::1 /thinkphp/Public/css/Home/vendors/jquery/jquery.min.css
ERR: 无法加载模块:Public

[ 2018-03-24T15:42:35+08:00 ] ::1 /thinkphp/Public/css/Home/vendors/jquery/jquery.min.css
ERR: 无法加载模块:Public

[ 2018-03-24T15:42:40+08:00 ] ::1 /thinkphp/Public/css/Home/vendors/jquery/jquery.min.css
ERR: 无法加载模块:Public

[ 2018-03-24T15:42:40+08:00 ] ::1 /thinkphp/Public/js/Home/vendors/smoothscroll/SmoothScroll.min.js.map
ERR: 无法加载模块:Public

[ 2018-03-24T15:42:40+08:00 ] ::1 /thinkphp/Public/css/Home/vendors/bootstrap4/bootstrap-grid.min.css.map
ERR: 无法加载模块:Public

[ 2018-03-24T15:43:12+08:00 ] ::1 /thinkphp/Public/css/Home/vendors/jquery/jquery.min.css
ERR: 无法加载模块:Public

[ 2018-03-24T15:43:12+08:00 ] ::1 /thinkphp/Public/css/Home/vendors/bootstrap4/bootstrap-grid.min.css.map
ERR: 无法加载模块:Public

[ 2018-03-24T15:43:12+08:00 ] ::1 /thinkphp/Public/js/Home/vendors/smoothscroll/SmoothScroll.min.js.map
ERR: 无法加载模块:Public

[ 2018-03-24T15:43:23+08:00 ] ::1 /thinkphp/Public/css/Home/vendors/jquery/jquery.min.css
ERR: 无法加载模块:Public

[ 2018-03-24T15:43:24+08:00 ] ::1 /thinkphp/Public/js/Home/vendors/smoothscroll/SmoothScroll.min.js.map
ERR: 无法加载模块:Public

[ 2018-03-24T15:43:24+08:00 ] ::1 /thinkphp/Public/css/Home/vendors/bootstrap4/bootstrap-grid.min.css.map
ERR: 无法加载模块:Public

[ 2018-03-24T15:43:41+08:00 ] ::1 /thinkphp/Public/css/Home/vendors/jquery/jquery.min.css
ERR: 无法加载模块:Public

[ 2018-03-24T15:43:41+08:00 ] ::1 /thinkphp/Public/js/Home/vendors/smoothscroll/SmoothScroll.min.js.map
ERR: 无法加载模块:Public

[ 2018-03-24T15:43:41+08:00 ] ::1 /thinkphp/Public/css/Home/vendors/bootstrap4/bootstrap-grid.min.css.map
ERR: 无法加载模块:Public

[ 2018-03-24T15:43:45+08:00 ] ::1 /thinkphp/Public/css/Home/vendors/jquery/jquery.min.css
ERR: 无法加载模块:Public

[ 2018-03-24T15:43:45+08:00 ] ::1 /thinkphp/Public/js/Home/vendors/smoothscroll/SmoothScroll.min.js.map
ERR: 无法加载模块:Public

[ 2018-03-24T15:43:45+08:00 ] ::1 /thinkphp/Public/css/Home/vendors/bootstrap4/bootstrap-grid.min.css.map
ERR: 无法加载模块:Public

[ 2018-03-24T15:44:03+08:00 ] ::1 /thinkphp/Public/css/Home/vendors/jquery/jquery.min.css
ERR: 无法加载模块:Public

[ 2018-03-24T15:44:03+08:00 ] ::1 /thinkphp/Public/js/Home/vendors/smoothscroll/SmoothScroll.min.js.map
ERR: 无法加载模块:Public

[ 2018-03-24T15:44:03+08:00 ] ::1 /thinkphp/Public/css/Home/vendors/bootstrap4/bootstrap-grid.min.css.map
ERR: 无法加载模块:Public

[ 2018-03-24T15:44:09+08:00 ] ::1 /thinkphp/Public/css/Home/vendors/jquery/jquery.min.css
ERR: 无法加载模块:Public

[ 2018-03-24T15:44:09+08:00 ] ::1 /thinkphp/Public/js/Home/vendors/smoothscroll/SmoothScroll.min.js.map
ERR: 无法加载模块:Public

[ 2018-03-24T15:44:09+08:00 ] ::1 /thinkphp/Public/css/Home/vendors/bootstrap4/bootstrap-grid.min.css.map
ERR: 无法加载模块:Public

[ 2018-03-24T15:44:16+08:00 ] ::1 /thinkphp/Public/css/Home/vendors/jquery/jquery.min.css
ERR: 无法加载模块:Public

[ 2018-03-24T15:44:19+08:00 ] ::1 /thinkphp/Public/css/Home/vendors/jquery/jquery.min.css
ERR: 无法加载模块:Public

[ 2018-03-24T15:44:20+08:00 ] ::1 /thinkphp/Public/css/Home/vendors/jquery/jquery.min.css
ERR: 无法加载模块:Public

[ 2018-03-24T15:44:20+08:00 ] ::1 /thinkphp/Public/js/Home/vendors/smoothscroll/SmoothScroll.min.js.map
ERR: 无法加载模块:Public

[ 2018-03-24T15:44:21+08:00 ] ::1 /thinkphp/Public/css/Home/vendors/bootstrap4/bootstrap-grid.min.css.map
ERR: 无法加载模块:Public

[ 2018-03-24T15:44:22+08:00 ] ::1 /thinkphp/Public/css/Home/vendors/jquery/jquery.min.css
ERR: 无法加载模块:Public

[ 2018-03-24T15:44:22+08:00 ] ::1 /thinkphp/Public/css/Home/vendors/bootstrap4/bootstrap-grid.min.css.map
ERR: 无法加载模块:Public

[ 2018-03-24T15:44:23+08:00 ] ::1 /thinkphp/Public/js/Home/vendors/smoothscroll/SmoothScroll.min.js.map
ERR: 无法加载模块:Public

[ 2018-03-24T15:44:47+08:00 ] ::1 /thinkphp/Public/css/Home/vendors/jquery/jquery.min.css
ERR: 无法加载模块:Public

[ 2018-03-24T15:44:47+08:00 ] ::1 /thinkphp/Public/js/Home/vendors/smoothscroll/SmoothScroll.min.js.map
ERR: 无法加载模块:Public

[ 2018-03-24T15:44:47+08:00 ] ::1 /thinkphp/Public/css/Home/vendors/bootstrap4/bootstrap-grid.min.css.map
ERR: 无法加载模块:Public

[ 2018-03-24T15:45:44+08:00 ] ::1 /thinkphp/Public/css/Home/vendors/jquery/jquery.min.css
ERR: 无法加载模块:Public

[ 2018-03-24T15:45:46+08:00 ] ::1 /thinkphp/Public/css/Home/vendors/jquery/jquery.min.css
ERR: 无法加载模块:Public

[ 2018-03-24T15:45:46+08:00 ] ::1 /thinkphp/Public/js/Home/vendors/smoothscroll/SmoothScroll.min.js.map
ERR: 无法加载模块:Public

[ 2018-03-24T15:45:46+08:00 ] ::1 /thinkphp/Public/css/Home/vendors/bootstrap4/bootstrap-grid.min.css.map
ERR: 无法加载模块:Public

[ 2018-03-24T15:45:49+08:00 ] ::1 /thinkphp/Public/css/Home/vendors/jquery/jquery.min.css
ERR: 无法加载模块:Public

[ 2018-03-24T15:45:49+08:00 ] ::1 /thinkphp/Public/css/Home/vendors/bootstrap4/bootstrap-grid.min.css.map
ERR: 无法加载模块:Public

[ 2018-03-24T15:45:50+08:00 ] ::1 /thinkphp/Public/js/Home/vendors/smoothscroll/SmoothScroll.min.js.map
ERR: 无法加载模块:Public

[ 2018-03-24T15:45:54+08:00 ] ::1 /thinkphp/Public/css/Home/vendors/jquery/jquery.min.css
ERR: 无法加载模块:Public

[ 2018-03-24T15:45:55+08:00 ] ::1 /thinkphp/Public/js/Home/vendors/smoothscroll/SmoothScroll.min.js.map
ERR: 无法加载模块:Public

[ 2018-03-24T15:45:55+08:00 ] ::1 /thinkphp/Public/css/Home/vendors/bootstrap4/bootstrap-grid.min.css.map
ERR: 无法加载模块:Public

[ 2018-03-24T15:45:57+08:00 ] ::1 /thinkphp/Public/css/Home/vendors/jquery/jquery.min.css
ERR: 无法加载模块:Public

[ 2018-03-24T15:45:57+08:00 ] ::1 /thinkphp/Public/js/Home/vendors/smoothscroll/SmoothScroll.min.js.map
ERR: 无法加载模块:Public

[ 2018-03-24T15:45:57+08:00 ] ::1 /thinkphp/Public/css/Home/vendors/bootstrap4/bootstrap-grid.min.css.map
ERR: 无法加载模块:Public

[ 2018-03-24T15:46:01+08:00 ] ::1 /thinkphp/Public/css/Home/vendors/jquery/jquery.min.css
ERR: 无法加载模块:Public

[ 2018-03-24T15:46:07+08:00 ] ::1 /thinkphp/Public/css/Home/vendors/jquery/jquery.min.css
ERR: 无法加载模块:Public

[ 2018-03-24T15:46:12+08:00 ] ::1 /thinkphp/Public/css/Home/vendors/jquery/jquery.min.css
ERR: 无法加载模块:Public

[ 2018-03-24T15:46:20+08:00 ] ::1 /thinkphp/Public/css/Home/vendors/jquery/jquery.min.css
ERR: 无法加载模块:Public

[ 2018-03-24T15:46:23+08:00 ] ::1 /thinkphp/Public/css/Home/vendors/jquery/jquery.min.css
ERR: 无法加载模块:Public

[ 2018-03-24T15:46:26+08:00 ] ::1 /thinkphp/Public/css/Home/vendors/jquery/jquery.min.css
ERR: 无法加载模块:Public

[ 2018-03-24T15:48:47+08:00 ] ::1 /thinkphp/Public/css/Home/vendors/jquery/jquery.min.css
ERR: 无法加载模块:Public

[ 2018-03-24T15:48:54+08:00 ] ::1 /thinkphp/Public/css/Home/vendors/jquery/jquery.min.css
ERR: 无法加载模块:Public

[ 2018-03-24T15:48:56+08:00 ] ::1 /thinkphp/Public/css/Home/vendors/jquery/jquery.min.css
ERR: 无法加载模块:Public

[ 2018-03-24T15:48:58+08:00 ] ::1 /thinkphp/Public/css/Home/vendors/jquery/jquery.min.css
ERR: 无法加载模块:Public

[ 2018-03-24T15:49:00+08:00 ] ::1 /thinkphp/Public/css/Home/vendors/jquery/jquery.min.css
ERR: 无法加载模块:Public

[ 2018-03-24T15:49:01+08:00 ] ::1 /thinkphp/Public/css/Home/vendors/jquery/jquery.min.css
ERR: 无法加载模块:Public

[ 2018-03-24T15:49:03+08:00 ] ::1 /thinkphp/Public/css/Home/vendors/jquery/jquery.min.css
ERR: 无法加载模块:Public

[ 2018-03-24T15:50:33+08:00 ] ::1 /thinkphp/Public/css/Home/vendors/jquery/jquery.min.css
ERR: 无法加载模块:Public

[ 2018-03-24T15:50:35+08:00 ] ::1 /thinkphp/Public/css/Home/vendors/jquery/jquery.min.css
ERR: 无法加载模块:Public

[ 2018-03-24T15:50:47+08:00 ] ::1 /thinkphp/Public/css/Home/vendors/jquery/jquery.min.css
ERR: 无法加载模块:Public

[ 2018-03-24T15:50:48+08:00 ] ::1 /thinkphp/Public/css/Home/vendors/jquery/jquery.min.css
ERR: 无法加载模块:Public

[ 2018-03-24T15:50:51+08:00 ] ::1 /thinkphp/Public/css/Home/vendors/jquery/jquery.min.css
ERR: 无法加载模块:Public

[ 2018-03-24T15:50:51+08:00 ] ::1 /thinkphp/Public/js/Home/vendors/smoothscroll/SmoothScroll.min.js.map
ERR: 无法加载模块:Public

[ 2018-03-24T15:50:51+08:00 ] ::1 /thinkphp/Public/css/Home/vendors/bootstrap4/bootstrap-grid.min.css.map
ERR: 无法加载模块:Public

[ 2018-03-24T15:50:54+08:00 ] ::1 /thinkphp/Public/css/Home/vendors/jquery/jquery.min.css
ERR: 无法加载模块:Public

[ 2018-03-24T15:50:54+08:00 ] ::1 /thinkphp/Public/css/Home/vendors/bootstrap4/bootstrap-grid.min.css.map
ERR: 无法加载模块:Public

[ 2018-03-24T15:50:55+08:00 ] ::1 /thinkphp/Public/js/Home/vendors/smoothscroll/SmoothScroll.min.js.map
ERR: 无法加载模块:Public

[ 2018-03-24T15:50:56+08:00 ] ::1 /thinkphp/Public/css/Home/vendors/jquery/jquery.min.css
ERR: 无法加载模块:Public

[ 2018-03-24T15:50:57+08:00 ] ::1 /thinkphp/Public/js/Home/vendors/smoothscroll/SmoothScroll.min.js.map
ERR: 无法加载模块:Public

[ 2018-03-24T15:50:57+08:00 ] ::1 /thinkphp/Public/css/Home/vendors/bootstrap4/bootstrap-grid.min.css.map
ERR: 无法加载模块:Public

[ 2018-03-24T15:51:13+08:00 ] ::1 /thinkphp/Public/css/Home/vendors/jquery/jquery.min.css
ERR: 无法加载模块:Public

[ 2018-03-24T15:51:59+08:00 ] ::1 /thinkphp/Public/css/Home/vendors/jquery/jquery.min.css
ERR: 无法加载模块:Public

[ 2018-03-24T15:52:04+08:00 ] ::1 /thinkphp/Public/css/Home/vendors/jquery/jquery.min.css
ERR: 无法加载模块:Public

[ 2018-03-24T15:52:30+08:00 ] ::1 /thinkphp/Public/css/Home/vendors/jquery/jquery.min.css
ERR: 无法加载模块:Public

[ 2018-03-24T15:52:32+08:00 ] ::1 /thinkphp/Public/css/Home/vendors/jquery/jquery.min.css
ERR: 无法加载模块:Public

[ 2018-03-24T15:52:33+08:00 ] ::1 /thinkphp/Public/css/Home/vendors/jquery/jquery.min.css
ERR: 无法加载模块:Public

[ 2018-03-24T15:52:45+08:00 ] ::1 /thinkphp/Public/css/Home/vendors/jquery/jquery.min.css
ERR: 无法加载模块:Public

[ 2018-03-24T15:52:45+08:00 ] ::1 /thinkphp/Public/js/Home/vendors/smoothscroll/SmoothScroll.min.js.map
ERR: 无法加载模块:Public

[ 2018-03-24T15:52:45+08:00 ] ::1 /thinkphp/Public/css/Home/vendors/bootstrap4/bootstrap-grid.min.css.map
ERR: 无法加载模块:Public

[ 2018-03-24T15:52:49+08:00 ] ::1 /thinkphp/Public/css/Home/vendors/jquery/jquery.min.css
ERR: 无法加载模块:Public

[ 2018-03-24T15:53:01+08:00 ] ::1 /thinkphp/Public/css/Home/vendors/jquery/jquery.min.css
ERR: 无法加载模块:Public

[ 2018-03-24T15:53:02+08:00 ] ::1 /thinkphp/Public/css/Home/vendors/jquery/jquery.min.css
ERR: 无法加载模块:Public

[ 2018-03-24T15:53:06+08:00 ] ::1 /thinkphp/Public/css/Home/vendors/jquery/jquery.min.css
ERR: 无法加载模块:Public

[ 2018-03-24T15:53:08+08:00 ] ::1 /thinkphp/Public/css/Home/vendors/jquery/jquery.min.css
ERR: 无法加载模块:Public

[ 2018-03-24T15:53:10+08:00 ] ::1 /thinkphp/Public/css/Home/vendors/jquery/jquery.min.css
ERR: 无法加载模块:Public

[ 2018-03-24T15:53:10+08:00 ] ::1 /thinkphp/Public/js/Home/vendors/smoothscroll/SmoothScroll.min.js.map
ERR: 无法加载模块:Public

[ 2018-03-24T15:53:11+08:00 ] ::1 /thinkphp/Public/css/Home/vendors/bootstrap4/bootstrap-grid.min.css.map
ERR: 无法加载模块:Public

[ 2018-03-24T15:53:57+08:00 ] ::1 /thinkphp/Public/css/Home/vendors/jquery/jquery.min.css
ERR: 无法加载模块:Public

[ 2018-03-24T15:53:57+08:00 ] ::1 /thinkphp/Public/css/Home/vendors/bootstrap4/bootstrap-grid.min.css.map
ERR: 无法加载模块:Public

[ 2018-03-24T15:53:57+08:00 ] ::1 /thinkphp/Public/js/Home/vendors/smoothscroll/SmoothScroll.min.js.map
ERR: 无法加载模块:Public

[ 2018-03-24T15:54:23+08:00 ] ::1 /thinkphp/Public/css/Home/vendors/jquery/jquery.min.css
ERR: 无法加载模块:Public

[ 2018-03-24T15:54:23+08:00 ] ::1 /thinkphp/Public/js/Home/vendors/smoothscroll/SmoothScroll.min.js.map
ERR: 无法加载模块:Public

[ 2018-03-24T15:54:23+08:00 ] ::1 /thinkphp/Public/css/Home/vendors/bootstrap4/bootstrap-grid.min.css.map
ERR: 无法加载模块:Public

[ 2018-03-24T15:54:30+08:00 ] ::1 /thinkphp/Public/css/Home/vendors/jquery/jquery.min.css
ERR: 无法加载模块:Public

[ 2018-03-24T15:54:30+08:00 ] ::1 /thinkphp/Public/js/Home/vendors/smoothscroll/SmoothScroll.min.js.map
ERR: 无法加载模块:Public

[ 2018-03-24T15:54:30+08:00 ] ::1 /thinkphp/Public/css/Home/vendors/bootstrap4/bootstrap-grid.min.css.map
ERR: 无法加载模块:Public

[ 2018-03-24T15:54:33+08:00 ] ::1 /thinkphp/Public/css/Home/vendors/jquery/jquery.min.css
ERR: 无法加载模块:Public

[ 2018-03-24T15:54:34+08:00 ] ::1 /thinkphp/Public/css/Home/vendors/jquery/jquery.min.css
ERR: 无法加载模块:Public

[ 2018-03-24T15:54:36+08:00 ] ::1 /thinkphp/Public/css/Home/vendors/jquery/jquery.min.css
ERR: 无法加载模块:Public

[ 2018-03-24T15:54:36+08:00 ] ::1 /thinkphp/Public/js/Home/vendors/smoothscroll/SmoothScroll.min.js.map
ERR: 无法加载模块:Public

[ 2018-03-24T15:54:36+08:00 ] ::1 /thinkphp/Public/css/Home/vendors/bootstrap4/bootstrap-grid.min.css.map
ERR: 无法加载模块:Public

[ 2018-03-24T15:54:55+08:00 ] ::1 /thinkphp/Public/css/Home/vendors/jquery/jquery.min.css
ERR: 无法加载模块:Public

[ 2018-03-24T15:54:55+08:00 ] ::1 /thinkphp/Public/js/Home/vendors/smoothscroll/SmoothScroll.min.js.map
ERR: 无法加载模块:Public

[ 2018-03-24T15:54:55+08:00 ] ::1 /thinkphp/Public/css/Home/vendors/bootstrap4/bootstrap-grid.min.css.map
ERR: 无法加载模块:Public

[ 2018-03-24T15:55:01+08:00 ] 127.0.0.1 /thinkphp/Public/css/Home/vendors/jquery/jquery.min.css
ERR: 无法加载模块:Public

[ 2018-03-24T15:55:09+08:00 ] 127.0.0.1 /thinkphp/Public/css/Home/vendors/jquery/jquery.min.css
ERR: 无法加载模块:Public

[ 2018-03-24T15:55:11+08:00 ] 127.0.0.1 /thinkphp/Public/css/Home/vendors/jquery/jquery.min.css
ERR: 无法加载模块:Public

[ 2018-03-24T15:55:29+08:00 ] 127.0.0.1 /thinkphp/Public/css/Home/vendors/bootstrap4/bootstrap-grid.min.css.map
ERR: 无法加载模块:Public

[ 2018-03-24T15:55:31+08:00 ] ::1 /thinkphp/Public/css/Home/vendors/jquery/jquery.min.css
ERR: 无法加载模块:Public

[ 2018-03-24T15:55:32+08:00 ] ::1 /thinkphp/Public/js/Home/vendors/smoothscroll/SmoothScroll.min.js.map
ERR: 无法加载模块:Public

[ 2018-03-24T15:55:32+08:00 ] ::1 /thinkphp/Public/css/Home/vendors/bootstrap4/bootstrap-grid.min.css.map
ERR: 无法加载模块:Public

[ 2018-03-24T15:55:45+08:00 ] ::1 /thinkphp/Public/css/Home/vendors/jquery/jquery.min.css
ERR: 无法加载模块:Public

[ 2018-03-24T15:55:46+08:00 ] ::1 /thinkphp/Public/css/Home/vendors/bootstrap4/bootstrap-grid.min.css.map
ERR: 无法加载模块:Public

[ 2018-03-24T15:55:48+08:00 ] ::1 /thinkphp/Public/js/Home/vendors/smoothscroll/SmoothScroll.min.js.map
ERR: 无法加载模块:Public

[ 2018-03-24T15:56:05+08:00 ] ::1 /thinkphp/Public/css/Home/vendors/jquery/jquery.min.css
ERR: 无法加载模块:Public

[ 2018-03-24T15:56:07+08:00 ] ::1 /thinkphp/Public/css/Home/vendors/jquery/jquery.min.css
ERR: 无法加载模块:Public

[ 2018-03-24T16:08:09+08:00 ] ::1 /thinkphp/Public/css/Home/vendors/jquery/jquery.min.css
ERR: 无法加载模块:Public

[ 2018-03-24T16:09:00+08:00 ] ::1 /thinkphp/Public/js/album/jquery.min.map
ERR: 无法加载模块:Public

[ 2018-03-24T16:16:32+08:00 ] ::1 /thinkphp/Public/css/Home/vendors/jquery/jquery.min.css
ERR: 无法加载模块:Public

[ 2018-03-24T16:17:06+08:00 ] ::1 /thinkphp/Public/css/Home/vendors/jquery/jquery.min.css
ERR: 无法加载模块:Public

[ 2018-03-24T16:18:46+08:00 ] ::1 /thinkphp/Public/css/Home/vendors/jquery/jquery.min.css
ERR: 无法加载模块:Public

[ 2018-03-24T16:23:32+08:00 ] ::1 /thinkphp/Public/js/Home/vendors/smoothscroll/SmoothScroll.min.js.map
ERR: 无法加载模块:Public

[ 2018-03-24T16:23:32+08:00 ] ::1 /thinkphp/Public/css/Home/vendors/bootstrap4/bootstrap-grid.min.css.map
ERR: 无法加载模块:Public

[ 2018-03-24T16:24:41+08:00 ] ::1 /thinkphp/Public/css/Home/vendors/jquery/jquery.min.css
ERR: 无法加载模块:Public

[ 2018-03-24T16:24:52+08:00 ] ::1 /thinkphp/Public/js/Home/vendors/smoothscroll/SmoothScroll.min.js.map
ERR: 无法加载模块:Public

[ 2018-03-24T16:24:52+08:00 ] ::1 /thinkphp/Public/css/Home/vendors/bootstrap4/bootstrap-grid.min.css.map
ERR: 无法加载模块:Public

[ 2018-03-24T16:25:06+08:00 ] ::1 /thinkphp/Public/css/Home/vendors/bootstrap4/bootstrap-grid.min.css.map
ERR: 无法加载模块:Public

[ 2018-03-24T16:25:06+08:00 ] ::1 /thinkphp/Public/js/Home/vendors/smoothscroll/SmoothScroll.min.js.map
ERR: 无法加载模块:Public

[ 2018-03-24T16:25:13+08:00 ] ::1 /thinkphp/Public/js/Home/vendors/smoothscroll/SmoothScroll.min.js.map
ERR: 无法加载模块:Public

[ 2018-03-24T16:25:13+08:00 ] ::1 /thinkphp/Public/css/Home/vendors/bootstrap4/bootstrap-grid.min.css.map
ERR: 无法加载模块:Public

[ 2018-03-24T16:25:53+08:00 ] ::1 /thinkphp/Public/js/Home/vendors/smoothscroll/SmoothScroll.min.js.map
ERR: 无法加载模块:Public

[ 2018-03-24T16:25:54+08:00 ] ::1 /thinkphp/Public/css/Home/vendors/bootstrap4/bootstrap-grid.min.css.map
ERR: 无法加载模块:Public

[ 2018-03-24T16:26:32+08:00 ] ::1 /thinkphp/Public/js/Home/vendors/smoothscroll/SmoothScroll.min.js.map
ERR: 无法加载模块:Public

[ 2018-03-24T16:26:32+08:00 ] ::1 /thinkphp/Public/css/Home/vendors/bootstrap4/bootstrap-grid.min.css.map
ERR: 无法加载模块:Public

[ 2018-03-24T16:26:53+08:00 ] ::1 /thinkphp/Public/js/Home/vendors/smoothscroll/SmoothScroll.min.js.map
ERR: 无法加载模块:Public

[ 2018-03-24T16:26:53+08:00 ] ::1 /thinkphp/Public/css/Home/vendors/bootstrap4/bootstrap-grid.min.css.map
ERR: 无法加载模块:Public

[ 2018-03-24T16:27:28+08:00 ] ::1 /thinkphp/Public/js/Home/vendors/smoothscroll/SmoothScroll.min.js.map
ERR: 无法加载模块:Public

[ 2018-03-24T16:27:28+08:00 ] ::1 /thinkphp/Public/css/Home/vendors/bootstrap4/bootstrap-grid.min.css.map
ERR: 无法加载模块:Public

[ 2018-03-24T16:27:44+08:00 ] ::1 /thinkphp/Public/css/Home/vendors/bootstrap4/bootstrap-grid.min.css.map
ERR: 无法加载模块:Public

[ 2018-03-24T16:27:45+08:00 ] ::1 /thinkphp/Public/js/Home/vendors/smoothscroll/SmoothScroll.min.js.map
ERR: 无法加载模块:Public

[ 2018-03-24T16:27:53+08:00 ] ::1 /thinkphp/Public/js/Home/vendors/smoothscroll/SmoothScroll.min.js.map
ERR: 无法加载模块:Public

[ 2018-03-24T16:27:53+08:00 ] ::1 /thinkphp/Public/css/Home/vendors/bootstrap4/bootstrap-grid.min.css.map
ERR: 无法加载模块:Public

[ 2018-03-24T16:29:31+08:00 ] ::1 /thinkphp/Public/js/Home/vendors/smoothscroll/SmoothScroll.min.js.map
ERR: 无法加载模块:Public

[ 2018-03-24T16:29:31+08:00 ] ::1 /thinkphp/Public/css/Home/vendors/bootstrap4/bootstrap-grid.min.css.map
ERR: 无法加载模块:Public

[ 2018-03-24T16:29:57+08:00 ] ::1 /thinkphp/Public/js/Home/vendors/smoothscroll/SmoothScroll.min.js.map
ERR: 无法加载模块:Public

[ 2018-03-24T16:29:57+08:00 ] ::1 /thinkphp/Public/css/Home/vendors/bootstrap4/bootstrap-grid.min.css.map
ERR: 无法加载模块:Public

[ 2018-03-24T16:30:07+08:00 ] ::1 /thinkphp/Public/js/Home/vendors/smoothscroll/SmoothScroll.min.js.map
ERR: 无法加载模块:Public

[ 2018-03-24T16:30:07+08:00 ] ::1 /thinkphp/Public/css/Home/vendors/bootstrap4/bootstrap-grid.min.css.map
ERR: 无法加载模块:Public

[ 2018-03-24T16:30:33+08:00 ] ::1 /thinkphp/Public/js/Home/vendors/smoothscroll/SmoothScroll.min.js.map
ERR: 无法加载模块:Public

[ 2018-03-24T16:30:33+08:00 ] ::1 /thinkphp/Public/css/Home/vendors/bootstrap4/bootstrap-grid.min.css.map
ERR: 无法加载模块:Public

[ 2018-03-24T16:30:40+08:00 ] ::1 /thinkphp/Public/js/Home/vendors/smoothscroll/SmoothScroll.min.js.map
ERR: 无法加载模块:Public

[ 2018-03-24T16:30:41+08:00 ] ::1 /thinkphp/Public/css/Home/vendors/bootstrap4/bootstrap-grid.min.css.map
ERR: 无法加载模块:Public

[ 2018-03-24T16:30:48+08:00 ] ::1 /thinkphp/Public/css/Home/vendors/bootstrap4/bootstrap-grid.min.css.map
ERR: 无法加载模块:Public

[ 2018-03-24T16:30:48+08:00 ] ::1 /thinkphp/Public/js/Home/vendors/smoothscroll/SmoothScroll.min.js.map
ERR: 无法加载模块:Public

[ 2018-03-24T16:31:30+08:00 ] ::1 /thinkphp/Public/js/Home/vendors/smoothscroll/SmoothScroll.min.js.map
ERR: 无法加载模块:Public

[ 2018-03-24T16:31:30+08:00 ] ::1 /thinkphp/Public/css/Home/vendors/bootstrap4/bootstrap-grid.min.css.map
ERR: 无法加载模块:Public

[ 2018-03-24T16:32:11+08:00 ] ::1 /thinkphp/Public/js/Home/vendors/smoothscroll/SmoothScroll.min.js.map
ERR: 无法加载模块:Public

[ 2018-03-24T16:32:11+08:00 ] ::1 /thinkphp/Public/css/Home/vendors/bootstrap4/bootstrap-grid.min.css.map
ERR: 无法加载模块:Public

[ 2018-03-24T16:32:31+08:00 ] ::1 /thinkphp/Public/js/Home/vendors/smoothscroll/SmoothScroll.min.js.map
ERR: 无法加载模块:Public

[ 2018-03-24T16:32:31+08:00 ] ::1 /thinkphp/Public/css/Home/vendors/bootstrap4/bootstrap-grid.min.css.map
ERR: 无法加载模块:Public

[ 2018-03-24T16:32:53+08:00 ] ::1 /thinkphp/Public/js/Home/vendors/smoothscroll/SmoothScroll.min.js.map
ERR: 无法加载模块:Public

[ 2018-03-24T16:32:53+08:00 ] ::1 /thinkphp/Public/css/Home/vendors/bootstrap4/bootstrap-grid.min.css.map
ERR: 无法加载模块:Public

[ 2018-03-24T16:33:41+08:00 ] ::1 /thinkphp/Public/js/Home/vendors/smoothscroll/SmoothScroll.min.js.map
ERR: 无法加载模块:Public

[ 2018-03-24T16:33:41+08:00 ] ::1 /thinkphp/Public/css/Home/vendors/bootstrap4/bootstrap-grid.min.css.map
ERR: 无法加载模块:Public

[ 2018-03-24T16:34:18+08:00 ] ::1 /thinkphp/Public/js/Home/vendors/smoothscroll/SmoothScroll.min.js.map
ERR: 无法加载模块:Public

[ 2018-03-24T16:34:18+08:00 ] ::1 /thinkphp/Public/css/Home/vendors/bootstrap4/bootstrap-grid.min.css.map
ERR: 无法加载模块:Public

[ 2018-03-24T16:34:25+08:00 ] ::1 /thinkphp/Public/js/Home/vendors/smoothscroll/SmoothScroll.min.js.map
ERR: 无法加载模块:Public

[ 2018-03-24T16:34:25+08:00 ] ::1 /thinkphp/Public/css/Home/vendors/bootstrap4/bootstrap-grid.min.css.map
ERR: 无法加载模块:Public

[ 2018-03-24T16:42:29+08:00 ] ::1 /thinkphp/Public/js/Home/vendors/smoothscroll/SmoothScroll.min.js.map
ERR: 无法加载模块:Public

[ 2018-03-24T16:42:29+08:00 ] ::1 /thinkphp/Public/css/Home/vendors/bootstrap4/bootstrap-grid.min.css.map
ERR: 无法加载模块:Public

[ 2018-03-24T16:45:33+08:00 ] ::1 /thinkphp/Public/css/Home/vendors/bootstrap4/bootstrap-grid.min.css.map
ERR: 无法加载模块:Public

[ 2018-03-24T16:45:33+08:00 ] ::1 /thinkphp/Public/js/Home/vendors/smoothscroll/SmoothScroll.min.js.map
ERR: 无法加载模块:Public

[ 2018-03-24T16:45:53+08:00 ] ::1 /thinkphp/Public/css/Home/vendors/bootstrap4/bootstrap-grid.min.css.map
ERR: 无法加载模块:Public

[ 2018-03-24T16:45:53+08:00 ] ::1 /thinkphp/Public/js/Home/vendors/smoothscroll/SmoothScroll.min.js.map
ERR: 无法加载模块:Public

[ 2018-03-24T16:46:19+08:00 ] ::1 /thinkphp/Public/js/Home/vendors/smoothscroll/SmoothScroll.min.js.map
ERR: 无法加载模块:Public

[ 2018-03-24T16:46:19+08:00 ] ::1 /thinkphp/Public/css/Home/vendors/bootstrap4/bootstrap-grid.min.css.map
ERR: 无法加载模块:Public

[ 2018-03-24T16:46:35+08:00 ] ::1 /thinkphp/Public/js/Home/vendors/smoothscroll/SmoothScroll.min.js.map
ERR: 无法加载模块:Public

[ 2018-03-24T16:46:35+08:00 ] ::1 /thinkphp/Public/css/Home/vendors/bootstrap4/bootstrap-grid.min.css.map
ERR: 无法加载模块:Public

[ 2018-03-24T16:47:41+08:00 ] ::1 /thinkphp/Public/css/Home/vendors/bootstrap4/bootstrap-grid.min.css.map
ERR: 无法加载模块:Public

[ 2018-03-24T16:47:41+08:00 ] ::1 /thinkphp/Public/js/Home/vendors/smoothscroll/SmoothScroll.min.js.map
ERR: 无法加载模块:Public

[ 2018-03-24T16:47:50+08:00 ] ::1 /thinkphp/Public/js/Home/vendors/smoothscroll/SmoothScroll.min.js.map
ERR: 无法加载模块:Public

[ 2018-03-24T16:47:50+08:00 ] ::1 /thinkphp/Public/css/Home/vendors/bootstrap4/bootstrap-grid.min.css.map
ERR: 无法加载模块:Public

[ 2018-03-24T16:51:04+08:00 ] ::1 /thinkphp/Public/css/Home/vendors/bootstrap4/bootstrap-grid.min.css.map
ERR: 无法加载模块:Public

[ 2018-03-24T16:51:04+08:00 ] ::1 /thinkphp/Public/js/Home/vendors/smoothscroll/SmoothScroll.min.js.map
ERR: 无法加载模块:Public

[ 2018-03-24T16:51:18+08:00 ] 127.0.0.1 /thinkphp/Public/css/Home/vendors/bootstrap4/bootstrap-grid.min.css.map
ERR: 无法加载模块:Public

[ 2018-03-24T16:52:31+08:00 ] ::1 /thinkphp/Public/css/Home/vendors/jquery/jquery.min.css
ERR: 无法加载模块:Public

[ 2018-03-24T16:52:32+08:00 ] ::1 /thinkphp/Public/css/Home/vendors/bootstrap4/bootstrap-grid.min.css.map
ERR: 无法加载模块:Public

[ 2018-03-24T16:52:32+08:00 ] ::1 /thinkphp/Public/js/Home/vendors/smoothscroll/SmoothScroll.min.js.map
ERR: 无法加载模块:Public

[ 2018-03-24T16:52:41+08:00 ] ::1 /thinkphp/Public/css/Home/vendors/bootstrap4/bootstrap-grid.min.css.map
ERR: 无法加载模块:Public

[ 2018-03-24T16:52:42+08:00 ] ::1 /thinkphp/Public/js/Home/vendors/smoothscroll/SmoothScroll.min.js.map
ERR: 无法加载模块:Public

[ 2018-03-24T16:52:45+08:00 ] ::1 /thinkphp/Public/css/Home/vendors/bootstrap4/bootstrap-grid.min.css.map
ERR: 无法加载模块:Public

[ 2018-03-24T16:52:45+08:00 ] ::1 /thinkphp/Public/js/Home/vendors/smoothscroll/SmoothScroll.min.js.map
ERR: 无法加载模块:Public

[ 2018-03-24T16:52:46+08:00 ] ::1 /thinkphp/Public/css/Home/vendors/jquery/jquery.min.css
ERR: 无法加载模块:Public

[ 2018-03-24T16:52:47+08:00 ] ::1 /thinkphp/Public/css/Home/vendors/bootstrap4/bootstrap-grid.min.css.map
ERR: 无法加载模块:Public

[ 2018-03-24T16:52:47+08:00 ] ::1 /thinkphp/Public/js/Home/vendors/smoothscroll/SmoothScroll.min.js.map
ERR: 无法加载模块:Public

[ 2018-03-24T16:52:49+08:00 ] ::1 /thinkphp/Public/css/Home/vendors/bootstrap4/bootstrap-grid.min.css.map
ERR: 无法加载模块:Public

[ 2018-03-24T16:52:49+08:00 ] ::1 /thinkphp/Public/js/Home/vendors/smoothscroll/SmoothScroll.min.js.map
ERR: 无法加载模块:Public

[ 2018-03-24T16:52:50+08:00 ] ::1 /thinkphp/Public/css/Home/vendors/jquery/jquery.min.css
ERR: 无法加载模块:Public

[ 2018-03-24T16:52:50+08:00 ] ::1 /thinkphp/Public/js/Home/vendors/smoothscroll/SmoothScroll.min.js.map
ERR: 无法加载模块:Public

[ 2018-03-24T16:52:50+08:00 ] ::1 /thinkphp/Public/css/Home/vendors/bootstrap4/bootstrap-grid.min.css.map
ERR: 无法加载模块:Public

[ 2018-03-24T16:52:51+08:00 ] ::1 /thinkphp/Public/css/Home/vendors/bootstrap4/bootstrap-grid.min.css.map
ERR: 无法加载模块:Public

[ 2018-03-24T16:52:51+08:00 ] ::1 /thinkphp/Public/js/Home/vendors/smoothscroll/SmoothScroll.min.js.map
ERR: 无法加载模块:Public

[ 2018-03-24T16:52:54+08:00 ] ::1 /thinkphp/Public/css/Home/vendors/jquery/jquery.min.css
ERR: 无法加载模块:Public

[ 2018-03-24T16:52:55+08:00 ] ::1 /thinkphp/Public/css/Home/vendors/bootstrap4/bootstrap-grid.min.css.map
ERR: 无法加载模块:Public

[ 2018-03-24T16:52:55+08:00 ] ::1 /thinkphp/Public/js/Home/vendors/smoothscroll/SmoothScroll.min.js.map
ERR: 无法加载模块:Public

[ 2018-03-24T16:53:37+08:00 ] ::1 /thinkphp/Public/css/Home/vendors/jquery/jquery.min.css
ERR: 无法加载模块:Public

[ 2018-03-24T16:53:37+08:00 ] ::1 /thinkphp/Public/js/Home/vendors/smoothscroll/SmoothScroll.min.js.map
ERR: 无法加载模块:Public

[ 2018-03-24T16:53:37+08:00 ] ::1 /thinkphp/Public/css/Home/vendors/bootstrap4/bootstrap-grid.min.css.map
ERR: 无法加载模块:Public

[ 2018-03-24T16:53:39+08:00 ] ::1 /thinkphp/Public/js/Home/vendors/smoothscroll/SmoothScroll.min.js.map
ERR: 无法加载模块:Public

[ 2018-03-24T16:53:39+08:00 ] ::1 /thinkphp/Public/css/Home/vendors/bootstrap4/bootstrap-grid.min.css.map
ERR: 无法加载模块:Public

[ 2018-03-24T16:53:40+08:00 ] ::1 /thinkphp/Public/css/Home/vendors/jquery/jquery.min.css
ERR: 无法加载模块:Public

[ 2018-03-24T16:53:40+08:00 ] ::1 /thinkphp/Public/css/Home/vendors/bootstrap4/bootstrap-grid.min.css.map
ERR: 无法加载模块:Public

[ 2018-03-24T16:53:40+08:00 ] ::1 /thinkphp/Public/js/Home/vendors/smoothscroll/SmoothScroll.min.js.map
ERR: 无法加载模块:Public

[ 2018-03-24T16:54:07+08:00 ] ::1 /thinkphp/Public/css/Home/vendors/jquery/jquery.min.css
ERR: 无法加载模块:Public

[ 2018-03-24T16:54:33+08:00 ] ::1 /thinkphp/Public/css/Home/vendors/jquery/jquery.min.css
ERR: 无法加载模块:Public

[ 2018-03-24T16:54:55+08:00 ] ::1 /thinkphp/Public/css/Home/vendors/jquery/jquery.min.css
ERR: 无法加载模块:Public

[ 2018-03-24T16:55:22+08:00 ] ::1 /thinkphp/Public/css/Home/vendors/jquery/jquery.min.css
ERR: 无法加载模块:Public

[ 2018-03-24T16:56:15+08:00 ] 127.0.0.1 /thinkphp/Public/css/Home/vendors/jquery/jquery.min.css
ERR: 无法加载模块:Public

[ 2018-03-24T16:56:16+08:00 ] 127.0.0.1 /thinkphp/Public/css/Home/vendors/bootstrap4/bootstrap-grid.min.css.map
ERR: 无法加载模块:Public

[ 2018-03-24T16:56:18+08:00 ] 127.0.0.1 /thinkphp/Public/css/Home/vendors/jquery/jquery.min.css
ERR: 无法加载模块:Public

[ 2018-03-24T16:56:18+08:00 ] 127.0.0.1 /thinkphp/Public/css/Home/vendors/bootstrap4/bootstrap-grid.min.css.map
ERR: 无法加载模块:Public

[ 2018-03-24T16:56:21+08:00 ] 127.0.0.1 /thinkphp/Public/css/Home/vendors/jquery/jquery.min.css
ERR: 无法加载模块:Public

[ 2018-03-24T16:56:21+08:00 ] 127.0.0.1 /thinkphp/Public/css/Home/vendors/bootstrap4/bootstrap-grid.min.css.map
ERR: 无法加载模块:Public

[ 2018-03-24T16:56:23+08:00 ] 127.0.0.1 /thinkphp/Public/css/Home/vendors/jquery/jquery.min.css
ERR: 无法加载模块:Public

[ 2018-03-24T16:56:24+08:00 ] 127.0.0.1 /thinkphp/Public/css/Home/vendors/bootstrap4/bootstrap-grid.min.css.map
ERR: 无法加载模块:Public

[ 2018-03-24T16:56:26+08:00 ] 127.0.0.1 /thinkphp/Public/css/Home/vendors/jquery/jquery.min.css
ERR: 无法加载模块:Public

[ 2018-03-24T16:56:27+08:00 ] 127.0.0.1 /thinkphp/Public/css/Home/vendors/bootstrap4/bootstrap-grid.min.css.map
ERR: 无法加载模块:Public

[ 2018-03-24T16:56:29+08:00 ] 127.0.0.1 /thinkphp/Public/css/Home/vendors/jquery/jquery.min.css
ERR: 无法加载模块:Public

[ 2018-03-24T16:56:29+08:00 ] 127.0.0.1 /thinkphp/Public/css/Home/vendors/bootstrap4/bootstrap-grid.min.css.map
ERR: 无法加载模块:Public

[ 2018-03-24T16:56:30+08:00 ] 127.0.0.1 /thinkphp/Public/css/Home/vendors/jquery/jquery.min.css
ERR: 无法加载模块:Public

[ 2018-03-24T16:56:31+08:00 ] 127.0.0.1 /thinkphp/Public/css/Home/vendors/bootstrap4/bootstrap-grid.min.css.map
ERR: 无法加载模块:Public

[ 2018-03-24T16:56:38+08:00 ] 127.0.0.1 /thinkphp/Public/css/Home/vendors/bootstrap4/bootstrap-grid.min.css.map
ERR: 无法加载模块:Public

[ 2018-03-24T16:56:51+08:00 ] 127.0.0.1 /thinkphp/Public/css/Home/vendors/jquery/jquery.min.css
ERR: 无法加载模块:Public

[ 2018-03-24T16:56:56+08:00 ] 127.0.0.1 /thinkphp/Public/css/Home/vendors/jquery/jquery.min.css
ERR: 无法加载模块:Public

[ 2018-03-24T16:56:58+08:00 ] 127.0.0.1 /thinkphp/Public/css/Home/vendors/jquery/jquery.min.css
ERR: 无法加载模块:Public

[ 2018-03-24T16:57:01+08:00 ] 127.0.0.1 /thinkphp/Public/css/Home/vendors/jquery/jquery.min.css
ERR: 无法加载模块:Public

[ 2018-03-24T16:57:09+08:00 ] 127.0.0.1 /thinkphp/Public/css/Home/vendors/jquery/jquery.min.css
ERR: 无法加载模块:Public

[ 2018-03-24T16:57:23+08:00 ] 127.0.0.1 /thinkphp/Public/css/Home/vendors/jquery/jquery.min.css
ERR: 无法加载模块:Public

[ 2018-03-24T16:57:24+08:00 ] 127.0.0.1 /thinkphp/Public/css/Home/vendors/jquery/jquery.min.css
ERR: 无法加载模块:Public

[ 2018-03-24T16:57:25+08:00 ] 127.0.0.1 /thinkphp/Public/css/Home/vendors/jquery/jquery.min.css
ERR: 无法加载模块:Public

[ 2018-03-24T16:57:44+08:00 ] 127.0.0.1 /thinkphp/Public/css/Home/vendors/jquery/jquery.min.css
ERR: 无法加载模块:Public

[ 2018-03-24T16:57:47+08:00 ] 127.0.0.1 /thinkphp/Public/css/Home/vendors/jquery/jquery.min.css
ERR: 无法加载模块:Public

[ 2018-03-24T16:57:53+08:00 ] 127.0.0.1 /thinkphp/Public/css/Home/vendors/jquery/jquery.min.css
ERR: 无法加载模块:Public

[ 2018-03-24T16:58:45+08:00 ] 127.0.0.1 /thinkphp/Public/css/Home/vendors/jquery/jquery.min.css
ERR: 无法加载模块:Public

[ 2018-03-24T16:58:46+08:00 ] 127.0.0.1 /thinkphp/Public/css/Home/vendors/jquery/jquery.min.css
ERR: 无法加载模块:Public

[ 2018-03-24T16:58:50+08:00 ] 127.0.0.1 /thinkphp/Public/css/Home/vendors/jquery/jquery.min.css
ERR: 无法加载模块:Public

[ 2018-03-24T16:58:52+08:00 ] 127.0.0.1 /thinkphp/Public/css/Home/vendors/jquery/jquery.min.css
ERR: 无法加载模块:Public

[ 2018-03-24T16:58:55+08:00 ] 127.0.0.1 /thinkphp/Public/css/Home/vendors/jquery/jquery.min.css
ERR: 无法加载模块:Public

[ 2018-03-24T16:58:58+08:00 ] 127.0.0.1 /thinkphp/Public/css/Home/vendors/jquery/jquery.min.css
ERR: 无法加载模块:Public

[ 2018-03-24T21:47:56+08:00 ] 127.0.0.1 /thinkphp/Public/css/Home/vendors/jquery/jquery.min.css
INFO: [ app_init ] --START--
INFO: Run Behavior\BuildLiteBehavior [ RunTime:0.000024s ]
INFO: [ app_init ] --END-- [ RunTime:0.000628s ]
ERR: 无法加载模块:Public

[ 2018-03-24T21:51:19+08:00 ] ::1 /thinkphp/Public/js/Home/vendors/smoothscroll/SmoothScroll.min.js.map
INFO: [ app_init ] --START--
INFO: Run Behavior\BuildLiteBehavior [ RunTime:0.000020s ]
INFO: [ app_init ] --END-- [ RunTime:0.000512s ]
ERR: 无法加载模块:Public

[ 2018-03-24T21:51:19+08:00 ] ::1 /thinkphp/Public/css/Home/vendors/bootstrap4/bootstrap-grid.min.css.map
INFO: [ app_init ] --START--
INFO: Run Behavior\BuildLiteBehavior [ RunTime:0.000022s ]
INFO: [ app_init ] --END-- [ RunTime:0.000574s ]
ERR: 无法加载模块:Public

[ 2018-03-24T21:53:48+08:00 ] ::1 /thinkphp/Public/js/Home/vendors/smoothscroll/SmoothScroll.min.js.map
INFO: [ app_init ] --START--
INFO: Run Behavior\BuildLiteBehavior [ RunTime:0.000023s ]
INFO: [ app_init ] --END-- [ RunTime:0.000635s ]
ERR: 无法加载模块:Public

[ 2018-03-24T21:53:49+08:00 ] ::1 /thinkphp/Public/css/Home/vendors/bootstrap4/bootstrap-grid.min.css.map
INFO: [ app_init ] --START--
INFO: Run Behavior\BuildLiteBehavior [ RunTime:0.000034s ]
INFO: [ app_init ] --END-- [ RunTime:0.000771s ]
ERR: 无法加载模块:Public

[ 2018-03-24T21:53:57+08:00 ] ::1 /thinkphp/Public/js/Home/vendors/smoothscroll/SmoothScroll.min.js.map
INFO: [ app_init ] --START--
INFO: Run Behavior\BuildLiteBehavior [ RunTime:0.000020s ]
INFO: [ app_init ] --END-- [ RunTime:0.000535s ]
ERR: 无法加载模块:Public

[ 2018-03-24T21:53:58+08:00 ] ::1 /thinkphp/Public/css/Home/vendors/bootstrap4/bootstrap-grid.min.css.map
INFO: [ app_init ] --START--
INFO: Run Behavior\BuildLiteBehavior [ RunTime:0.000025s ]
INFO: [ app_init ] --END-- [ RunTime:0.000659s ]
ERR: 无法加载模块:Public

[ 2018-03-24T21:54:52+08:00 ] ::1 /thinkphp/Public/js/Home/vendors/smoothscroll/SmoothScroll.min.js.map
INFO: [ app_init ] --START--
INFO: Run Behavior\BuildLiteBehavior [ RunTime:0.000021s ]
INFO: [ app_init ] --END-- [ RunTime:0.000605s ]
ERR: 无法加载模块:Public

[ 2018-03-24T21:54:52+08:00 ] ::1 /thinkphp/Public/css/Home/vendors/bootstrap4/bootstrap-grid.min.css.map
INFO: [ app_init ] --START--
INFO: Run Behavior\BuildLiteBehavior [ RunTime:0.000025s ]
INFO: [ app_init ] --END-- [ RunTime:0.000659s ]
ERR: 无法加载模块:Public

[ 2018-03-24T21:56:10+08:00 ] ::1 /thinkphp/Public/js/Home/vendors/smoothscroll/SmoothScroll.min.js.map
INFO: [ app_init ] --START--
INFO: Run Behavior\BuildLiteBehavior [ RunTime:0.000019s ]
INFO: [ app_init ] --END-- [ RunTime:0.000582s ]
ERR: 无法加载模块:Public

[ 2018-03-24T21:56:10+08:00 ] ::1 /thinkphp/Public/css/Home/vendors/bootstrap4/bootstrap-grid.min.css.map
INFO: [ app_init ] --START--
INFO: Run Behavior\BuildLiteBehavior [ RunTime:0.000061s ]
INFO: [ app_init ] --END-- [ RunTime:0.001583s ]
ERR: 无法加载模块:Public

[ 2018-03-24T21:56:16+08:00 ] ::1 /thinkphp/Public/js/Home/vendors/smoothscroll/SmoothScroll.min.js.map
INFO: [ app_init ] --START--
INFO: Run Behavior\BuildLiteBehavior [ RunTime:0.000021s ]
INFO: [ app_init ] --END-- [ RunTime:0.000598s ]
ERR: 无法加载模块:Public

[ 2018-03-24T21:56:16+08:00 ] ::1 /thinkphp/Public/css/Home/vendors/bootstrap4/bootstrap-grid.min.css.map
INFO: [ app_init ] --START--
INFO: Run Behavior\BuildLiteBehavior [ RunTime:0.000022s ]
INFO: [ app_init ] --END-- [ RunTime:0.000596s ]
ERR: 无法加载模块:Public

[ 2018-03-24T21:56:50+08:00 ] ::1 /thinkphp/Public/js/Home/vendors/smoothscroll/SmoothScroll.min.js.map
INFO: [ app_init ] --START--
INFO: Run Behavior\BuildLiteBehavior [ RunTime:0.000019s ]
INFO: [ app_init ] --END-- [ RunTime:0.000578s ]
ERR: 无法加载模块:Public

[ 2018-03-24T21:56:50+08:00 ] ::1 /thinkphp/Public/css/Home/vendors/bootstrap4/bootstrap-grid.min.css.map
INFO: [ app_init ] --START--
INFO: Run Behavior\BuildLiteBehavior [ RunTime:0.000023s ]
INFO: [ app_init ] --END-- [ RunTime:0.000617s ]
ERR: 无法加载模块:Public

[ 2018-03-24T21:57:45+08:00 ] ::1 /thinkphp/Public/js/Home/vendors/smoothscroll/SmoothScroll.min.js.map
INFO: [ app_init ] --START--
INFO: Run Behavior\BuildLiteBehavior [ RunTime:0.000035s ]
INFO: [ app_init ] --END-- [ RunTime:0.000820s ]
ERR: 无法加载模块:Public

[ 2018-03-24T21:57:45+08:00 ] ::1 /thinkphp/Public/css/Home/vendors/bootstrap4/bootstrap-grid.min.css.map
INFO: [ app_init ] --START--
INFO: Run Behavior\BuildLiteBehavior [ RunTime:0.000051s ]
INFO: [ app_init ] --END-- [ RunTime:0.001062s ]
ERR: 无法加载模块:Public

[ 2018-03-24T21:58:06+08:00 ] ::1 /thinkphp/Public/js/Home/vendors/smoothscroll/SmoothScroll.min.js.map
INFO: [ app_init ] --START--
INFO: Run Behavior\BuildLiteBehavior [ RunTime:0.000025s ]
INFO: [ app_init ] --END-- [ RunTime:0.000682s ]
ERR: 无法加载模块:Public

[ 2018-03-24T21:58:06+08:00 ] ::1 /thinkphp/Public/css/Home/vendors/bootstrap4/bootstrap-grid.min.css.map
INFO: [ app_init ] --START--
INFO: Run Behavior\BuildLiteBehavior [ RunTime:0.000021s ]
INFO: [ app_init ] --END-- [ RunTime:0.000636s ]
ERR: 无法加载模块:Public

[ 2018-03-24T21:58:29+08:00 ] ::1 /thinkphp/Public/css/Home/vendors/bootstrap4/bootstrap-grid.min.css.map
INFO: [ app_init ] --START--
INFO: Run Behavior\BuildLiteBehavior [ RunTime:0.000023s ]
INFO: [ app_init ] --END-- [ RunTime:0.000653s ]
ERR: 无法加载模块:Public

[ 2018-03-24T21:58:29+08:00 ] ::1 /thinkphp/Public/js/Home/vendors/smoothscroll/SmoothScroll.min.js.map
INFO: [ app_init ] --START--
INFO: Run Behavior\BuildLiteBehavior [ RunTime:0.000020s ]
INFO: [ app_init ] --END-- [ RunTime:0.000555s ]
ERR: 无法加载模块:Public

[ 2018-03-24T22:00:18+08:00 ] ::1 /thinkphp/Public/js/Home/vendors/smoothscroll/SmoothScroll.min.js.map
INFO: [ app_init ] --START--
INFO: Run Behavior\BuildLiteBehavior [ RunTime:0.000022s ]
INFO: [ app_init ] --END-- [ RunTime:0.000595s ]
ERR: 无法加载模块:Public

[ 2018-03-24T22:00:18+08:00 ] ::1 /thinkphp/Public/css/Home/vendors/bootstrap4/bootstrap-grid.min.css.map
INFO: [ app_init ] --START--
INFO: Run Behavior\BuildLiteBehavior [ RunTime:0.000022s ]
INFO: [ app_init ] --END-- [ RunTime:0.000628s ]
ERR: 无法加载模块:Public

[ 2018-03-24T22:01:14+08:00 ] ::1 /thinkphp/Public/css/Home/vendors/jquery/jquery.min.css
INFO: [ app_init ] --START--
INFO: Run Behavior\BuildLiteBehavior [ RunTime:0.000022s ]
INFO: [ app_init ] --END-- [ RunTime:0.000610s ]
ERR: 无法加载模块:Public

[ 2018-03-24T22:02:23+08:00 ] ::1 /thinkphp/Public/css/Home/vendors/jquery/jquery.min.css
INFO: [ app_init ] --START--
INFO: Run Behavior\BuildLiteBehavior [ RunTime:0.000022s ]
INFO: [ app_init ] --END-- [ RunTime:0.000847s ]
ERR: 无法加载模块:Public

[ 2018-03-24T22:05:28+08:00 ] ::1 /thinkphp/Public/css/Home/vendors/jquery/jquery.min.css
INFO: [ app_init ] --START--
INFO: Run Behavior\BuildLiteBehavior [ RunTime:0.000028s ]
INFO: [ app_init ] --END-- [ RunTime:0.000568s ]
ERR: 无法加载模块:Public

[ 2018-03-24T22:05:44+08:00 ] ::1 /thinkphp/Public/css/Home/vendors/jquery/jquery.min.css
INFO: [ app_init ] --START--
INFO: Run Behavior\BuildLiteBehavior [ RunTime:0.000074s ]
INFO: [ app_init ] --END-- [ RunTime:0.000749s ]
ERR: 无法加载模块:Public

[ 2018-03-24T22:26:06+08:00 ] ::1 /thinkphp/Public/css/Home/vendors/jquery/jquery.min.css
INFO: [ app_init ] --START--
INFO: Run Behavior\BuildLiteBehavior [ RunTime:0.000022s ]
INFO: [ app_init ] --END-- [ RunTime:0.000607s ]
ERR: 无法加载模块:Public

