[ 2018-02-04T14:20:57+08:00 ] ::1 /thinkphp/__PUBLIC__/images/Home_index1/1.jpg
INFO: [ app_init ] --START--
INFO: Run Behavior\BuildLiteBehavior [ RunTime:0.000019s ]
INFO: [ app_init ] --END-- [ RunTime:0.000581s ]
ERR: 无法加载模块:__PUBLIC__

[ 2018-02-04T14:20:57+08:00 ] ::1 /thinkphp/__PUBLIC__/images/Home_index1/2.jpg
INFO: [ app_init ] --START--
INFO: Run Behavior\BuildLiteBehavior [ RunTime:0.000023s ]
INFO: [ app_init ] --END-- [ RunTime:0.000847s ]
ERR: 无法加载模块:__PUBLIC__

[ 2018-02-04T14:20:57+08:00 ] ::1 /thinkphp/__PUBLIC__/images/Home_index1/3.jpg
INFO: [ app_init ] --START--
INFO: Run Behavior\BuildLiteBehavior [ RunTime:0.000019s ]
INFO: [ app_init ] --END-- [ RunTime:0.000604s ]
ERR: 无法加载模块:__PUBLIC__

[ 2018-02-04T14:22:32+08:00 ] ::1 /thinkphp/__PUBLIC__/images/Home_index1/2.jpg
INFO: [ app_init ] --START--
INFO: Run Behavior\BuildLiteBehavior [ RunTime:0.000018s ]
INFO: [ app_init ] --END-- [ RunTime:0.000571s ]
ERR: 无法加载模块:__PUBLIC__

[ 2018-02-04T14:22:32+08:00 ] ::1 /thinkphp/__PUBLIC__/images/Home_index1/1.jpg
INFO: [ app_init ] --START--
INFO: Run Behavior\BuildLiteBehavior [ RunTime:0.000025s ]
INFO: [ app_init ] --END-- [ RunTime:0.000719s ]
ERR: 无法加载模块:__PUBLIC__

[ 2018-02-04T14:22:32+08:00 ] ::1 /thinkphp/__PUBLIC__/images/Home_index1/3.jpg
INFO: [ app_init ] --START--
INFO: Run Behavior\BuildLiteBehavior [ RunTime:0.000016s ]
INFO: [ app_init ] --END-- [ RunTime:0.000634s ]
ERR: 无法加载模块:__PUBLIC__

[ 2018-02-04T14:23:37+08:00 ] ::1 /thinkphp/__PUBLIC__/images/Home_index1/1.jpg
INFO: [ app_init ] --START--
INFO: Run Behavior\BuildLiteBehavior [ RunTime:0.000021s ]
INFO: [ app_init ] --END-- [ RunTime:0.000627s ]
ERR: 无法加载模块:__PUBLIC__

[ 2018-02-04T14:23:37+08:00 ] ::1 /thinkphp/__PUBLIC__/images/Home_index1/3.jpg
INFO: [ app_init ] --START--
INFO: Run Behavior\BuildLiteBehavior [ RunTime:0.000023s ]
INFO: [ app_init ] --END-- [ RunTime:0.001910s ]
ERR: 无法加载模块:__PUBLIC__

[ 2018-02-04T14:23:37+08:00 ] ::1 /thinkphp/__PUBLIC__/images/Home_index1/2.jpg
INFO: [ app_init ] --START--
INFO: Run Behavior\BuildLiteBehavior [ RunTime:0.000029s ]
INFO: [ app_init ] --END-- [ RunTime:0.000832s ]
ERR: 无法加载模块:__PUBLIC__

[ 2018-02-04T14:24:02+08:00 ] ::1 /thinkphp/__PUBLIC__/images/Home_index1/2.jpg
INFO: [ app_init ] --START--
INFO: Run Behavior\BuildLiteBehavior [ RunTime:0.000017s ]
INFO: [ app_init ] --END-- [ RunTime:0.000574s ]
ERR: 无法加载模块:__PUBLIC__

[ 2018-02-04T14:24:02+08:00 ] ::1 /thinkphp/__PUBLIC__/images/Home_index1/1.jpg
INFO: [ app_init ] --START--
INFO: Run Behavior\BuildLiteBehavior [ RunTime:0.000018s ]
INFO: [ app_init ] --END-- [ RunTime:0.000596s ]
ERR: 无法加载模块:__PUBLIC__

[ 2018-02-04T14:24:02+08:00 ] ::1 /thinkphp/__PUBLIC__/images/Home_index1/3.jpg
INFO: [ app_init ] --START--
INFO: Run Behavior\BuildLiteBehavior [ RunTime:0.000022s ]
INFO: [ app_init ] --END-- [ RunTime:0.000630s ]
ERR: 无法加载模块:__PUBLIC__

[ 2018-02-04T14:25:15+08:00 ] ::1 /thinkphp/__PUBLIC__/images/Home_index1/2.jpg
INFO: [ app_init ] --START--
INFO: Run Behavior\BuildLiteBehavior [ RunTime:0.000017s ]
INFO: [ app_init ] --END-- [ RunTime:0.000580s ]
ERR: 无法加载模块:__PUBLIC__

[ 2018-02-04T14:25:15+08:00 ] ::1 /thinkphp/__PUBLIC__/images/Home_index1/1.jpg
INFO: [ app_init ] --START--
INFO: Run Behavior\BuildLiteBehavior [ RunTime:0.000017s ]
INFO: [ app_init ] --END-- [ RunTime:0.000562s ]
ERR: 无法加载模块:__PUBLIC__

[ 2018-02-04T14:25:15+08:00 ] ::1 /thinkphp/__PUBLIC__/images/Home_index1/3.jpg
INFO: [ app_init ] --START--
INFO: Run Behavior\BuildLiteBehavior [ RunTime:0.000021s ]
INFO: [ app_init ] --END-- [ RunTime:0.000707s ]
ERR: 无法加载模块:__PUBLIC__

[ 2018-02-04T14:58:56+08:00 ] ::1 /thinkphp/Application/public/css/Admin/main.css
INFO: [ app_init ] --START--
INFO: Run Behavior\BuildLiteBehavior [ RunTime:0.000022s ]
INFO: [ app_init ] --END-- [ RunTime:0.000704s ]
ERR: 无法加载模块:Application

[ 2018-02-04T14:58:56+08:00 ] ::1 /thinkphp/Application/public/js/Admin/pace.min.js
INFO: [ app_init ] --START--
INFO: Run Behavior\BuildLiteBehavior [ RunTime:0.000022s ]
INFO: [ app_init ] --END-- [ RunTime:0.000642s ]
ERR: 无法加载模块:Application

[ 2018-02-04T14:58:56+08:00 ] ::1 /thinkphp/Application/public/js/Admin/main.js
INFO: [ app_init ] --START--
INFO: Run Behavior\BuildLiteBehavior [ RunTime:0.000021s ]
INFO: [ app_init ] --END-- [ RunTime:0.000728s ]
ERR: 无法加载模块:Application

[ 2018-02-04T14:58:56+08:00 ] ::1 /thinkphp/Application/public/js/Admin/chart.js
INFO: [ app_init ] --START--
INFO: Run Behavior\BuildLiteBehavior [ RunTime:0.000025s ]
INFO: [ app_init ] --END-- [ RunTime:0.001155s ]
ERR: 无法加载模块:Application

[ 2018-02-04T14:58:56+08:00 ] ::1 /thinkphp/Application/public/js/Admin/popper.min.js
INFO: [ app_init ] --START--
INFO: Run Behavior\BuildLiteBehavior [ RunTime:0.000022s ]
INFO: [ app_init ] --END-- [ RunTime:0.000709s ]
ERR: 无法加载模块:Application

[ 2018-02-04T14:58:56+08:00 ] ::1 /thinkphp/Application/public/js/Admin/popper.min.js
INFO: [ app_init ] --START--
INFO: Run Behavior\BuildLiteBehavior [ RunTime:0.000018s ]
INFO: [ app_init ] --END-- [ RunTime:0.000638s ]
ERR: 无法加载模块:Application

[ 2018-02-04T14:58:56+08:00 ] ::1 /thinkphp/Application/public/images/Home_index/add_picture.png
INFO: [ app_init ] --START--
INFO: Run Behavior\BuildLiteBehavior [ RunTime:0.000022s ]
INFO: [ app_init ] --END-- [ RunTime:0.001333s ]
ERR: 无法加载模块:Application

[ 2018-02-04T14:58:56+08:00 ] ::1 /thinkphp/Application/public/js/Admin/main.js
INFO: [ app_init ] --START--
INFO: Run Behavior\BuildLiteBehavior [ RunTime:0.000018s ]
INFO: [ app_init ] --END-- [ RunTime:0.000631s ]
ERR: 无法加载模块:Application

[ 2018-02-04T14:58:56+08:00 ] ::1 /thinkphp/Application/public/js/Admin/pace.min.js
INFO: [ app_init ] --START--
INFO: Run Behavior\BuildLiteBehavior [ RunTime:0.000052s ]
INFO: [ app_init ] --END-- [ RunTime:0.001295s ]
ERR: 无法加载模块:Application

[ 2018-02-04T14:58:56+08:00 ] ::1 /thinkphp/Application/public/js/Admin/chart.js
INFO: [ app_init ] --START--
INFO: Run Behavior\BuildLiteBehavior [ RunTime:0.000024s ]
INFO: [ app_init ] --END-- [ RunTime:0.001689s ]
ERR: 无法加载模块:Application

[ 2018-02-04T16:51:01+08:00 ] ::1 /thinkphp/Public/images/Home_index1/11.jpg%20style%20=
INFO: [ app_init ] --START--
INFO: Run Behavior\BuildLiteBehavior [ RunTime:0.000022s ]
INFO: [ app_init ] --END-- [ RunTime:0.000841s ]
ERR: 无法加载模块:Public

[ 2018-02-04T16:51:01+08:00 ] ::1 /thinkphp/Public/images/Home_index1/IMG_3162.JPG%20style%20=
INFO: [ app_init ] --START--
INFO: Run Behavior\BuildLiteBehavior [ RunTime:0.000018s ]
INFO: [ app_init ] --END-- [ RunTime:0.000484s ]
ERR: 无法加载模块:Public

[ 2018-02-04T16:51:01+08:00 ] ::1 /thinkphp/Public/images/Home_index1/IMG_3180.JPG%20style%20=
INFO: [ app_init ] --START--
INFO: Run Behavior\BuildLiteBehavior [ RunTime:0.000019s ]
INFO: [ app_init ] --END-- [ RunTime:0.000613s ]
ERR: 无法加载模块:Public

[ 2018-02-04T16:51:01+08:00 ] ::1 /thinkphp/Public/images/Home_index1/IMG_8636.JPG%20style%20=
INFO: [ app_init ] --START--
INFO: Run Behavior\BuildLiteBehavior [ RunTime:0.000012s ]
INFO: [ app_init ] --END-- [ RunTime:0.000428s ]
ERR: 无法加载模块:Public

[ 2018-02-04T16:51:20+08:00 ] ::1 /thinkphp/Public/images/Home_index1/IMG_3162.JPG%20style%20=
INFO: [ app_init ] --START--
INFO: Run Behavior\BuildLiteBehavior [ RunTime:0.000020s ]
INFO: [ app_init ] --END-- [ RunTime:0.000521s ]
ERR: 无法加载模块:Public

[ 2018-02-04T16:51:20+08:00 ] ::1 /thinkphp/Public/images/Home_index1/11.jpg%20style%20=
INFO: [ app_init ] --START--
INFO: Run Behavior\BuildLiteBehavior [ RunTime:0.000019s ]
INFO: [ app_init ] --END-- [ RunTime:0.000621s ]
ERR: 无法加载模块:Public

[ 2018-02-04T16:51:20+08:00 ] ::1 /thinkphp/Public/images/Home_index1/IMG_8636.JPG%20style%20=
INFO: [ app_init ] --START--
INFO: Run Behavior\BuildLiteBehavior [ RunTime:0.000014s ]
INFO: [ app_init ] --END-- [ RunTime:0.000480s ]
ERR: 无法加载模块:Public

[ 2018-02-04T16:51:20+08:00 ] ::1 /thinkphp/Public/images/Home_index1/IMG_3180.JPG%20style%20=
INFO: [ app_init ] --START--
INFO: Run Behavior\BuildLiteBehavior [ RunTime:0.000020s ]
INFO: [ app_init ] --END-- [ RunTime:0.000689s ]
ERR: 无法加载模块:Public

[ 2018-02-04T20:52:28+08:00 ] ::1 /thinkphp/Public/images/Home_index1/1.jpg
INFO: [ app_init ] --START--
INFO: Run Behavior\BuildLiteBehavior [ RunTime:0.000021s ]
INFO: [ app_init ] --END-- [ RunTime:0.000743s ]
ERR: 无法加载模块:Public

[ 2018-02-04T20:52:38+08:00 ] ::1 /thinkphp/Public/images/Home_index1/1.jpg
INFO: [ app_init ] --START--
INFO: Run Behavior\BuildLiteBehavior [ RunTime:0.000020s ]
INFO: [ app_init ] --END-- [ RunTime:0.000620s ]
ERR: 无法加载模块:Public

[ 2018-02-04T20:53:01+08:00 ] ::1 /thinkphp/Public/images/Home_index1/1.jpg
INFO: [ app_init ] --START--
INFO: Run Behavior\BuildLiteBehavior [ RunTime:0.000022s ]
INFO: [ app_init ] --END-- [ RunTime:0.000809s ]
ERR: 无法加载模块:Public

[ 2018-02-04T20:53:33+08:00 ] ::1 /thinkphp/Public/images/Home_index1/1.jpg
INFO: [ app_init ] --START--
INFO: Run Behavior\BuildLiteBehavior [ RunTime:0.000020s ]
INFO: [ app_init ] --END-- [ RunTime:0.000654s ]
ERR: 无法加载模块:Public

[ 2018-02-04T20:53:49+08:00 ] ::1 /thinkphp/Public/images/Home_index1/1.jpg
INFO: [ app_init ] --START--
INFO: Run Behavior\BuildLiteBehavior [ RunTime:0.000021s ]
INFO: [ app_init ] --END-- [ RunTime:0.001077s ]
ERR: 无法加载模块:Public

[ 2018-02-04T20:53:59+08:00 ] ::1 /thinkphp/Public/images/Home_index1/1.jpg
INFO: [ app_init ] --START--
INFO: Run Behavior\BuildLiteBehavior [ RunTime:0.000024s ]
INFO: [ app_init ] --END-- [ RunTime:0.000720s ]
ERR: 无法加载模块:Public

[ 2018-02-04T20:55:29+08:00 ] ::1 /thinkphp/Public/images/Home_index1/1.jpg
INFO: [ app_init ] --START--
INFO: Run Behavior\BuildLiteBehavior [ RunTime:0.000020s ]
INFO: [ app_init ] --END-- [ RunTime:0.000700s ]
ERR: 无法加载模块:Public

[ 2018-02-04T21:29:17+08:00 ] ::1 /thinkphp/Public/images/20180204/%E6%9C%AA%E6%A0%87%E9%A2%98-12jpg.jpg
INFO: [ app_init ] --START--
INFO: Run Behavior\BuildLiteBehavior [ RunTime:0.000012s ]
INFO: [ app_init ] --END-- [ RunTime:0.000416s ]
ERR: 无法加载模块:Public

[ 2018-02-04T21:31:34+08:00 ] ::1 /thinkphp/Public/images/Home_index1/1.jpg
INFO: [ app_init ] --START--
INFO: Run Behavior\BuildLiteBehavior [ RunTime:0.000033s ]
INFO: [ app_init ] --END-- [ RunTime:0.000758s ]
ERR: 无法加载模块:Public

[ 2018-02-04T21:32:56+08:00 ] ::1 /thinkphp/Public/images/Home_index1/1.jpg
INFO: [ app_init ] --START--
INFO: Run Behavior\BuildLiteBehavior [ RunTime:0.000022s ]
INFO: [ app_init ] --END-- [ RunTime:0.000621s ]
ERR: 无法加载模块:Public

