[ 2018-04-09T15:29:40+08:00 ] ::1 /thinkphp/Public/fonts/fontawesome-webfont.woff2?v=4.7.0
ERR: 无法加载模块:Public

[ 2018-04-09T15:29:40+08:00 ] ::1 /thinkphp/Public/fonts/fontawesome-webfont.woff?v=4.7.0
ERR: 无法加载模块:Public

[ 2018-04-09T15:29:40+08:00 ] ::1 /thinkphp/Public/fonts/fontawesome-webfont.ttf?v=4.7.0
ERR: 无法加载模块:Public

[ 2018-04-09T15:30:01+08:00 ] ::1 /thinkphp/Public/fonts/fontawesome-webfont.woff2?v=4.7.0
ERR: 无法加载模块:Public

[ 2018-04-09T15:30:01+08:00 ] ::1 /thinkphp/Public/fonts/fontawesome-webfont.woff?v=4.7.0
ERR: 无法加载模块:Public

[ 2018-04-09T15:30:01+08:00 ] ::1 /thinkphp/Public/fonts/fontawesome-webfont.ttf?v=4.7.0
ERR: 无法加载模块:Public

[ 2018-04-09T16:08:11+08:00 ] ::1 /thinkphp/Public/css/Admin/bootstrap.min.css.map
ERR: 无法加载模块:Public

[ 2018-04-09T16:08:16+08:00 ] ::1 /thinkphp/Public/css/Admin/bootstrap.min.css.map
ERR: 无法加载模块:Public

[ 2018-04-09T16:08:23+08:00 ] ::1 /thinkphp/Public/css/Admin/bootstrap.min.css.map
ERR: 无法加载模块:Public

[ 2018-04-09T16:08:56+08:00 ] ::1 /thinkphp/Public/css/Admin/bootstrap.min.css.map
ERR: 无法加载模块:Public

[ 2018-04-09T16:09:11+08:00 ] ::1 /thinkphp/Public/css/Admin/bootstrap.min.css.map
ERR: 无法加载模块:Public

[ 2018-04-09T16:09:19+08:00 ] ::1 /thinkphp/Public/css/Admin/bootstrap.min.css.map
ERR: 无法加载模块:Public

