[ 2018-02-02T16:00:11+08:00 ] 127.0.0.1 /thinkphp/Public/js/Admin/plugins/pace.min.js
INFO: [ app_init ] --START--
INFO: Run Behavior\BuildLiteBehavior [ RunTime:0.000013s ]
INFO: [ app_init ] --END-- [ RunTime:0.000403s ]
ERR: 无法加载模块:Public

[ 2018-02-02T16:00:11+08:00 ] 127.0.0.1 /thinkphp/Public/js/Admin/plugins/chart.js
INFO: [ app_init ] --START--
INFO: Run Behavior\BuildLiteBehavior [ RunTime:0.000013s ]
INFO: [ app_init ] --END-- [ RunTime:0.000383s ]
ERR: 无法加载模块:Public

[ 2018-02-02T16:00:41+08:00 ] 127.0.0.1 /thinkphp/Public/js/Admin/plugins/chart.js
INFO: [ app_init ] --START--
INFO: Run Behavior\BuildLiteBehavior [ RunTime:0.000022s ]
INFO: [ app_init ] --END-- [ RunTime:0.000531s ]
ERR: 无法加载模块:Public

[ 2018-02-02T16:00:41+08:00 ] 127.0.0.1 /thinkphp/Public/js/Admin/plugins/pace.min.js
INFO: [ app_init ] --START--
INFO: Run Behavior\BuildLiteBehavior [ RunTime:0.000014s ]
INFO: [ app_init ] --END-- [ RunTime:0.000573s ]
ERR: 无法加载模块:Public

[ 2018-02-02T16:00:41+08:00 ] 127.0.0.1 /thinkphp/Public/js/Admin/plugins/chart.js
INFO: [ app_init ] --START--
INFO: Run Behavior\BuildLiteBehavior [ RunTime:0.000012s ]
INFO: [ app_init ] --END-- [ RunTime:0.000393s ]
ERR: 无法加载模块:Public

[ 2018-02-02T18:20:36+08:00 ] ::1 /thinkphp/Public/js/Admin/plugins/pace.min.js
INFO: [ app_init ] --START--
INFO: Run Behavior\BuildLiteBehavior [ RunTime:0.000025s ]
INFO: [ app_init ] --END-- [ RunTime:0.000657s ]
ERR: 无法加载模块:Public

[ 2018-02-02T18:20:36+08:00 ] ::1 /thinkphp/Public/js/Admin/plugins/chart.js
INFO: [ app_init ] --START--
INFO: Run Behavior\BuildLiteBehavior [ RunTime:0.000025s ]
INFO: [ app_init ] --END-- [ RunTime:0.000857s ]
ERR: 无法加载模块:Public

[ 2018-02-02T18:20:36+08:00 ] ::1 /thinkphp/Public/js/Admin/plugins/pace.min.js
INFO: [ app_init ] --START--
INFO: Run Behavior\BuildLiteBehavior [ RunTime:0.000014s ]
INFO: [ app_init ] --END-- [ RunTime:0.000460s ]
ERR: 无法加载模块:Public

[ 2018-02-02T18:20:36+08:00 ] ::1 /thinkphp/Public/js/Admin/plugins/chart.js
INFO: [ app_init ] --START--
INFO: Run Behavior\BuildLiteBehavior [ RunTime:0.000014s ]
INFO: [ app_init ] --END-- [ RunTime:0.000442s ]
ERR: 无法加载模块:Public

[ 2018-02-02T18:20:43+08:00 ] ::1 /thinkphp/Public/js/Admin/plugins/chart.js
INFO: [ app_init ] --START--
INFO: Run Behavior\BuildLiteBehavior [ RunTime:0.000023s ]
INFO: [ app_init ] --END-- [ RunTime:0.000684s ]
ERR: 无法加载模块:Public

[ 2018-02-02T18:20:43+08:00 ] ::1 /thinkphp/Public/js/Admin/plugins/pace.min.js
INFO: [ app_init ] --START--
INFO: Run Behavior\BuildLiteBehavior [ RunTime:0.000014s ]
INFO: [ app_init ] --END-- [ RunTime:0.000532s ]
ERR: 无法加载模块:Public

[ 2018-02-02T18:20:43+08:00 ] ::1 /thinkphp/Public/js/Admin/plugins/chart.js
INFO: [ app_init ] --START--
INFO: Run Behavior\BuildLiteBehavior [ RunTime:0.000020s ]
INFO: [ app_init ] --END-- [ RunTime:0.000708s ]
ERR: 无法加载模块:Public

[ 2018-02-02T18:20:52+08:00 ] ::1 /thinkphp/Public/js/Admin/plugins/pace.min.js
INFO: [ app_init ] --START--
INFO: Run Behavior\BuildLiteBehavior [ RunTime:0.000022s ]
INFO: [ app_init ] --END-- [ RunTime:0.000727s ]
ERR: 无法加载模块:Public

[ 2018-02-02T18:20:52+08:00 ] ::1 /thinkphp/Public/js/Admin/plugins/chart.js
INFO: [ app_init ] --START--
INFO: Run Behavior\BuildLiteBehavior [ RunTime:0.000021s ]
INFO: [ app_init ] --END-- [ RunTime:0.000676s ]
ERR: 无法加载模块:Public

[ 2018-02-02T18:20:52+08:00 ] ::1 /thinkphp/Public/js/Admin/plugins/pace.min.js
INFO: [ app_init ] --START--
INFO: Run Behavior\BuildLiteBehavior [ RunTime:0.000020s ]
INFO: [ app_init ] --END-- [ RunTime:0.000694s ]
ERR: 无法加载模块:Public

[ 2018-02-02T18:20:52+08:00 ] ::1 /thinkphp/Public/js/Admin/plugins/chart.js
INFO: [ app_init ] --START--
INFO: Run Behavior\BuildLiteBehavior [ RunTime:0.000029s ]
INFO: [ app_init ] --END-- [ RunTime:0.000993s ]
ERR: 无法加载模块:Public

[ 2018-02-02T18:20:53+08:00 ] ::1 /thinkphp/Public/js/Admin/plugins/pace.min.js
INFO: [ app_init ] --START--
INFO: Run Behavior\BuildLiteBehavior [ RunTime:0.000022s ]
INFO: [ app_init ] --END-- [ RunTime:0.000766s ]
ERR: 无法加载模块:Public

[ 2018-02-02T18:20:53+08:00 ] ::1 /thinkphp/Public/js/Admin/plugins/chart.js
INFO: [ app_init ] --START--
INFO: Run Behavior\BuildLiteBehavior [ RunTime:0.000018s ]
INFO: [ app_init ] --END-- [ RunTime:0.000745s ]
ERR: 无法加载模块:Public

[ 2018-02-02T18:20:53+08:00 ] ::1 /thinkphp/Public/js/Admin/plugins/pace.min.js
INFO: [ app_init ] --START--
INFO: Run Behavior\BuildLiteBehavior [ RunTime:0.000014s ]
INFO: [ app_init ] --END-- [ RunTime:0.000435s ]
ERR: 无法加载模块:Public

[ 2018-02-02T18:20:53+08:00 ] ::1 /thinkphp/Public/js/Admin/plugins/chart.js
INFO: [ app_init ] --START--
INFO: Run Behavior\BuildLiteBehavior [ RunTime:0.000016s ]
INFO: [ app_init ] --END-- [ RunTime:0.000459s ]
ERR: 无法加载模块:Public

[ 2018-02-02T18:21:04+08:00 ] ::1 /thinkphp/Public/js/Admin/plugins/pace.min.js
INFO: [ app_init ] --START--
INFO: Run Behavior\BuildLiteBehavior [ RunTime:0.000021s ]
INFO: [ app_init ] --END-- [ RunTime:0.000609s ]
ERR: 无法加载模块:Public

[ 2018-02-02T18:21:04+08:00 ] ::1 /thinkphp/Public/js/Admin/plugins/chart.js
INFO: [ app_init ] --START--
INFO: Run Behavior\BuildLiteBehavior [ RunTime:0.000024s ]
INFO: [ app_init ] --END-- [ RunTime:0.000741s ]
ERR: 无法加载模块:Public

[ 2018-02-02T18:21:05+08:00 ] ::1 /thinkphp/Public/js/Admin/plugins/pace.min.js
INFO: [ app_init ] --START--
INFO: Run Behavior\BuildLiteBehavior [ RunTime:0.000022s ]
INFO: [ app_init ] --END-- [ RunTime:0.000530s ]
ERR: 无法加载模块:Public

[ 2018-02-02T18:21:05+08:00 ] ::1 /thinkphp/Public/js/Admin/plugins/chart.js
INFO: [ app_init ] --START--
INFO: Run Behavior\BuildLiteBehavior [ RunTime:0.000019s ]
INFO: [ app_init ] --END-- [ RunTime:0.000650s ]
ERR: 无法加载模块:Public

[ 2018-02-02T18:37:01+08:00 ] ::1 /thinkphp/Public/js/Admin/plugins/chart.js
INFO: [ app_init ] --START--
INFO: Run Behavior\BuildLiteBehavior [ RunTime:0.000021s ]
INFO: [ app_init ] --END-- [ RunTime:0.000609s ]
ERR: 无法加载模块:Public

[ 2018-02-02T18:37:01+08:00 ] ::1 /thinkphp/Public/js/Admin/plugins/pace.min.js
INFO: [ app_init ] --START--
INFO: Run Behavior\BuildLiteBehavior [ RunTime:0.000022s ]
INFO: [ app_init ] --END-- [ RunTime:0.001254s ]
ERR: 无法加载模块:Public

[ 2018-02-02T18:37:01+08:00 ] ::1 /thinkphp/Public/js/Admin/plugins/pace.min.js
INFO: [ app_init ] --START--
INFO: Run Behavior\BuildLiteBehavior [ RunTime:0.000013s ]
INFO: [ app_init ] --END-- [ RunTime:0.000409s ]
ERR: 无法加载模块:Public

[ 2018-02-02T18:37:01+08:00 ] ::1 /thinkphp/Public/js/Admin/plugins/chart.js
INFO: [ app_init ] --START--
INFO: Run Behavior\BuildLiteBehavior [ RunTime:0.000013s ]
INFO: [ app_init ] --END-- [ RunTime:0.000397s ]
ERR: 无法加载模块:Public

[ 2018-02-02T18:39:51+08:00 ] ::1 /thinkphp/Public/js/Admin/plugins/pace.min.js
INFO: [ app_init ] --START--
INFO: Run Behavior\BuildLiteBehavior [ RunTime:0.000019s ]
INFO: [ app_init ] --END-- [ RunTime:0.000562s ]
ERR: 无法加载模块:Public

[ 2018-02-02T18:39:51+08:00 ] ::1 /thinkphp/Public/js/Admin/plugins/chart.js
INFO: [ app_init ] --START--
INFO: Run Behavior\BuildLiteBehavior [ RunTime:0.000021s ]
INFO: [ app_init ] --END-- [ RunTime:0.000841s ]
ERR: 无法加载模块:Public

[ 2018-02-02T18:39:51+08:00 ] ::1 /thinkphp/Public/js/Admin/plugins/pace.min.js
INFO: [ app_init ] --START--
INFO: Run Behavior\BuildLiteBehavior [ RunTime:0.000021s ]
INFO: [ app_init ] --END-- [ RunTime:0.000754s ]
ERR: 无法加载模块:Public

[ 2018-02-02T18:39:51+08:00 ] ::1 /thinkphp/Public/js/Admin/plugins/chart.js
INFO: [ app_init ] --START--
INFO: Run Behavior\BuildLiteBehavior [ RunTime:0.000019s ]
INFO: [ app_init ] --END-- [ RunTime:0.000766s ]
ERR: 无法加载模块:Public

[ 2018-02-02T18:46:35+08:00 ] ::1 /thinkphp/Public/js/Admin/plugins/chart.js
INFO: [ app_init ] --START--
INFO: Run Behavior\BuildLiteBehavior [ RunTime:0.000021s ]
INFO: [ app_init ] --END-- [ RunTime:0.000681s ]
ERR: 无法加载模块:Public

[ 2018-02-02T18:46:35+08:00 ] ::1 /thinkphp/Public/js/Admin/plugins/pace.min.js
INFO: [ app_init ] --START--
INFO: Run Behavior\BuildLiteBehavior [ RunTime:0.000031s ]
INFO: [ app_init ] --END-- [ RunTime:0.000658s ]
ERR: 无法加载模块:Public

[ 2018-02-02T18:46:35+08:00 ] ::1 /thinkphp/Public/js/Admin/plugins/chart.js
INFO: [ app_init ] --START--
INFO: Run Behavior\BuildLiteBehavior [ RunTime:0.000019s ]
INFO: [ app_init ] --END-- [ RunTime:0.000689s ]
ERR: 无法加载模块:Public

[ 2018-02-02T18:46:42+08:00 ] ::1 /thinkphp/Public/js/Admin/plugins/chart.js
INFO: [ app_init ] --START--
INFO: Run Behavior\BuildLiteBehavior [ RunTime:0.000018s ]
INFO: [ app_init ] --END-- [ RunTime:0.000594s ]
ERR: 无法加载模块:Public

[ 2018-02-02T18:46:42+08:00 ] ::1 /thinkphp/Public/js/Admin/plugins/pace.min.js
INFO: [ app_init ] --START--
INFO: Run Behavior\BuildLiteBehavior [ RunTime:0.000019s ]
INFO: [ app_init ] --END-- [ RunTime:0.000526s ]
ERR: 无法加载模块:Public

[ 2018-02-02T18:46:44+08:00 ] ::1 /thinkphp/Public/js/Admin/plugins/pace.min.js
INFO: [ app_init ] --START--
INFO: Run Behavior\BuildLiteBehavior [ RunTime:0.000019s ]
INFO: [ app_init ] --END-- [ RunTime:0.000628s ]
ERR: 无法加载模块:Public

[ 2018-02-02T18:46:44+08:00 ] ::1 /thinkphp/Public/js/Admin/plugins/chart.js
INFO: [ app_init ] --START--
INFO: Run Behavior\BuildLiteBehavior [ RunTime:0.000012s ]
INFO: [ app_init ] --END-- [ RunTime:0.000425s ]
ERR: 无法加载模块:Public

[ 2018-02-02T18:46:44+08:00 ] ::1 /thinkphp/Public/js/Admin/plugins/pace.min.js
INFO: [ app_init ] --START--
INFO: Run Behavior\BuildLiteBehavior [ RunTime:0.000013s ]
INFO: [ app_init ] --END-- [ RunTime:0.000447s ]
ERR: 无法加载模块:Public

[ 2018-02-02T18:46:44+08:00 ] ::1 /thinkphp/Public/js/Admin/plugins/chart.js
INFO: [ app_init ] --START--
INFO: Run Behavior\BuildLiteBehavior [ RunTime:0.000016s ]
INFO: [ app_init ] --END-- [ RunTime:0.000584s ]
ERR: 无法加载模块:Public

