[ 2018-04-17T08:06:36+08:00 ] 127.0.0.1 /RobotInstitute/index
INFO: [ app_init ] --START--
INFO: Run Behavior\BuildLiteBehavior [ RunTime:0.000012s ]
INFO: [ app_init ] --END-- [ RunTime:0.000556s ]
INFO: [ app_begin ] --START--
INFO: Run Behavior\ReadHtmlCacheBehavior [ RunTime:0.000722s ]
INFO: [ app_begin ] --END-- [ RunTime:0.000765s ]
NOTIC: [8] A session had already been started - ignoring session_start() D:\phpStudy\WWW\RobotInstitute\ThinkPHP\Common\functions.php 第 1272 行.
SQL: SHOW COLUMNS FROM `robot_institute_overview` [ RunTime:0.0119s ]
SQL: SELECT * FROM `robot_institute_overview`  [ RunTime:0.0003s ]
SQL: SHOW COLUMNS FROM `robot_teaching_work` [ RunTime:0.0129s ]
SQL: SELECT * FROM `robot_teaching_work`  [ RunTime:0.0003s ]
SQL: SHOW COLUMNS FROM `robot_enroll_student` [ RunTime:0.0080s ]
SQL: SELECT * FROM `robot_enroll_student`  [ RunTime:0.0003s ]
SQL: SHOW COLUMNS FROM `robot_institute_show` [ RunTime:0.0224s ]
SQL: SELECT * FROM `robot_institute_show`  [ RunTime:0.0003s ]
SQL: SHOW COLUMNS FROM `robot_learning_resources` [ RunTime:0.0168s ]
SQL: SELECT * FROM `robot_learning_resources`  [ RunTime:0.0003s ]
SQL: SHOW COLUMNS FROM `robot_editable` [ RunTime:0.0323s ]
SQL: SELECT * FROM `robot_editable`  [ RunTime:0.0003s ]
SQL: SHOW COLUMNS FROM `robot_teaching_work` [ RunTime:0.0032s ]
SQL: SELECT `catalog_id`,`catalog`,`catalog_table` FROM `robot_teaching_work` WHERE ( 1=1 AND group_id='1' )  [ RunTime:0.0003s ]
SQL: SHOW COLUMNS FROM `robot_enroll_student` [ RunTime:0.0032s ]
SQL: SELECT `catalog_id`,`catalog`,`catalog_table` FROM `robot_enroll_student` WHERE ( 1=1 AND group_id='1' )  [ RunTime:0.0002s ]
SQL: SHOW COLUMNS FROM `robot_institute_show` [ RunTime:0.0033s ]
SQL: SELECT `catalog_id`,`catalog`,`catalog_table` FROM `robot_institute_show` WHERE ( 1=1 AND group_id='1' )  [ RunTime:0.0002s ]
SQL: SELECT `catalog_id`,`catalog`,`catalog_table` FROM `robot_teaching_work` WHERE ( 1=1 AND group_id='2' )  [ RunTime:0.0002s ]
SQL: SELECT `catalog_id`,`catalog`,`catalog_table` FROM `robot_enroll_student` WHERE ( 1=1 AND group_id='2' )  [ RunTime:0.0002s ]
SQL: SELECT `catalog_id`,`catalog`,`catalog_table` FROM `robot_institute_show` WHERE ( 1=1 AND group_id='2' )  [ RunTime:0.0002s ]
SQL: SELECT `catalog_id`,`catalog`,`catalog_table` FROM `robot_teaching_work` WHERE ( 1=1 AND group_id='3' )  [ RunTime:0.0002s ]
SQL: SELECT `catalog_id`,`catalog`,`catalog_table` FROM `robot_enroll_student` WHERE ( 1=1 AND group_id='3' )  [ RunTime:0.0002s ]
SQL: SELECT `catalog_id`,`catalog`,`catalog_table` FROM `robot_institute_show` WHERE ( 1=1 AND group_id='3' )  [ RunTime:0.0002s ]
NOTIC: [2] Invalid argument supplied for foreach() D:\phpStudy\WWW\RobotInstitute\Robot\Home\Controller\IndexController.class.php 第 135 行.
NOTIC: [2] Invalid argument supplied for foreach() D:\phpStudy\WWW\RobotInstitute\Robot\Home\Controller\IndexController.class.php 第 135 行.
NOTIC: [2] Invalid argument supplied for foreach() D:\phpStudy\WWW\RobotInstitute\Robot\Home\Controller\IndexController.class.php 第 135 行.
NOTIC: [2] Invalid argument supplied for foreach() D:\phpStudy\WWW\RobotInstitute\Robot\Home\Controller\IndexController.class.php 第 135 行.
SQL: SHOW COLUMNS FROM `robot_teaching_work_teaching_development` [ RunTime:0.0181s ]
SQL: SELECT * FROM `robot_teaching_work_teaching_development` ORDER BY date desc  [ RunTime:0.0171s ]
SQL: SHOW COLUMNS FROM `robot_teaching_work_major_introduction` [ RunTime:0.0180s ]
SQL: SELECT * FROM `robot_teaching_work_major_introduction` ORDER BY date desc  [ RunTime:0.0050s ]
SQL: SHOW COLUMNS FROM `robot_teaching_work_subject_research` [ RunTime:0.0039s ]
SQL: SELECT * FROM `robot_teaching_work_subject_research` ORDER BY date desc  [ RunTime:0.0002s ]
NOTIC: [2] Invalid argument supplied for foreach() D:\phpStudy\WWW\RobotInstitute\Robot\Home\Controller\IndexController.class.php 第 135 行.
NOTIC: [2] Invalid argument supplied for foreach() D:\phpStudy\WWW\RobotInstitute\Robot\Home\Controller\IndexController.class.php 第 135 行.
NOTIC: [2] Invalid argument supplied for foreach() D:\phpStudy\WWW\RobotInstitute\Robot\Home\Controller\IndexController.class.php 第 135 行.
NOTIC: [2] Invalid argument supplied for foreach() D:\phpStudy\WWW\RobotInstitute\Robot\Home\Controller\IndexController.class.php 第 135 行.
SQL: SHOW COLUMNS FROM `robot_enroll_student_standard` [ RunTime:0.0289s ]
SQL: SELECT * FROM `robot_enroll_student_standard` ORDER BY date desc  [ RunTime:0.0228s ]
SQL: SHOW COLUMNS FROM `robot_enroll_student_information` [ RunTime:0.0177s ]
SQL: SELECT * FROM `robot_enroll_student_information` ORDER BY date desc  [ RunTime:0.0192s ]
NOTIC: [2] Invalid argument supplied for foreach() D:\phpStudy\WWW\RobotInstitute\Robot\Home\Controller\IndexController.class.php 第 135 行.
NOTIC: [2] Invalid argument supplied for foreach() D:\phpStudy\WWW\RobotInstitute\Robot\Home\Controller\IndexController.class.php 第 135 行.
NOTIC: [2] Invalid argument supplied for foreach() D:\phpStudy\WWW\RobotInstitute\Robot\Home\Controller\IndexController.class.php 第 135 行.
NOTIC: [2] Invalid argument supplied for foreach() D:\phpStudy\WWW\RobotInstitute\Robot\Home\Controller\IndexController.class.php 第 135 行.
SQL: SHOW COLUMNS FROM `robot_institute_show_current_events` [ RunTime:0.0198s ]
SQL: SELECT * FROM `robot_institute_show_current_events` ORDER BY date desc  [ RunTime:0.0183s ]
SQL: SHOW COLUMNS FROM `robot_institute_show_vacation_training` [ RunTime:0.0107s ]
SQL: SELECT * FROM `robot_institute_show_vacation_training` ORDER BY date desc  [ RunTime:0.0100s ]
SQL: SHOW COLUMNS FROM `robot_institute_show_competition_awards` [ RunTime:0.0306s ]
SQL: SELECT * FROM `robot_institute_show_competition_awards` ORDER BY date desc  [ RunTime:0.0008s ]
SQL: SHOW COLUMNS FROM `robot_institute_show_visit` [ RunTime:0.0127s ]
SQL: SELECT * FROM `robot_institute_show_visit` ORDER BY date desc  [ RunTime:0.0110s ]
SQL: SHOW COLUMNS FROM `robot_institute_show_project_design` [ RunTime:0.0186s ]
SQL: SELECT * FROM `robot_institute_show_project_design` ORDER BY date desc  [ RunTime:0.0166s ]
SQL: SHOW COLUMNS FROM `robot_institute_show_subject_competition` [ RunTime:0.0151s ]
SQL: SELECT * FROM `robot_institute_show_subject_competition` ORDER BY date desc  [ RunTime:0.0003s ]
INFO: [ view_parse ] --START--
INFO: [ template_filter ] --START--
INFO: Run Behavior\ContentReplaceBehavior [ RunTime:0.000131s ]
INFO: [ template_filter ] --END-- [ RunTime:0.000173s ]
SQL: SHOW COLUMNS FROM `robot_index` [ RunTime:0.0292s ]
SQL: SELECT * FROM `robot_index` ORDER BY id desc  [ RunTime:0.0003s ]
SQL: SHOW COLUMNS FROM `robot_learning_resources_download` [ RunTime:0.0151s ]
SQL: SELECT * FROM `robot_learning_resources_download` ORDER BY id desc LIMIT 6   [ RunTime:0.0124s ]
SQL: SHOW COLUMNS FROM `robot_institute_honor_album` [ RunTime:0.0169s ]
SQL: SELECT * FROM `robot_institute_honor_album` ORDER BY id desc  [ RunTime:0.0080s ]
INFO: Run Behavior\ParseTemplateBehavior [ RunTime:0.132718s ]
INFO: [ view_parse ] --END-- [ RunTime:0.132758s ]
INFO: [ view_filter ] --START--
INFO: Run Behavior\WriteHtmlCacheBehavior [ RunTime:0.011478s ]
INFO: [ view_filter ] --END-- [ RunTime:0.011525s ]
INFO: [ app_end ] --START--
INFO: Run Behavior\ShowPageTraceBehavior [ RunTime:0.000930s ]
INFO: [ app_end ] --END-- [ RunTime:0.000980s ]

[ 2018-04-17T08:06:52+08:00 ] 127.0.0.1 /RobotInstitute/Public/css/Home/vendors/bootstrap4/bootstrap-grid.min.css.map
INFO: [ app_init ] --START--
INFO: Run Behavior\BuildLiteBehavior [ RunTime:0.000013s ]
INFO: [ app_init ] --END-- [ RunTime:0.000354s ]
INFO: [ app_begin ] --START--
INFO: Run Behavior\ReadHtmlCacheBehavior [ RunTime:0.000589s ]
INFO: [ app_begin ] --END-- [ RunTime:0.000640s ]
ERR: 无法加载控制器:Public

[ 2018-04-17T08:09:27+08:00 ] 127.0.0.1 /RobotInstitute/index
INFO: [ app_init ] --START--
INFO: Run Behavior\BuildLiteBehavior [ RunTime:0.000012s ]
INFO: [ app_init ] --END-- [ RunTime:0.000357s ]
INFO: [ app_begin ] --START--
INFO: Run Behavior\ReadHtmlCacheBehavior [ RunTime:0.000567s ]
INFO: [ app_begin ] --END-- [ RunTime:0.000606s ]
NOTIC: [8] A session had already been started - ignoring session_start() D:\phpStudy\WWW\RobotInstitute\ThinkPHP\Common\functions.php 第 1272 行.
SQL: SHOW COLUMNS FROM `robot_institute_overview` [ RunTime:0.0075s ]
SQL: SELECT * FROM `robot_institute_overview`  [ RunTime:0.0002s ]
SQL: SHOW COLUMNS FROM `robot_teaching_work` [ RunTime:0.0033s ]
SQL: SELECT * FROM `robot_teaching_work`  [ RunTime:0.0002s ]
SQL: SHOW COLUMNS FROM `robot_enroll_student` [ RunTime:0.0035s ]
SQL: SELECT * FROM `robot_enroll_student`  [ RunTime:0.0002s ]
SQL: SHOW COLUMNS FROM `robot_institute_show` [ RunTime:0.0047s ]
SQL: SELECT * FROM `robot_institute_show`  [ RunTime:0.0005s ]
SQL: SHOW COLUMNS FROM `robot_learning_resources` [ RunTime:0.0040s ]
SQL: SELECT * FROM `robot_learning_resources`  [ RunTime:0.0002s ]
SQL: SHOW COLUMNS FROM `robot_editable` [ RunTime:0.0032s ]
SQL: SELECT * FROM `robot_editable`  [ RunTime:0.0002s ]
SQL: SHOW COLUMNS FROM `robot_teaching_work` [ RunTime:0.0031s ]
SQL: SELECT `catalog_id`,`catalog`,`catalog_table` FROM `robot_teaching_work` WHERE ( 1=1 AND group_id='1' )  [ RunTime:0.0005s ]
SQL: SHOW COLUMNS FROM `robot_enroll_student` [ RunTime:0.0036s ]
SQL: SELECT `catalog_id`,`catalog`,`catalog_table` FROM `robot_enroll_student` WHERE ( 1=1 AND group_id='1' )  [ RunTime:0.0002s ]
SQL: SHOW COLUMNS FROM `robot_institute_show` [ RunTime:0.0032s ]
SQL: SELECT `catalog_id`,`catalog`,`catalog_table` FROM `robot_institute_show` WHERE ( 1=1 AND group_id='1' )  [ RunTime:0.0002s ]
SQL: SELECT `catalog_id`,`catalog`,`catalog_table` FROM `robot_teaching_work` WHERE ( 1=1 AND group_id='2' )  [ RunTime:0.0002s ]
SQL: SELECT `catalog_id`,`catalog`,`catalog_table` FROM `robot_enroll_student` WHERE ( 1=1 AND group_id='2' )  [ RunTime:0.0002s ]
SQL: SELECT `catalog_id`,`catalog`,`catalog_table` FROM `robot_institute_show` WHERE ( 1=1 AND group_id='2' )  [ RunTime:0.0002s ]
SQL: SELECT `catalog_id`,`catalog`,`catalog_table` FROM `robot_teaching_work` WHERE ( 1=1 AND group_id='3' )  [ RunTime:0.0001s ]
SQL: SELECT `catalog_id`,`catalog`,`catalog_table` FROM `robot_enroll_student` WHERE ( 1=1 AND group_id='3' )  [ RunTime:0.0001s ]
SQL: SELECT `catalog_id`,`catalog`,`catalog_table` FROM `robot_institute_show` WHERE ( 1=1 AND group_id='3' )  [ RunTime:0.0002s ]
NOTIC: [2] Invalid argument supplied for foreach() D:\phpStudy\WWW\RobotInstitute\Robot\Home\Controller\IndexController.class.php 第 135 行.
NOTIC: [2] Invalid argument supplied for foreach() D:\phpStudy\WWW\RobotInstitute\Robot\Home\Controller\IndexController.class.php 第 135 行.
NOTIC: [2] Invalid argument supplied for foreach() D:\phpStudy\WWW\RobotInstitute\Robot\Home\Controller\IndexController.class.php 第 135 行.
NOTIC: [2] Invalid argument supplied for foreach() D:\phpStudy\WWW\RobotInstitute\Robot\Home\Controller\IndexController.class.php 第 135 行.
SQL: SHOW COLUMNS FROM `robot_teaching_work_teaching_development` [ RunTime:0.0032s ]
SQL: SELECT * FROM `robot_teaching_work_teaching_development` ORDER BY date desc  [ RunTime:0.0003s ]
SQL: SHOW COLUMNS FROM `robot_teaching_work_major_introduction` [ RunTime:0.0051s ]
SQL: SELECT * FROM `robot_teaching_work_major_introduction` ORDER BY date desc  [ RunTime:0.0002s ]
SQL: SHOW COLUMNS FROM `robot_teaching_work_subject_research` [ RunTime:0.0037s ]
SQL: SELECT * FROM `robot_teaching_work_subject_research` ORDER BY date desc  [ RunTime:0.0002s ]
NOTIC: [2] Invalid argument supplied for foreach() D:\phpStudy\WWW\RobotInstitute\Robot\Home\Controller\IndexController.class.php 第 135 行.
NOTIC: [2] Invalid argument supplied for foreach() D:\phpStudy\WWW\RobotInstitute\Robot\Home\Controller\IndexController.class.php 第 135 行.
NOTIC: [2] Invalid argument supplied for foreach() D:\phpStudy\WWW\RobotInstitute\Robot\Home\Controller\IndexController.class.php 第 135 行.
NOTIC: [2] Invalid argument supplied for foreach() D:\phpStudy\WWW\RobotInstitute\Robot\Home\Controller\IndexController.class.php 第 135 行.
SQL: SHOW COLUMNS FROM `robot_enroll_student_standard` [ RunTime:0.0032s ]
SQL: SELECT * FROM `robot_enroll_student_standard` ORDER BY date desc  [ RunTime:0.0003s ]
SQL: SHOW COLUMNS FROM `robot_enroll_student_information` [ RunTime:0.0033s ]
SQL: SELECT * FROM `robot_enroll_student_information` ORDER BY date desc  [ RunTime:0.0006s ]
NOTIC: [2] Invalid argument supplied for foreach() D:\phpStudy\WWW\RobotInstitute\Robot\Home\Controller\IndexController.class.php 第 135 行.
NOTIC: [2] Invalid argument supplied for foreach() D:\phpStudy\WWW\RobotInstitute\Robot\Home\Controller\IndexController.class.php 第 135 行.
NOTIC: [2] Invalid argument supplied for foreach() D:\phpStudy\WWW\RobotInstitute\Robot\Home\Controller\IndexController.class.php 第 135 行.
NOTIC: [2] Invalid argument supplied for foreach() D:\phpStudy\WWW\RobotInstitute\Robot\Home\Controller\IndexController.class.php 第 135 行.
SQL: SHOW COLUMNS FROM `robot_institute_show_current_events` [ RunTime:0.0053s ]
SQL: SELECT * FROM `robot_institute_show_current_events` ORDER BY date desc  [ RunTime:0.0003s ]
SQL: SHOW COLUMNS FROM `robot_institute_show_vacation_training` [ RunTime:0.0033s ]
SQL: SELECT * FROM `robot_institute_show_vacation_training` ORDER BY date desc  [ RunTime:0.0002s ]
SQL: SHOW COLUMNS FROM `robot_institute_show_competition_awards` [ RunTime:0.0031s ]
SQL: SELECT * FROM `robot_institute_show_competition_awards` ORDER BY date desc  [ RunTime:0.0002s ]
SQL: SHOW COLUMNS FROM `robot_institute_show_visit` [ RunTime:0.0034s ]
SQL: SELECT * FROM `robot_institute_show_visit` ORDER BY date desc  [ RunTime:0.0003s ]
SQL: SHOW COLUMNS FROM `robot_institute_show_project_design` [ RunTime:0.0044s ]
SQL: SELECT * FROM `robot_institute_show_project_design` ORDER BY date desc  [ RunTime:0.0002s ]
SQL: SHOW COLUMNS FROM `robot_institute_show_subject_competition` [ RunTime:0.0035s ]
SQL: SELECT * FROM `robot_institute_show_subject_competition` ORDER BY date desc  [ RunTime:0.0002s ]
INFO: [ view_parse ] --START--
INFO: [ template_filter ] --START--
INFO: Run Behavior\ContentReplaceBehavior [ RunTime:0.000237s ]
INFO: [ template_filter ] --END-- [ RunTime:0.000320s ]
SQL: SHOW COLUMNS FROM `robot_index` [ RunTime:0.0036s ]
SQL: SELECT * FROM `robot_index` ORDER BY id desc  [ RunTime:0.0002s ]
SQL: SHOW COLUMNS FROM `robot_learning_resources_download` [ RunTime:0.0035s ]
SQL: SELECT * FROM `robot_learning_resources_download` ORDER BY id desc LIMIT 6   [ RunTime:0.0002s ]
SQL: SHOW COLUMNS FROM `robot_institute_honor_album` [ RunTime:0.0037s ]
SQL: SELECT * FROM `robot_institute_honor_album` ORDER BY id desc  [ RunTime:0.0003s ]
INFO: Run Behavior\ParseTemplateBehavior [ RunTime:0.022907s ]
INFO: [ view_parse ] --END-- [ RunTime:0.022956s ]
INFO: [ view_filter ] --START--
INFO: Run Behavior\WriteHtmlCacheBehavior [ RunTime:0.000725s ]
INFO: [ view_filter ] --END-- [ RunTime:0.000785s ]
INFO: [ app_end ] --START--
INFO: Run Behavior\ShowPageTraceBehavior [ RunTime:0.001202s ]
INFO: [ app_end ] --END-- [ RunTime:0.001281s ]

[ 2018-04-17T08:09:28+08:00 ] 127.0.0.1 /RobotInstitute/Public/css/Home/vendors/bootstrap4/bootstrap-grid.min.css.map
INFO: [ app_init ] --START--
INFO: Run Behavior\BuildLiteBehavior [ RunTime:0.000013s ]
INFO: [ app_init ] --END-- [ RunTime:0.000371s ]
INFO: [ app_begin ] --START--
INFO: Run Behavior\ReadHtmlCacheBehavior [ RunTime:0.000857s ]
INFO: [ app_begin ] --END-- [ RunTime:0.000931s ]
ERR: 无法加载控制器:Public

[ 2018-04-17T08:10:01+08:00 ] ::1 /RobotInstitute/
INFO: [ app_init ] --START--
INFO: Run Behavior\BuildLiteBehavior [ RunTime:0.000049s ]
INFO: [ app_init ] --END-- [ RunTime:0.000479s ]
INFO: [ app_begin ] --START--
INFO: Run Behavior\ReadHtmlCacheBehavior [ RunTime:0.000536s ]
INFO: [ app_begin ] --END-- [ RunTime:0.000600s ]
NOTIC: [8] A session had already been started - ignoring session_start() D:\phpStudy\WWW\RobotInstitute\ThinkPHP\Common\functions.php 第 1272 行.
SQL: SHOW COLUMNS FROM `robot_institute_overview` [ RunTime:0.0042s ]
SQL: SELECT * FROM `robot_institute_overview`  [ RunTime:0.0002s ]
SQL: SHOW COLUMNS FROM `robot_teaching_work` [ RunTime:0.0044s ]
SQL: SELECT * FROM `robot_teaching_work`  [ RunTime:0.0003s ]
SQL: SHOW COLUMNS FROM `robot_enroll_student` [ RunTime:0.0048s ]
SQL: SELECT * FROM `robot_enroll_student`  [ RunTime:0.0003s ]
SQL: SHOW COLUMNS FROM `robot_institute_show` [ RunTime:0.0051s ]
SQL: SELECT * FROM `robot_institute_show`  [ RunTime:0.0004s ]
SQL: SHOW COLUMNS FROM `robot_learning_resources` [ RunTime:0.0049s ]
SQL: SELECT * FROM `robot_learning_resources`  [ RunTime:0.0004s ]
SQL: SHOW COLUMNS FROM `robot_editable` [ RunTime:0.0067s ]
SQL: SELECT * FROM `robot_editable`  [ RunTime:0.0004s ]
SQL: SHOW COLUMNS FROM `robot_teaching_work` [ RunTime:0.0085s ]
SQL: SELECT `catalog_id`,`catalog`,`catalog_table` FROM `robot_teaching_work` WHERE ( 1=1 AND group_id='1' )  [ RunTime:0.0005s ]
SQL: SHOW COLUMNS FROM `robot_enroll_student` [ RunTime:0.0056s ]
SQL: SELECT `catalog_id`,`catalog`,`catalog_table` FROM `robot_enroll_student` WHERE ( 1=1 AND group_id='1' )  [ RunTime:0.0003s ]
SQL: SHOW COLUMNS FROM `robot_institute_show` [ RunTime:0.0048s ]
SQL: SELECT `catalog_id`,`catalog`,`catalog_table` FROM `robot_institute_show` WHERE ( 1=1 AND group_id='1' )  [ RunTime:0.0009s ]
SQL: SELECT `catalog_id`,`catalog`,`catalog_table` FROM `robot_teaching_work` WHERE ( 1=1 AND group_id='2' )  [ RunTime:0.0003s ]
SQL: SELECT `catalog_id`,`catalog`,`catalog_table` FROM `robot_enroll_student` WHERE ( 1=1 AND group_id='2' )  [ RunTime:0.0003s ]
SQL: SELECT `catalog_id`,`catalog`,`catalog_table` FROM `robot_institute_show` WHERE ( 1=1 AND group_id='2' )  [ RunTime:0.0002s ]
SQL: SELECT `catalog_id`,`catalog`,`catalog_table` FROM `robot_teaching_work` WHERE ( 1=1 AND group_id='3' )  [ RunTime:0.0003s ]
SQL: SELECT `catalog_id`,`catalog`,`catalog_table` FROM `robot_enroll_student` WHERE ( 1=1 AND group_id='3' )  [ RunTime:0.0002s ]
SQL: SELECT `catalog_id`,`catalog`,`catalog_table` FROM `robot_institute_show` WHERE ( 1=1 AND group_id='3' )  [ RunTime:0.0002s ]
NOTIC: [2] Invalid argument supplied for foreach() D:\phpStudy\WWW\RobotInstitute\Robot\Home\Controller\IndexController.class.php 第 135 行.
NOTIC: [2] Invalid argument supplied for foreach() D:\phpStudy\WWW\RobotInstitute\Robot\Home\Controller\IndexController.class.php 第 135 行.
NOTIC: [2] Invalid argument supplied for foreach() D:\phpStudy\WWW\RobotInstitute\Robot\Home\Controller\IndexController.class.php 第 135 行.
NOTIC: [2] Invalid argument supplied for foreach() D:\phpStudy\WWW\RobotInstitute\Robot\Home\Controller\IndexController.class.php 第 135 行.
SQL: SHOW COLUMNS FROM `robot_teaching_work_teaching_development` [ RunTime:0.0050s ]
SQL: SELECT * FROM `robot_teaching_work_teaching_development` ORDER BY date desc  [ RunTime:0.0004s ]
SQL: SHOW COLUMNS FROM `robot_teaching_work_major_introduction` [ RunTime:0.0050s ]
SQL: SELECT * FROM `robot_teaching_work_major_introduction` ORDER BY date desc  [ RunTime:0.0002s ]
SQL: SHOW COLUMNS FROM `robot_teaching_work_subject_research` [ RunTime:0.0061s ]
SQL: SELECT * FROM `robot_teaching_work_subject_research` ORDER BY date desc  [ RunTime:0.0005s ]
NOTIC: [2] Invalid argument supplied for foreach() D:\phpStudy\WWW\RobotInstitute\Robot\Home\Controller\IndexController.class.php 第 135 行.
NOTIC: [2] Invalid argument supplied for foreach() D:\phpStudy\WWW\RobotInstitute\Robot\Home\Controller\IndexController.class.php 第 135 行.
NOTIC: [2] Invalid argument supplied for foreach() D:\phpStudy\WWW\RobotInstitute\Robot\Home\Controller\IndexController.class.php 第 135 行.
NOTIC: [2] Invalid argument supplied for foreach() D:\phpStudy\WWW\RobotInstitute\Robot\Home\Controller\IndexController.class.php 第 135 行.
SQL: SHOW COLUMNS FROM `robot_enroll_student_standard` [ RunTime:0.0044s ]
SQL: SELECT * FROM `robot_enroll_student_standard` ORDER BY date desc  [ RunTime:0.0006s ]
SQL: SHOW COLUMNS FROM `robot_enroll_student_information` [ RunTime:0.0072s ]
SQL: SELECT * FROM `robot_enroll_student_information` ORDER BY date desc  [ RunTime:0.0009s ]
NOTIC: [2] Invalid argument supplied for foreach() D:\phpStudy\WWW\RobotInstitute\Robot\Home\Controller\IndexController.class.php 第 135 行.
NOTIC: [2] Invalid argument supplied for foreach() D:\phpStudy\WWW\RobotInstitute\Robot\Home\Controller\IndexController.class.php 第 135 行.
NOTIC: [2] Invalid argument supplied for foreach() D:\phpStudy\WWW\RobotInstitute\Robot\Home\Controller\IndexController.class.php 第 135 行.
NOTIC: [2] Invalid argument supplied for foreach() D:\phpStudy\WWW\RobotInstitute\Robot\Home\Controller\IndexController.class.php 第 135 行.
SQL: SHOW COLUMNS FROM `robot_institute_show_current_events` [ RunTime:0.0059s ]
SQL: SELECT * FROM `robot_institute_show_current_events` ORDER BY date desc  [ RunTime:0.0003s ]
SQL: SHOW COLUMNS FROM `robot_institute_show_vacation_training` [ RunTime:0.0056s ]
SQL: SELECT * FROM `robot_institute_show_vacation_training` ORDER BY date desc  [ RunTime:0.0005s ]
SQL: SHOW COLUMNS FROM `robot_institute_show_competition_awards` [ RunTime:0.0051s ]
SQL: SELECT * FROM `robot_institute_show_competition_awards` ORDER BY date desc  [ RunTime:0.0003s ]
SQL: SHOW COLUMNS FROM `robot_institute_show_visit` [ RunTime:0.0044s ]
SQL: SELECT * FROM `robot_institute_show_visit` ORDER BY date desc  [ RunTime:0.0002s ]
SQL: SHOW COLUMNS FROM `robot_institute_show_project_design` [ RunTime:0.0046s ]
SQL: SELECT * FROM `robot_institute_show_project_design` ORDER BY date desc  [ RunTime:0.0004s ]
SQL: SHOW COLUMNS FROM `robot_institute_show_subject_competition` [ RunTime:0.0050s ]
SQL: SELECT * FROM `robot_institute_show_subject_competition` ORDER BY date desc  [ RunTime:0.0003s ]
INFO: [ view_parse ] --START--
INFO: [ template_filter ] --START--
INFO: Run Behavior\ContentReplaceBehavior [ RunTime:0.000215s ]
INFO: [ template_filter ] --END-- [ RunTime:0.000307s ]
SQL: SHOW COLUMNS FROM `robot_index` [ RunTime:0.0043s ]
SQL: SELECT * FROM `robot_index` ORDER BY id desc  [ RunTime:0.0002s ]
SQL: SHOW COLUMNS FROM `robot_learning_resources_download` [ RunTime:0.0050s ]
SQL: SELECT * FROM `robot_learning_resources_download` ORDER BY id desc LIMIT 6   [ RunTime:0.0003s ]
SQL: SHOW COLUMNS FROM `robot_institute_honor_album` [ RunTime:0.0048s ]
SQL: SELECT * FROM `robot_institute_honor_album` ORDER BY id desc  [ RunTime:0.0003s ]
INFO: Run Behavior\ParseTemplateBehavior [ RunTime:0.034480s ]
INFO: [ view_parse ] --END-- [ RunTime:0.034548s ]
INFO: [ view_filter ] --START--
INFO: Run Behavior\WriteHtmlCacheBehavior [ RunTime:0.000554s ]
INFO: [ view_filter ] --END-- [ RunTime:0.000605s ]
INFO: [ app_end ] --START--
INFO: Run Behavior\ShowPageTraceBehavior [ RunTime:0.000810s ]
INFO: [ app_end ] --END-- [ RunTime:0.000880s ]

[ 2018-04-17T08:49:10+08:00 ] 127.0.0.1 /RobotInstitute/index
INFO: [ app_init ] --START--
INFO: Run Behavior\BuildLiteBehavior [ RunTime:0.000017s ]
INFO: [ app_init ] --END-- [ RunTime:0.000435s ]
INFO: [ app_begin ] --START--
INFO: Run Behavior\ReadHtmlCacheBehavior [ RunTime:0.000681s ]
INFO: [ app_begin ] --END-- [ RunTime:0.000753s ]
NOTIC: [8] A session had already been started - ignoring session_start() D:\phpStudy\WWW\RobotInstitute\ThinkPHP\Common\functions.php 第 1272 行.
SQL: SHOW COLUMNS FROM `robot_institute_overview` [ RunTime:0.0079s ]
SQL: SELECT * FROM `robot_institute_overview`  [ RunTime:0.0003s ]
SQL: SHOW COLUMNS FROM `robot_teaching_work` [ RunTime:0.0061s ]
SQL: SELECT * FROM `robot_teaching_work`  [ RunTime:0.0003s ]
SQL: SHOW COLUMNS FROM `robot_enroll_student` [ RunTime:0.0046s ]
SQL: SELECT * FROM `robot_enroll_student`  [ RunTime:0.0003s ]
SQL: SHOW COLUMNS FROM `robot_institute_show` [ RunTime:0.0051s ]
SQL: SELECT * FROM `robot_institute_show`  [ RunTime:0.0011s ]
SQL: SHOW COLUMNS FROM `robot_learning_resources` [ RunTime:0.0051s ]
SQL: SELECT * FROM `robot_learning_resources`  [ RunTime:0.0003s ]
SQL: SHOW COLUMNS FROM `robot_editable` [ RunTime:0.0046s ]
SQL: SELECT * FROM `robot_editable`  [ RunTime:0.0003s ]
SQL: SHOW COLUMNS FROM `robot_teaching_work` [ RunTime:0.0059s ]
SQL: SELECT `catalog_id`,`catalog`,`catalog_table` FROM `robot_teaching_work` WHERE ( 1=1 AND group_id='1' )  [ RunTime:0.0003s ]
SQL: SHOW COLUMNS FROM `robot_enroll_student` [ RunTime:0.0042s ]
SQL: SELECT `catalog_id`,`catalog`,`catalog_table` FROM `robot_enroll_student` WHERE ( 1=1 AND group_id='1' )  [ RunTime:0.0004s ]
SQL: SHOW COLUMNS FROM `robot_institute_show` [ RunTime:0.0045s ]
SQL: SELECT `catalog_id`,`catalog`,`catalog_table` FROM `robot_institute_show` WHERE ( 1=1 AND group_id='1' )  [ RunTime:0.0003s ]
SQL: SELECT `catalog_id`,`catalog`,`catalog_table` FROM `robot_teaching_work` WHERE ( 1=1 AND group_id='2' )  [ RunTime:0.0002s ]
SQL: SELECT `catalog_id`,`catalog`,`catalog_table` FROM `robot_enroll_student` WHERE ( 1=1 AND group_id='2' )  [ RunTime:0.0003s ]
SQL: SELECT `catalog_id`,`catalog`,`catalog_table` FROM `robot_institute_show` WHERE ( 1=1 AND group_id='2' )  [ RunTime:0.0002s ]
SQL: SELECT `catalog_id`,`catalog`,`catalog_table` FROM `robot_teaching_work` WHERE ( 1=1 AND group_id='3' )  [ RunTime:0.0002s ]
SQL: SELECT `catalog_id`,`catalog`,`catalog_table` FROM `robot_enroll_student` WHERE ( 1=1 AND group_id='3' )  [ RunTime:0.0003s ]
SQL: SELECT `catalog_id`,`catalog`,`catalog_table` FROM `robot_institute_show` WHERE ( 1=1 AND group_id='3' )  [ RunTime:0.0002s ]
NOTIC: [2] Invalid argument supplied for foreach() D:\phpStudy\WWW\RobotInstitute\Robot\Home\Controller\IndexController.class.php 第 135 行.
NOTIC: [2] Invalid argument supplied for foreach() D:\phpStudy\WWW\RobotInstitute\Robot\Home\Controller\IndexController.class.php 第 135 行.
NOTIC: [2] Invalid argument supplied for foreach() D:\phpStudy\WWW\RobotInstitute\Robot\Home\Controller\IndexController.class.php 第 135 行.
NOTIC: [2] Invalid argument supplied for foreach() D:\phpStudy\WWW\RobotInstitute\Robot\Home\Controller\IndexController.class.php 第 135 行.
SQL: SHOW COLUMNS FROM `robot_teaching_work_teaching_development` [ RunTime:0.0053s ]
SQL: SELECT * FROM `robot_teaching_work_teaching_development` ORDER BY date desc  [ RunTime:0.0003s ]
SQL: SHOW COLUMNS FROM `robot_teaching_work_major_introduction` [ RunTime:0.0054s ]
SQL: SELECT * FROM `robot_teaching_work_major_introduction` ORDER BY date desc  [ RunTime:0.0021s ]
SQL: SHOW COLUMNS FROM `robot_teaching_work_subject_research` [ RunTime:0.0082s ]
SQL: SELECT * FROM `robot_teaching_work_subject_research` ORDER BY date desc  [ RunTime:0.0004s ]
NOTIC: [2] Invalid argument supplied for foreach() D:\phpStudy\WWW\RobotInstitute\Robot\Home\Controller\IndexController.class.php 第 135 行.
NOTIC: [2] Invalid argument supplied for foreach() D:\phpStudy\WWW\RobotInstitute\Robot\Home\Controller\IndexController.class.php 第 135 行.
NOTIC: [2] Invalid argument supplied for foreach() D:\phpStudy\WWW\RobotInstitute\Robot\Home\Controller\IndexController.class.php 第 135 行.
NOTIC: [2] Invalid argument supplied for foreach() D:\phpStudy\WWW\RobotInstitute\Robot\Home\Controller\IndexController.class.php 第 135 行.
SQL: SHOW COLUMNS FROM `robot_enroll_student_standard` [ RunTime:0.0052s ]
SQL: SELECT * FROM `robot_enroll_student_standard` ORDER BY date desc  [ RunTime:0.0006s ]
SQL: SHOW COLUMNS FROM `robot_enroll_student_information` [ RunTime:0.0056s ]
SQL: SELECT * FROM `robot_enroll_student_information` ORDER BY date desc  [ RunTime:0.0008s ]
NOTIC: [2] Invalid argument supplied for foreach() D:\phpStudy\WWW\RobotInstitute\Robot\Home\Controller\IndexController.class.php 第 135 行.
NOTIC: [2] Invalid argument supplied for foreach() D:\phpStudy\WWW\RobotInstitute\Robot\Home\Controller\IndexController.class.php 第 135 行.
NOTIC: [2] Invalid argument supplied for foreach() D:\phpStudy\WWW\RobotInstitute\Robot\Home\Controller\IndexController.class.php 第 135 行.
NOTIC: [2] Invalid argument supplied for foreach() D:\phpStudy\WWW\RobotInstitute\Robot\Home\Controller\IndexController.class.php 第 135 行.
SQL: SHOW COLUMNS FROM `robot_institute_show_current_events` [ RunTime:0.0091s ]
SQL: SELECT * FROM `robot_institute_show_current_events` ORDER BY date desc  [ RunTime:0.0007s ]
SQL: SHOW COLUMNS FROM `robot_institute_show_vacation_training` [ RunTime:0.0111s ]
SQL: SELECT * FROM `robot_institute_show_vacation_training` ORDER BY date desc  [ RunTime:0.0003s ]
SQL: SHOW COLUMNS FROM `robot_institute_show_competition_awards` [ RunTime:0.0064s ]
SQL: SELECT * FROM `robot_institute_show_competition_awards` ORDER BY date desc  [ RunTime:0.0011s ]
SQL: SHOW COLUMNS FROM `robot_institute_show_visit` [ RunTime:0.0069s ]
SQL: SELECT * FROM `robot_institute_show_visit` ORDER BY date desc  [ RunTime:0.0003s ]
SQL: SHOW COLUMNS FROM `robot_institute_show_project_design` [ RunTime:0.0067s ]
SQL: SELECT * FROM `robot_institute_show_project_design` ORDER BY date desc  [ RunTime:0.0004s ]
SQL: SHOW COLUMNS FROM `robot_institute_show_subject_competition` [ RunTime:0.0050s ]
SQL: SELECT * FROM `robot_institute_show_subject_competition` ORDER BY date desc  [ RunTime:0.0002s ]
INFO: [ view_parse ] --START--
INFO: [ template_filter ] --START--
INFO: Run Behavior\ContentReplaceBehavior [ RunTime:0.000295s ]
INFO: [ template_filter ] --END-- [ RunTime:0.000535s ]
SQL: SHOW COLUMNS FROM `robot_index` [ RunTime:0.0072s ]
SQL: SELECT * FROM `robot_index` ORDER BY id desc  [ RunTime:0.0003s ]
SQL: SHOW COLUMNS FROM `robot_learning_resources_download` [ RunTime:0.0077s ]
SQL: SELECT * FROM `robot_learning_resources_download` ORDER BY id desc LIMIT 6   [ RunTime:0.0003s ]
SQL: SHOW COLUMNS FROM `robot_institute_honor_album` [ RunTime:0.0046s ]
SQL: SELECT * FROM `robot_institute_honor_album` ORDER BY id desc  [ RunTime:0.0003s ]
INFO: Run Behavior\ParseTemplateBehavior [ RunTime:0.039561s ]
INFO: [ view_parse ] --END-- [ RunTime:0.039609s ]
INFO: [ view_filter ] --START--
INFO: Run Behavior\WriteHtmlCacheBehavior [ RunTime:0.000443s ]
INFO: [ view_filter ] --END-- [ RunTime:0.000491s ]
INFO: [ app_end ] --START--
INFO: Run Behavior\ShowPageTraceBehavior [ RunTime:0.000755s ]
INFO: [ app_end ] --END-- [ RunTime:0.000824s ]

[ 2018-04-17T08:55:30+08:00 ] ::1 /RobotInstitute/
INFO: [ app_init ] --START--
INFO: Run Behavior\BuildLiteBehavior [ RunTime:0.000013s ]
INFO: [ app_init ] --END-- [ RunTime:0.000363s ]
INFO: [ app_begin ] --START--
INFO: Run Behavior\ReadHtmlCacheBehavior [ RunTime:0.000567s ]
INFO: [ app_begin ] --END-- [ RunTime:0.000612s ]
NOTIC: [8] A session had already been started - ignoring session_start() D:\phpStudy\WWW\RobotInstitute\ThinkPHP\Common\functions.php 第 1272 行.
SQL: SHOW COLUMNS FROM `robot_institute_overview` [ RunTime:0.0050s ]
SQL: SELECT * FROM `robot_institute_overview`  [ RunTime:0.0003s ]
SQL: SHOW COLUMNS FROM `robot_teaching_work` [ RunTime:0.0040s ]
SQL: SELECT * FROM `robot_teaching_work`  [ RunTime:0.0003s ]
SQL: SHOW COLUMNS FROM `robot_enroll_student` [ RunTime:0.0040s ]
SQL: SELECT * FROM `robot_enroll_student`  [ RunTime:0.0003s ]
SQL: SHOW COLUMNS FROM `robot_institute_show` [ RunTime:0.0056s ]
SQL: SELECT * FROM `robot_institute_show`  [ RunTime:0.0003s ]
SQL: SHOW COLUMNS FROM `robot_learning_resources` [ RunTime:0.0039s ]
SQL: SELECT * FROM `robot_learning_resources`  [ RunTime:0.0003s ]
SQL: SHOW COLUMNS FROM `robot_editable` [ RunTime:0.0034s ]
SQL: SELECT * FROM `robot_editable`  [ RunTime:0.0003s ]
SQL: SHOW COLUMNS FROM `robot_teaching_work` [ RunTime:0.0047s ]
SQL: SELECT `catalog_id`,`catalog`,`catalog_table` FROM `robot_teaching_work` WHERE ( 1=1 AND group_id='1' )  [ RunTime:0.0003s ]
SQL: SHOW COLUMNS FROM `robot_enroll_student` [ RunTime:0.0035s ]
SQL: SELECT `catalog_id`,`catalog`,`catalog_table` FROM `robot_enroll_student` WHERE ( 1=1 AND group_id='1' )  [ RunTime:0.0002s ]
SQL: SHOW COLUMNS FROM `robot_institute_show` [ RunTime:0.0035s ]
SQL: SELECT `catalog_id`,`catalog`,`catalog_table` FROM `robot_institute_show` WHERE ( 1=1 AND group_id='1' )  [ RunTime:0.0003s ]
SQL: SELECT `catalog_id`,`catalog`,`catalog_table` FROM `robot_teaching_work` WHERE ( 1=1 AND group_id='2' )  [ RunTime:0.0003s ]
SQL: SELECT `catalog_id`,`catalog`,`catalog_table` FROM `robot_enroll_student` WHERE ( 1=1 AND group_id='2' )  [ RunTime:0.0002s ]
SQL: SELECT `catalog_id`,`catalog`,`catalog_table` FROM `robot_institute_show` WHERE ( 1=1 AND group_id='2' )  [ RunTime:0.0002s ]
SQL: SELECT `catalog_id`,`catalog`,`catalog_table` FROM `robot_teaching_work` WHERE ( 1=1 AND group_id='3' )  [ RunTime:0.0002s ]
SQL: SELECT `catalog_id`,`catalog`,`catalog_table` FROM `robot_enroll_student` WHERE ( 1=1 AND group_id='3' )  [ RunTime:0.0002s ]
SQL: SELECT `catalog_id`,`catalog`,`catalog_table` FROM `robot_institute_show` WHERE ( 1=1 AND group_id='3' )  [ RunTime:0.0002s ]
NOTIC: [2] Invalid argument supplied for foreach() D:\phpStudy\WWW\RobotInstitute\Robot\Home\Controller\IndexController.class.php 第 135 行.
NOTIC: [2] Invalid argument supplied for foreach() D:\phpStudy\WWW\RobotInstitute\Robot\Home\Controller\IndexController.class.php 第 135 行.
NOTIC: [2] Invalid argument supplied for foreach() D:\phpStudy\WWW\RobotInstitute\Robot\Home\Controller\IndexController.class.php 第 135 行.
NOTIC: [2] Invalid argument supplied for foreach() D:\phpStudy\WWW\RobotInstitute\Robot\Home\Controller\IndexController.class.php 第 135 行.
SQL: SHOW COLUMNS FROM `robot_teaching_work_teaching_development` [ RunTime:0.0051s ]
SQL: SELECT * FROM `robot_teaching_work_teaching_development` ORDER BY date desc  [ RunTime:0.0003s ]
SQL: SHOW COLUMNS FROM `robot_teaching_work_major_introduction` [ RunTime:0.0042s ]
SQL: SELECT * FROM `robot_teaching_work_major_introduction` ORDER BY date desc  [ RunTime:0.0002s ]
SQL: SHOW COLUMNS FROM `robot_teaching_work_subject_research` [ RunTime:0.0034s ]
SQL: SELECT * FROM `robot_teaching_work_subject_research` ORDER BY date desc  [ RunTime:0.0002s ]
NOTIC: [2] Invalid argument supplied for foreach() D:\phpStudy\WWW\RobotInstitute\Robot\Home\Controller\IndexController.class.php 第 135 行.
NOTIC: [2] Invalid argument supplied for foreach() D:\phpStudy\WWW\RobotInstitute\Robot\Home\Controller\IndexController.class.php 第 135 行.
NOTIC: [2] Invalid argument supplied for foreach() D:\phpStudy\WWW\RobotInstitute\Robot\Home\Controller\IndexController.class.php 第 135 行.
NOTIC: [2] Invalid argument supplied for foreach() D:\phpStudy\WWW\RobotInstitute\Robot\Home\Controller\IndexController.class.php 第 135 行.
SQL: SHOW COLUMNS FROM `robot_enroll_student_standard` [ RunTime:0.0039s ]
SQL: SELECT * FROM `robot_enroll_student_standard` ORDER BY date desc  [ RunTime:0.0007s ]
SQL: SHOW COLUMNS FROM `robot_enroll_student_information` [ RunTime:0.0045s ]
SQL: SELECT * FROM `robot_enroll_student_information` ORDER BY date desc  [ RunTime:0.0007s ]
NOTIC: [2] Invalid argument supplied for foreach() D:\phpStudy\WWW\RobotInstitute\Robot\Home\Controller\IndexController.class.php 第 135 行.
NOTIC: [2] Invalid argument supplied for foreach() D:\phpStudy\WWW\RobotInstitute\Robot\Home\Controller\IndexController.class.php 第 135 行.
NOTIC: [2] Invalid argument supplied for foreach() D:\phpStudy\WWW\RobotInstitute\Robot\Home\Controller\IndexController.class.php 第 135 行.
NOTIC: [2] Invalid argument supplied for foreach() D:\phpStudy\WWW\RobotInstitute\Robot\Home\Controller\IndexController.class.php 第 135 行.
SQL: SHOW COLUMNS FROM `robot_institute_show_current_events` [ RunTime:0.0044s ]
SQL: SELECT * FROM `robot_institute_show_current_events` ORDER BY date desc  [ RunTime:0.0002s ]
SQL: SHOW COLUMNS FROM `robot_institute_show_vacation_training` [ RunTime:0.0042s ]
SQL: SELECT * FROM `robot_institute_show_vacation_training` ORDER BY date desc  [ RunTime:0.0003s ]
SQL: SHOW COLUMNS FROM `robot_institute_show_competition_awards` [ RunTime:0.0042s ]
SQL: SELECT * FROM `robot_institute_show_competition_awards` ORDER BY date desc  [ RunTime:0.0002s ]
SQL: SHOW COLUMNS FROM `robot_institute_show_visit` [ RunTime:0.0030s ]
SQL: SELECT * FROM `robot_institute_show_visit` ORDER BY date desc  [ RunTime:0.0002s ]
SQL: SHOW COLUMNS FROM `robot_institute_show_project_design` [ RunTime:0.0030s ]
SQL: SELECT * FROM `robot_institute_show_project_design` ORDER BY date desc  [ RunTime:0.0002s ]
SQL: SHOW COLUMNS FROM `robot_institute_show_subject_competition` [ RunTime:0.0030s ]
SQL: SELECT * FROM `robot_institute_show_subject_competition` ORDER BY date desc  [ RunTime:0.0002s ]
INFO: [ view_parse ] --START--
INFO: [ template_filter ] --START--
INFO: Run Behavior\ContentReplaceBehavior [ RunTime:0.000140s ]
INFO: [ template_filter ] --END-- [ RunTime:0.000186s ]
SQL: SHOW COLUMNS FROM `robot_index` [ RunTime:0.0034s ]
SQL: SELECT * FROM `robot_index` ORDER BY id desc  [ RunTime:0.0002s ]
SQL: SHOW COLUMNS FROM `robot_learning_resources_download` [ RunTime:0.0035s ]
SQL: SELECT * FROM `robot_learning_resources_download` ORDER BY id desc LIMIT 6   [ RunTime:0.0003s ]
SQL: SHOW COLUMNS FROM `robot_institute_honor_album` [ RunTime:0.0034s ]
SQL: SELECT * FROM `robot_institute_honor_album` ORDER BY id desc  [ RunTime:0.0002s ]
INFO: Run Behavior\ParseTemplateBehavior [ RunTime:0.022793s ]
INFO: [ view_parse ] --END-- [ RunTime:0.022831s ]
INFO: [ view_filter ] --START--
INFO: Run Behavior\WriteHtmlCacheBehavior [ RunTime:0.000399s ]
INFO: [ view_filter ] --END-- [ RunTime:0.000432s ]
INFO: [ app_end ] --START--
INFO: Run Behavior\ShowPageTraceBehavior [ RunTime:0.000777s ]
INFO: [ app_end ] --END-- [ RunTime:0.000836s ]

[ 2018-04-17T08:58:52+08:00 ] 127.0.0.1 /RobotInstitute/index
INFO: [ app_init ] --START--
INFO: Run Behavior\BuildLiteBehavior [ RunTime:0.000012s ]
INFO: [ app_init ] --END-- [ RunTime:0.000363s ]
INFO: [ app_begin ] --START--
INFO: Run Behavior\ReadHtmlCacheBehavior [ RunTime:0.000412s ]
INFO: [ app_begin ] --END-- [ RunTime:0.000451s ]
NOTIC: [8] A session had already been started - ignoring session_start() D:\phpStudy\WWW\RobotInstitute\ThinkPHP\Common\functions.php 第 1272 行.
SQL: SHOW COLUMNS FROM `robot_institute_overview` [ RunTime:0.0038s ]
SQL: SELECT * FROM `robot_institute_overview`  [ RunTime:0.0002s ]
SQL: SHOW COLUMNS FROM `robot_teaching_work` [ RunTime:0.0036s ]
SQL: SELECT * FROM `robot_teaching_work`  [ RunTime:0.0002s ]
SQL: SHOW COLUMNS FROM `robot_enroll_student` [ RunTime:0.0033s ]
SQL: SELECT * FROM `robot_enroll_student`  [ RunTime:0.0002s ]
SQL: SHOW COLUMNS FROM `robot_institute_show` [ RunTime:0.0033s ]
SQL: SELECT * FROM `robot_institute_show`  [ RunTime:0.0002s ]
SQL: SHOW COLUMNS FROM `robot_learning_resources` [ RunTime:0.0036s ]
SQL: SELECT * FROM `robot_learning_resources`  [ RunTime:0.0003s ]
SQL: SHOW COLUMNS FROM `robot_editable` [ RunTime:0.0036s ]
SQL: SELECT * FROM `robot_editable`  [ RunTime:0.0002s ]
SQL: SHOW COLUMNS FROM `robot_teaching_work` [ RunTime:0.0032s ]
SQL: SELECT `catalog_id`,`catalog`,`catalog_table` FROM `robot_teaching_work` WHERE ( 1=1 AND group_id='1' )  [ RunTime:0.0003s ]
SQL: SHOW COLUMNS FROM `robot_enroll_student` [ RunTime:0.0032s ]
SQL: SELECT `catalog_id`,`catalog`,`catalog_table` FROM `robot_enroll_student` WHERE ( 1=1 AND group_id='1' )  [ RunTime:0.0003s ]
SQL: SHOW COLUMNS FROM `robot_institute_show` [ RunTime:0.0040s ]
SQL: SELECT `catalog_id`,`catalog`,`catalog_table` FROM `robot_institute_show` WHERE ( 1=1 AND group_id='1' )  [ RunTime:0.0003s ]
SQL: SELECT `catalog_id`,`catalog`,`catalog_table` FROM `robot_teaching_work` WHERE ( 1=1 AND group_id='2' )  [ RunTime:0.0002s ]
SQL: SELECT `catalog_id`,`catalog`,`catalog_table` FROM `robot_enroll_student` WHERE ( 1=1 AND group_id='2' )  [ RunTime:0.0002s ]
SQL: SELECT `catalog_id`,`catalog`,`catalog_table` FROM `robot_institute_show` WHERE ( 1=1 AND group_id='2' )  [ RunTime:0.0002s ]
SQL: SELECT `catalog_id`,`catalog`,`catalog_table` FROM `robot_teaching_work` WHERE ( 1=1 AND group_id='3' )  [ RunTime:0.0002s ]
SQL: SELECT `catalog_id`,`catalog`,`catalog_table` FROM `robot_enroll_student` WHERE ( 1=1 AND group_id='3' )  [ RunTime:0.0002s ]
SQL: SELECT `catalog_id`,`catalog`,`catalog_table` FROM `robot_institute_show` WHERE ( 1=1 AND group_id='3' )  [ RunTime:0.0002s ]
NOTIC: [2] Invalid argument supplied for foreach() D:\phpStudy\WWW\RobotInstitute\Robot\Home\Controller\IndexController.class.php 第 135 行.
NOTIC: [2] Invalid argument supplied for foreach() D:\phpStudy\WWW\RobotInstitute\Robot\Home\Controller\IndexController.class.php 第 135 行.
NOTIC: [2] Invalid argument supplied for foreach() D:\phpStudy\WWW\RobotInstitute\Robot\Home\Controller\IndexController.class.php 第 135 行.
NOTIC: [2] Invalid argument supplied for foreach() D:\phpStudy\WWW\RobotInstitute\Robot\Home\Controller\IndexController.class.php 第 135 行.
SQL: SHOW COLUMNS FROM `robot_teaching_work_teaching_development` [ RunTime:0.0035s ]
SQL: SELECT * FROM `robot_teaching_work_teaching_development` ORDER BY date desc  [ RunTime:0.0003s ]
SQL: SHOW COLUMNS FROM `robot_teaching_work_major_introduction` [ RunTime:0.0034s ]
SQL: SELECT * FROM `robot_teaching_work_major_introduction` ORDER BY date desc  [ RunTime:0.0002s ]
SQL: SHOW COLUMNS FROM `robot_teaching_work_subject_research` [ RunTime:0.0041s ]
SQL: SELECT * FROM `robot_teaching_work_subject_research` ORDER BY date desc  [ RunTime:0.0003s ]
NOTIC: [2] Invalid argument supplied for foreach() D:\phpStudy\WWW\RobotInstitute\Robot\Home\Controller\IndexController.class.php 第 135 行.
NOTIC: [2] Invalid argument supplied for foreach() D:\phpStudy\WWW\RobotInstitute\Robot\Home\Controller\IndexController.class.php 第 135 行.
NOTIC: [2] Invalid argument supplied for foreach() D:\phpStudy\WWW\RobotInstitute\Robot\Home\Controller\IndexController.class.php 第 135 行.
NOTIC: [2] Invalid argument supplied for foreach() D:\phpStudy\WWW\RobotInstitute\Robot\Home\Controller\IndexController.class.php 第 135 行.
SQL: SHOW COLUMNS FROM `robot_enroll_student_standard` [ RunTime:0.0037s ]
SQL: SELECT * FROM `robot_enroll_student_standard` ORDER BY date desc  [ RunTime:0.0004s ]
SQL: SHOW COLUMNS FROM `robot_enroll_student_information` [ RunTime:0.0035s ]
SQL: SELECT * FROM `robot_enroll_student_information` ORDER BY date desc  [ RunTime:0.0006s ]
NOTIC: [2] Invalid argument supplied for foreach() D:\phpStudy\WWW\RobotInstitute\Robot\Home\Controller\IndexController.class.php 第 135 行.
NOTIC: [2] Invalid argument supplied for foreach() D:\phpStudy\WWW\RobotInstitute\Robot\Home\Controller\IndexController.class.php 第 135 行.
NOTIC: [2] Invalid argument supplied for foreach() D:\phpStudy\WWW\RobotInstitute\Robot\Home\Controller\IndexController.class.php 第 135 行.
NOTIC: [2] Invalid argument supplied for foreach() D:\phpStudy\WWW\RobotInstitute\Robot\Home\Controller\IndexController.class.php 第 135 行.
SQL: SHOW COLUMNS FROM `robot_institute_show_current_events` [ RunTime:0.0035s ]
SQL: SELECT * FROM `robot_institute_show_current_events` ORDER BY date desc  [ RunTime:0.0003s ]
SQL: SHOW COLUMNS FROM `robot_institute_show_vacation_training` [ RunTime:0.0044s ]
SQL: SELECT * FROM `robot_institute_show_vacation_training` ORDER BY date desc  [ RunTime:0.0003s ]
SQL: SHOW COLUMNS FROM `robot_institute_show_competition_awards` [ RunTime:0.0035s ]
SQL: SELECT * FROM `robot_institute_show_competition_awards` ORDER BY date desc  [ RunTime:0.0002s ]
SQL: SHOW COLUMNS FROM `robot_institute_show_visit` [ RunTime:0.0033s ]
SQL: SELECT * FROM `robot_institute_show_visit` ORDER BY date desc  [ RunTime:0.0002s ]
SQL: SHOW COLUMNS FROM `robot_institute_show_project_design` [ RunTime:0.0033s ]
SQL: SELECT * FROM `robot_institute_show_project_design` ORDER BY date desc  [ RunTime:0.0002s ]
SQL: SHOW COLUMNS FROM `robot_institute_show_subject_competition` [ RunTime:0.0042s ]
SQL: SELECT * FROM `robot_institute_show_subject_competition` ORDER BY date desc  [ RunTime:0.0002s ]
INFO: [ view_parse ] --START--
INFO: [ template_filter ] --START--
INFO: Run Behavior\ContentReplaceBehavior [ RunTime:0.000130s ]
INFO: [ template_filter ] --END-- [ RunTime:0.000171s ]
SQL: SHOW COLUMNS FROM `robot_index` [ RunTime:0.0037s ]
SQL: SELECT * FROM `robot_index` ORDER BY id desc  [ RunTime:0.0002s ]
SQL: SHOW COLUMNS FROM `robot_learning_resources_download` [ RunTime:0.0044s ]
SQL: SELECT * FROM `robot_learning_resources_download` ORDER BY id desc LIMIT 6   [ RunTime:0.0003s ]
SQL: SHOW COLUMNS FROM `robot_institute_honor_album` [ RunTime:0.0035s ]
SQL: SELECT * FROM `robot_institute_honor_album` ORDER BY id desc  [ RunTime:0.0003s ]
INFO: Run Behavior\ParseTemplateBehavior [ RunTime:0.022113s ]
INFO: [ view_parse ] --END-- [ RunTime:0.022174s ]
INFO: [ view_filter ] --START--
INFO: Run Behavior\WriteHtmlCacheBehavior [ RunTime:0.000343s ]
INFO: [ view_filter ] --END-- [ RunTime:0.000389s ]
INFO: [ app_end ] --START--
INFO: Run Behavior\ShowPageTraceBehavior [ RunTime:0.000994s ]
INFO: [ app_end ] --END-- [ RunTime:0.001054s ]

[ 2018-04-17T08:58:56+08:00 ] 127.0.0.1 /RobotInstitute/login_admin
INFO: [ app_init ] --START--
INFO: Run Behavior\BuildLiteBehavior [ RunTime:0.000012s ]
INFO: [ app_init ] --END-- [ RunTime:0.000302s ]
INFO: [ app_begin ] --START--
INFO: Run Behavior\ReadHtmlCacheBehavior [ RunTime:0.000420s ]
INFO: [ app_begin ] --END-- [ RunTime:0.000460s ]

[ 2018-04-17T10:27:43+08:00 ] ::1 /RobotInstitute/
INFO: [ app_init ] --START--
INFO: Run Behavior\BuildLiteBehavior [ RunTime:0.000031s ]
INFO: [ app_init ] --END-- [ RunTime:0.000619s ]
INFO: [ app_begin ] --START--
INFO: Run Behavior\ReadHtmlCacheBehavior [ RunTime:0.000742s ]
INFO: [ app_begin ] --END-- [ RunTime:0.000812s ]
NOTIC: [8] A session had already been started - ignoring session_start() D:\phpStudy\WWW\RobotInstitute\ThinkPHP\Common\functions.php 第 1272 行.
SQL: SHOW COLUMNS FROM `robot_institute_overview` [ RunTime:0.0094s ]
SQL: SELECT * FROM `robot_institute_overview`  [ RunTime:0.0003s ]
SQL: SHOW COLUMNS FROM `robot_teaching_work` [ RunTime:0.0042s ]
SQL: SELECT * FROM `robot_teaching_work`  [ RunTime:0.0004s ]
SQL: SHOW COLUMNS FROM `robot_enroll_student` [ RunTime:0.0038s ]
SQL: SELECT * FROM `robot_enroll_student`  [ RunTime:0.0003s ]
SQL: SHOW COLUMNS FROM `robot_institute_show` [ RunTime:0.0039s ]
SQL: SELECT * FROM `robot_institute_show`  [ RunTime:0.0003s ]
SQL: SHOW COLUMNS FROM `robot_learning_resources` [ RunTime:0.0041s ]
SQL: SELECT * FROM `robot_learning_resources`  [ RunTime:0.0003s ]
SQL: SHOW COLUMNS FROM `robot_editable` [ RunTime:0.0051s ]
SQL: SELECT * FROM `robot_editable`  [ RunTime:0.0003s ]
SQL: SHOW COLUMNS FROM `robot_teaching_work` [ RunTime:0.0043s ]
SQL: SELECT `catalog_id`,`catalog`,`catalog_table` FROM `robot_teaching_work` WHERE ( 1=1 AND group_id='1' )  [ RunTime:0.0002s ]
SQL: SHOW COLUMNS FROM `robot_enroll_student` [ RunTime:0.0036s ]
SQL: SELECT `catalog_id`,`catalog`,`catalog_table` FROM `robot_enroll_student` WHERE ( 1=1 AND group_id='1' )  [ RunTime:0.0006s ]
SQL: SHOW COLUMNS FROM `robot_institute_show` [ RunTime:0.0046s ]
SQL: SELECT `catalog_id`,`catalog`,`catalog_table` FROM `robot_institute_show` WHERE ( 1=1 AND group_id='1' )  [ RunTime:0.0003s ]
SQL: SELECT `catalog_id`,`catalog`,`catalog_table` FROM `robot_teaching_work` WHERE ( 1=1 AND group_id='2' )  [ RunTime:0.0002s ]
SQL: SELECT `catalog_id`,`catalog`,`catalog_table` FROM `robot_enroll_student` WHERE ( 1=1 AND group_id='2' )  [ RunTime:0.0002s ]
SQL: SELECT `catalog_id`,`catalog`,`catalog_table` FROM `robot_institute_show` WHERE ( 1=1 AND group_id='2' )  [ RunTime:0.0002s ]
SQL: SELECT `catalog_id`,`catalog`,`catalog_table` FROM `robot_teaching_work` WHERE ( 1=1 AND group_id='3' )  [ RunTime:0.0002s ]
SQL: SELECT `catalog_id`,`catalog`,`catalog_table` FROM `robot_enroll_student` WHERE ( 1=1 AND group_id='3' )  [ RunTime:0.0002s ]
SQL: SELECT `catalog_id`,`catalog`,`catalog_table` FROM `robot_institute_show` WHERE ( 1=1 AND group_id='3' )  [ RunTime:0.0002s ]
NOTIC: [2] Invalid argument supplied for foreach() D:\phpStudy\WWW\RobotInstitute\Robot\Home\Controller\IndexController.class.php 第 135 行.
NOTIC: [2] Invalid argument supplied for foreach() D:\phpStudy\WWW\RobotInstitute\Robot\Home\Controller\IndexController.class.php 第 135 行.
NOTIC: [2] Invalid argument supplied for foreach() D:\phpStudy\WWW\RobotInstitute\Robot\Home\Controller\IndexController.class.php 第 135 行.
NOTIC: [2] Invalid argument supplied for foreach() D:\phpStudy\WWW\RobotInstitute\Robot\Home\Controller\IndexController.class.php 第 135 行.
SQL: SHOW COLUMNS FROM `robot_teaching_work_teaching_development` [ RunTime:0.0045s ]
SQL: SELECT * FROM `robot_teaching_work_teaching_development` ORDER BY date desc  [ RunTime:0.0003s ]
SQL: SHOW COLUMNS FROM `robot_teaching_work_major_introduction` [ RunTime:0.0054s ]
SQL: SELECT * FROM `robot_teaching_work_major_introduction` ORDER BY date desc  [ RunTime:0.0003s ]
SQL: SHOW COLUMNS FROM `robot_teaching_work_subject_research` [ RunTime:0.0038s ]
SQL: SELECT * FROM `robot_teaching_work_subject_research` ORDER BY date desc  [ RunTime:0.0002s ]
NOTIC: [2] Invalid argument supplied for foreach() D:\phpStudy\WWW\RobotInstitute\Robot\Home\Controller\IndexController.class.php 第 135 行.
NOTIC: [2] Invalid argument supplied for foreach() D:\phpStudy\WWW\RobotInstitute\Robot\Home\Controller\IndexController.class.php 第 135 行.
NOTIC: [2] Invalid argument supplied for foreach() D:\phpStudy\WWW\RobotInstitute\Robot\Home\Controller\IndexController.class.php 第 135 行.
NOTIC: [2] Invalid argument supplied for foreach() D:\phpStudy\WWW\RobotInstitute\Robot\Home\Controller\IndexController.class.php 第 135 行.
SQL: SHOW COLUMNS FROM `robot_enroll_student_standard` [ RunTime:0.0036s ]
SQL: SELECT * FROM `robot_enroll_student_standard` ORDER BY date desc  [ RunTime:0.0006s ]
SQL: SHOW COLUMNS FROM `robot_enroll_student_information` [ RunTime:0.0034s ]
SQL: SELECT * FROM `robot_enroll_student_information` ORDER BY date desc  [ RunTime:0.0014s ]
NOTIC: [2] Invalid argument supplied for foreach() D:\phpStudy\WWW\RobotInstitute\Robot\Home\Controller\IndexController.class.php 第 135 行.
NOTIC: [2] Invalid argument supplied for foreach() D:\phpStudy\WWW\RobotInstitute\Robot\Home\Controller\IndexController.class.php 第 135 行.
NOTIC: [2] Invalid argument supplied for foreach() D:\phpStudy\WWW\RobotInstitute\Robot\Home\Controller\IndexController.class.php 第 135 行.
NOTIC: [2] Invalid argument supplied for foreach() D:\phpStudy\WWW\RobotInstitute\Robot\Home\Controller\IndexController.class.php 第 135 行.
SQL: SHOW COLUMNS FROM `robot_institute_show_current_events` [ RunTime:0.0039s ]
SQL: SELECT * FROM `robot_institute_show_current_events` ORDER BY date desc  [ RunTime:0.0003s ]
SQL: SHOW COLUMNS FROM `robot_institute_show_vacation_training` [ RunTime:0.0036s ]
SQL: SELECT * FROM `robot_institute_show_vacation_training` ORDER BY date desc  [ RunTime:0.0002s ]
SQL: SHOW COLUMNS FROM `robot_institute_show_competition_awards` [ RunTime:0.0035s ]
SQL: SELECT * FROM `robot_institute_show_competition_awards` ORDER BY date desc  [ RunTime:0.0002s ]
SQL: SHOW COLUMNS FROM `robot_institute_show_visit` [ RunTime:0.0040s ]
SQL: SELECT * FROM `robot_institute_show_visit` ORDER BY date desc  [ RunTime:0.0003s ]
SQL: SHOW COLUMNS FROM `robot_institute_show_project_design` [ RunTime:0.0039s ]
SQL: SELECT * FROM `robot_institute_show_project_design` ORDER BY date desc  [ RunTime:0.0002s ]
SQL: SHOW COLUMNS FROM `robot_institute_show_subject_competition` [ RunTime:0.0035s ]
SQL: SELECT * FROM `robot_institute_show_subject_competition` ORDER BY date desc  [ RunTime:0.0002s ]
INFO: [ view_parse ] --START--
INFO: [ template_filter ] --START--
INFO: Run Behavior\ContentReplaceBehavior [ RunTime:0.000318s ]
INFO: [ template_filter ] --END-- [ RunTime:0.000406s ]
SQL: SHOW COLUMNS FROM `robot_index` [ RunTime:0.0040s ]
SQL: SELECT * FROM `robot_index` ORDER BY id desc  [ RunTime:0.0002s ]
SQL: SHOW COLUMNS FROM `robot_learning_resources_download` [ RunTime:0.0039s ]
SQL: SELECT * FROM `robot_learning_resources_download` ORDER BY id desc LIMIT 6   [ RunTime:0.0002s ]
SQL: SHOW COLUMNS FROM `robot_institute_honor_album` [ RunTime:0.0054s ]
SQL: SELECT * FROM `robot_institute_honor_album` ORDER BY id desc  [ RunTime:0.0003s ]
INFO: Run Behavior\ParseTemplateBehavior [ RunTime:0.026062s ]
INFO: [ view_parse ] --END-- [ RunTime:0.026099s ]
INFO: [ view_filter ] --START--
INFO: Run Behavior\WriteHtmlCacheBehavior [ RunTime:0.000587s ]
INFO: [ view_filter ] --END-- [ RunTime:0.000638s ]
INFO: [ app_end ] --START--
INFO: Run Behavior\ShowPageTraceBehavior [ RunTime:0.000977s ]
INFO: [ app_end ] --END-- [ RunTime:0.001054s ]

[ 2018-04-17T10:27:45+08:00 ] ::1 /RobotInstitute/login_admin
INFO: [ app_init ] --START--
INFO: Run Behavior\BuildLiteBehavior [ RunTime:0.000019s ]
INFO: [ app_init ] --END-- [ RunTime:0.000479s ]
INFO: [ app_begin ] --START--
INFO: Run Behavior\ReadHtmlCacheBehavior [ RunTime:0.000780s ]
INFO: [ app_begin ] --END-- [ RunTime:0.000860s ]

[ 2018-04-17T11:32:50+08:00 ] ::1 /RobotInstitute/
INFO: [ app_init ] --START--
INFO: Run Behavior\BuildLiteBehavior [ RunTime:0.000027s ]
INFO: [ app_init ] --END-- [ RunTime:0.000855s ]
INFO: [ app_begin ] --START--
INFO: Run Behavior\ReadHtmlCacheBehavior [ RunTime:0.000743s ]
INFO: [ app_begin ] --END-- [ RunTime:0.000861s ]
NOTIC: [8] A session had already been started - ignoring session_start() D:\phpStudy\WWW\RobotInstitute\ThinkPHP\Common\functions.php 第 1272 行.
SQL: SHOW COLUMNS FROM `robot_institute_overview` [ RunTime:0.0075s ]
SQL: SELECT * FROM `robot_institute_overview`  [ RunTime:0.0003s ]
SQL: SHOW COLUMNS FROM `robot_teaching_work` [ RunTime:0.0055s ]
SQL: SELECT * FROM `robot_teaching_work`  [ RunTime:0.0003s ]
SQL: SHOW COLUMNS FROM `robot_enroll_student` [ RunTime:0.0055s ]
SQL: SELECT * FROM `robot_enroll_student`  [ RunTime:0.0005s ]
SQL: SHOW COLUMNS FROM `robot_institute_show` [ RunTime:0.0046s ]
SQL: SELECT * FROM `robot_institute_show`  [ RunTime:0.0003s ]
SQL: SHOW COLUMNS FROM `robot_learning_resources` [ RunTime:0.0049s ]
SQL: SELECT * FROM `robot_learning_resources`  [ RunTime:0.0004s ]
SQL: SHOW COLUMNS FROM `robot_editable` [ RunTime:0.0049s ]
SQL: SELECT * FROM `robot_editable`  [ RunTime:0.0003s ]
SQL: SHOW COLUMNS FROM `robot_teaching_work` [ RunTime:0.0046s ]
SQL: SELECT `catalog_id`,`catalog`,`catalog_table` FROM `robot_teaching_work` WHERE ( 1=1 AND group_id='1' )  [ RunTime:0.0004s ]
SQL: SHOW COLUMNS FROM `robot_enroll_student` [ RunTime:0.0053s ]
SQL: SELECT `catalog_id`,`catalog`,`catalog_table` FROM `robot_enroll_student` WHERE ( 1=1 AND group_id='1' )  [ RunTime:0.0003s ]
SQL: SHOW COLUMNS FROM `robot_institute_show` [ RunTime:0.0055s ]
SQL: SELECT `catalog_id`,`catalog`,`catalog_table` FROM `robot_institute_show` WHERE ( 1=1 AND group_id='1' )  [ RunTime:0.0005s ]
SQL: SELECT `catalog_id`,`catalog`,`catalog_table` FROM `robot_teaching_work` WHERE ( 1=1 AND group_id='2' )  [ RunTime:0.0003s ]
SQL: SELECT `catalog_id`,`catalog`,`catalog_table` FROM `robot_enroll_student` WHERE ( 1=1 AND group_id='2' )  [ RunTime:0.0003s ]
SQL: SELECT `catalog_id`,`catalog`,`catalog_table` FROM `robot_institute_show` WHERE ( 1=1 AND group_id='2' )  [ RunTime:0.0005s ]
SQL: SELECT `catalog_id`,`catalog`,`catalog_table` FROM `robot_teaching_work` WHERE ( 1=1 AND group_id='3' )  [ RunTime:0.0002s ]
SQL: SELECT `catalog_id`,`catalog`,`catalog_table` FROM `robot_enroll_student` WHERE ( 1=1 AND group_id='3' )  [ RunTime:0.0002s ]
SQL: SELECT `catalog_id`,`catalog`,`catalog_table` FROM `robot_institute_show` WHERE ( 1=1 AND group_id='3' )  [ RunTime:0.0002s ]
NOTIC: [2] Invalid argument supplied for foreach() D:\phpStudy\WWW\RobotInstitute\Robot\Home\Controller\IndexController.class.php 第 135 行.
NOTIC: [2] Invalid argument supplied for foreach() D:\phpStudy\WWW\RobotInstitute\Robot\Home\Controller\IndexController.class.php 第 135 行.
NOTIC: [2] Invalid argument supplied for foreach() D:\phpStudy\WWW\RobotInstitute\Robot\Home\Controller\IndexController.class.php 第 135 行.
NOTIC: [2] Invalid argument supplied for foreach() D:\phpStudy\WWW\RobotInstitute\Robot\Home\Controller\IndexController.class.php 第 135 行.
SQL: SHOW COLUMNS FROM `robot_teaching_work_teaching_development` [ RunTime:0.0038s ]
SQL: SELECT * FROM `robot_teaching_work_teaching_development` ORDER BY date desc  [ RunTime:0.0002s ]
SQL: SHOW COLUMNS FROM `robot_teaching_work_major_introduction` [ RunTime:0.0039s ]
SQL: SELECT * FROM `robot_teaching_work_major_introduction` ORDER BY date desc  [ RunTime:0.0003s ]
SQL: SHOW COLUMNS FROM `robot_teaching_work_subject_research` [ RunTime:0.0041s ]
SQL: SELECT * FROM `robot_teaching_work_subject_research` ORDER BY date desc  [ RunTime:0.0002s ]
NOTIC: [2] Invalid argument supplied for foreach() D:\phpStudy\WWW\RobotInstitute\Robot\Home\Controller\IndexController.class.php 第 135 行.
NOTIC: [2] Invalid argument supplied for foreach() D:\phpStudy\WWW\RobotInstitute\Robot\Home\Controller\IndexController.class.php 第 135 行.
NOTIC: [2] Invalid argument supplied for foreach() D:\phpStudy\WWW\RobotInstitute\Robot\Home\Controller\IndexController.class.php 第 135 行.
NOTIC: [2] Invalid argument supplied for foreach() D:\phpStudy\WWW\RobotInstitute\Robot\Home\Controller\IndexController.class.php 第 135 行.
SQL: SHOW COLUMNS FROM `robot_enroll_student_standard` [ RunTime:0.0035s ]
SQL: SELECT * FROM `robot_enroll_student_standard` ORDER BY date desc  [ RunTime:0.0005s ]
SQL: SHOW COLUMNS FROM `robot_enroll_student_information` [ RunTime:0.0035s ]
SQL: SELECT * FROM `robot_enroll_student_information` ORDER BY date desc  [ RunTime:0.0008s ]
NOTIC: [2] Invalid argument supplied for foreach() D:\phpStudy\WWW\RobotInstitute\Robot\Home\Controller\IndexController.class.php 第 135 行.
NOTIC: [2] Invalid argument supplied for foreach() D:\phpStudy\WWW\RobotInstitute\Robot\Home\Controller\IndexController.class.php 第 135 行.
NOTIC: [2] Invalid argument supplied for foreach() D:\phpStudy\WWW\RobotInstitute\Robot\Home\Controller\IndexController.class.php 第 135 行.
NOTIC: [2] Invalid argument supplied for foreach() D:\phpStudy\WWW\RobotInstitute\Robot\Home\Controller\IndexController.class.php 第 135 行.
SQL: SHOW COLUMNS FROM `robot_institute_show_current_events` [ RunTime:0.0049s ]
SQL: SELECT * FROM `robot_institute_show_current_events` ORDER BY date desc  [ RunTime:0.0003s ]
SQL: SHOW COLUMNS FROM `robot_institute_show_vacation_training` [ RunTime:0.0036s ]
SQL: SELECT * FROM `robot_institute_show_vacation_training` ORDER BY date desc  [ RunTime:0.0002s ]
SQL: SHOW COLUMNS FROM `robot_institute_show_competition_awards` [ RunTime:0.0035s ]
SQL: SELECT * FROM `robot_institute_show_competition_awards` ORDER BY date desc  [ RunTime:0.0002s ]
SQL: SHOW COLUMNS FROM `robot_institute_show_visit` [ RunTime:0.0036s ]
SQL: SELECT * FROM `robot_institute_show_visit` ORDER BY date desc  [ RunTime:0.0002s ]
SQL: SHOW COLUMNS FROM `robot_institute_show_project_design` [ RunTime:0.0059s ]
SQL: SELECT * FROM `robot_institute_show_project_design` ORDER BY date desc  [ RunTime:0.0002s ]
SQL: SHOW COLUMNS FROM `robot_institute_show_subject_competition` [ RunTime:0.0037s ]
SQL: SELECT * FROM `robot_institute_show_subject_competition` ORDER BY date desc  [ RunTime:0.0002s ]
INFO: [ view_parse ] --START--
INFO: [ template_filter ] --START--
INFO: Run Behavior\ContentReplaceBehavior [ RunTime:0.000682s ]
INFO: [ template_filter ] --END-- [ RunTime:0.000894s ]
SQL: SHOW COLUMNS FROM `robot_index` [ RunTime:0.0037s ]
SQL: SELECT * FROM `robot_index` ORDER BY id desc  [ RunTime:0.0002s ]
SQL: SHOW COLUMNS FROM `robot_learning_resources_download` [ RunTime:0.0036s ]
SQL: SELECT * FROM `robot_learning_resources_download` ORDER BY id desc LIMIT 6   [ RunTime:0.0002s ]
SQL: SHOW COLUMNS FROM `robot_institute_honor_album` [ RunTime:0.0052s ]
SQL: SELECT * FROM `robot_institute_honor_album` ORDER BY id desc  [ RunTime:0.0005s ]
INFO: Run Behavior\ParseTemplateBehavior [ RunTime:0.026689s ]
INFO: [ view_parse ] --END-- [ RunTime:0.026732s ]
INFO: [ view_filter ] --START--
INFO: Run Behavior\WriteHtmlCacheBehavior [ RunTime:0.000467s ]
INFO: [ view_filter ] --END-- [ RunTime:0.000500s ]
INFO: [ app_end ] --START--
INFO: Run Behavior\ShowPageTraceBehavior [ RunTime:0.000861s ]
INFO: [ app_end ] --END-- [ RunTime:0.000921s ]

[ 2018-04-17T16:37:58+08:00 ] 127.0.0.1 /RobotInstitute/index
INFO: [ app_init ] --START--
INFO: Run Behavior\BuildLiteBehavior [ RunTime:0.000017s ]
INFO: [ app_init ] --END-- [ RunTime:0.000481s ]
INFO: [ app_begin ] --START--
INFO: Run Behavior\ReadHtmlCacheBehavior [ RunTime:0.002682s ]
INFO: [ app_begin ] --END-- [ RunTime:0.002807s ]
NOTIC: [8] A session had already been started - ignoring session_start() D:\phpStudy\WWW\RobotInstitute\ThinkPHP\Common\functions.php 第 1272 行.
SQL: SHOW COLUMNS FROM `robot_institute_overview` [ RunTime:0.0077s ]
SQL: SELECT * FROM `robot_institute_overview`  [ RunTime:0.0003s ]
SQL: SHOW COLUMNS FROM `robot_teaching_work` [ RunTime:0.0044s ]
SQL: SELECT * FROM `robot_teaching_work`  [ RunTime:0.0003s ]
SQL: SHOW COLUMNS FROM `robot_enroll_student` [ RunTime:0.0046s ]
SQL: SELECT * FROM `robot_enroll_student`  [ RunTime:0.0003s ]
SQL: SHOW COLUMNS FROM `robot_institute_show` [ RunTime:0.0042s ]
SQL: SELECT * FROM `robot_institute_show`  [ RunTime:0.0002s ]
SQL: SHOW COLUMNS FROM `robot_learning_resources` [ RunTime:0.0040s ]
SQL: SELECT * FROM `robot_learning_resources`  [ RunTime:0.0004s ]
SQL: SHOW COLUMNS FROM `robot_editable` [ RunTime:0.0073s ]
SQL: SELECT * FROM `robot_editable`  [ RunTime:0.0002s ]
SQL: SHOW COLUMNS FROM `robot_teaching_work` [ RunTime:0.0043s ]
SQL: SELECT `catalog_id`,`catalog`,`catalog_table` FROM `robot_teaching_work` WHERE ( 1=1 AND group_id='1' )  [ RunTime:0.0003s ]
SQL: SHOW COLUMNS FROM `robot_enroll_student` [ RunTime:0.0036s ]
SQL: SELECT `catalog_id`,`catalog`,`catalog_table` FROM `robot_enroll_student` WHERE ( 1=1 AND group_id='1' )  [ RunTime:0.0004s ]
SQL: SHOW COLUMNS FROM `robot_institute_show` [ RunTime:0.0037s ]
SQL: SELECT `catalog_id`,`catalog`,`catalog_table` FROM `robot_institute_show` WHERE ( 1=1 AND group_id='1' )  [ RunTime:0.0002s ]
SQL: SELECT `catalog_id`,`catalog`,`catalog_table` FROM `robot_teaching_work` WHERE ( 1=1 AND group_id='2' )  [ RunTime:0.0002s ]
SQL: SELECT `catalog_id`,`catalog`,`catalog_table` FROM `robot_enroll_student` WHERE ( 1=1 AND group_id='2' )  [ RunTime:0.0002s ]
SQL: SELECT `catalog_id`,`catalog`,`catalog_table` FROM `robot_institute_show` WHERE ( 1=1 AND group_id='2' )  [ RunTime:0.0002s ]
SQL: SELECT `catalog_id`,`catalog`,`catalog_table` FROM `robot_teaching_work` WHERE ( 1=1 AND group_id='3' )  [ RunTime:0.0002s ]
SQL: SELECT `catalog_id`,`catalog`,`catalog_table` FROM `robot_enroll_student` WHERE ( 1=1 AND group_id='3' )  [ RunTime:0.0002s ]
SQL: SELECT `catalog_id`,`catalog`,`catalog_table` FROM `robot_institute_show` WHERE ( 1=1 AND group_id='3' )  [ RunTime:0.0002s ]
NOTIC: [2] Invalid argument supplied for foreach() D:\phpStudy\WWW\RobotInstitute\Robot\Home\Controller\IndexController.class.php 第 135 行.
NOTIC: [2] Invalid argument supplied for foreach() D:\phpStudy\WWW\RobotInstitute\Robot\Home\Controller\IndexController.class.php 第 135 行.
NOTIC: [2] Invalid argument supplied for foreach() D:\phpStudy\WWW\RobotInstitute\Robot\Home\Controller\IndexController.class.php 第 135 行.
NOTIC: [2] Invalid argument supplied for foreach() D:\phpStudy\WWW\RobotInstitute\Robot\Home\Controller\IndexController.class.php 第 135 行.
SQL: SHOW COLUMNS FROM `robot_teaching_work_teaching_development` [ RunTime:0.0034s ]
SQL: SELECT * FROM `robot_teaching_work_teaching_development` ORDER BY date desc  [ RunTime:0.0002s ]
SQL: SHOW COLUMNS FROM `robot_teaching_work_major_introduction` [ RunTime:0.0033s ]
SQL: SELECT * FROM `robot_teaching_work_major_introduction` ORDER BY date desc  [ RunTime:0.0002s ]
SQL: SHOW COLUMNS FROM `robot_teaching_work_subject_research` [ RunTime:0.0052s ]
SQL: SELECT * FROM `robot_teaching_work_subject_research` ORDER BY date desc  [ RunTime:0.0003s ]
NOTIC: [2] Invalid argument supplied for foreach() D:\phpStudy\WWW\RobotInstitute\Robot\Home\Controller\IndexController.class.php 第 135 行.
NOTIC: [2] Invalid argument supplied for foreach() D:\phpStudy\WWW\RobotInstitute\Robot\Home\Controller\IndexController.class.php 第 135 行.
NOTIC: [2] Invalid argument supplied for foreach() D:\phpStudy\WWW\RobotInstitute\Robot\Home\Controller\IndexController.class.php 第 135 行.
NOTIC: [2] Invalid argument supplied for foreach() D:\phpStudy\WWW\RobotInstitute\Robot\Home\Controller\IndexController.class.php 第 135 行.
SQL: SHOW COLUMNS FROM `robot_enroll_student_standard` [ RunTime:0.0040s ]
SQL: SELECT * FROM `robot_enroll_student_standard` ORDER BY date desc  [ RunTime:0.0003s ]
SQL: SHOW COLUMNS FROM `robot_enroll_student_information` [ RunTime:0.0035s ]
SQL: SELECT * FROM `robot_enroll_student_information` ORDER BY date desc  [ RunTime:0.0005s ]
NOTIC: [2] Invalid argument supplied for foreach() D:\phpStudy\WWW\RobotInstitute\Robot\Home\Controller\IndexController.class.php 第 135 行.
NOTIC: [2] Invalid argument supplied for foreach() D:\phpStudy\WWW\RobotInstitute\Robot\Home\Controller\IndexController.class.php 第 135 行.
NOTIC: [2] Invalid argument supplied for foreach() D:\phpStudy\WWW\RobotInstitute\Robot\Home\Controller\IndexController.class.php 第 135 行.
NOTIC: [2] Invalid argument supplied for foreach() D:\phpStudy\WWW\RobotInstitute\Robot\Home\Controller\IndexController.class.php 第 135 行.
SQL: SHOW COLUMNS FROM `robot_institute_show_current_events` [ RunTime:0.0046s ]
SQL: SELECT * FROM `robot_institute_show_current_events` ORDER BY date desc  [ RunTime:0.0003s ]
SQL: SHOW COLUMNS FROM `robot_institute_show_vacation_training` [ RunTime:0.0040s ]
SQL: SELECT * FROM `robot_institute_show_vacation_training` ORDER BY date desc  [ RunTime:0.0003s ]
SQL: SHOW COLUMNS FROM `robot_institute_show_competition_awards` [ RunTime:0.0048s ]
SQL: SELECT * FROM `robot_institute_show_competition_awards` ORDER BY date desc  [ RunTime:0.0003s ]
SQL: SHOW COLUMNS FROM `robot_institute_show_visit` [ RunTime:0.0036s ]
SQL: SELECT * FROM `robot_institute_show_visit` ORDER BY date desc  [ RunTime:0.0002s ]
SQL: SHOW COLUMNS FROM `robot_institute_show_project_design` [ RunTime:0.0042s ]
SQL: SELECT * FROM `robot_institute_show_project_design` ORDER BY date desc  [ RunTime:0.0002s ]
SQL: SHOW COLUMNS FROM `robot_institute_show_subject_competition` [ RunTime:0.0033s ]
SQL: SELECT * FROM `robot_institute_show_subject_competition` ORDER BY date desc  [ RunTime:0.0002s ]
INFO: [ view_parse ] --START--
INFO: [ template_filter ] --START--
INFO: Run Behavior\ContentReplaceBehavior [ RunTime:0.000472s ]
INFO: [ template_filter ] --END-- [ RunTime:0.000564s ]
SQL: SHOW COLUMNS FROM `robot_index` [ RunTime:0.0033s ]
SQL: SELECT * FROM `robot_index` ORDER BY id desc  [ RunTime:0.0002s ]
SQL: SHOW COLUMNS FROM `robot_learning_resources_download` [ RunTime:0.0033s ]
SQL: SELECT * FROM `robot_learning_resources_download` ORDER BY id desc LIMIT 6   [ RunTime:0.0002s ]
SQL: SHOW COLUMNS FROM `robot_institute_honor_album` [ RunTime:0.0033s ]
SQL: SELECT * FROM `robot_institute_honor_album` ORDER BY id desc  [ RunTime:0.0002s ]
INFO: Run Behavior\ParseTemplateBehavior [ RunTime:0.022851s ]
INFO: [ view_parse ] --END-- [ RunTime:0.022895s ]
INFO: [ view_filter ] --START--
INFO: Run Behavior\WriteHtmlCacheBehavior [ RunTime:0.000512s ]
INFO: [ view_filter ] --END-- [ RunTime:0.000556s ]
INFO: [ app_end ] --START--
INFO: Run Behavior\ShowPageTraceBehavior [ RunTime:0.001188s ]
INFO: [ app_end ] --END-- [ RunTime:0.001267s ]

