[ 2018-04-18T09:52:30+08:00 ] 127.0.0.1 /RobotInstitute/index
INFO: [ app_init ] --START--
INFO: Run Behavior\BuildLiteBehavior [ RunTime:0.000013s ]
INFO: [ app_init ] --END-- [ RunTime:0.000754s ]
INFO: [ app_begin ] --START--
INFO: Run Behavior\ReadHtmlCacheBehavior [ RunTime:0.001533s ]
INFO: [ app_begin ] --END-- [ RunTime:0.001574s ]
NOTIC: [8] A session had already been started - ignoring session_start() D:\phpStudy\WWW\RobotInstitute\ThinkPHP\Common\functions.php 第 1272 行.
SQL: SHOW COLUMNS FROM `robot_institute_overview` [ RunTime:0.0075s ]
SQL: SELECT * FROM `robot_institute_overview`  [ RunTime:0.0012s ]
SQL: SHOW COLUMNS FROM `robot_teaching_work` [ RunTime:0.0039s ]
SQL: SELECT * FROM `robot_teaching_work`  [ RunTime:0.0003s ]
SQL: SHOW COLUMNS FROM `robot_enroll_student` [ RunTime:0.0033s ]
SQL: SELECT * FROM `robot_enroll_student`  [ RunTime:0.0003s ]
SQL: SHOW COLUMNS FROM `robot_institute_show` [ RunTime:0.0033s ]
SQL: SELECT * FROM `robot_institute_show`  [ RunTime:0.0003s ]
SQL: SHOW COLUMNS FROM `robot_learning_resources` [ RunTime:0.0059s ]
SQL: SELECT * FROM `robot_learning_resources`  [ RunTime:0.0003s ]
SQL: SHOW COLUMNS FROM `robot_editable` [ RunTime:0.0035s ]
SQL: SELECT * FROM `robot_editable`  [ RunTime:0.0003s ]
SQL: SHOW COLUMNS FROM `robot_teaching_work` [ RunTime:0.0036s ]
SQL: SELECT `catalog_id`,`catalog`,`catalog_table` FROM `robot_teaching_work` WHERE ( 1=1 AND group_id='1' )  [ RunTime:0.0003s ]
SQL: SHOW COLUMNS FROM `robot_enroll_student` [ RunTime:0.0044s ]
SQL: SELECT `catalog_id`,`catalog`,`catalog_table` FROM `robot_enroll_student` WHERE ( 1=1 AND group_id='1' )  [ RunTime:0.0003s ]
SQL: SHOW COLUMNS FROM `robot_institute_show` [ RunTime:0.0033s ]
SQL: SELECT `catalog_id`,`catalog`,`catalog_table` FROM `robot_institute_show` WHERE ( 1=1 AND group_id='1' )  [ RunTime:0.0002s ]
SQL: SELECT `catalog_id`,`catalog`,`catalog_table` FROM `robot_teaching_work` WHERE ( 1=1 AND group_id='2' )  [ RunTime:0.0002s ]
SQL: SELECT `catalog_id`,`catalog`,`catalog_table` FROM `robot_enroll_student` WHERE ( 1=1 AND group_id='2' )  [ RunTime:0.0002s ]
SQL: SELECT `catalog_id`,`catalog`,`catalog_table` FROM `robot_institute_show` WHERE ( 1=1 AND group_id='2' )  [ RunTime:0.0002s ]
SQL: SELECT `catalog_id`,`catalog`,`catalog_table` FROM `robot_teaching_work` WHERE ( 1=1 AND group_id='3' )  [ RunTime:0.0002s ]
SQL: SELECT `catalog_id`,`catalog`,`catalog_table` FROM `robot_enroll_student` WHERE ( 1=1 AND group_id='3' )  [ RunTime:0.0002s ]
SQL: SELECT `catalog_id`,`catalog`,`catalog_table` FROM `robot_institute_show` WHERE ( 1=1 AND group_id='3' )  [ RunTime:0.0002s ]
NOTIC: [2] Invalid argument supplied for foreach() D:\phpStudy\WWW\RobotInstitute\Robot\Home\Controller\IndexController.class.php 第 135 行.
NOTIC: [2] Invalid argument supplied for foreach() D:\phpStudy\WWW\RobotInstitute\Robot\Home\Controller\IndexController.class.php 第 135 行.
NOTIC: [2] Invalid argument supplied for foreach() D:\phpStudy\WWW\RobotInstitute\Robot\Home\Controller\IndexController.class.php 第 135 行.
NOTIC: [2] Invalid argument supplied for foreach() D:\phpStudy\WWW\RobotInstitute\Robot\Home\Controller\IndexController.class.php 第 135 行.
SQL: SHOW COLUMNS FROM `robot_teaching_work_teaching_development` [ RunTime:0.0037s ]
SQL: SELECT * FROM `robot_teaching_work_teaching_development` ORDER BY date desc  [ RunTime:0.0176s ]
SQL: SHOW COLUMNS FROM `robot_teaching_work_major_introduction` [ RunTime:0.0047s ]
SQL: SELECT * FROM `robot_teaching_work_major_introduction` ORDER BY date desc  [ RunTime:0.0066s ]
SQL: SHOW COLUMNS FROM `robot_teaching_work_subject_research` [ RunTime:0.0044s ]
SQL: SELECT * FROM `robot_teaching_work_subject_research` ORDER BY date desc  [ RunTime:0.0012s ]
NOTIC: [2] Invalid argument supplied for foreach() D:\phpStudy\WWW\RobotInstitute\Robot\Home\Controller\IndexController.class.php 第 135 行.
NOTIC: [2] Invalid argument supplied for foreach() D:\phpStudy\WWW\RobotInstitute\Robot\Home\Controller\IndexController.class.php 第 135 行.
NOTIC: [2] Invalid argument supplied for foreach() D:\phpStudy\WWW\RobotInstitute\Robot\Home\Controller\IndexController.class.php 第 135 行.
NOTIC: [2] Invalid argument supplied for foreach() D:\phpStudy\WWW\RobotInstitute\Robot\Home\Controller\IndexController.class.php 第 135 行.
SQL: SHOW COLUMNS FROM `robot_enroll_student_standard` [ RunTime:0.0034s ]
SQL: SELECT * FROM `robot_enroll_student_standard` ORDER BY date desc  [ RunTime:0.0243s ]
SQL: SHOW COLUMNS FROM `robot_enroll_student_information` [ RunTime:0.0057s ]
SQL: SELECT * FROM `robot_enroll_student_information` ORDER BY date desc  [ RunTime:0.0200s ]
NOTIC: [2] Invalid argument supplied for foreach() D:\phpStudy\WWW\RobotInstitute\Robot\Home\Controller\IndexController.class.php 第 135 行.
NOTIC: [2] Invalid argument supplied for foreach() D:\phpStudy\WWW\RobotInstitute\Robot\Home\Controller\IndexController.class.php 第 135 行.
NOTIC: [2] Invalid argument supplied for foreach() D:\phpStudy\WWW\RobotInstitute\Robot\Home\Controller\IndexController.class.php 第 135 行.
NOTIC: [2] Invalid argument supplied for foreach() D:\phpStudy\WWW\RobotInstitute\Robot\Home\Controller\IndexController.class.php 第 135 行.
SQL: SHOW COLUMNS FROM `robot_institute_show_current_events` [ RunTime:0.0036s ]
SQL: SELECT * FROM `robot_institute_show_current_events` ORDER BY date desc  [ RunTime:0.0126s ]
SQL: SHOW COLUMNS FROM `robot_institute_show_vacation_training` [ RunTime:0.0036s ]
SQL: SELECT * FROM `robot_institute_show_vacation_training` ORDER BY date desc  [ RunTime:0.0060s ]
SQL: SHOW COLUMNS FROM `robot_institute_show_competition_awards` [ RunTime:0.0054s ]
SQL: SELECT * FROM `robot_institute_show_competition_awards` ORDER BY date desc  [ RunTime:0.0007s ]
SQL: SHOW COLUMNS FROM `robot_institute_show_visit` [ RunTime:0.0035s ]
SQL: SELECT * FROM `robot_institute_show_visit` ORDER BY date desc  [ RunTime:0.0119s ]
SQL: SHOW COLUMNS FROM `robot_institute_show_project_design` [ RunTime:0.0040s ]
SQL: SELECT * FROM `robot_institute_show_project_design` ORDER BY date desc  [ RunTime:0.0094s ]
SQL: SHOW COLUMNS FROM `robot_institute_show_subject_competition` [ RunTime:0.0049s ]
SQL: SELECT * FROM `robot_institute_show_subject_competition` ORDER BY date desc  [ RunTime:0.0003s ]
INFO: [ view_parse ] --START--
INFO: [ template_filter ] --START--
INFO: Run Behavior\ContentReplaceBehavior [ RunTime:0.000185s ]
INFO: [ template_filter ] --END-- [ RunTime:0.000253s ]
SQL: SHOW COLUMNS FROM `robot_index` [ RunTime:0.0041s ]
SQL: SELECT * FROM `robot_index` ORDER BY id desc  [ RunTime:0.0003s ]
SQL: SHOW COLUMNS FROM `robot_learning_resources_download` [ RunTime:0.0044s ]
SQL: SELECT * FROM `robot_learning_resources_download` ORDER BY id desc LIMIT 6   [ RunTime:0.0067s ]
SQL: SHOW COLUMNS FROM `robot_institute_honor_album` [ RunTime:0.0035s ]
SQL: SELECT * FROM `robot_institute_honor_album` ORDER BY id desc  [ RunTime:0.0104s ]
INFO: Run Behavior\ParseTemplateBehavior [ RunTime:0.164294s ]
INFO: [ view_parse ] --END-- [ RunTime:0.164331s ]
INFO: [ view_filter ] --START--
INFO: Run Behavior\WriteHtmlCacheBehavior [ RunTime:0.011526s ]
INFO: [ view_filter ] --END-- [ RunTime:0.011571s ]
INFO: [ app_end ] --START--
INFO: Run Behavior\ShowPageTraceBehavior [ RunTime:0.002487s ]
INFO: [ app_end ] --END-- [ RunTime:0.002540s ]

[ 2018-04-18T10:07:57+08:00 ] 127.0.0.1 /RobotInstitute/index
INFO: [ app_init ] --START--
INFO: Run Behavior\BuildLiteBehavior [ RunTime:0.000011s ]
INFO: [ app_init ] --END-- [ RunTime:0.000401s ]
INFO: [ app_begin ] --START--
INFO: Run Behavior\ReadHtmlCacheBehavior [ RunTime:0.000816s ]
INFO: [ app_begin ] --END-- [ RunTime:0.000865s ]
NOTIC: [8] A session had already been started - ignoring session_start() D:\phpStudy\WWW\RobotInstitute\ThinkPHP\Common\functions.php 第 1272 行.
SQL: SHOW COLUMNS FROM `robot_institute_overview` [ RunTime:0.0066s ]
SQL: SELECT * FROM `robot_institute_overview`  [ RunTime:0.0002s ]
SQL: SHOW COLUMNS FROM `robot_teaching_work` [ RunTime:0.0066s ]
SQL: SELECT * FROM `robot_teaching_work`  [ RunTime:0.0003s ]
SQL: SHOW COLUMNS FROM `robot_enroll_student` [ RunTime:0.0035s ]
SQL: SELECT * FROM `robot_enroll_student`  [ RunTime:0.0002s ]
SQL: SHOW COLUMNS FROM `robot_institute_show` [ RunTime:0.0033s ]
SQL: SELECT * FROM `robot_institute_show`  [ RunTime:0.0002s ]
SQL: SHOW COLUMNS FROM `robot_learning_resources` [ RunTime:0.0032s ]
SQL: SELECT * FROM `robot_learning_resources`  [ RunTime:0.0007s ]
SQL: SHOW COLUMNS FROM `robot_editable` [ RunTime:0.0037s ]
SQL: SELECT * FROM `robot_editable`  [ RunTime:0.0002s ]
SQL: SHOW COLUMNS FROM `robot_teaching_work` [ RunTime:0.0033s ]
SQL: SELECT `catalog_id`,`catalog`,`catalog_table` FROM `robot_teaching_work` WHERE ( 1=1 AND group_id='1' )  [ RunTime:0.0002s ]
SQL: SHOW COLUMNS FROM `robot_enroll_student` [ RunTime:0.0037s ]
SQL: SELECT `catalog_id`,`catalog`,`catalog_table` FROM `robot_enroll_student` WHERE ( 1=1 AND group_id='1' )  [ RunTime:0.0003s ]
SQL: SHOW COLUMNS FROM `robot_institute_show` [ RunTime:0.0046s ]
SQL: SELECT `catalog_id`,`catalog`,`catalog_table` FROM `robot_institute_show` WHERE ( 1=1 AND group_id='1' )  [ RunTime:0.0003s ]
SQL: SELECT `catalog_id`,`catalog`,`catalog_table` FROM `robot_teaching_work` WHERE ( 1=1 AND group_id='2' )  [ RunTime:0.0002s ]
SQL: SELECT `catalog_id`,`catalog`,`catalog_table` FROM `robot_enroll_student` WHERE ( 1=1 AND group_id='2' )  [ RunTime:0.0002s ]
SQL: SELECT `catalog_id`,`catalog`,`catalog_table` FROM `robot_institute_show` WHERE ( 1=1 AND group_id='2' )  [ RunTime:0.0002s ]
SQL: SELECT `catalog_id`,`catalog`,`catalog_table` FROM `robot_teaching_work` WHERE ( 1=1 AND group_id='3' )  [ RunTime:0.0002s ]
SQL: SELECT `catalog_id`,`catalog`,`catalog_table` FROM `robot_enroll_student` WHERE ( 1=1 AND group_id='3' )  [ RunTime:0.0002s ]
SQL: SELECT `catalog_id`,`catalog`,`catalog_table` FROM `robot_institute_show` WHERE ( 1=1 AND group_id='3' )  [ RunTime:0.0002s ]
NOTIC: [2] Invalid argument supplied for foreach() D:\phpStudy\WWW\RobotInstitute\Robot\Home\Controller\IndexController.class.php 第 135 行.
NOTIC: [2] Invalid argument supplied for foreach() D:\phpStudy\WWW\RobotInstitute\Robot\Home\Controller\IndexController.class.php 第 135 行.
NOTIC: [2] Invalid argument supplied for foreach() D:\phpStudy\WWW\RobotInstitute\Robot\Home\Controller\IndexController.class.php 第 135 行.
NOTIC: [2] Invalid argument supplied for foreach() D:\phpStudy\WWW\RobotInstitute\Robot\Home\Controller\IndexController.class.php 第 135 行.
SQL: SHOW COLUMNS FROM `robot_teaching_work_teaching_development` [ RunTime:0.0035s ]
SQL: SELECT * FROM `robot_teaching_work_teaching_development` ORDER BY date desc  [ RunTime:0.0003s ]
SQL: SHOW COLUMNS FROM `robot_teaching_work_major_introduction` [ RunTime:0.0062s ]
SQL: SELECT * FROM `robot_teaching_work_major_introduction` ORDER BY date desc  [ RunTime:0.0003s ]
SQL: SHOW COLUMNS FROM `robot_teaching_work_subject_research` [ RunTime:0.0041s ]
SQL: SELECT * FROM `robot_teaching_work_subject_research` ORDER BY date desc  [ RunTime:0.0003s ]
NOTIC: [2] Invalid argument supplied for foreach() D:\phpStudy\WWW\RobotInstitute\Robot\Home\Controller\IndexController.class.php 第 135 行.
NOTIC: [2] Invalid argument supplied for foreach() D:\phpStudy\WWW\RobotInstitute\Robot\Home\Controller\IndexController.class.php 第 135 行.
NOTIC: [2] Invalid argument supplied for foreach() D:\phpStudy\WWW\RobotInstitute\Robot\Home\Controller\IndexController.class.php 第 135 行.
NOTIC: [2] Invalid argument supplied for foreach() D:\phpStudy\WWW\RobotInstitute\Robot\Home\Controller\IndexController.class.php 第 135 行.
SQL: SHOW COLUMNS FROM `robot_enroll_student_standard` [ RunTime:0.0036s ]
SQL: SELECT * FROM `robot_enroll_student_standard` ORDER BY date desc  [ RunTime:0.0004s ]
SQL: SHOW COLUMNS FROM `robot_enroll_student_information` [ RunTime:0.0040s ]
SQL: SELECT * FROM `robot_enroll_student_information` ORDER BY date desc  [ RunTime:0.0035s ]
NOTIC: [2] Invalid argument supplied for foreach() D:\phpStudy\WWW\RobotInstitute\Robot\Home\Controller\IndexController.class.php 第 135 行.
NOTIC: [2] Invalid argument supplied for foreach() D:\phpStudy\WWW\RobotInstitute\Robot\Home\Controller\IndexController.class.php 第 135 行.
NOTIC: [2] Invalid argument supplied for foreach() D:\phpStudy\WWW\RobotInstitute\Robot\Home\Controller\IndexController.class.php 第 135 行.
NOTIC: [2] Invalid argument supplied for foreach() D:\phpStudy\WWW\RobotInstitute\Robot\Home\Controller\IndexController.class.php 第 135 行.
SQL: SHOW COLUMNS FROM `robot_institute_show_current_events` [ RunTime:0.0040s ]
SQL: SELECT * FROM `robot_institute_show_current_events` ORDER BY date desc  [ RunTime:0.0003s ]
SQL: SHOW COLUMNS FROM `robot_institute_show_vacation_training` [ RunTime:0.0036s ]
SQL: SELECT * FROM `robot_institute_show_vacation_training` ORDER BY date desc  [ RunTime:0.0003s ]
SQL: SHOW COLUMNS FROM `robot_institute_show_competition_awards` [ RunTime:0.0050s ]
SQL: SELECT * FROM `robot_institute_show_competition_awards` ORDER BY date desc  [ RunTime:0.0003s ]
SQL: SHOW COLUMNS FROM `robot_institute_show_visit` [ RunTime:0.0040s ]
SQL: SELECT * FROM `robot_institute_show_visit` ORDER BY date desc  [ RunTime:0.0003s ]
SQL: SHOW COLUMNS FROM `robot_institute_show_project_design` [ RunTime:0.0036s ]
SQL: SELECT * FROM `robot_institute_show_project_design` ORDER BY date desc  [ RunTime:0.0003s ]
SQL: SHOW COLUMNS FROM `robot_institute_show_subject_competition` [ RunTime:0.0035s ]
SQL: SELECT * FROM `robot_institute_show_subject_competition` ORDER BY date desc  [ RunTime:0.0002s ]
INFO: [ view_parse ] --START--
INFO: [ template_filter ] --START--
INFO: Run Behavior\ContentReplaceBehavior [ RunTime:0.000132s ]
INFO: [ template_filter ] --END-- [ RunTime:0.000176s ]
SQL: SHOW COLUMNS FROM `robot_index` [ RunTime:0.0035s ]
SQL: SELECT * FROM `robot_index` ORDER BY id desc  [ RunTime:0.0002s ]
SQL: SHOW COLUMNS FROM `robot_learning_resources_download` [ RunTime:0.0055s ]
SQL: SELECT * FROM `robot_learning_resources_download` ORDER BY id desc LIMIT 6   [ RunTime:0.0003s ]
SQL: SHOW COLUMNS FROM `robot_institute_honor_album` [ RunTime:0.0035s ]
SQL: SELECT * FROM `robot_institute_honor_album` ORDER BY id desc  [ RunTime:0.0003s ]
INFO: Run Behavior\ParseTemplateBehavior [ RunTime:0.026948s ]
INFO: [ view_parse ] --END-- [ RunTime:0.027006s ]
INFO: [ view_filter ] --START--
INFO: Run Behavior\WriteHtmlCacheBehavior [ RunTime:0.000767s ]
INFO: [ view_filter ] --END-- [ RunTime:0.000805s ]
INFO: [ app_end ] --START--
INFO: Run Behavior\ShowPageTraceBehavior [ RunTime:0.001156s ]
INFO: [ app_end ] --END-- [ RunTime:0.001217s ]

[ 2018-04-18T10:07:59+08:00 ] 127.0.0.1 /RobotInstitute/login_admin
INFO: [ app_init ] --START--
INFO: Run Behavior\BuildLiteBehavior [ RunTime:0.000018s ]
INFO: [ app_init ] --END-- [ RunTime:0.000571s ]
INFO: [ app_begin ] --START--
INFO: Run Behavior\ReadHtmlCacheBehavior [ RunTime:0.001304s ]
INFO: [ app_begin ] --END-- [ RunTime:0.001405s ]

[ 2018-04-18T10:08:27+08:00 ] 127.0.0.1 /RobotInstitute/index.php
INFO: [ app_init ] --START--
INFO: Run Behavior\BuildLiteBehavior [ RunTime:0.000011s ]
INFO: [ app_init ] --END-- [ RunTime:0.000364s ]
INFO: [ app_begin ] --START--
INFO: Run Behavior\ReadHtmlCacheBehavior [ RunTime:0.000673s ]
INFO: [ app_begin ] --END-- [ RunTime:0.000714s ]
NOTIC: [8] A session had already been started - ignoring session_start() D:\phpStudy\WWW\RobotInstitute\ThinkPHP\Common\functions.php 第 1272 行.
SQL: SHOW COLUMNS FROM `robot_institute_overview` [ RunTime:0.0068s ]
SQL: SELECT * FROM `robot_institute_overview`  [ RunTime:0.0003s ]
SQL: SHOW COLUMNS FROM `robot_teaching_work` [ RunTime:0.0036s ]
SQL: SELECT * FROM `robot_teaching_work`  [ RunTime:0.0002s ]
SQL: SHOW COLUMNS FROM `robot_enroll_student` [ RunTime:0.0034s ]
SQL: SELECT * FROM `robot_enroll_student`  [ RunTime:0.0003s ]
SQL: SHOW COLUMNS FROM `robot_institute_show` [ RunTime:0.0036s ]
SQL: SELECT * FROM `robot_institute_show`  [ RunTime:0.0003s ]
SQL: SHOW COLUMNS FROM `robot_learning_resources` [ RunTime:0.0034s ]
SQL: SELECT * FROM `robot_learning_resources`  [ RunTime:0.0002s ]
SQL: SHOW COLUMNS FROM `robot_editable` [ RunTime:0.0036s ]
SQL: SELECT * FROM `robot_editable`  [ RunTime:0.0003s ]
SQL: SHOW COLUMNS FROM `robot_teaching_work` [ RunTime:0.0034s ]
SQL: SELECT `catalog_id`,`catalog`,`catalog_table` FROM `robot_teaching_work` WHERE ( 1=1 AND group_id='1' )  [ RunTime:0.0003s ]
SQL: SHOW COLUMNS FROM `robot_enroll_student` [ RunTime:0.0035s ]
SQL: SELECT `catalog_id`,`catalog`,`catalog_table` FROM `robot_enroll_student` WHERE ( 1=1 AND group_id='1' )  [ RunTime:0.0003s ]
SQL: SHOW COLUMNS FROM `robot_institute_show` [ RunTime:0.0034s ]
SQL: SELECT `catalog_id`,`catalog`,`catalog_table` FROM `robot_institute_show` WHERE ( 1=1 AND group_id='1' )  [ RunTime:0.0003s ]
SQL: SELECT `catalog_id`,`catalog`,`catalog_table` FROM `robot_teaching_work` WHERE ( 1=1 AND group_id='2' )  [ RunTime:0.0002s ]
SQL: SELECT `catalog_id`,`catalog`,`catalog_table` FROM `robot_enroll_student` WHERE ( 1=1 AND group_id='2' )  [ RunTime:0.0002s ]
SQL: SELECT `catalog_id`,`catalog`,`catalog_table` FROM `robot_institute_show` WHERE ( 1=1 AND group_id='2' )  [ RunTime:0.0002s ]
SQL: SELECT `catalog_id`,`catalog`,`catalog_table` FROM `robot_teaching_work` WHERE ( 1=1 AND group_id='3' )  [ RunTime:0.0002s ]
SQL: SELECT `catalog_id`,`catalog`,`catalog_table` FROM `robot_enroll_student` WHERE ( 1=1 AND group_id='3' )  [ RunTime:0.0002s ]
SQL: SELECT `catalog_id`,`catalog`,`catalog_table` FROM `robot_institute_show` WHERE ( 1=1 AND group_id='3' )  [ RunTime:0.0002s ]
NOTIC: [2] Invalid argument supplied for foreach() D:\phpStudy\WWW\RobotInstitute\Robot\Home\Controller\IndexController.class.php 第 135 行.
NOTIC: [2] Invalid argument supplied for foreach() D:\phpStudy\WWW\RobotInstitute\Robot\Home\Controller\IndexController.class.php 第 135 行.
NOTIC: [2] Invalid argument supplied for foreach() D:\phpStudy\WWW\RobotInstitute\Robot\Home\Controller\IndexController.class.php 第 135 行.
NOTIC: [2] Invalid argument supplied for foreach() D:\phpStudy\WWW\RobotInstitute\Robot\Home\Controller\IndexController.class.php 第 135 行.
SQL: SHOW COLUMNS FROM `robot_teaching_work_teaching_development` [ RunTime:0.0036s ]
SQL: SELECT * FROM `robot_teaching_work_teaching_development` ORDER BY date desc  [ RunTime:0.0003s ]
SQL: SHOW COLUMNS FROM `robot_teaching_work_major_introduction` [ RunTime:0.0034s ]
SQL: SELECT * FROM `robot_teaching_work_major_introduction` ORDER BY date desc  [ RunTime:0.0003s ]
SQL: SHOW COLUMNS FROM `robot_teaching_work_subject_research` [ RunTime:0.0035s ]
SQL: SELECT * FROM `robot_teaching_work_subject_research` ORDER BY date desc  [ RunTime:0.0002s ]
NOTIC: [2] Invalid argument supplied for foreach() D:\phpStudy\WWW\RobotInstitute\Robot\Home\Controller\IndexController.class.php 第 135 行.
NOTIC: [2] Invalid argument supplied for foreach() D:\phpStudy\WWW\RobotInstitute\Robot\Home\Controller\IndexController.class.php 第 135 行.
NOTIC: [2] Invalid argument supplied for foreach() D:\phpStudy\WWW\RobotInstitute\Robot\Home\Controller\IndexController.class.php 第 135 行.
NOTIC: [2] Invalid argument supplied for foreach() D:\phpStudy\WWW\RobotInstitute\Robot\Home\Controller\IndexController.class.php 第 135 行.
SQL: SHOW COLUMNS FROM `robot_enroll_student_standard` [ RunTime:0.0034s ]
SQL: SELECT * FROM `robot_enroll_student_standard` ORDER BY date desc  [ RunTime:0.0004s ]
SQL: SHOW COLUMNS FROM `robot_enroll_student_information` [ RunTime:0.0035s ]
SQL: SELECT * FROM `robot_enroll_student_information` ORDER BY date desc  [ RunTime:0.0006s ]
NOTIC: [2] Invalid argument supplied for foreach() D:\phpStudy\WWW\RobotInstitute\Robot\Home\Controller\IndexController.class.php 第 135 行.
NOTIC: [2] Invalid argument supplied for foreach() D:\phpStudy\WWW\RobotInstitute\Robot\Home\Controller\IndexController.class.php 第 135 行.
NOTIC: [2] Invalid argument supplied for foreach() D:\phpStudy\WWW\RobotInstitute\Robot\Home\Controller\IndexController.class.php 第 135 行.
NOTIC: [2] Invalid argument supplied for foreach() D:\phpStudy\WWW\RobotInstitute\Robot\Home\Controller\IndexController.class.php 第 135 行.
SQL: SHOW COLUMNS FROM `robot_institute_show_current_events` [ RunTime:0.0036s ]
SQL: SELECT * FROM `robot_institute_show_current_events` ORDER BY date desc  [ RunTime:0.0003s ]
SQL: SHOW COLUMNS FROM `robot_institute_show_vacation_training` [ RunTime:0.0034s ]
SQL: SELECT * FROM `robot_institute_show_vacation_training` ORDER BY date desc  [ RunTime:0.0002s ]
SQL: SHOW COLUMNS FROM `robot_institute_show_competition_awards` [ RunTime:0.0035s ]
SQL: SELECT * FROM `robot_institute_show_competition_awards` ORDER BY date desc  [ RunTime:0.0002s ]
SQL: SHOW COLUMNS FROM `robot_institute_show_visit` [ RunTime:0.0034s ]
SQL: SELECT * FROM `robot_institute_show_visit` ORDER BY date desc  [ RunTime:0.0002s ]
SQL: SHOW COLUMNS FROM `robot_institute_show_project_design` [ RunTime:0.0034s ]
SQL: SELECT * FROM `robot_institute_show_project_design` ORDER BY date desc  [ RunTime:0.0002s ]
SQL: SHOW COLUMNS FROM `robot_institute_show_subject_competition` [ RunTime:0.0033s ]
SQL: SELECT * FROM `robot_institute_show_subject_competition` ORDER BY date desc  [ RunTime:0.0002s ]
INFO: [ view_parse ] --START--
INFO: [ template_filter ] --START--
INFO: Run Behavior\ContentReplaceBehavior [ RunTime:0.000132s ]
INFO: [ template_filter ] --END-- [ RunTime:0.000174s ]
SQL: SHOW COLUMNS FROM `robot_index` [ RunTime:0.0035s ]
SQL: SELECT * FROM `robot_index` ORDER BY id desc  [ RunTime:0.0002s ]
SQL: SHOW COLUMNS FROM `robot_learning_resources_download` [ RunTime:0.0034s ]
SQL: SELECT * FROM `robot_learning_resources_download` ORDER BY id desc LIMIT 6   [ RunTime:0.0002s ]
SQL: SHOW COLUMNS FROM `robot_institute_honor_album` [ RunTime:0.0034s ]
SQL: SELECT * FROM `robot_institute_honor_album` ORDER BY id desc  [ RunTime:0.0002s ]
INFO: Run Behavior\ParseTemplateBehavior [ RunTime:0.021708s ]
INFO: [ view_parse ] --END-- [ RunTime:0.021748s ]
INFO: [ view_filter ] --START--
INFO: Run Behavior\WriteHtmlCacheBehavior [ RunTime:0.000442s ]
INFO: [ view_filter ] --END-- [ RunTime:0.000472s ]
INFO: [ app_end ] --START--
INFO: Run Behavior\ShowPageTraceBehavior [ RunTime:0.000664s ]
INFO: [ app_end ] --END-- [ RunTime:0.000700s ]

[ 2018-04-18T10:08:34+08:00 ] 127.0.0.1 /RobotInstitute/index
INFO: [ app_init ] --START--
INFO: Run Behavior\BuildLiteBehavior [ RunTime:0.000011s ]
INFO: [ app_init ] --END-- [ RunTime:0.000291s ]
INFO: [ app_begin ] --START--
INFO: Run Behavior\ReadHtmlCacheBehavior [ RunTime:0.000593s ]
INFO: [ app_begin ] --END-- [ RunTime:0.000631s ]
NOTIC: [8] A session had already been started - ignoring session_start() D:\phpStudy\WWW\RobotInstitute\ThinkPHP\Common\functions.php 第 1272 行.
SQL: SHOW COLUMNS FROM `robot_institute_overview` [ RunTime:0.0067s ]
SQL: SELECT * FROM `robot_institute_overview`  [ RunTime:0.0003s ]
SQL: SHOW COLUMNS FROM `robot_teaching_work` [ RunTime:0.0032s ]
SQL: SELECT * FROM `robot_teaching_work`  [ RunTime:0.0002s ]
SQL: SHOW COLUMNS FROM `robot_enroll_student` [ RunTime:0.0031s ]
SQL: SELECT * FROM `robot_enroll_student`  [ RunTime:0.0002s ]
SQL: SHOW COLUMNS FROM `robot_institute_show` [ RunTime:0.0036s ]
SQL: SELECT * FROM `robot_institute_show`  [ RunTime:0.0004s ]
SQL: SHOW COLUMNS FROM `robot_learning_resources` [ RunTime:0.0052s ]
SQL: SELECT * FROM `robot_learning_resources`  [ RunTime:0.0003s ]
SQL: SHOW COLUMNS FROM `robot_editable` [ RunTime:0.0033s ]
SQL: SELECT * FROM `robot_editable`  [ RunTime:0.0002s ]
SQL: SHOW COLUMNS FROM `robot_teaching_work` [ RunTime:0.0038s ]
SQL: SELECT `catalog_id`,`catalog`,`catalog_table` FROM `robot_teaching_work` WHERE ( 1=1 AND group_id='1' )  [ RunTime:0.0007s ]
SQL: SHOW COLUMNS FROM `robot_enroll_student` [ RunTime:0.0048s ]
SQL: SELECT `catalog_id`,`catalog`,`catalog_table` FROM `robot_enroll_student` WHERE ( 1=1 AND group_id='1' )  [ RunTime:0.0003s ]
SQL: SHOW COLUMNS FROM `robot_institute_show` [ RunTime:0.0032s ]
SQL: SELECT `catalog_id`,`catalog`,`catalog_table` FROM `robot_institute_show` WHERE ( 1=1 AND group_id='1' )  [ RunTime:0.0003s ]
SQL: SELECT `catalog_id`,`catalog`,`catalog_table` FROM `robot_teaching_work` WHERE ( 1=1 AND group_id='2' )  [ RunTime:0.0002s ]
SQL: SELECT `catalog_id`,`catalog`,`catalog_table` FROM `robot_enroll_student` WHERE ( 1=1 AND group_id='2' )  [ RunTime:0.0002s ]
SQL: SELECT `catalog_id`,`catalog`,`catalog_table` FROM `robot_institute_show` WHERE ( 1=1 AND group_id='2' )  [ RunTime:0.0002s ]
SQL: SELECT `catalog_id`,`catalog`,`catalog_table` FROM `robot_teaching_work` WHERE ( 1=1 AND group_id='3' )  [ RunTime:0.0002s ]
SQL: SELECT `catalog_id`,`catalog`,`catalog_table` FROM `robot_enroll_student` WHERE ( 1=1 AND group_id='3' )  [ RunTime:0.0002s ]
SQL: SELECT `catalog_id`,`catalog`,`catalog_table` FROM `robot_institute_show` WHERE ( 1=1 AND group_id='3' )  [ RunTime:0.0002s ]
NOTIC: [2] Invalid argument supplied for foreach() D:\phpStudy\WWW\RobotInstitute\Robot\Home\Controller\IndexController.class.php 第 135 行.
NOTIC: [2] Invalid argument supplied for foreach() D:\phpStudy\WWW\RobotInstitute\Robot\Home\Controller\IndexController.class.php 第 135 行.
NOTIC: [2] Invalid argument supplied for foreach() D:\phpStudy\WWW\RobotInstitute\Robot\Home\Controller\IndexController.class.php 第 135 行.
NOTIC: [2] Invalid argument supplied for foreach() D:\phpStudy\WWW\RobotInstitute\Robot\Home\Controller\IndexController.class.php 第 135 行.
SQL: SHOW COLUMNS FROM `robot_teaching_work_teaching_development` [ RunTime:0.0065s ]
SQL: SELECT * FROM `robot_teaching_work_teaching_development` ORDER BY date desc  [ RunTime:0.0003s ]
SQL: SHOW COLUMNS FROM `robot_teaching_work_major_introduction` [ RunTime:0.0036s ]
SQL: SELECT * FROM `robot_teaching_work_major_introduction` ORDER BY date desc  [ RunTime:0.0002s ]
SQL: SHOW COLUMNS FROM `robot_teaching_work_subject_research` [ RunTime:0.0033s ]
SQL: SELECT * FROM `robot_teaching_work_subject_research` ORDER BY date desc  [ RunTime:0.0003s ]
NOTIC: [2] Invalid argument supplied for foreach() D:\phpStudy\WWW\RobotInstitute\Robot\Home\Controller\IndexController.class.php 第 135 行.
NOTIC: [2] Invalid argument supplied for foreach() D:\phpStudy\WWW\RobotInstitute\Robot\Home\Controller\IndexController.class.php 第 135 行.
NOTIC: [2] Invalid argument supplied for foreach() D:\phpStudy\WWW\RobotInstitute\Robot\Home\Controller\IndexController.class.php 第 135 行.
NOTIC: [2] Invalid argument supplied for foreach() D:\phpStudy\WWW\RobotInstitute\Robot\Home\Controller\IndexController.class.php 第 135 行.
SQL: SHOW COLUMNS FROM `robot_enroll_student_standard` [ RunTime:0.0041s ]
SQL: SELECT * FROM `robot_enroll_student_standard` ORDER BY date desc  [ RunTime:0.0012s ]
SQL: SHOW COLUMNS FROM `robot_enroll_student_information` [ RunTime:0.0047s ]
SQL: SELECT * FROM `robot_enroll_student_information` ORDER BY date desc  [ RunTime:0.0005s ]
NOTIC: [2] Invalid argument supplied for foreach() D:\phpStudy\WWW\RobotInstitute\Robot\Home\Controller\IndexController.class.php 第 135 行.
NOTIC: [2] Invalid argument supplied for foreach() D:\phpStudy\WWW\RobotInstitute\Robot\Home\Controller\IndexController.class.php 第 135 行.
NOTIC: [2] Invalid argument supplied for foreach() D:\phpStudy\WWW\RobotInstitute\Robot\Home\Controller\IndexController.class.php 第 135 行.
NOTIC: [2] Invalid argument supplied for foreach() D:\phpStudy\WWW\RobotInstitute\Robot\Home\Controller\IndexController.class.php 第 135 行.
SQL: SHOW COLUMNS FROM `robot_institute_show_current_events` [ RunTime:0.0035s ]
SQL: SELECT * FROM `robot_institute_show_current_events` ORDER BY date desc  [ RunTime:0.0003s ]
SQL: SHOW COLUMNS FROM `robot_institute_show_vacation_training` [ RunTime:0.0032s ]
SQL: SELECT * FROM `robot_institute_show_vacation_training` ORDER BY date desc  [ RunTime:0.0002s ]
SQL: SHOW COLUMNS FROM `robot_institute_show_competition_awards` [ RunTime:0.0067s ]
SQL: SELECT * FROM `robot_institute_show_competition_awards` ORDER BY date desc  [ RunTime:0.0002s ]
SQL: SHOW COLUMNS FROM `robot_institute_show_visit` [ RunTime:0.0033s ]
SQL: SELECT * FROM `robot_institute_show_visit` ORDER BY date desc  [ RunTime:0.0003s ]
SQL: SHOW COLUMNS FROM `robot_institute_show_project_design` [ RunTime:0.0034s ]
SQL: SELECT * FROM `robot_institute_show_project_design` ORDER BY date desc  [ RunTime:0.0002s ]
SQL: SHOW COLUMNS FROM `robot_institute_show_subject_competition` [ RunTime:0.0064s ]
SQL: SELECT * FROM `robot_institute_show_subject_competition` ORDER BY date desc  [ RunTime:0.0005s ]
INFO: [ view_parse ] --START--
INFO: [ template_filter ] --START--
INFO: Run Behavior\ContentReplaceBehavior [ RunTime:0.000138s ]
INFO: [ template_filter ] --END-- [ RunTime:0.000189s ]
SQL: SHOW COLUMNS FROM `robot_index` [ RunTime:0.0048s ]
SQL: SELECT * FROM `robot_index` ORDER BY id desc  [ RunTime:0.0002s ]
SQL: SHOW COLUMNS FROM `robot_learning_resources_download` [ RunTime:0.0037s ]
SQL: SELECT * FROM `robot_learning_resources_download` ORDER BY id desc LIMIT 6   [ RunTime:0.0003s ]
SQL: SHOW COLUMNS FROM `robot_institute_honor_album` [ RunTime:0.0034s ]
SQL: SELECT * FROM `robot_institute_honor_album` ORDER BY id desc  [ RunTime:0.0003s ]
INFO: Run Behavior\ParseTemplateBehavior [ RunTime:0.025373s ]
INFO: [ view_parse ] --END-- [ RunTime:0.025419s ]
INFO: [ view_filter ] --START--
INFO: Run Behavior\WriteHtmlCacheBehavior [ RunTime:0.000514s ]
INFO: [ view_filter ] --END-- [ RunTime:0.000560s ]
INFO: [ app_end ] --START--
INFO: Run Behavior\ShowPageTraceBehavior [ RunTime:0.002238s ]
INFO: [ app_end ] --END-- [ RunTime:0.002332s ]

[ 2018-04-18T10:08:36+08:00 ] 127.0.0.1 /RobotInstitute/login_admin
INFO: [ app_init ] --START--
INFO: Run Behavior\BuildLiteBehavior [ RunTime:0.000013s ]
INFO: [ app_init ] --END-- [ RunTime:0.000304s ]
INFO: [ app_begin ] --START--
INFO: Run Behavior\ReadHtmlCacheBehavior [ RunTime:0.001028s ]
INFO: [ app_begin ] --END-- [ RunTime:0.001105s ]

[ 2018-04-18T10:08:56+08:00 ] ::1 /RobotInstitute/
INFO: [ app_init ] --START--
INFO: Run Behavior\BuildLiteBehavior [ RunTime:0.000011s ]
INFO: [ app_init ] --END-- [ RunTime:0.000322s ]
INFO: [ app_begin ] --START--
INFO: Run Behavior\ReadHtmlCacheBehavior [ RunTime:0.000743s ]
INFO: [ app_begin ] --END-- [ RunTime:0.000824s ]
NOTIC: [8] A session had already been started - ignoring session_start() D:\phpStudy\WWW\RobotInstitute\ThinkPHP\Common\functions.php 第 1272 行.
SQL: SHOW COLUMNS FROM `robot_institute_overview` [ RunTime:0.0033s ]
SQL: SELECT * FROM `robot_institute_overview`  [ RunTime:0.0003s ]
SQL: SHOW COLUMNS FROM `robot_teaching_work` [ RunTime:0.0079s ]
SQL: SELECT * FROM `robot_teaching_work`  [ RunTime:0.0003s ]
SQL: SHOW COLUMNS FROM `robot_enroll_student` [ RunTime:0.0035s ]
SQL: SELECT * FROM `robot_enroll_student`  [ RunTime:0.0002s ]
SQL: SHOW COLUMNS FROM `robot_institute_show` [ RunTime:0.0032s ]
SQL: SELECT * FROM `robot_institute_show`  [ RunTime:0.0003s ]
SQL: SHOW COLUMNS FROM `robot_learning_resources` [ RunTime:0.0048s ]
SQL: SELECT * FROM `robot_learning_resources`  [ RunTime:0.0002s ]
SQL: SHOW COLUMNS FROM `robot_editable` [ RunTime:0.0036s ]
SQL: SELECT * FROM `robot_editable`  [ RunTime:0.0002s ]
SQL: SHOW COLUMNS FROM `robot_teaching_work` [ RunTime:0.0035s ]
SQL: SELECT `catalog_id`,`catalog`,`catalog_table` FROM `robot_teaching_work` WHERE ( 1=1 AND group_id='1' )  [ RunTime:0.0002s ]
SQL: SHOW COLUMNS FROM `robot_enroll_student` [ RunTime:0.0049s ]
SQL: SELECT `catalog_id`,`catalog`,`catalog_table` FROM `robot_enroll_student` WHERE ( 1=1 AND group_id='1' )  [ RunTime:0.0003s ]
SQL: SHOW COLUMNS FROM `robot_institute_show` [ RunTime:0.0033s ]
SQL: SELECT `catalog_id`,`catalog`,`catalog_table` FROM `robot_institute_show` WHERE ( 1=1 AND group_id='1' )  [ RunTime:0.0003s ]
SQL: SELECT `catalog_id`,`catalog`,`catalog_table` FROM `robot_teaching_work` WHERE ( 1=1 AND group_id='2' )  [ RunTime:0.0002s ]
SQL: SELECT `catalog_id`,`catalog`,`catalog_table` FROM `robot_enroll_student` WHERE ( 1=1 AND group_id='2' )  [ RunTime:0.0002s ]
SQL: SELECT `catalog_id`,`catalog`,`catalog_table` FROM `robot_institute_show` WHERE ( 1=1 AND group_id='2' )  [ RunTime:0.0002s ]
SQL: SELECT `catalog_id`,`catalog`,`catalog_table` FROM `robot_teaching_work` WHERE ( 1=1 AND group_id='3' )  [ RunTime:0.0001s ]
SQL: SELECT `catalog_id`,`catalog`,`catalog_table` FROM `robot_enroll_student` WHERE ( 1=1 AND group_id='3' )  [ RunTime:0.0001s ]
SQL: SELECT `catalog_id`,`catalog`,`catalog_table` FROM `robot_institute_show` WHERE ( 1=1 AND group_id='3' )  [ RunTime:0.0002s ]
NOTIC: [2] Invalid argument supplied for foreach() D:\phpStudy\WWW\RobotInstitute\Robot\Home\Controller\IndexController.class.php 第 135 行.
NOTIC: [2] Invalid argument supplied for foreach() D:\phpStudy\WWW\RobotInstitute\Robot\Home\Controller\IndexController.class.php 第 135 行.
NOTIC: [2] Invalid argument supplied for foreach() D:\phpStudy\WWW\RobotInstitute\Robot\Home\Controller\IndexController.class.php 第 135 行.
NOTIC: [2] Invalid argument supplied for foreach() D:\phpStudy\WWW\RobotInstitute\Robot\Home\Controller\IndexController.class.php 第 135 行.
SQL: SHOW COLUMNS FROM `robot_teaching_work_teaching_development` [ RunTime:0.0034s ]
SQL: SELECT * FROM `robot_teaching_work_teaching_development` ORDER BY date desc  [ RunTime:0.0002s ]
SQL: SHOW COLUMNS FROM `robot_teaching_work_major_introduction` [ RunTime:0.0033s ]
SQL: SELECT * FROM `robot_teaching_work_major_introduction` ORDER BY date desc  [ RunTime:0.0003s ]
SQL: SHOW COLUMNS FROM `robot_teaching_work_subject_research` [ RunTime:0.0045s ]
SQL: SELECT * FROM `robot_teaching_work_subject_research` ORDER BY date desc  [ RunTime:0.0002s ]
NOTIC: [2] Invalid argument supplied for foreach() D:\phpStudy\WWW\RobotInstitute\Robot\Home\Controller\IndexController.class.php 第 135 行.
NOTIC: [2] Invalid argument supplied for foreach() D:\phpStudy\WWW\RobotInstitute\Robot\Home\Controller\IndexController.class.php 第 135 行.
NOTIC: [2] Invalid argument supplied for foreach() D:\phpStudy\WWW\RobotInstitute\Robot\Home\Controller\IndexController.class.php 第 135 行.
NOTIC: [2] Invalid argument supplied for foreach() D:\phpStudy\WWW\RobotInstitute\Robot\Home\Controller\IndexController.class.php 第 135 行.
SQL: SHOW COLUMNS FROM `robot_enroll_student_standard` [ RunTime:0.0032s ]
SQL: SELECT * FROM `robot_enroll_student_standard` ORDER BY date desc  [ RunTime:0.0003s ]
SQL: SHOW COLUMNS FROM `robot_enroll_student_information` [ RunTime:0.0034s ]
SQL: SELECT * FROM `robot_enroll_student_information` ORDER BY date desc  [ RunTime:0.0005s ]
NOTIC: [2] Invalid argument supplied for foreach() D:\phpStudy\WWW\RobotInstitute\Robot\Home\Controller\IndexController.class.php 第 135 行.
NOTIC: [2] Invalid argument supplied for foreach() D:\phpStudy\WWW\RobotInstitute\Robot\Home\Controller\IndexController.class.php 第 135 行.
NOTIC: [2] Invalid argument supplied for foreach() D:\phpStudy\WWW\RobotInstitute\Robot\Home\Controller\IndexController.class.php 第 135 行.
NOTIC: [2] Invalid argument supplied for foreach() D:\phpStudy\WWW\RobotInstitute\Robot\Home\Controller\IndexController.class.php 第 135 行.
SQL: SHOW COLUMNS FROM `robot_institute_show_current_events` [ RunTime:0.0065s ]
SQL: SELECT * FROM `robot_institute_show_current_events` ORDER BY date desc  [ RunTime:0.0003s ]
SQL: SHOW COLUMNS FROM `robot_institute_show_vacation_training` [ RunTime:0.0034s ]
SQL: SELECT * FROM `robot_institute_show_vacation_training` ORDER BY date desc  [ RunTime:0.0002s ]
SQL: SHOW COLUMNS FROM `robot_institute_show_competition_awards` [ RunTime:0.0032s ]
SQL: SELECT * FROM `robot_institute_show_competition_awards` ORDER BY date desc  [ RunTime:0.0002s ]
SQL: SHOW COLUMNS FROM `robot_institute_show_visit` [ RunTime:0.0032s ]
SQL: SELECT * FROM `robot_institute_show_visit` ORDER BY date desc  [ RunTime:0.0002s ]
SQL: SHOW COLUMNS FROM `robot_institute_show_project_design` [ RunTime:0.0081s ]
SQL: SELECT * FROM `robot_institute_show_project_design` ORDER BY date desc  [ RunTime:0.0002s ]
SQL: SHOW COLUMNS FROM `robot_institute_show_subject_competition` [ RunTime:0.0032s ]
SQL: SELECT * FROM `robot_institute_show_subject_competition` ORDER BY date desc  [ RunTime:0.0002s ]
INFO: [ view_parse ] --START--
INFO: [ template_filter ] --START--
INFO: Run Behavior\ContentReplaceBehavior [ RunTime:0.000156s ]
INFO: [ template_filter ] --END-- [ RunTime:0.000215s ]
SQL: SHOW COLUMNS FROM `robot_index` [ RunTime:0.0035s ]
SQL: SELECT * FROM `robot_index` ORDER BY id desc  [ RunTime:0.0002s ]
SQL: SHOW COLUMNS FROM `robot_learning_resources_download` [ RunTime:0.0035s ]
SQL: SELECT * FROM `robot_learning_resources_download` ORDER BY id desc LIMIT 6   [ RunTime:0.0002s ]
SQL: SHOW COLUMNS FROM `robot_institute_honor_album` [ RunTime:0.0044s ]
SQL: SELECT * FROM `robot_institute_honor_album` ORDER BY id desc  [ RunTime:0.0003s ]
INFO: Run Behavior\ParseTemplateBehavior [ RunTime:0.024072s ]
INFO: [ view_parse ] --END-- [ RunTime:0.024127s ]
INFO: [ view_filter ] --START--
INFO: Run Behavior\WriteHtmlCacheBehavior [ RunTime:0.000695s ]
INFO: [ view_filter ] --END-- [ RunTime:0.000763s ]
INFO: [ app_end ] --START--
INFO: Run Behavior\ShowPageTraceBehavior [ RunTime:0.001351s ]
INFO: [ app_end ] --END-- [ RunTime:0.001461s ]

[ 2018-04-18T10:08:57+08:00 ] ::1 /RobotInstitute/login_admin
INFO: [ app_init ] --START--
INFO: Run Behavior\BuildLiteBehavior [ RunTime:0.000057s ]
INFO: [ app_init ] --END-- [ RunTime:0.001697s ]
INFO: [ app_begin ] --START--
INFO: Run Behavior\ReadHtmlCacheBehavior [ RunTime:0.001386s ]
INFO: [ app_begin ] --END-- [ RunTime:0.001469s ]

[ 2018-04-18T10:17:46+08:00 ] ::1 /RobotInstitute/
INFO: [ app_init ] --START--
INFO: Run Behavior\BuildLiteBehavior [ RunTime:0.000018s ]
INFO: [ app_init ] --END-- [ RunTime:0.000428s ]
INFO: [ app_begin ] --START--
INFO: Run Behavior\ReadHtmlCacheBehavior [ RunTime:0.001011s ]
INFO: [ app_begin ] --END-- [ RunTime:0.001087s ]
NOTIC: [8] A session had already been started - ignoring session_start() D:\phpStudy\WWW\RobotInstitute\ThinkPHP\Common\functions.php 第 1272 行.
SQL: SHOW COLUMNS FROM `robot_institute_overview` [ RunTime:0.0075s ]
SQL: SELECT * FROM `robot_institute_overview`  [ RunTime:0.0007s ]
SQL: SHOW COLUMNS FROM `robot_teaching_work` [ RunTime:0.0072s ]
SQL: SELECT * FROM `robot_teaching_work`  [ RunTime:0.0003s ]
SQL: SHOW COLUMNS FROM `robot_enroll_student` [ RunTime:0.0048s ]
SQL: SELECT * FROM `robot_enroll_student`  [ RunTime:0.0003s ]
SQL: SHOW COLUMNS FROM `robot_institute_show` [ RunTime:0.0070s ]
SQL: SELECT * FROM `robot_institute_show`  [ RunTime:0.0003s ]
SQL: SHOW COLUMNS FROM `robot_learning_resources` [ RunTime:0.0038s ]
SQL: SELECT * FROM `robot_learning_resources`  [ RunTime:0.0002s ]
SQL: SHOW COLUMNS FROM `robot_editable` [ RunTime:0.0047s ]
SQL: SELECT * FROM `robot_editable`  [ RunTime:0.0004s ]
SQL: SHOW COLUMNS FROM `robot_teaching_work` [ RunTime:0.0042s ]
SQL: SELECT `catalog_id`,`catalog`,`catalog_table` FROM `robot_teaching_work` WHERE ( 1=1 AND group_id='1' )  [ RunTime:0.0003s ]
SQL: SHOW COLUMNS FROM `robot_enroll_student` [ RunTime:0.0048s ]
SQL: SELECT `catalog_id`,`catalog`,`catalog_table` FROM `robot_enroll_student` WHERE ( 1=1 AND group_id='1' )  [ RunTime:0.0003s ]
SQL: SHOW COLUMNS FROM `robot_institute_show` [ RunTime:0.0054s ]
SQL: SELECT `catalog_id`,`catalog`,`catalog_table` FROM `robot_institute_show` WHERE ( 1=1 AND group_id='1' )  [ RunTime:0.0004s ]
SQL: SELECT `catalog_id`,`catalog`,`catalog_table` FROM `robot_teaching_work` WHERE ( 1=1 AND group_id='2' )  [ RunTime:0.0003s ]
SQL: SELECT `catalog_id`,`catalog`,`catalog_table` FROM `robot_enroll_student` WHERE ( 1=1 AND group_id='2' )  [ RunTime:0.0002s ]
SQL: SELECT `catalog_id`,`catalog`,`catalog_table` FROM `robot_institute_show` WHERE ( 1=1 AND group_id='2' )  [ RunTime:0.0002s ]
SQL: SELECT `catalog_id`,`catalog`,`catalog_table` FROM `robot_teaching_work` WHERE ( 1=1 AND group_id='3' )  [ RunTime:0.0003s ]
SQL: SELECT `catalog_id`,`catalog`,`catalog_table` FROM `robot_enroll_student` WHERE ( 1=1 AND group_id='3' )  [ RunTime:0.0002s ]
SQL: SELECT `catalog_id`,`catalog`,`catalog_table` FROM `robot_institute_show` WHERE ( 1=1 AND group_id='3' )  [ RunTime:0.0004s ]
NOTIC: [2] Invalid argument supplied for foreach() D:\phpStudy\WWW\RobotInstitute\Robot\Home\Controller\IndexController.class.php 第 135 行.
NOTIC: [2] Invalid argument supplied for foreach() D:\phpStudy\WWW\RobotInstitute\Robot\Home\Controller\IndexController.class.php 第 135 行.
NOTIC: [2] Invalid argument supplied for foreach() D:\phpStudy\WWW\RobotInstitute\Robot\Home\Controller\IndexController.class.php 第 135 行.
NOTIC: [2] Invalid argument supplied for foreach() D:\phpStudy\WWW\RobotInstitute\Robot\Home\Controller\IndexController.class.php 第 135 行.
SQL: SHOW COLUMNS FROM `robot_teaching_work_teaching_development` [ RunTime:0.0037s ]
SQL: SELECT * FROM `robot_teaching_work_teaching_development` ORDER BY date desc  [ RunTime:0.0003s ]
SQL: SHOW COLUMNS FROM `robot_teaching_work_major_introduction` [ RunTime:0.0047s ]
SQL: SELECT * FROM `robot_teaching_work_major_introduction` ORDER BY date desc  [ RunTime:0.0003s ]
SQL: SHOW COLUMNS FROM `robot_teaching_work_subject_research` [ RunTime:0.0051s ]
SQL: SELECT * FROM `robot_teaching_work_subject_research` ORDER BY date desc  [ RunTime:0.0003s ]
NOTIC: [2] Invalid argument supplied for foreach() D:\phpStudy\WWW\RobotInstitute\Robot\Home\Controller\IndexController.class.php 第 135 行.
NOTIC: [2] Invalid argument supplied for foreach() D:\phpStudy\WWW\RobotInstitute\Robot\Home\Controller\IndexController.class.php 第 135 行.
NOTIC: [2] Invalid argument supplied for foreach() D:\phpStudy\WWW\RobotInstitute\Robot\Home\Controller\IndexController.class.php 第 135 行.
NOTIC: [2] Invalid argument supplied for foreach() D:\phpStudy\WWW\RobotInstitute\Robot\Home\Controller\IndexController.class.php 第 135 行.
SQL: SHOW COLUMNS FROM `robot_enroll_student_standard` [ RunTime:0.0048s ]
SQL: SELECT * FROM `robot_enroll_student_standard` ORDER BY date desc  [ RunTime:0.0006s ]
SQL: SHOW COLUMNS FROM `robot_enroll_student_information` [ RunTime:0.0044s ]
SQL: SELECT * FROM `robot_enroll_student_information` ORDER BY date desc  [ RunTime:0.0006s ]
NOTIC: [2] Invalid argument supplied for foreach() D:\phpStudy\WWW\RobotInstitute\Robot\Home\Controller\IndexController.class.php 第 135 行.
NOTIC: [2] Invalid argument supplied for foreach() D:\phpStudy\WWW\RobotInstitute\Robot\Home\Controller\IndexController.class.php 第 135 行.
NOTIC: [2] Invalid argument supplied for foreach() D:\phpStudy\WWW\RobotInstitute\Robot\Home\Controller\IndexController.class.php 第 135 行.
NOTIC: [2] Invalid argument supplied for foreach() D:\phpStudy\WWW\RobotInstitute\Robot\Home\Controller\IndexController.class.php 第 135 行.
SQL: SHOW COLUMNS FROM `robot_institute_show_current_events` [ RunTime:0.0044s ]
SQL: SELECT * FROM `robot_institute_show_current_events` ORDER BY date desc  [ RunTime:0.0002s ]
SQL: SHOW COLUMNS FROM `robot_institute_show_vacation_training` [ RunTime:0.0032s ]
SQL: SELECT * FROM `robot_institute_show_vacation_training` ORDER BY date desc  [ RunTime:0.0002s ]
SQL: SHOW COLUMNS FROM `robot_institute_show_competition_awards` [ RunTime:0.0036s ]
SQL: SELECT * FROM `robot_institute_show_competition_awards` ORDER BY date desc  [ RunTime:0.0002s ]
SQL: SHOW COLUMNS FROM `robot_institute_show_visit` [ RunTime:0.0034s ]
SQL: SELECT * FROM `robot_institute_show_visit` ORDER BY date desc  [ RunTime:0.0003s ]
SQL: SHOW COLUMNS FROM `robot_institute_show_project_design` [ RunTime:0.0037s ]
SQL: SELECT * FROM `robot_institute_show_project_design` ORDER BY date desc  [ RunTime:0.0002s ]
SQL: SHOW COLUMNS FROM `robot_institute_show_subject_competition` [ RunTime:0.0033s ]
SQL: SELECT * FROM `robot_institute_show_subject_competition` ORDER BY date desc  [ RunTime:0.0002s ]
INFO: [ view_parse ] --START--
INFO: [ template_filter ] --START--
INFO: Run Behavior\ContentReplaceBehavior [ RunTime:0.000169s ]
INFO: [ template_filter ] --END-- [ RunTime:0.000234s ]
SQL: SHOW COLUMNS FROM `robot_index` [ RunTime:0.0034s ]
SQL: SELECT * FROM `robot_index` ORDER BY id desc  [ RunTime:0.0002s ]
SQL: SHOW COLUMNS FROM `robot_learning_resources_download` [ RunTime:0.0032s ]
SQL: SELECT * FROM `robot_learning_resources_download` ORDER BY id desc LIMIT 6   [ RunTime:0.0002s ]
SQL: SHOW COLUMNS FROM `robot_institute_honor_album` [ RunTime:0.0032s ]
SQL: SELECT * FROM `robot_institute_honor_album` ORDER BY id desc  [ RunTime:0.0002s ]
INFO: Run Behavior\ParseTemplateBehavior [ RunTime:0.023157s ]
INFO: [ view_parse ] --END-- [ RunTime:0.023197s ]
INFO: [ view_filter ] --START--
INFO: Run Behavior\WriteHtmlCacheBehavior [ RunTime:0.000545s ]
INFO: [ view_filter ] --END-- [ RunTime:0.000577s ]
INFO: [ app_end ] --START--
INFO: Run Behavior\ShowPageTraceBehavior [ RunTime:0.001674s ]
INFO: [ app_end ] --END-- [ RunTime:0.001743s ]

[ 2018-04-18T10:17:48+08:00 ] ::1 /RobotInstitute/login_admin
INFO: [ app_init ] --START--
INFO: Run Behavior\BuildLiteBehavior [ RunTime:0.000022s ]
INFO: [ app_init ] --END-- [ RunTime:0.000643s ]
INFO: [ app_begin ] --START--
INFO: Run Behavior\ReadHtmlCacheBehavior [ RunTime:0.001185s ]
INFO: [ app_begin ] --END-- [ RunTime:0.001263s ]

[ 2018-04-18T10:20:58+08:00 ] ::1 /RobotInstitute/
INFO: [ app_init ] --START--
INFO: Run Behavior\BuildLiteBehavior [ RunTime:0.000012s ]
INFO: [ app_init ] --END-- [ RunTime:0.000362s ]
INFO: [ app_begin ] --START--
INFO: Run Behavior\ReadHtmlCacheBehavior [ RunTime:0.000768s ]
INFO: [ app_begin ] --END-- [ RunTime:0.000811s ]
NOTIC: [8] A session had already been started - ignoring session_start() D:\phpStudy\WWW\RobotInstitute\ThinkPHP\Common\functions.php 第 1272 行.
SQL: SHOW COLUMNS FROM `robot_institute_overview` [ RunTime:0.0074s ]
SQL: SELECT * FROM `robot_institute_overview`  [ RunTime:0.0002s ]
SQL: SHOW COLUMNS FROM `robot_teaching_work` [ RunTime:0.0035s ]
SQL: SELECT * FROM `robot_teaching_work`  [ RunTime:0.0002s ]
SQL: SHOW COLUMNS FROM `robot_enroll_student` [ RunTime:0.0035s ]
SQL: SELECT * FROM `robot_enroll_student`  [ RunTime:0.0002s ]
SQL: SHOW COLUMNS FROM `robot_institute_show` [ RunTime:0.0035s ]
SQL: SELECT * FROM `robot_institute_show`  [ RunTime:0.0003s ]
SQL: SHOW COLUMNS FROM `robot_learning_resources` [ RunTime:0.0048s ]
SQL: SELECT * FROM `robot_learning_resources`  [ RunTime:0.0003s ]
SQL: SHOW COLUMNS FROM `robot_editable` [ RunTime:0.0036s ]
SQL: SELECT * FROM `robot_editable`  [ RunTime:0.0003s ]
SQL: SHOW COLUMNS FROM `robot_teaching_work` [ RunTime:0.0036s ]
SQL: SELECT `catalog_id`,`catalog`,`catalog_table` FROM `robot_teaching_work` WHERE ( 1=1 AND group_id='1' )  [ RunTime:0.0003s ]
SQL: SHOW COLUMNS FROM `robot_enroll_student` [ RunTime:0.0042s ]
SQL: SELECT `catalog_id`,`catalog`,`catalog_table` FROM `robot_enroll_student` WHERE ( 1=1 AND group_id='1' )  [ RunTime:0.0003s ]
SQL: SHOW COLUMNS FROM `robot_institute_show` [ RunTime:0.0035s ]
SQL: SELECT `catalog_id`,`catalog`,`catalog_table` FROM `robot_institute_show` WHERE ( 1=1 AND group_id='1' )  [ RunTime:0.0003s ]
SQL: SELECT `catalog_id`,`catalog`,`catalog_table` FROM `robot_teaching_work` WHERE ( 1=1 AND group_id='2' )  [ RunTime:0.0002s ]
SQL: SELECT `catalog_id`,`catalog`,`catalog_table` FROM `robot_enroll_student` WHERE ( 1=1 AND group_id='2' )  [ RunTime:0.0002s ]
SQL: SELECT `catalog_id`,`catalog`,`catalog_table` FROM `robot_institute_show` WHERE ( 1=1 AND group_id='2' )  [ RunTime:0.0001s ]
SQL: SELECT `catalog_id`,`catalog`,`catalog_table` FROM `robot_teaching_work` WHERE ( 1=1 AND group_id='3' )  [ RunTime:0.0001s ]
SQL: SELECT `catalog_id`,`catalog`,`catalog_table` FROM `robot_enroll_student` WHERE ( 1=1 AND group_id='3' )  [ RunTime:0.0001s ]
SQL: SELECT `catalog_id`,`catalog`,`catalog_table` FROM `robot_institute_show` WHERE ( 1=1 AND group_id='3' )  [ RunTime:0.0002s ]
NOTIC: [2] Invalid argument supplied for foreach() D:\phpStudy\WWW\RobotInstitute\Robot\Home\Controller\IndexController.class.php 第 135 行.
NOTIC: [2] Invalid argument supplied for foreach() D:\phpStudy\WWW\RobotInstitute\Robot\Home\Controller\IndexController.class.php 第 135 行.
NOTIC: [2] Invalid argument supplied for foreach() D:\phpStudy\WWW\RobotInstitute\Robot\Home\Controller\IndexController.class.php 第 135 行.
NOTIC: [2] Invalid argument supplied for foreach() D:\phpStudy\WWW\RobotInstitute\Robot\Home\Controller\IndexController.class.php 第 135 行.
SQL: SHOW COLUMNS FROM `robot_teaching_work_teaching_development` [ RunTime:0.0037s ]
SQL: SELECT * FROM `robot_teaching_work_teaching_development` ORDER BY date desc  [ RunTime:0.0002s ]
SQL: SHOW COLUMNS FROM `robot_teaching_work_major_introduction` [ RunTime:0.0039s ]
SQL: SELECT * FROM `robot_teaching_work_major_introduction` ORDER BY date desc  [ RunTime:0.0003s ]
SQL: SHOW COLUMNS FROM `robot_teaching_work_subject_research` [ RunTime:0.0043s ]
SQL: SELECT * FROM `robot_teaching_work_subject_research` ORDER BY date desc  [ RunTime:0.0003s ]
NOTIC: [2] Invalid argument supplied for foreach() D:\phpStudy\WWW\RobotInstitute\Robot\Home\Controller\IndexController.class.php 第 135 行.
NOTIC: [2] Invalid argument supplied for foreach() D:\phpStudy\WWW\RobotInstitute\Robot\Home\Controller\IndexController.class.php 第 135 行.
NOTIC: [2] Invalid argument supplied for foreach() D:\phpStudy\WWW\RobotInstitute\Robot\Home\Controller\IndexController.class.php 第 135 行.
NOTIC: [2] Invalid argument supplied for foreach() D:\phpStudy\WWW\RobotInstitute\Robot\Home\Controller\IndexController.class.php 第 135 行.
SQL: SHOW COLUMNS FROM `robot_enroll_student_standard` [ RunTime:0.0038s ]
SQL: SELECT * FROM `robot_enroll_student_standard` ORDER BY date desc  [ RunTime:0.0004s ]
SQL: SHOW COLUMNS FROM `robot_enroll_student_information` [ RunTime:0.0035s ]
SQL: SELECT * FROM `robot_enroll_student_information` ORDER BY date desc  [ RunTime:0.0006s ]
NOTIC: [2] Invalid argument supplied for foreach() D:\phpStudy\WWW\RobotInstitute\Robot\Home\Controller\IndexController.class.php 第 135 行.
NOTIC: [2] Invalid argument supplied for foreach() D:\phpStudy\WWW\RobotInstitute\Robot\Home\Controller\IndexController.class.php 第 135 行.
NOTIC: [2] Invalid argument supplied for foreach() D:\phpStudy\WWW\RobotInstitute\Robot\Home\Controller\IndexController.class.php 第 135 行.
NOTIC: [2] Invalid argument supplied for foreach() D:\phpStudy\WWW\RobotInstitute\Robot\Home\Controller\IndexController.class.php 第 135 行.
SQL: SHOW COLUMNS FROM `robot_institute_show_current_events` [ RunTime:0.0045s ]
SQL: SELECT * FROM `robot_institute_show_current_events` ORDER BY date desc  [ RunTime:0.0003s ]
SQL: SHOW COLUMNS FROM `robot_institute_show_vacation_training` [ RunTime:0.0036s ]
SQL: SELECT * FROM `robot_institute_show_vacation_training` ORDER BY date desc  [ RunTime:0.0002s ]
SQL: SHOW COLUMNS FROM `robot_institute_show_competition_awards` [ RunTime:0.0036s ]
SQL: SELECT * FROM `robot_institute_show_competition_awards` ORDER BY date desc  [ RunTime:0.0002s ]
SQL: SHOW COLUMNS FROM `robot_institute_show_visit` [ RunTime:0.0035s ]
SQL: SELECT * FROM `robot_institute_show_visit` ORDER BY date desc  [ RunTime:0.0003s ]
SQL: SHOW COLUMNS FROM `robot_institute_show_project_design` [ RunTime:0.0045s ]
SQL: SELECT * FROM `robot_institute_show_project_design` ORDER BY date desc  [ RunTime:0.0002s ]
SQL: SHOW COLUMNS FROM `robot_institute_show_subject_competition` [ RunTime:0.0036s ]
SQL: SELECT * FROM `robot_institute_show_subject_competition` ORDER BY date desc  [ RunTime:0.0002s ]
INFO: [ view_parse ] --START--
INFO: [ template_filter ] --START--
INFO: Run Behavior\ContentReplaceBehavior [ RunTime:0.000229s ]
INFO: [ template_filter ] --END-- [ RunTime:0.000290s ]
SQL: SHOW COLUMNS FROM `robot_index` [ RunTime:0.0040s ]
SQL: SELECT * FROM `robot_index` ORDER BY id desc  [ RunTime:0.0003s ]
SQL: SHOW COLUMNS FROM `robot_learning_resources_download` [ RunTime:0.0038s ]
SQL: SELECT * FROM `robot_learning_resources_download` ORDER BY id desc LIMIT 6   [ RunTime:0.0002s ]
SQL: SHOW COLUMNS FROM `robot_institute_honor_album` [ RunTime:0.0043s ]
SQL: SELECT * FROM `robot_institute_honor_album` ORDER BY id desc  [ RunTime:0.0004s ]
INFO: Run Behavior\ParseTemplateBehavior [ RunTime:0.025901s ]
INFO: [ view_parse ] --END-- [ RunTime:0.025960s ]
INFO: [ view_filter ] --START--
INFO: Run Behavior\WriteHtmlCacheBehavior [ RunTime:0.000984s ]
INFO: [ view_filter ] --END-- [ RunTime:0.001033s ]
INFO: [ app_end ] --START--
INFO: Run Behavior\ShowPageTraceBehavior [ RunTime:0.001296s ]
INFO: [ app_end ] --END-- [ RunTime:0.001355s ]

[ 2018-04-18T10:21:02+08:00 ] ::1 /RobotInstitute/login_admin
INFO: [ app_init ] --START--
INFO: Run Behavior\BuildLiteBehavior [ RunTime:0.000013s ]
INFO: [ app_init ] --END-- [ RunTime:0.000370s ]
INFO: [ app_begin ] --START--
INFO: Run Behavior\ReadHtmlCacheBehavior [ RunTime:0.000701s ]
INFO: [ app_begin ] --END-- [ RunTime:0.000739s ]

