[ 2018-01-27T15:49:44+08:00 ] ::1 /thinkphp/
INFO: [ app_init ] --START--
INFO: Run Behavior\BuildLiteBehavior [ RunTime:0.000013s ]
INFO: [ app_init ] --END-- [ RunTime:0.000064s ]
INFO: [ app_begin ] --START--
INFO: Run Behavior\ReadHtmlCacheBehavior [ RunTime:0.000829s ]
INFO: [ app_begin ] --END-- [ RunTime:0.000870s ]
INFO: [ view_parse ] --START--
INFO: [ template_filter ] --START--
INFO: Run Behavior\ContentReplaceBehavior [ RunTime:0.000027s ]
INFO: [ template_filter ] --END-- [ RunTime:0.000069s ]
INFO: Run Behavior\ParseTemplateBehavior [ RunTime:0.006082s ]
INFO: [ view_parse ] --END-- [ RunTime:0.006126s ]
INFO: [ view_filter ] --START--
INFO: Run Behavior\WriteHtmlCacheBehavior [ RunTime:0.000432s ]
INFO: [ view_filter ] --END-- [ RunTime:0.000461s ]
INFO: [ app_end ] --START--
INFO: Run Behavior\ShowPageTraceBehavior [ RunTime:0.000710s ]
INFO: [ app_end ] --END-- [ RunTime:0.000744s ]

[ 2018-01-27T20:42:43+08:00 ] ::1 /thinkphp/index.php
INFO: [ app_init ] --START--
INFO: Run Behavior\BuildLiteBehavior [ RunTime:0.000044s ]
INFO: [ app_init ] --END-- [ RunTime:0.000937s ]
INFO: [ app_begin ] --START--
INFO: Run Behavior\ReadHtmlCacheBehavior [ RunTime:0.000729s ]
INFO: [ app_begin ] --END-- [ RunTime:0.000775s ]
INFO: [ app_end ] --START--
INFO: Run Behavior\ShowPageTraceBehavior [ RunTime:0.000701s ]
INFO: [ app_end ] --END-- [ RunTime:0.000749s ]

[ 2018-01-27T20:42:54+08:00 ] ::1 /thinkphp/index.php/Home
INFO: [ app_init ] --START--
INFO: Run Behavior\BuildLiteBehavior [ RunTime:0.000012s ]
INFO: [ app_init ] --END-- [ RunTime:0.000415s ]
INFO: [ app_begin ] --START--
INFO: Run Behavior\ReadHtmlCacheBehavior [ RunTime:0.001000s ]
INFO: [ app_begin ] --END-- [ RunTime:0.001048s ]
INFO: [ app_end ] --START--
INFO: Run Behavior\ShowPageTraceBehavior [ RunTime:0.001113s ]
INFO: [ app_end ] --END-- [ RunTime:0.001192s ]

[ 2018-01-27T21:10:41+08:00 ] ::1 /thinkphp/index.php/
INFO: [ app_init ] --START--
INFO: Run Behavior\BuildLiteBehavior [ RunTime:0.000023s ]
INFO: [ app_init ] --END-- [ RunTime:0.000641s ]
INFO: [ app_begin ] --START--
INFO: Run Behavior\ReadHtmlCacheBehavior [ RunTime:0.001138s ]
INFO: [ app_begin ] --END-- [ RunTime:0.001187s ]
INFO: [ app_end ] --START--
INFO: Run Behavior\ShowPageTraceBehavior [ RunTime:0.001001s ]
INFO: [ app_end ] --END-- [ RunTime:0.001049s ]

[ 2018-01-27T21:10:51+08:00 ] ::1 /thinkphp/index.php/Home
INFO: [ app_init ] --START--
INFO: Run Behavior\BuildLiteBehavior [ RunTime:0.000021s ]
INFO: [ app_init ] --END-- [ RunTime:0.000727s ]
INFO: [ app_begin ] --START--
INFO: Run Behavior\ReadHtmlCacheBehavior [ RunTime:0.001398s ]
INFO: [ app_begin ] --END-- [ RunTime:0.001463s ]
INFO: [ app_end ] --START--
INFO: Run Behavior\ShowPageTraceBehavior [ RunTime:0.001010s ]
INFO: [ app_end ] --END-- [ RunTime:0.001057s ]

[ 2018-01-27T21:11:03+08:00 ] ::1 /thinkphp/index.php/Home/model
INFO: [ app_init ] --START--
INFO: Run Behavior\BuildLiteBehavior [ RunTime:0.000035s ]
INFO: [ app_init ] --END-- [ RunTime:0.000705s ]
INFO: [ app_begin ] --START--
INFO: Run Behavior\ReadHtmlCacheBehavior [ RunTime:0.000985s ]
INFO: [ app_begin ] --END-- [ RunTime:0.001031s ]
ERR: 无法加载控制器:Model

[ 2018-01-27T21:11:11+08:00 ] ::1 /thinkphp/index.php/Home/index
INFO: [ app_init ] --START--
INFO: Run Behavior\BuildLiteBehavior [ RunTime:0.000012s ]
INFO: [ app_init ] --END-- [ RunTime:0.000392s ]
INFO: [ app_begin ] --START--
INFO: Run Behavior\ReadHtmlCacheBehavior [ RunTime:0.001225s ]
INFO: [ app_begin ] --END-- [ RunTime:0.001279s ]
INFO: [ app_end ] --START--
INFO: Run Behavior\ShowPageTraceBehavior [ RunTime:0.001151s ]
INFO: [ app_end ] --END-- [ RunTime:0.001203s ]

[ 2018-01-27T21:11:14+08:00 ] ::1 /thinkphp/index.php/Home/index/model
INFO: [ app_init ] --START--
INFO: Run Behavior\BuildLiteBehavior [ RunTime:0.000014s ]
INFO: [ app_init ] --END-- [ RunTime:0.000931s ]
INFO: [ app_begin ] --START--
INFO: Run Behavior\ReadHtmlCacheBehavior [ RunTime:0.001267s ]
INFO: [ app_begin ] --END-- [ RunTime:0.001318s ]

[ 2018-01-27T21:11:56+08:00 ] ::1 /thinkphp/index.php/Home/index/indx
INFO: [ app_init ] --START--
INFO: Run Behavior\BuildLiteBehavior [ RunTime:0.000020s ]
INFO: [ app_init ] --END-- [ RunTime:0.000564s ]
INFO: [ app_begin ] --START--
INFO: Run Behavior\ReadHtmlCacheBehavior [ RunTime:0.001023s ]
INFO: [ app_begin ] --END-- [ RunTime:0.001070s ]
ERR: 非法操作:indx

[ 2018-01-27T21:11:59+08:00 ] ::1 /thinkphp/index.php/Home/index/index
INFO: [ app_init ] --START--
INFO: Run Behavior\BuildLiteBehavior [ RunTime:0.000011s ]
INFO: [ app_init ] --END-- [ RunTime:0.000382s ]
INFO: [ app_begin ] --START--
INFO: Run Behavior\ReadHtmlCacheBehavior [ RunTime:0.001087s ]
INFO: [ app_begin ] --END-- [ RunTime:0.001140s ]
INFO: [ app_end ] --START--
INFO: Run Behavior\ShowPageTraceBehavior [ RunTime:0.000995s ]
INFO: [ app_end ] --END-- [ RunTime:0.001041s ]

[ 2018-01-27T21:12:07+08:00 ] ::1 /thinkphp/index.php/Home/index/model
INFO: [ app_init ] --START--
INFO: Run Behavior\BuildLiteBehavior [ RunTime:0.000015s ]
INFO: [ app_init ] --END-- [ RunTime:0.000596s ]
INFO: [ app_begin ] --START--
INFO: Run Behavior\ReadHtmlCacheBehavior [ RunTime:0.000690s ]
INFO: [ app_begin ] --END-- [ RunTime:0.000736s ]

[ 2018-01-27T21:12:25+08:00 ] ::1 /thinkphp/index.php/Home/index/indx
INFO: [ app_init ] --START--
INFO: Run Behavior\BuildLiteBehavior [ RunTime:0.000013s ]
INFO: [ app_init ] --END-- [ RunTime:0.000414s ]
INFO: [ app_begin ] --START--
INFO: Run Behavior\ReadHtmlCacheBehavior [ RunTime:0.001121s ]
INFO: [ app_begin ] --END-- [ RunTime:0.001185s ]
ERR: 非法操作:indx

[ 2018-01-27T21:12:30+08:00 ] ::1 /thinkphp/index.php/Home/index/index
INFO: [ app_init ] --START--
INFO: Run Behavior\BuildLiteBehavior [ RunTime:0.000013s ]
INFO: [ app_init ] --END-- [ RunTime:0.000428s ]
INFO: [ app_begin ] --START--
INFO: Run Behavior\ReadHtmlCacheBehavior [ RunTime:0.001367s ]
INFO: [ app_begin ] --END-- [ RunTime:0.001418s ]
INFO: [ app_end ] --START--
INFO: Run Behavior\ShowPageTraceBehavior [ RunTime:0.001002s ]
INFO: [ app_end ] --END-- [ RunTime:0.001046s ]

[ 2018-01-27T21:12:36+08:00 ] ::1 /thinkphp/index.php/Home/index/index/index
INFO: [ app_init ] --START--
INFO: Run Behavior\BuildLiteBehavior [ RunTime:0.000014s ]
INFO: [ app_init ] --END-- [ RunTime:0.000551s ]
INFO: [ app_begin ] --START--
INFO: Run Behavior\ReadHtmlCacheBehavior [ RunTime:0.000965s ]
INFO: [ app_begin ] --END-- [ RunTime:0.001008s ]
INFO: [ app_end ] --START--
INFO: Run Behavior\ShowPageTraceBehavior [ RunTime:0.001385s ]
INFO: [ app_end ] --END-- [ RunTime:0.001470s ]

[ 2018-01-27T21:12:42+08:00 ] ::1 /thinkphp/index.php/Home/index/index/index/index
INFO: [ app_init ] --START--
INFO: Run Behavior\BuildLiteBehavior [ RunTime:0.000012s ]
INFO: [ app_init ] --END-- [ RunTime:0.000424s ]
INFO: [ app_begin ] --START--
INFO: Run Behavior\ReadHtmlCacheBehavior [ RunTime:0.000554s ]
INFO: [ app_begin ] --END-- [ RunTime:0.000590s ]
INFO: [ app_end ] --START--
INFO: Run Behavior\ShowPageTraceBehavior [ RunTime:0.000832s ]
INFO: [ app_end ] --END-- [ RunTime:0.000887s ]

[ 2018-01-27T21:12:44+08:00 ] ::1 /thinkphp/index.php/Home/index/index/index/index
INFO: [ app_init ] --START--
INFO: Run Behavior\BuildLiteBehavior [ RunTime:0.000012s ]
INFO: [ app_init ] --END-- [ RunTime:0.000334s ]
INFO: [ app_begin ] --START--
INFO: Run Behavior\ReadHtmlCacheBehavior [ RunTime:0.000520s ]
INFO: [ app_begin ] --END-- [ RunTime:0.000554s ]
INFO: [ app_end ] --START--
INFO: Run Behavior\ShowPageTraceBehavior [ RunTime:0.000440s ]
INFO: [ app_end ] --END-- [ RunTime:0.000489s ]

[ 2018-01-27T21:15:21+08:00 ] ::1 /thinkphp/
INFO: [ app_init ] --START--
INFO: Run Behavior\BuildLiteBehavior [ RunTime:0.000015s ]
INFO: [ app_init ] --END-- [ RunTime:0.000474s ]
INFO: [ app_begin ] --START--
INFO: Run Behavior\ReadHtmlCacheBehavior [ RunTime:0.000976s ]
INFO: [ app_begin ] --END-- [ RunTime:0.001022s ]
INFO: [ app_end ] --START--
INFO: Run Behavior\ShowPageTraceBehavior [ RunTime:0.001546s ]
INFO: [ app_end ] --END-- [ RunTime:0.001593s ]

[ 2018-01-27T21:15:25+08:00 ] ::1 /thinkphp/HOme
INFO: [ app_init ] --START--
INFO: Run Behavior\BuildLiteBehavior [ RunTime:0.000012s ]
INFO: [ app_init ] --END-- [ RunTime:0.000399s ]
INFO: [ app_begin ] --START--
INFO: Run Behavior\ReadHtmlCacheBehavior [ RunTime:0.001013s ]
INFO: [ app_begin ] --END-- [ RunTime:0.001061s ]
ERR: 无法加载控制器:Index

[ 2018-01-27T21:15:32+08:00 ] ::1 /thinkphp/Home
INFO: [ app_init ] --START--
INFO: Run Behavior\BuildLiteBehavior [ RunTime:0.000012s ]
INFO: [ app_init ] --END-- [ RunTime:0.000386s ]
INFO: [ app_begin ] --START--
INFO: Run Behavior\ReadHtmlCacheBehavior [ RunTime:0.000713s ]
INFO: [ app_begin ] --END-- [ RunTime:0.000759s ]
INFO: [ app_end ] --START--
INFO: Run Behavior\ShowPageTraceBehavior [ RunTime:0.000618s ]
INFO: [ app_end ] --END-- [ RunTime:0.000658s ]

[ 2018-01-27T21:15:42+08:00 ] ::1 /thinkphp/Home/index
INFO: [ app_init ] --START--
INFO: Run Behavior\BuildLiteBehavior [ RunTime:0.000013s ]
INFO: [ app_init ] --END-- [ RunTime:0.000421s ]
INFO: [ app_begin ] --START--
INFO: Run Behavior\ReadHtmlCacheBehavior [ RunTime:0.001032s ]
INFO: [ app_begin ] --END-- [ RunTime:0.001078s ]
INFO: [ app_end ] --START--
INFO: Run Behavior\ShowPageTraceBehavior [ RunTime:0.000966s ]
INFO: [ app_end ] --END-- [ RunTime:0.001004s ]

[ 2018-01-27T21:15:47+08:00 ] ::1 /thinkphp/Home/index/model
INFO: [ app_init ] --START--
INFO: Run Behavior\BuildLiteBehavior [ RunTime:0.000012s ]
INFO: [ app_init ] --END-- [ RunTime:0.000416s ]
INFO: [ app_begin ] --START--
INFO: Run Behavior\ReadHtmlCacheBehavior [ RunTime:0.001623s ]
INFO: [ app_begin ] --END-- [ RunTime:0.001688s ]

[ 2018-01-27T21:16:42+08:00 ] ::1 /thinkphp/Home/index/model
INFO: [ app_init ] --START--
INFO: Run Behavior\BuildLiteBehavior [ RunTime:0.000013s ]
INFO: [ app_init ] --END-- [ RunTime:0.000351s ]
INFO: [ app_begin ] --START--
INFO: Run Behavior\ReadHtmlCacheBehavior [ RunTime:0.000570s ]
INFO: [ app_begin ] --END-- [ RunTime:0.000614s ]

[ 2018-01-27T21:17:18+08:00 ] ::1 /thinkphp/index.php/Home/index/index/index/index
INFO: [ app_init ] --START--
INFO: Run Behavior\BuildLiteBehavior [ RunTime:0.000012s ]
INFO: [ app_init ] --END-- [ RunTime:0.000387s ]
INFO: [ app_begin ] --START--
INFO: Run Behavior\ReadHtmlCacheBehavior [ RunTime:0.000950s ]
INFO: [ app_begin ] --END-- [ RunTime:0.000987s ]
INFO: [ app_end ] --START--
INFO: Run Behavior\ShowPageTraceBehavior [ RunTime:0.001091s ]
INFO: [ app_end ] --END-- [ RunTime:0.001145s ]

[ 2018-01-27T21:17:23+08:00 ] ::1 /thinkphp/Home/index/model
INFO: [ app_init ] --START--
INFO: Run Behavior\BuildLiteBehavior [ RunTime:0.000012s ]
INFO: [ app_init ] --END-- [ RunTime:0.000440s ]
INFO: [ app_begin ] --START--
INFO: Run Behavior\ReadHtmlCacheBehavior [ RunTime:0.001021s ]
INFO: [ app_begin ] --END-- [ RunTime:0.001077s ]

[ 2018-01-27T21:17:38+08:00 ] ::1 /thinkphp/Home/index/model
INFO: [ app_init ] --START--
INFO: Run Behavior\BuildLiteBehavior [ RunTime:0.000012s ]
INFO: [ app_init ] --END-- [ RunTime:0.000481s ]
INFO: [ app_begin ] --START--
INFO: Run Behavior\ReadHtmlCacheBehavior [ RunTime:0.000992s ]
INFO: [ app_begin ] --END-- [ RunTime:0.001040s ]

[ 2018-01-27T21:24:10+08:00 ] ::1 /thinkphp/
INFO: [ app_init ] --START--
INFO: Run Behavior\BuildLiteBehavior [ RunTime:0.000016s ]
INFO: [ app_init ] --END-- [ RunTime:0.000567s ]
INFO: [ app_begin ] --START--
INFO: Run Behavior\ReadHtmlCacheBehavior [ RunTime:0.001320s ]
INFO: [ app_begin ] --END-- [ RunTime:0.001404s ]
INFO: [ app_end ] --START--
INFO: Run Behavior\ShowPageTraceBehavior [ RunTime:0.000788s ]
INFO: [ app_end ] --END-- [ RunTime:0.000842s ]

[ 2018-01-27T21:24:14+08:00 ] ::1 /thinkphp/Home
INFO: [ app_init ] --START--
INFO: Run Behavior\BuildLiteBehavior [ RunTime:0.000013s ]
INFO: [ app_init ] --END-- [ RunTime:0.000402s ]
INFO: [ app_begin ] --START--
INFO: Run Behavior\ReadHtmlCacheBehavior [ RunTime:0.000470s ]
INFO: [ app_begin ] --END-- [ RunTime:0.000509s ]
INFO: [ app_end ] --START--
INFO: Run Behavior\ShowPageTraceBehavior [ RunTime:0.001348s ]
INFO: [ app_end ] --END-- [ RunTime:0.001495s ]

[ 2018-01-27T21:45:51+08:00 ] ::1 /thinkphp/Home
INFO: [ app_init ] --START--
INFO: Run Behavior\BuildLiteBehavior [ RunTime:0.000016s ]
INFO: [ app_init ] --END-- [ RunTime:0.000621s ]
INFO: [ app_begin ] --START--
INFO: Run Behavior\ReadHtmlCacheBehavior [ RunTime:0.000674s ]
INFO: [ app_begin ] --END-- [ RunTime:0.000741s ]

[ 2018-01-27T21:48:20+08:00 ] ::1 /thinkphp/Home
INFO: [ app_init ] --START--
INFO: Run Behavior\BuildLiteBehavior [ RunTime:0.000013s ]
INFO: [ app_init ] --END-- [ RunTime:0.000413s ]
INFO: [ app_begin ] --START--
INFO: Run Behavior\ReadHtmlCacheBehavior [ RunTime:0.000656s ]
INFO: [ app_begin ] --END-- [ RunTime:0.000693s ]

[ 2018-01-27T21:48:21+08:00 ] 127.0.0.1 /thinkphp/index.php
INFO: [ app_init ] --START--
INFO: Run Behavior\BuildLiteBehavior [ RunTime:0.000013s ]
INFO: [ app_init ] --END-- [ RunTime:0.000384s ]
INFO: [ app_begin ] --START--
INFO: Run Behavior\ReadHtmlCacheBehavior [ RunTime:0.000699s ]
INFO: [ app_begin ] --END-- [ RunTime:0.000754s ]

[ 2018-01-27T21:48:22+08:00 ] ::1 /thinkphp/Home
INFO: [ app_init ] --START--
INFO: Run Behavior\BuildLiteBehavior [ RunTime:0.000022s ]
INFO: [ app_init ] --END-- [ RunTime:0.000675s ]
INFO: [ app_begin ] --START--
INFO: Run Behavior\ReadHtmlCacheBehavior [ RunTime:0.000843s ]
INFO: [ app_begin ] --END-- [ RunTime:0.000913s ]

[ 2018-01-27T21:54:35+08:00 ] ::1 /thinkphp/Home/model
INFO: [ app_init ] --START--
INFO: Run Behavior\BuildLiteBehavior [ RunTime:0.000013s ]
INFO: [ app_init ] --END-- [ RunTime:0.000414s ]
INFO: [ app_begin ] --START--
INFO: Run Behavior\ReadHtmlCacheBehavior [ RunTime:0.000647s ]
INFO: [ app_begin ] --END-- [ RunTime:0.000684s ]
ERR: 无法加载控制器:Model

[ 2018-01-27T21:54:39+08:00 ] ::1 /thinkphp/Home/index
INFO: [ app_init ] --START--
INFO: Run Behavior\BuildLiteBehavior [ RunTime:0.000012s ]
INFO: [ app_init ] --END-- [ RunTime:0.000365s ]
INFO: [ app_begin ] --START--
INFO: Run Behavior\ReadHtmlCacheBehavior [ RunTime:0.000459s ]
INFO: [ app_begin ] --END-- [ RunTime:0.000494s ]
INFO: [ app_end ] --START--
INFO: Run Behavior\ShowPageTraceBehavior [ RunTime:0.000728s ]
INFO: [ app_end ] --END-- [ RunTime:0.000780s ]

[ 2018-01-27T21:54:55+08:00 ] ::1 /thinkphp/Home/index/model
INFO: [ app_init ] --START--
INFO: Run Behavior\BuildLiteBehavior [ RunTime:0.000011s ]
INFO: [ app_init ] --END-- [ RunTime:0.000321s ]
INFO: [ app_begin ] --START--
INFO: Run Behavior\ReadHtmlCacheBehavior [ RunTime:0.000431s ]
INFO: [ app_begin ] --END-- [ RunTime:0.000467s ]
INFO: [ app_end ] --START--
INFO: Run Behavior\ShowPageTraceBehavior [ RunTime:0.000481s ]
INFO: [ app_end ] --END-- [ RunTime:0.000518s ]

[ 2018-01-27T21:55:30+08:00 ] ::1 /thinkphp/Home/index/model
INFO: [ app_init ] --START--
INFO: Run Behavior\BuildLiteBehavior [ RunTime:0.000013s ]
INFO: [ app_init ] --END-- [ RunTime:0.000355s ]
INFO: [ app_begin ] --START--
INFO: Run Behavior\ReadHtmlCacheBehavior [ RunTime:0.000797s ]
INFO: [ app_begin ] --END-- [ RunTime:0.000867s ]

[ 2018-01-27T21:55:36+08:00 ] ::1 /thinkphp/Home/index/model
INFO: [ app_init ] --START--
INFO: Run Behavior\BuildLiteBehavior [ RunTime:0.000019s ]
INFO: [ app_init ] --END-- [ RunTime:0.000490s ]
INFO: [ app_begin ] --START--
INFO: Run Behavior\ReadHtmlCacheBehavior [ RunTime:0.000676s ]
INFO: [ app_begin ] --END-- [ RunTime:0.000733s ]

[ 2018-01-27T21:55:37+08:00 ] ::1 /thinkphp/Home/index/model
INFO: [ app_init ] --START--
INFO: Run Behavior\BuildLiteBehavior [ RunTime:0.000011s ]
INFO: [ app_init ] --END-- [ RunTime:0.000338s ]
INFO: [ app_begin ] --START--
INFO: Run Behavior\ReadHtmlCacheBehavior [ RunTime:0.000456s ]
INFO: [ app_begin ] --END-- [ RunTime:0.000494s ]

[ 2018-01-27T21:55:45+08:00 ] ::1 /thinkphp/Home/index/model
INFO: [ app_init ] --START--
INFO: Run Behavior\BuildLiteBehavior [ RunTime:0.000011s ]
INFO: [ app_init ] --END-- [ RunTime:0.000320s ]
INFO: [ app_begin ] --START--
INFO: Run Behavior\ReadHtmlCacheBehavior [ RunTime:0.000539s ]
INFO: [ app_begin ] --END-- [ RunTime:0.000588s ]

[ 2018-01-27T21:58:41+08:00 ] ::1 /thinkphp/Home/index/model
INFO: [ app_init ] --START--
INFO: Run Behavior\BuildLiteBehavior [ RunTime:0.000022s ]
INFO: [ app_init ] --END-- [ RunTime:0.000420s ]
INFO: [ app_begin ] --START--
INFO: Run Behavior\ReadHtmlCacheBehavior [ RunTime:0.000695s ]
INFO: [ app_begin ] --END-- [ RunTime:0.000748s ]
ERR: 1146:Table 'test.user' doesn't exist
 [ SQL语句 ] : SHOW COLUMNS FROM `user`
ERR: 1146:Table 'test.user' doesn't exist
 [ SQL语句 ] : SHOW COLUMNS FROM `user`

[ 2018-01-27T21:59:04+08:00 ] ::1 /thinkphp/Home/index/model
INFO: [ app_init ] --START--
INFO: Run Behavior\BuildLiteBehavior [ RunTime:0.000013s ]
INFO: [ app_init ] --END-- [ RunTime:0.000380s ]
INFO: [ app_begin ] --START--
INFO: Run Behavior\ReadHtmlCacheBehavior [ RunTime:0.000488s ]
INFO: [ app_begin ] --END-- [ RunTime:0.000532s ]
ERR: 1146:Table 'test.age' doesn't exist
 [ SQL语句 ] : SHOW COLUMNS FROM `age`
ERR: 1146:Table 'test.age' doesn't exist
 [ SQL语句 ] : SHOW COLUMNS FROM `age`

[ 2018-01-27T21:59:07+08:00 ] ::1 /thinkphp/Home/index/model
INFO: [ app_init ] --START--
INFO: Run Behavior\BuildLiteBehavior [ RunTime:0.000011s ]
INFO: [ app_init ] --END-- [ RunTime:0.000340s ]
INFO: [ app_begin ] --START--
INFO: Run Behavior\ReadHtmlCacheBehavior [ RunTime:0.000479s ]
INFO: [ app_begin ] --END-- [ RunTime:0.000517s ]
ERR: 1146:Table 'test.age' doesn't exist
 [ SQL语句 ] : SHOW COLUMNS FROM `age`
ERR: 1146:Table 'test.age' doesn't exist
 [ SQL语句 ] : SHOW COLUMNS FROM `age`

[ 2018-01-27T21:59:10+08:00 ] ::1 /thinkphp/Home/index/model
INFO: [ app_init ] --START--
INFO: Run Behavior\BuildLiteBehavior [ RunTime:0.000011s ]
INFO: [ app_init ] --END-- [ RunTime:0.000318s ]
INFO: [ app_begin ] --START--
INFO: Run Behavior\ReadHtmlCacheBehavior [ RunTime:0.000433s ]
INFO: [ app_begin ] --END-- [ RunTime:0.000470s ]
ERR: 1146:Table 'test.age' doesn't exist
 [ SQL语句 ] : SHOW COLUMNS FROM `age`
ERR: 1146:Table 'test.age' doesn't exist
 [ SQL语句 ] : SHOW COLUMNS FROM `age`

[ 2018-01-27T21:59:29+08:00 ] ::1 /thinkphp/Home/index/model
INFO: [ app_init ] --START--
INFO: Run Behavior\BuildLiteBehavior [ RunTime:0.000012s ]
INFO: [ app_init ] --END-- [ RunTime:0.000639s ]
INFO: [ app_begin ] --START--
INFO: Run Behavior\ReadHtmlCacheBehavior [ RunTime:0.001649s ]
INFO: [ app_begin ] --END-- [ RunTime:0.001689s ]
SQL: SHOW COLUMNS FROM `name` [ RunTime:0.0081s ]
INFO: [ app_end ] --START--
INFO: Run Behavior\ShowPageTraceBehavior [ RunTime:0.001856s ]
INFO: [ app_end ] --END-- [ RunTime:0.001905s ]

[ 2018-01-27T21:59:33+08:00 ] ::1 /thinkphp/Home/index/model
INFO: [ app_init ] --START--
INFO: Run Behavior\BuildLiteBehavior [ RunTime:0.000017s ]
INFO: [ app_init ] --END-- [ RunTime:0.000761s ]
INFO: [ app_begin ] --START--
INFO: Run Behavior\ReadHtmlCacheBehavior [ RunTime:0.001664s ]
INFO: [ app_begin ] --END-- [ RunTime:0.001710s ]
SQL: SHOW COLUMNS FROM `name` [ RunTime:0.0078s ]
INFO: [ app_end ] --START--
INFO: Run Behavior\ShowPageTraceBehavior [ RunTime:0.002094s ]
INFO: [ app_end ] --END-- [ RunTime:0.002140s ]

[ 2018-01-27T21:59:47+08:00 ] ::1 /thinkphp/Home/index/model
INFO: [ app_init ] --START--
INFO: Run Behavior\BuildLiteBehavior [ RunTime:0.000013s ]
INFO: [ app_init ] --END-- [ RunTime:0.000600s ]
INFO: [ app_begin ] --START--
INFO: Run Behavior\ReadHtmlCacheBehavior [ RunTime:0.000759s ]
INFO: [ app_begin ] --END-- [ RunTime:0.000812s ]
SQL: SHOW COLUMNS FROM `name` [ RunTime:0.0079s ]
INFO: [ app_end ] --START--
INFO: Run Behavior\ShowPageTraceBehavior [ RunTime:0.000751s ]
INFO: [ app_end ] --END-- [ RunTime:0.000805s ]

[ 2018-01-27T22:00:52+08:00 ] ::1 /thinkphp/Home/index/model
INFO: [ app_init ] --START--
INFO: Run Behavior\BuildLiteBehavior [ RunTime:0.000012s ]
INFO: [ app_init ] --END-- [ RunTime:0.000653s ]
INFO: [ app_begin ] --START--
INFO: Run Behavior\ReadHtmlCacheBehavior [ RunTime:0.001746s ]
INFO: [ app_begin ] --END-- [ RunTime:0.001806s ]
SQL: SHOW COLUMNS FROM `name` [ RunTime:0.0098s ]
INFO: [ app_end ] --START--
INFO: Run Behavior\ShowPageTraceBehavior [ RunTime:0.002853s ]
INFO: [ app_end ] --END-- [ RunTime:0.002927s ]

[ 2018-01-27T22:01:11+08:00 ] ::1 /thinkphp/Home/index/model
INFO: [ app_init ] --START--
INFO: Run Behavior\BuildLiteBehavior [ RunTime:0.000017s ]
INFO: [ app_init ] --END-- [ RunTime:0.000863s ]
INFO: [ app_begin ] --START--
INFO: Run Behavior\ReadHtmlCacheBehavior [ RunTime:0.002125s ]
INFO: [ app_begin ] --END-- [ RunTime:0.002173s ]
SQL: SHOW COLUMNS FROM `name` [ RunTime:0.0059s ]
SQL: SELECT * FROM `name`  [ RunTime:0.0002s ]
INFO: [ app_end ] --START--
INFO: Run Behavior\ShowPageTraceBehavior [ RunTime:0.002996s ]
INFO: [ app_end ] --END-- [ RunTime:0.003050s ]

[ 2018-01-27T22:14:18+08:00 ] ::1 /thinkphp/Home/index/model
INFO: [ app_init ] --START--
INFO: Run Behavior\BuildLiteBehavior [ RunTime:0.000015s ]
INFO: [ app_init ] --END-- [ RunTime:0.000580s ]
INFO: [ app_begin ] --START--
INFO: Run Behavior\ReadHtmlCacheBehavior [ RunTime:0.001368s ]
INFO: [ app_begin ] --END-- [ RunTime:0.001426s ]
ERR: 无法加载数据库驱动: Think\Db\Driver\Pdo

[ 2018-01-27T22:19:12+08:00 ] ::1 /thinkphp/Home/index/model
INFO: [ app_init ] --START--
INFO: Run Behavior\BuildLiteBehavior [ RunTime:0.000015s ]
INFO: [ app_init ] --END-- [ RunTime:0.000578s ]
INFO: [ app_begin ] --START--
INFO: Run Behavior\ReadHtmlCacheBehavior [ RunTime:0.000990s ]
INFO: [ app_begin ] --END-- [ RunTime:0.001037s ]
SQL: SHOW COLUMNS FROM `name` [ RunTime:0.0081s ]
SQL: SELECT * FROM `name`  [ RunTime:0.0003s ]
INFO: [ app_end ] --START--
INFO: Run Behavior\ShowPageTraceBehavior [ RunTime:0.001179s ]
INFO: [ app_end ] --END-- [ RunTime:0.001222s ]

[ 2018-01-27T22:20:50+08:00 ] ::1 /thinkphp/Home/index/model
INFO: [ app_init ] --START--
INFO: Run Behavior\BuildLiteBehavior [ RunTime:0.000012s ]
INFO: [ app_init ] --END-- [ RunTime:0.000364s ]
INFO: [ app_begin ] --START--
INFO: Run Behavior\ReadHtmlCacheBehavior [ RunTime:0.000973s ]
INFO: [ app_begin ] --END-- [ RunTime:0.001035s ]
SQL: SHOW COLUMNS FROM `name` [ RunTime:0.0082s ]
SQL: SELECT * FROM `name`  [ RunTime:0.0003s ]
INFO: [ app_end ] --START--
INFO: Run Behavior\ShowPageTraceBehavior [ RunTime:0.000769s ]
INFO: [ app_end ] --END-- [ RunTime:0.000809s ]

[ 2018-01-27T22:21:27+08:00 ] ::1 /thinkphp/Home/index/model
INFO: [ app_init ] --START--
INFO: Run Behavior\BuildLiteBehavior [ RunTime:0.000012s ]
INFO: [ app_init ] --END-- [ RunTime:0.000348s ]
INFO: [ app_begin ] --START--
INFO: Run Behavior\ReadHtmlCacheBehavior [ RunTime:0.000669s ]
INFO: [ app_begin ] --END-- [ RunTime:0.000721s ]
ERR: 1146:Table 'test.tpname' doesn't exist
 [ SQL语句 ] : SHOW COLUMNS FROM `tpname`
ERR: 1146:Table 'test.tpname' doesn't exist
 [ SQL语句 ] : SHOW COLUMNS FROM `tpname`

[ 2018-01-27T22:21:51+08:00 ] ::1 /thinkphp/Home/index/model
INFO: [ app_init ] --START--
INFO: Run Behavior\BuildLiteBehavior [ RunTime:0.000014s ]
INFO: [ app_init ] --END-- [ RunTime:0.000494s ]
INFO: [ app_begin ] --START--
INFO: Run Behavior\ReadHtmlCacheBehavior [ RunTime:0.000828s ]
INFO: [ app_begin ] --END-- [ RunTime:0.000897s ]
SQL: SHOW COLUMNS FROM `name` [ RunTime:0.0079s ]
SQL: SELECT * FROM `name`  [ RunTime:0.0003s ]
INFO: [ app_end ] --START--
INFO: Run Behavior\ShowPageTraceBehavior [ RunTime:0.000844s ]
INFO: [ app_end ] --END-- [ RunTime:0.000915s ]

[ 2018-01-27T22:21:51+08:00 ] ::1 /thinkphp/Home/index/model
INFO: [ app_init ] --START--
INFO: Run Behavior\BuildLiteBehavior [ RunTime:0.000011s ]
INFO: [ app_init ] --END-- [ RunTime:0.000345s ]
INFO: [ app_begin ] --START--
INFO: Run Behavior\ReadHtmlCacheBehavior [ RunTime:0.000486s ]
INFO: [ app_begin ] --END-- [ RunTime:0.000524s ]
SQL: SHOW COLUMNS FROM `name` [ RunTime:0.0075s ]
SQL: SELECT * FROM `name`  [ RunTime:0.0004s ]
INFO: [ app_end ] --START--
INFO: Run Behavior\ShowPageTraceBehavior [ RunTime:0.000668s ]
INFO: [ app_end ] --END-- [ RunTime:0.000706s ]

