[ 2018-03-16T08:57:23+08:00 ] ::1 /thinkphp/Home/User/institute_overview?title=%E5%AD%A6%E9%99%A2%E4%BB%8B%E7%BB%8D&content=InstituteOverviewInstituteIntroduction
INFO: [ app_init ] --START--
INFO: Run Behavior\BuildLiteBehavior [ RunTime:0.000024s ]
INFO: [ app_init ] --END-- [ RunTime:0.000755s ]
INFO: [ app_begin ] --START--
INFO: Run Behavior\ReadHtmlCacheBehavior [ RunTime:0.000822s ]
INFO: [ app_begin ] --END-- [ RunTime:0.000870s ]
INFO: [ view_parse ] --START--
INFO: [ template_filter ] --START--
INFO: Run Behavior\ContentReplaceBehavior [ RunTime:0.000143s ]
INFO: [ template_filter ] --END-- [ RunTime:0.000207s ]
SQL: SHOW COLUMNS FROM `robot_institute_overview_institute_introduction` [ RunTime:0.0193s ]
SQL: SELECT * FROM `robot_institute_overview_institute_introduction`  [ RunTime:0.0003s ]
INFO: Run Behavior\ParseTemplateBehavior [ RunTime:0.102098s ]
INFO: [ view_parse ] --END-- [ RunTime:0.102157s ]
INFO: [ view_filter ] --START--
INFO: Run Behavior\WriteHtmlCacheBehavior [ RunTime:0.000925s ]
INFO: [ view_filter ] --END-- [ RunTime:0.000972s ]
INFO: [ app_end ] --START--
INFO: Run Behavior\ShowPageTraceBehavior [ RunTime:0.001215s ]
INFO: [ app_end ] --END-- [ RunTime:0.001292s ]

[ 2018-03-16T15:36:48+08:00 ] ::1 /thinkphp/Home/User
INFO: [ app_init ] --START--
INFO: Run Behavior\BuildLiteBehavior [ RunTime:0.000022s ]
INFO: [ app_init ] --END-- [ RunTime:0.019345s ]
INFO: [ app_begin ] --START--
INFO: Run Behavior\ReadHtmlCacheBehavior [ RunTime:0.020525s ]
INFO: [ app_begin ] --END-- [ RunTime:0.020588s ]
NOTIC: [8] A session had already been started - ignoring session_start() D:\phpStudy\WWW\thinkphp\ThinkPHP\Common\functions.php 第 1272 行.
NOTIC: [8] Undefined variable: json_string D:\phpStudy\WWW\thinkphp\Robot\Home\Controller\UserController.class.php 第 14 行.
SQL: SHOW COLUMNS FROM `robot_institute_overview` [ RunTime:0.1737s ]
SQL: SELECT * FROM `robot_institute_overview`  [ RunTime:0.0004s ]
SQL: SHOW COLUMNS FROM `robot_teaching_work` [ RunTime:0.0518s ]
SQL: SELECT * FROM `robot_teaching_work`  [ RunTime:0.0003s ]
SQL: SHOW COLUMNS FROM `robot_enroll_student` [ RunTime:0.0341s ]
SQL: SELECT * FROM `robot_enroll_student`  [ RunTime:0.0003s ]
SQL: SHOW COLUMNS FROM `robot_institute_show` [ RunTime:0.0718s ]
SQL: SELECT * FROM `robot_institute_show`  [ RunTime:0.0003s ]
SQL: SHOW COLUMNS FROM `robot_learning_resources` [ RunTime:0.0166s ]
SQL: SELECT * FROM `robot_learning_resources`  [ RunTime:0.0003s ]
INFO: [ view_parse ] --START--
INFO: [ template_filter ] --START--
INFO: Run Behavior\ContentReplaceBehavior [ RunTime:0.000101s ]
INFO: [ template_filter ] --END-- [ RunTime:0.000144s ]
INFO: Run Behavior\ParseTemplateBehavior [ RunTime:0.163939s ]
INFO: [ view_parse ] --END-- [ RunTime:0.163998s ]
INFO: [ view_filter ] --START--
INFO: Run Behavior\WriteHtmlCacheBehavior [ RunTime:0.019789s ]
INFO: [ view_filter ] --END-- [ RunTime:0.019831s ]
INFO: [ app_end ] --START--
INFO: Run Behavior\ShowPageTraceBehavior [ RunTime:0.008125s ]
INFO: [ app_end ] --END-- [ RunTime:0.008191s ]

[ 2018-03-16T15:36:49+08:00 ] ::1 /thinkphp/Home/User/index
INFO: [ app_init ] --START--
INFO: Run Behavior\BuildLiteBehavior [ RunTime:0.000013s ]
INFO: [ app_init ] --END-- [ RunTime:0.000564s ]
INFO: [ app_begin ] --START--
INFO: Run Behavior\ReadHtmlCacheBehavior [ RunTime:0.000968s ]
INFO: [ app_begin ] --END-- [ RunTime:0.001033s ]
NOTIC: [8] A session had already been started - ignoring session_start() D:\phpStudy\WWW\thinkphp\ThinkPHP\Common\functions.php 第 1272 行.
NOTIC: [8] Undefined variable: json_string D:\phpStudy\WWW\thinkphp\Robot\Home\Controller\UserController.class.php 第 14 行.
SQL: SHOW COLUMNS FROM `robot_institute_overview` [ RunTime:0.0050s ]
SQL: SELECT * FROM `robot_institute_overview`  [ RunTime:0.0003s ]
SQL: SHOW COLUMNS FROM `robot_teaching_work` [ RunTime:0.0061s ]
SQL: SELECT * FROM `robot_teaching_work`  [ RunTime:0.0002s ]
SQL: SHOW COLUMNS FROM `robot_enroll_student` [ RunTime:0.0051s ]
SQL: SELECT * FROM `robot_enroll_student`  [ RunTime:0.0002s ]
SQL: SHOW COLUMNS FROM `robot_institute_show` [ RunTime:0.0049s ]
SQL: SELECT * FROM `robot_institute_show`  [ RunTime:0.0002s ]
SQL: SHOW COLUMNS FROM `robot_learning_resources` [ RunTime:0.0062s ]
SQL: SELECT * FROM `robot_learning_resources`  [ RunTime:0.0002s ]
INFO: [ view_parse ] --START--
INFO: [ template_filter ] --START--
INFO: Run Behavior\ContentReplaceBehavior [ RunTime:0.000107s ]
INFO: [ template_filter ] --END-- [ RunTime:0.000155s ]
INFO: Run Behavior\ParseTemplateBehavior [ RunTime:0.008848s ]
INFO: [ view_parse ] --END-- [ RunTime:0.008896s ]
INFO: [ view_filter ] --START--
INFO: Run Behavior\WriteHtmlCacheBehavior [ RunTime:0.000517s ]
INFO: [ view_filter ] --END-- [ RunTime:0.000548s ]
INFO: [ app_end ] --START--
INFO: Run Behavior\ShowPageTraceBehavior [ RunTime:0.001129s ]
INFO: [ app_end ] --END-- [ RunTime:0.001185s ]

[ 2018-03-16T15:36:51+08:00 ] ::1 /thinkphp/Home/User/institute_overview?title=%E5%AD%A6%E9%99%A2%E4%BB%8B%E7%BB%8D&content=InstituteOverviewInstituteIntroduction
INFO: [ app_init ] --START--
INFO: Run Behavior\BuildLiteBehavior [ RunTime:0.000022s ]
INFO: [ app_init ] --END-- [ RunTime:0.000865s ]
INFO: [ app_begin ] --START--
INFO: Run Behavior\ReadHtmlCacheBehavior [ RunTime:0.000962s ]
INFO: [ app_begin ] --END-- [ RunTime:0.001033s ]
INFO: [ view_parse ] --START--
INFO: [ template_filter ] --START--
INFO: Run Behavior\ContentReplaceBehavior [ RunTime:0.000343s ]
INFO: [ template_filter ] --END-- [ RunTime:0.000533s ]
SQL: SHOW COLUMNS FROM `robot_institute_overview_institute_introduction` [ RunTime:0.0303s ]
SQL: SELECT * FROM `robot_institute_overview_institute_introduction`  [ RunTime:0.0004s ]
INFO: Run Behavior\ParseTemplateBehavior [ RunTime:0.132063s ]
INFO: [ view_parse ] --END-- [ RunTime:0.132109s ]
INFO: [ view_filter ] --START--
INFO: Run Behavior\WriteHtmlCacheBehavior [ RunTime:0.000706s ]
INFO: [ view_filter ] --END-- [ RunTime:0.000749s ]
INFO: [ app_end ] --START--
INFO: Run Behavior\ShowPageTraceBehavior [ RunTime:0.001151s ]
INFO: [ app_end ] --END-- [ RunTime:0.001215s ]

[ 2018-03-16T15:36:56+08:00 ] ::1 /thinkphp/Home/User/teaching_work?title=%E6%95%99%E5%AD%A6%E5%8A%A8%E6%80%81&content=TeachingWorkTeachingDevelopment
INFO: [ app_init ] --START--
INFO: Run Behavior\BuildLiteBehavior [ RunTime:0.000019s ]
INFO: [ app_init ] --END-- [ RunTime:0.000704s ]
INFO: [ app_begin ] --START--
INFO: Run Behavior\ReadHtmlCacheBehavior [ RunTime:0.000638s ]
INFO: [ app_begin ] --END-- [ RunTime:0.000685s ]
INFO: [ view_parse ] --START--
INFO: [ template_filter ] --START--
INFO: Run Behavior\ContentReplaceBehavior [ RunTime:0.000076s ]
INFO: [ template_filter ] --END-- [ RunTime:0.000130s ]
NOTIC: [8] Undefined index: id D:\phpStudy\WWW\thinkphp\Robot\Runtime\Cache\Home\e05e1787e7048c6ac98da76bd4f1764b.php 第 130 行.
SQL: SHOW COLUMNS FROM `robot_teaching_work_teaching_development` [ RunTime:0.0665s ]
SQL: SELECT * FROM `robot_teaching_work_teaching_development`  [ RunTime:0.0003s ]
INFO: Run Behavior\ParseTemplateBehavior [ RunTime:0.103498s ]
INFO: [ view_parse ] --END-- [ RunTime:0.103565s ]
INFO: [ view_filter ] --START--
INFO: Run Behavior\WriteHtmlCacheBehavior [ RunTime:0.000699s ]
INFO: [ view_filter ] --END-- [ RunTime:0.000743s ]
INFO: [ app_end ] --START--
INFO: Run Behavior\ShowPageTraceBehavior [ RunTime:0.000934s ]
INFO: [ app_end ] --END-- [ RunTime:0.000992s ]

[ 2018-03-16T15:36:59+08:00 ] ::1 /thinkphp/Home/User/enroll_student?title=%E6%8B%9B%E7%94%9F%E8%A6%81%E6%B1%82&content=EnrollStudentStandard
INFO: [ app_init ] --START--
INFO: Run Behavior\BuildLiteBehavior [ RunTime:0.000013s ]
INFO: [ app_init ] --END-- [ RunTime:0.000511s ]
INFO: [ app_begin ] --START--
INFO: Run Behavior\ReadHtmlCacheBehavior [ RunTime:0.000615s ]
INFO: [ app_begin ] --END-- [ RunTime:0.000658s ]
INFO: [ view_parse ] --START--
INFO: [ template_filter ] --START--
INFO: Run Behavior\ContentReplaceBehavior [ RunTime:0.000071s ]
INFO: [ template_filter ] --END-- [ RunTime:0.000118s ]
NOTIC: [8] Undefined index: id D:\phpStudy\WWW\thinkphp\Robot\Runtime\Cache\Home\6d8061979da3e97a6ba3363b69c86000.php 第 132 行.
SQL: SHOW COLUMNS FROM `robot_enroll_student_standard` [ RunTime:0.0714s ]
SQL: SELECT * FROM `robot_enroll_student_standard`  [ RunTime:0.0003s ]
INFO: Run Behavior\ParseTemplateBehavior [ RunTime:0.108344s ]
INFO: [ view_parse ] --END-- [ RunTime:0.108387s ]
INFO: [ view_filter ] --START--
INFO: Run Behavior\WriteHtmlCacheBehavior [ RunTime:0.000610s ]
INFO: [ view_filter ] --END-- [ RunTime:0.000641s ]
INFO: [ app_end ] --START--
INFO: Run Behavior\ShowPageTraceBehavior [ RunTime:0.000643s ]
INFO: [ app_end ] --END-- [ RunTime:0.000686s ]

[ 2018-03-16T15:37:09+08:00 ] ::1 /thinkphp/Home/User/learning_resources?title=%E6%9C%BA%E5%99%A8%E4%BA%BA%E5%AE%9E%E9%AA%8C%E5%AE%A4&content=LearningResourcesLab
INFO: [ app_init ] --START--
INFO: Run Behavior\BuildLiteBehavior [ RunTime:0.000015s ]
INFO: [ app_init ] --END-- [ RunTime:0.000765s ]
INFO: [ app_begin ] --START--
INFO: Run Behavior\ReadHtmlCacheBehavior [ RunTime:0.001031s ]
INFO: [ app_begin ] --END-- [ RunTime:0.001089s ]
INFO: [ view_parse ] --START--
INFO: [ template_filter ] --START--
INFO: Run Behavior\ContentReplaceBehavior [ RunTime:0.000102s ]
INFO: [ template_filter ] --END-- [ RunTime:0.000149s ]
SQL: SHOW COLUMNS FROM `robot_learning_resources_lab` [ RunTime:0.0306s ]
SQL: SELECT * FROM `robot_learning_resources_lab`  [ RunTime:0.0150s ]
INFO: Run Behavior\ParseTemplateBehavior [ RunTime:0.076028s ]
INFO: [ view_parse ] --END-- [ RunTime:0.076071s ]
INFO: [ view_filter ] --START--
INFO: Run Behavior\WriteHtmlCacheBehavior [ RunTime:0.000852s ]
INFO: [ view_filter ] --END-- [ RunTime:0.000881s ]
INFO: [ app_end ] --START--
INFO: Run Behavior\ShowPageTraceBehavior [ RunTime:0.000990s ]
INFO: [ app_end ] --END-- [ RunTime:0.001033s ]

[ 2018-03-16T15:37:10+08:00 ] ::1 /thinkphp/Home/User/learning_resources?title=%E8%B5%84%E6%BA%90%E4%B8%8B%E8%BD%BD&content=LearningResourcesDownload
INFO: [ app_init ] --START--
INFO: Run Behavior\BuildLiteBehavior [ RunTime:0.000012s ]
INFO: [ app_init ] --END-- [ RunTime:0.000458s ]
INFO: [ app_begin ] --START--
INFO: Run Behavior\ReadHtmlCacheBehavior [ RunTime:0.000591s ]
INFO: [ app_begin ] --END-- [ RunTime:0.000634s ]
INFO: [ view_parse ] --START--
INFO: [ template_filter ] --START--
INFO: Run Behavior\ContentReplaceBehavior [ RunTime:0.000075s ]
INFO: [ template_filter ] --END-- [ RunTime:0.000120s ]
SQL: SHOW COLUMNS FROM `robot_learning_resources_download` [ RunTime:0.0453s ]
SQL: SELECT * FROM `robot_learning_resources_download`  [ RunTime:0.0070s ]
INFO: Run Behavior\ParseTemplateBehavior [ RunTime:0.072177s ]
INFO: [ view_parse ] --END-- [ RunTime:0.072231s ]
INFO: [ view_filter ] --START--
INFO: Run Behavior\WriteHtmlCacheBehavior [ RunTime:0.000743s ]
INFO: [ view_filter ] --END-- [ RunTime:0.000793s ]
INFO: [ app_end ] --START--
INFO: Run Behavior\ShowPageTraceBehavior [ RunTime:0.001204s ]
INFO: [ app_end ] --END-- [ RunTime:0.001277s ]

[ 2018-03-16T15:37:15+08:00 ] ::1 /thinkphp/Home/User/teaching_work?title=%E9%A1%B9%E7%9B%AE%E8%AE%BE%E8%AE%A1&content=TeachingWorkProjectDesign
INFO: [ app_init ] --START--
INFO: Run Behavior\BuildLiteBehavior [ RunTime:0.000017s ]
INFO: [ app_init ] --END-- [ RunTime:0.000471s ]
INFO: [ app_begin ] --START--
INFO: Run Behavior\ReadHtmlCacheBehavior [ RunTime:0.001529s ]
INFO: [ app_begin ] --END-- [ RunTime:0.001602s ]
INFO: [ view_parse ] --START--
INFO: [ template_filter ] --START--
INFO: Run Behavior\ContentReplaceBehavior [ RunTime:0.000072s ]
INFO: [ template_filter ] --END-- [ RunTime:0.000114s ]
NOTIC: [8] Undefined index: id D:\phpStudy\WWW\thinkphp\Robot\Runtime\Cache\Home\e05e1787e7048c6ac98da76bd4f1764b.php 第 130 行.
SQL: SHOW COLUMNS FROM `robot_teaching_work_project_design` [ RunTime:0.0502s ]
SQL: SELECT * FROM `robot_teaching_work_project_design`  [ RunTime:0.0003s ]
INFO: Run Behavior\ParseTemplateBehavior [ RunTime:0.068002s ]
INFO: [ view_parse ] --END-- [ RunTime:0.068038s ]
INFO: [ view_filter ] --START--
INFO: Run Behavior\WriteHtmlCacheBehavior [ RunTime:0.000488s ]
INFO: [ view_filter ] --END-- [ RunTime:0.000533s ]
INFO: [ app_end ] --START--
INFO: Run Behavior\ShowPageTraceBehavior [ RunTime:0.001148s ]
INFO: [ app_end ] --END-- [ RunTime:0.001198s ]

[ 2018-03-16T15:37:17+08:00 ] ::1 /thinkphp/Home/User/teaching_work?title=%E6%95%99%E5%AD%A6%E5%8A%A8%E6%80%81&content=TeachingWorkTeachingDevelopment
INFO: [ app_init ] --START--
INFO: Run Behavior\BuildLiteBehavior [ RunTime:0.000012s ]
INFO: [ app_init ] --END-- [ RunTime:0.000373s ]
INFO: [ app_begin ] --START--
INFO: Run Behavior\ReadHtmlCacheBehavior [ RunTime:0.000475s ]
INFO: [ app_begin ] --END-- [ RunTime:0.000513s ]
INFO: [ view_parse ] --START--
INFO: [ template_filter ] --START--
INFO: Run Behavior\ContentReplaceBehavior [ RunTime:0.000071s ]
INFO: [ template_filter ] --END-- [ RunTime:0.000110s ]
NOTIC: [8] Undefined index: id D:\phpStudy\WWW\thinkphp\Robot\Runtime\Cache\Home\e05e1787e7048c6ac98da76bd4f1764b.php 第 130 行.
SQL: SHOW COLUMNS FROM `robot_teaching_work_teaching_development` [ RunTime:0.0082s ]
SQL: SELECT * FROM `robot_teaching_work_teaching_development`  [ RunTime:0.0002s ]
INFO: Run Behavior\ParseTemplateBehavior [ RunTime:0.025824s ]
INFO: [ view_parse ] --END-- [ RunTime:0.025869s ]
INFO: [ view_filter ] --START--
INFO: Run Behavior\WriteHtmlCacheBehavior [ RunTime:0.000330s ]
INFO: [ view_filter ] --END-- [ RunTime:0.000359s ]
INFO: [ app_end ] --START--
INFO: Run Behavior\ShowPageTraceBehavior [ RunTime:0.000565s ]
INFO: [ app_end ] --END-- [ RunTime:0.000595s ]

[ 2018-03-16T15:37:18+08:00 ] ::1 /thinkphp/Home/User/institute_overview?title=%E5%AD%A6%E9%99%A2%E4%BB%8B%E7%BB%8D&content=InstituteOverviewInstituteIntroduction
INFO: [ app_init ] --START--
INFO: Run Behavior\BuildLiteBehavior [ RunTime:0.000011s ]
INFO: [ app_init ] --END-- [ RunTime:0.000361s ]
INFO: [ app_begin ] --START--
INFO: Run Behavior\ReadHtmlCacheBehavior [ RunTime:0.000475s ]
INFO: [ app_begin ] --END-- [ RunTime:0.000514s ]
INFO: [ view_parse ] --START--
INFO: [ template_filter ] --START--
INFO: Run Behavior\ContentReplaceBehavior [ RunTime:0.000111s ]
INFO: [ template_filter ] --END-- [ RunTime:0.000157s ]
SQL: SHOW COLUMNS FROM `robot_institute_overview_institute_introduction` [ RunTime:0.0086s ]
SQL: SELECT * FROM `robot_institute_overview_institute_introduction`  [ RunTime:0.0003s ]
INFO: Run Behavior\ParseTemplateBehavior [ RunTime:0.027718s ]
INFO: [ view_parse ] --END-- [ RunTime:0.027752s ]
INFO: [ view_filter ] --START--
INFO: Run Behavior\WriteHtmlCacheBehavior [ RunTime:0.000363s ]
INFO: [ view_filter ] --END-- [ RunTime:0.000391s ]
INFO: [ app_end ] --START--
INFO: Run Behavior\ShowPageTraceBehavior [ RunTime:0.000654s ]
INFO: [ app_end ] --END-- [ RunTime:0.000698s ]

[ 2018-03-16T15:37:20+08:00 ] ::1 /thinkphp/Home/User/teaching_work?title=%E5%AD%A6%E7%A7%91%E7%AB%9E%E8%B5%9B&content=TeachingWorkMajorCompetition
INFO: [ app_init ] --START--
INFO: Run Behavior\BuildLiteBehavior [ RunTime:0.000012s ]
INFO: [ app_init ] --END-- [ RunTime:0.000357s ]
INFO: [ app_begin ] --START--
INFO: Run Behavior\ReadHtmlCacheBehavior [ RunTime:0.000600s ]
INFO: [ app_begin ] --END-- [ RunTime:0.000651s ]
INFO: [ view_parse ] --START--
INFO: [ template_filter ] --START--
INFO: Run Behavior\ContentReplaceBehavior [ RunTime:0.000074s ]
INFO: [ template_filter ] --END-- [ RunTime:0.000140s ]
NOTIC: [8] Undefined index: id D:\phpStudy\WWW\thinkphp\Robot\Runtime\Cache\Home\e05e1787e7048c6ac98da76bd4f1764b.php 第 130 行.
SQL: SHOW COLUMNS FROM `robot_teaching_work_major_competition` [ RunTime:0.0673s ]
SQL: SELECT * FROM `robot_teaching_work_major_competition`  [ RunTime:0.0003s ]
INFO: Run Behavior\ParseTemplateBehavior [ RunTime:0.084199s ]
INFO: [ view_parse ] --END-- [ RunTime:0.084234s ]
INFO: [ view_filter ] --START--
INFO: Run Behavior\WriteHtmlCacheBehavior [ RunTime:0.000360s ]
INFO: [ view_filter ] --END-- [ RunTime:0.000388s ]
INFO: [ app_end ] --START--
INFO: Run Behavior\ShowPageTraceBehavior [ RunTime:0.000461s ]
INFO: [ app_end ] --END-- [ RunTime:0.000490s ]

