[ 2018-06-14T20:13:21+08:00 ] ::1 /RobotInstitute/
INFO: [ app_init ] --START--
INFO: Run Behavior\BuildLiteBehavior [ RunTime:0.000017s ]
INFO: [ app_init ] --END-- [ RunTime:0.026200s ]
INFO: [ app_begin ] --START--
INFO: Run Behavior\ReadHtmlCacheBehavior [ RunTime:0.015281s ]
INFO: [ app_begin ] --END-- [ RunTime:0.015341s ]
NOTIC: [8] A session had already been started - ignoring session_start() D:\phpStudy\WWW\RobotInstitute\ThinkPHP\Common\functions.php 第 1272 行.
SQL: SHOW COLUMNS FROM `robot_institute_overview` [ RunTime:0.1829s ]
SQL: SELECT * FROM `robot_institute_overview`  [ RunTime:0.0003s ]
SQL: SHOW COLUMNS FROM `robot_teaching_work` [ RunTime:0.0350s ]
SQL: SELECT * FROM `robot_teaching_work`  [ RunTime:0.0003s ]
SQL: SHOW COLUMNS FROM `robot_enroll_student` [ RunTime:0.0079s ]
SQL: SELECT * FROM `robot_enroll_student`  [ RunTime:0.0003s ]
SQL: SHOW COLUMNS FROM `robot_institute_show` [ RunTime:0.0218s ]
SQL: SELECT * FROM `robot_institute_show`  [ RunTime:0.0003s ]
SQL: SHOW COLUMNS FROM `robot_learning_resources` [ RunTime:0.0172s ]
SQL: SELECT * FROM `robot_learning_resources`  [ RunTime:0.0003s ]
SQL: SHOW COLUMNS FROM `robot_editable` [ RunTime:0.0220s ]
SQL: SELECT * FROM `robot_editable`  [ RunTime:0.0003s ]
SQL: SHOW COLUMNS FROM `robot_teaching_work` [ RunTime:0.0038s ]
SQL: SELECT `catalog_id`,`catalog`,`catalog_table` FROM `robot_teaching_work` WHERE ( 1=1 AND group_id='1' )  [ RunTime:0.0439s ]
SQL: SHOW COLUMNS FROM `robot_enroll_student` [ RunTime:0.0039s ]
SQL: SELECT `catalog_id`,`catalog`,`catalog_table` FROM `robot_enroll_student` WHERE ( 1=1 AND group_id='1' )  [ RunTime:0.0002s ]
SQL: SHOW COLUMNS FROM `robot_institute_show` [ RunTime:0.0040s ]
SQL: SELECT `catalog_id`,`catalog`,`catalog_table` FROM `robot_institute_show` WHERE ( 1=1 AND group_id='1' )  [ RunTime:0.0005s ]
SQL: SELECT `catalog_id`,`catalog`,`catalog_table` FROM `robot_teaching_work` WHERE ( 1=1 AND group_id='2' )  [ RunTime:0.0003s ]
SQL: SELECT `catalog_id`,`catalog`,`catalog_table` FROM `robot_enroll_student` WHERE ( 1=1 AND group_id='2' )  [ RunTime:0.0003s ]
SQL: SELECT `catalog_id`,`catalog`,`catalog_table` FROM `robot_institute_show` WHERE ( 1=1 AND group_id='2' )  [ RunTime:0.0002s ]
SQL: SELECT `catalog_id`,`catalog`,`catalog_table` FROM `robot_teaching_work` WHERE ( 1=1 AND group_id='3' )  [ RunTime:0.0002s ]
SQL: SELECT `catalog_id`,`catalog`,`catalog_table` FROM `robot_enroll_student` WHERE ( 1=1 AND group_id='3' )  [ RunTime:0.0002s ]
SQL: SELECT `catalog_id`,`catalog`,`catalog_table` FROM `robot_institute_show` WHERE ( 1=1 AND group_id='3' )  [ RunTime:0.0002s ]
NOTIC: [2] Invalid argument supplied for foreach() D:\phpStudy\WWW\RobotInstitute\Robot\Home\Controller\IndexController.class.php 第 135 行.
NOTIC: [2] Invalid argument supplied for foreach() D:\phpStudy\WWW\RobotInstitute\Robot\Home\Controller\IndexController.class.php 第 135 行.
NOTIC: [2] Invalid argument supplied for foreach() D:\phpStudy\WWW\RobotInstitute\Robot\Home\Controller\IndexController.class.php 第 135 行.
NOTIC: [2] Invalid argument supplied for foreach() D:\phpStudy\WWW\RobotInstitute\Robot\Home\Controller\IndexController.class.php 第 135 行.
SQL: SHOW COLUMNS FROM `robot_teaching_work_teaching_development` [ RunTime:0.0270s ]
SQL: SELECT * FROM `robot_teaching_work_teaching_development` ORDER BY date desc  [ RunTime:0.0162s ]
SQL: SHOW COLUMNS FROM `robot_teaching_work_major_introduction` [ RunTime:0.0185s ]
SQL: SELECT * FROM `robot_teaching_work_major_introduction` ORDER BY date desc  [ RunTime:0.0048s ]
SQL: SHOW COLUMNS FROM `robot_teaching_work_subject_research` [ RunTime:0.0048s ]
SQL: SELECT * FROM `robot_teaching_work_subject_research` ORDER BY date desc  [ RunTime:0.0003s ]
NOTIC: [2] Invalid argument supplied for foreach() D:\phpStudy\WWW\RobotInstitute\Robot\Home\Controller\IndexController.class.php 第 135 行.
NOTIC: [2] Invalid argument supplied for foreach() D:\phpStudy\WWW\RobotInstitute\Robot\Home\Controller\IndexController.class.php 第 135 行.
NOTIC: [2] Invalid argument supplied for foreach() D:\phpStudy\WWW\RobotInstitute\Robot\Home\Controller\IndexController.class.php 第 135 行.
NOTIC: [2] Invalid argument supplied for foreach() D:\phpStudy\WWW\RobotInstitute\Robot\Home\Controller\IndexController.class.php 第 135 行.
SQL: SHOW COLUMNS FROM `robot_enroll_student_standard` [ RunTime:0.0177s ]
SQL: SELECT * FROM `robot_enroll_student_standard` ORDER BY date desc  [ RunTime:0.0170s ]
SQL: SHOW COLUMNS FROM `robot_enroll_student_information` [ RunTime:0.0231s ]
SQL: SELECT * FROM `robot_enroll_student_information` ORDER BY date desc  [ RunTime:0.0188s ]
NOTIC: [2] Invalid argument supplied for foreach() D:\phpStudy\WWW\RobotInstitute\Robot\Home\Controller\IndexController.class.php 第 135 行.
NOTIC: [2] Invalid argument supplied for foreach() D:\phpStudy\WWW\RobotInstitute\Robot\Home\Controller\IndexController.class.php 第 135 行.
NOTIC: [2] Invalid argument supplied for foreach() D:\phpStudy\WWW\RobotInstitute\Robot\Home\Controller\IndexController.class.php 第 135 行.
NOTIC: [2] Invalid argument supplied for foreach() D:\phpStudy\WWW\RobotInstitute\Robot\Home\Controller\IndexController.class.php 第 135 行.
SQL: SHOW COLUMNS FROM `robot_institute_show_current_events` [ RunTime:0.0327s ]
SQL: SELECT * FROM `robot_institute_show_current_events` ORDER BY date desc  [ RunTime:0.0278s ]
SQL: SHOW COLUMNS FROM `robot_institute_show_vacation_training` [ RunTime:0.0107s ]
SQL: SELECT * FROM `robot_institute_show_vacation_training` ORDER BY date desc  [ RunTime:0.0098s ]
SQL: SHOW COLUMNS FROM `robot_institute_show_competition_awards` [ RunTime:0.0199s ]
SQL: SELECT * FROM `robot_institute_show_competition_awards` ORDER BY date desc  [ RunTime:0.0006s ]
SQL: SHOW COLUMNS FROM `robot_institute_show_visit` [ RunTime:0.0132s ]
SQL: SELECT * FROM `robot_institute_show_visit` ORDER BY date desc  [ RunTime:0.0103s ]
SQL: SHOW COLUMNS FROM `robot_institute_show_project_design` [ RunTime:0.0186s ]
SQL: SELECT * FROM `robot_institute_show_project_design` ORDER BY date desc  [ RunTime:0.0167s ]
SQL: SHOW COLUMNS FROM `robot_institute_show_subject_competition` [ RunTime:0.0154s ]
SQL: SELECT * FROM `robot_institute_show_subject_competition` ORDER BY date desc  [ RunTime:0.0003s ]
INFO: [ view_parse ] --START--
INFO: [ template_filter ] --START--
INFO: Run Behavior\ContentReplaceBehavior [ RunTime:0.000512s ]
INFO: [ template_filter ] --END-- [ RunTime:0.000558s ]
SQL: SHOW COLUMNS FROM `robot_index` [ RunTime:0.0170s ]
SQL: SELECT * FROM `robot_index` ORDER BY id desc  [ RunTime:0.0003s ]
SQL: SHOW COLUMNS FROM `robot_learning_resources_download` [ RunTime:0.0216s ]
SQL: SELECT * FROM `robot_learning_resources_download` ORDER BY id desc LIMIT 6   [ RunTime:0.0119s ]
SQL: SHOW COLUMNS FROM `robot_institute_honor_album` [ RunTime:0.0174s ]
SQL: SELECT * FROM `robot_institute_honor_album` ORDER BY id desc  [ RunTime:0.0077s ]
INFO: Run Behavior\ParseTemplateBehavior [ RunTime:0.248718s ]
INFO: [ view_parse ] --END-- [ RunTime:0.248787s ]
INFO: [ view_filter ] --START--
INFO: Run Behavior\WriteHtmlCacheBehavior [ RunTime:0.011942s ]
INFO: [ view_filter ] --END-- [ RunTime:0.011976s ]
INFO: [ app_end ] --START--
INFO: Run Behavior\ShowPageTraceBehavior [ RunTime:0.001112s ]
INFO: [ app_end ] --END-- [ RunTime:0.001189s ]

