[ 2018-03-24T14:26:20+08:00 ] 127.0.0.1 /thinkphp/Home/Home/teaching_work?title=%E6%95%99%E5%AD%A6%E5%8A%A8%E6%80%81&content=TeachingWorkTeachingDevelopment
ERR: Ê®°Êùø‰∏çÂ≠òÂú®:./Robot/Home/View/Home/teaching_work.php

[ 2018-03-24T21:43:40+08:00 ] 127.0.0.1 /thinkphp/Home/Home/
ERR: SQLSTATE[HY000] [2002] ”…”⁄ƒø±Íº∆À„ª˙ª˝º´æ‹æ¯£¨Œﬁ∑®¡¨Ω”°£


[ 2018-03-24T21:43:46+08:00 ] 127.0.0.1 /thinkphp/Home/Home/
ERR: SQLSTATE[HY000] [2002] ”…”⁄ƒø±Íº∆À„ª˙ª˝º´æ‹æ¯£¨Œﬁ∑®¡¨Ω”°£


[ 2018-03-24T21:44:01+08:00 ] 127.0.0.1 /thinkphp/Home/Home/index
ERR: SQLSTATE[HY000] [2002] ”…”⁄ƒø±Íº∆À„ª˙ª˝º´æ‹æ¯£¨Œﬁ∑®¡¨Ω”°£


[ 2018-03-24T21:44:28+08:00 ] 127.0.0.1 /thinkphp/Home/Home/
ERR: SQLSTATE[HY000] [2002] ”…”⁄ƒø±Íº∆À„ª˙ª˝º´æ‹æ¯£¨Œﬁ∑®¡¨Ω”°£


[ 2018-03-24T21:44:54+08:00 ] 127.0.0.1 /thinkphp/Home/Home/
ERR: SQLSTATE[HY000] [2002] ”…”⁄ƒø±Íº∆À„ª˙ª˝º´æ‹æ¯£¨Œﬁ∑®¡¨Ω”°£


[ 2018-03-24T21:45:06+08:00 ] 127.0.0.1 /thinkphp/Home/Home/
INFO: [ app_init ] --START--
INFO: Run Behavior\BuildLiteBehavior [ RunTime:0.000019s ]
INFO: [ app_init ] --END-- [ RunTime:0.010863s ]
INFO: [ app_begin ] --START--
INFO: Run Behavior\ReadHtmlCacheBehavior [ RunTime:0.001071s ]
INFO: [ app_begin ] --END-- [ RunTime:0.001169s ]
NOTIC: [8] A session had already been started - ignoring session_start() D:\phpStudy\WWW\thinkphp\ThinkPHP\Common\functions.php Á¨¨ 1272 Ë°å.
NOTIC: [8] Undefined variable: json_string D:\phpStudy\WWW\thinkphp\Robot\Home\Controller\HomeController.class.php Á¨¨ 14 Ë°å.
ERR: SQLSTATE[HY000] [2002] ”…”⁄ƒø±Íº∆À„ª˙ª˝º´æ‹æ¯£¨Œﬁ∑®¡¨Ω”°£


[ 2018-03-24T21:45:26+08:00 ] 127.0.0.1 /thinkphp/Home/Home/
INFO: [ app_init ] --START--
INFO: Run Behavior\BuildLiteBehavior [ RunTime:0.000021s ]
INFO: [ app_init ] --END-- [ RunTime:0.000583s ]
INFO: [ app_begin ] --START--
INFO: Run Behavior\ReadHtmlCacheBehavior [ RunTime:0.000722s ]
INFO: [ app_begin ] --END-- [ RunTime:0.000790s ]
NOTIC: [8] A session had already been started - ignoring session_start() D:\phpStudy\WWW\thinkphp\ThinkPHP\Common\functions.php Á¨¨ 1272 Ë°å.
NOTIC: [8] Undefined variable: json_string D:\phpStudy\WWW\thinkphp\Robot\Home\Controller\HomeController.class.php Á¨¨ 14 Ë°å.
ERR: SQLSTATE[HY000] [2002] ”…”⁄ƒø±Íº∆À„ª˙ª˝º´æ‹æ¯£¨Œﬁ∑®¡¨Ω”°£


[ 2018-03-24T21:45:46+08:00 ] ::1 /thinkphp/Home/Home/
INFO: [ app_init ] --START--
INFO: Run Behavior\BuildLiteBehavior [ RunTime:0.000022s ]
INFO: [ app_init ] --END-- [ RunTime:0.000678s ]
INFO: [ app_begin ] --START--
INFO: Run Behavior\ReadHtmlCacheBehavior [ RunTime:0.001085s ]
INFO: [ app_begin ] --END-- [ RunTime:0.001277s ]
NOTIC: [8] A session had already been started - ignoring session_start() D:\phpStudy\WWW\thinkphp\ThinkPHP\Common\functions.php Á¨¨ 1272 Ë°å.
NOTIC: [8] Undefined variable: json_string D:\phpStudy\WWW\thinkphp\Robot\Home\Controller\HomeController.class.php Á¨¨ 14 Ë°å.
ERR: SQLSTATE[HY000] [2002] ”…”⁄ƒø±Íº∆À„ª˙ª˝º´æ‹æ¯£¨Œﬁ∑®¡¨Ω”°£


[ 2018-03-24T21:46:52+08:00 ] 127.0.0.1 /thinkphp/Home/Home/
INFO: [ app_init ] --START--
INFO: Run Behavior\BuildLiteBehavior [ RunTime:0.000021s ]
INFO: [ app_init ] --END-- [ RunTime:0.000565s ]
INFO: [ app_begin ] --START--
INFO: Run Behavior\ReadHtmlCacheBehavior [ RunTime:0.001062s ]
INFO: [ app_begin ] --END-- [ RunTime:0.001139s ]
NOTIC: [8] A session had already been started - ignoring session_start() D:\phpStudy\WWW\thinkphp\ThinkPHP\Common\functions.php Á¨¨ 1272 Ë°å.
NOTIC: [8] Undefined variable: json_string D:\phpStudy\WWW\thinkphp\Robot\Home\Controller\HomeController.class.php Á¨¨ 14 Ë°å.
SQL: SHOW COLUMNS FROM `robot_institute_overview` [ RunTime:0.0758s ]
SQL: SELECT * FROM `robot_institute_overview`  [ RunTime:0.0005s ]
SQL: SHOW COLUMNS FROM `robot_teaching_work` [ RunTime:0.1765s ]
SQL: SELECT * FROM `robot_teaching_work`  [ RunTime:0.0005s ]
SQL: SHOW COLUMNS FROM `robot_enroll_student` [ RunTime:0.0156s ]
SQL: SELECT * FROM `robot_enroll_student`  [ RunTime:0.0005s ]
SQL: SHOW COLUMNS FROM `robot_institute_show` [ RunTime:0.0325s ]
SQL: SELECT * FROM `robot_institute_show`  [ RunTime:0.0004s ]
SQL: SHOW COLUMNS FROM `robot_learning_resources` [ RunTime:0.0281s ]
SQL: SELECT * FROM `robot_learning_resources`  [ RunTime:0.0004s ]
INFO: [ view_parse ] --START--
INFO: [ template_filter ] --START--
INFO: Run Behavior\ContentReplaceBehavior [ RunTime:0.000215s ]
INFO: [ template_filter ] --END-- [ RunTime:0.000289s ]
SQL: SHOW COLUMNS FROM `robot_index` [ RunTime:0.0484s ]
SQL: SELECT * FROM `robot_index` ORDER BY id desc  [ RunTime:0.0209s ]
SQL: SHOW COLUMNS FROM `robot_learning_resources_download` [ RunTime:0.0522s ]
SQL: SELECT * FROM `robot_learning_resources_download` ORDER BY id desc LIMIT 3   [ RunTime:0.0191s ]
SQL: SHOW COLUMNS FROM `robot_institute_honor_album` [ RunTime:0.0193s ]
SQL: SELECT * FROM `robot_institute_honor_album` ORDER BY id desc  [ RunTime:0.0174s ]
INFO: Run Behavior\ParseTemplateBehavior [ RunTime:0.309768s ]
INFO: [ view_parse ] --END-- [ RunTime:0.309833s ]
INFO: [ view_filter ] --START--
INFO: Run Behavior\WriteHtmlCacheBehavior [ RunTime:0.000594s ]
INFO: [ view_filter ] --END-- [ RunTime:0.000642s ]
INFO: [ app_end ] --START--
INFO: Run Behavior\ShowPageTraceBehavior [ RunTime:0.000978s ]
INFO: [ app_end ] --END-- [ RunTime:0.001057s ]

[ 2018-03-24T21:46:52+08:00 ] 127.0.0.1 /thinkphp/Home/Home/assets/img/services/4.jpg
INFO: [ app_init ] --START--
INFO: Run Behavior\BuildLiteBehavior [ RunTime:0.000023s ]
INFO: [ app_init ] --END-- [ RunTime:0.000653s ]

[ 2018-03-24T21:46:52+08:00 ] 127.0.0.1 /thinkphp/Home/Home/assets/img/services/5.jpg
INFO: [ app_init ] --START--
INFO: Run Behavior\BuildLiteBehavior [ RunTime:0.000024s ]
INFO: [ app_init ] --END-- [ RunTime:0.000676s ]

[ 2018-03-24T21:46:52+08:00 ] 127.0.0.1 /thinkphp/Home/Home/assets/img/services/6.jpg
INFO: [ app_init ] --START--
INFO: Run Behavior\BuildLiteBehavior [ RunTime:0.000036s ]
INFO: [ app_init ] --END-- [ RunTime:0.001052s ]

[ 2018-03-24T21:47:00+08:00 ] 127.0.0.1 /thinkphp/Home/Home/read_file
INFO: [ app_init ] --START--
INFO: Run Behavior\BuildLiteBehavior [ RunTime:0.000021s ]
INFO: [ app_init ] --END-- [ RunTime:0.000508s ]
INFO: [ app_begin ] --START--
INFO: Run Behavior\ReadHtmlCacheBehavior [ RunTime:0.000916s ]
INFO: [ app_begin ] --END-- [ RunTime:0.000989s ]
ERR: 1146:Table 'robot_tp.robot_' doesn't exist
 [ SQLËØ≠Âè• ] : SELECT * FROM `robot_` WHERE `id` = '43' 
ERR: 1146:Table 'robot_tp.robot_' doesn't exist
 [ SQLËØ≠Âè• ] : SELECT * FROM `robot_` WHERE `id` = '43' 

[ 2018-03-24T21:47:03+08:00 ] 127.0.0.1 /thinkphp/Home/Home/read_file
INFO: [ app_init ] --START--
INFO: Run Behavior\BuildLiteBehavior [ RunTime:0.000021s ]
INFO: [ app_init ] --END-- [ RunTime:0.000515s ]
INFO: [ app_begin ] --START--
INFO: Run Behavior\ReadHtmlCacheBehavior [ RunTime:0.004630s ]
INFO: [ app_begin ] --END-- [ RunTime:0.004897s ]
ERR: 1146:Table 'robot_tp.robot_' doesn't exist
 [ SQLËØ≠Âè• ] : SELECT * FROM `robot_` WHERE `id` = '42' 
ERR: 1146:Table 'robot_tp.robot_' doesn't exist
 [ SQLËØ≠Âè• ] : SELECT * FROM `robot_` WHERE `id` = '42' 

[ 2018-03-24T21:47:22+08:00 ] 127.0.0.1 /thinkphp/Home/Home/read_file
INFO: [ app_init ] --START--
INFO: Run Behavior\BuildLiteBehavior [ RunTime:0.000022s ]
INFO: [ app_init ] --END-- [ RunTime:0.000592s ]
INFO: [ app_begin ] --START--
INFO: Run Behavior\ReadHtmlCacheBehavior [ RunTime:0.000997s ]
INFO: [ app_begin ] --END-- [ RunTime:0.001084s ]
ERR: 1146:Table 'robot_tp.robot_' doesn't exist
 [ SQLËØ≠Âè• ] : SELECT * FROM `robot_` WHERE `id` = '42' 
ERR: 1146:Table 'robot_tp.robot_' doesn't exist
 [ SQLËØ≠Âè• ] : SELECT * FROM `robot_` WHERE `id` = '42' 

[ 2018-03-24T21:47:35+08:00 ] 127.0.0.1 /thinkphp/Home/Home/
INFO: [ app_init ] --START--
INFO: Run Behavior\BuildLiteBehavior [ RunTime:0.000036s ]
INFO: [ app_init ] --END-- [ RunTime:0.007676s ]
INFO: [ app_begin ] --START--
INFO: Run Behavior\ReadHtmlCacheBehavior [ RunTime:0.002559s ]
INFO: [ app_begin ] --END-- [ RunTime:0.002646s ]
NOTIC: [8] A session had already been started - ignoring session_start() D:\phpStudy\WWW\thinkphp\ThinkPHP\Common\functions.php Á¨¨ 1272 Ë°å.
NOTIC: [8] Undefined variable: json_string D:\phpStudy\WWW\thinkphp\Robot\Home\Controller\HomeController.class.php Á¨¨ 14 Ë°å.
SQL: SHOW COLUMNS FROM `robot_institute_overview` [ RunTime:0.0057s ]
SQL: SELECT * FROM `robot_institute_overview`  [ RunTime:0.0006s ]
SQL: SHOW COLUMNS FROM `robot_teaching_work` [ RunTime:0.0055s ]
SQL: SELECT * FROM `robot_teaching_work`  [ RunTime:0.0004s ]
SQL: SHOW COLUMNS FROM `robot_enroll_student` [ RunTime:0.0052s ]
SQL: SELECT * FROM `robot_enroll_student`  [ RunTime:0.0004s ]
SQL: SHOW COLUMNS FROM `robot_institute_show` [ RunTime:0.0056s ]
SQL: SELECT * FROM `robot_institute_show`  [ RunTime:0.0004s ]
SQL: SHOW COLUMNS FROM `robot_learning_resources` [ RunTime:0.0050s ]
SQL: SELECT * FROM `robot_learning_resources`  [ RunTime:0.0004s ]
INFO: [ view_parse ] --START--
INFO: [ template_filter ] --START--
INFO: Run Behavior\ContentReplaceBehavior [ RunTime:0.000212s ]
INFO: [ template_filter ] --END-- [ RunTime:0.000285s ]
SQL: SHOW COLUMNS FROM `robot_index` [ RunTime:0.0054s ]
SQL: SELECT * FROM `robot_index` ORDER BY id desc  [ RunTime:0.0007s ]
SQL: SHOW COLUMNS FROM `robot_learning_resources_download` [ RunTime:0.0053s ]
SQL: SELECT * FROM `robot_learning_resources_download` ORDER BY id desc LIMIT 3   [ RunTime:0.0005s ]
SQL: SHOW COLUMNS FROM `robot_institute_honor_album` [ RunTime:0.0053s ]
SQL: SELECT * FROM `robot_institute_honor_album` ORDER BY id desc  [ RunTime:0.0004s ]
INFO: Run Behavior\ParseTemplateBehavior [ RunTime:0.039970s ]
INFO: [ view_parse ] --END-- [ RunTime:0.040043s ]
INFO: [ view_filter ] --START--
INFO: Run Behavior\WriteHtmlCacheBehavior [ RunTime:0.002156s ]
INFO: [ view_filter ] --END-- [ RunTime:0.002230s ]
INFO: [ app_end ] --START--
INFO: Run Behavior\ShowPageTraceBehavior [ RunTime:0.002207s ]
INFO: [ app_end ] --END-- [ RunTime:0.002297s ]

[ 2018-03-24T21:47:35+08:00 ] 127.0.0.1 /thinkphp/Home/Home/assets/img/services/5.jpg
INFO: [ app_init ] --START--
INFO: Run Behavior\BuildLiteBehavior [ RunTime:0.000019s ]
INFO: [ app_init ] --END-- [ RunTime:0.000470s ]

[ 2018-03-24T21:47:35+08:00 ] 127.0.0.1 /thinkphp/Home/Home/assets/img/services/6.jpg
INFO: [ app_init ] --START--
INFO: Run Behavior\BuildLiteBehavior [ RunTime:0.000020s ]
INFO: [ app_init ] --END-- [ RunTime:0.000464s ]

[ 2018-03-24T21:47:35+08:00 ] 127.0.0.1 /thinkphp/Home/Home/assets/img/services/4.jpg
INFO: [ app_init ] --START--
INFO: Run Behavior\BuildLiteBehavior [ RunTime:0.000047s ]
INFO: [ app_init ] --END-- [ RunTime:0.001865s ]

[ 2018-03-24T21:47:46+08:00 ] 127.0.0.1 /thinkphp/Home/Home/read_file
INFO: [ app_init ] --START--
INFO: Run Behavior\BuildLiteBehavior [ RunTime:0.000020s ]
INFO: [ app_init ] --END-- [ RunTime:0.000581s ]
INFO: [ app_begin ] --START--
INFO: Run Behavior\ReadHtmlCacheBehavior [ RunTime:0.001043s ]
INFO: [ app_begin ] --END-- [ RunTime:0.001173s ]
ERR: 1146:Table 'robot_tp.robot_' doesn't exist
 [ SQLËØ≠Âè• ] : SELECT * FROM `robot_` WHERE `id` = '43' 
ERR: 1146:Table 'robot_tp.robot_' doesn't exist
 [ SQLËØ≠Âè• ] : SELECT * FROM `robot_` WHERE `id` = '43' 

[ 2018-03-24T21:47:49+08:00 ] 127.0.0.1 /thinkphp/Home/Home/download_file
INFO: [ app_init ] --START--
INFO: Run Behavior\BuildLiteBehavior [ RunTime:0.000020s ]
INFO: [ app_init ] --END-- [ RunTime:0.000484s ]
INFO: [ app_begin ] --START--
INFO: Run Behavior\ReadHtmlCacheBehavior [ RunTime:0.000897s ]
INFO: [ app_begin ] --END-- [ RunTime:0.000984s ]
ERR: 1146:Table 'robot_tp.robot_' doesn't exist
 [ SQLËØ≠Âè• ] : SELECT `file_path` FROM `robot_` WHERE `id` = '' 
ERR: 1146:Table 'robot_tp.robot_' doesn't exist
 [ SQLËØ≠Âè• ] : SELECT `file_path` FROM `robot_` WHERE `id` = '' 

[ 2018-03-24T21:47:56+08:00 ] 127.0.0.1 /thinkphp/Home/Home/learning_resources?title=%E8%B5%84%E6%BA%90%E4%B8%8B%E8%BD%BD&content=LearningResourcesDownload
INFO: [ app_init ] --START--
INFO: Run Behavior\BuildLiteBehavior [ RunTime:0.000019s ]
INFO: [ app_init ] --END-- [ RunTime:0.000504s ]
INFO: [ app_begin ] --START--
INFO: Run Behavior\ReadHtmlCacheBehavior [ RunTime:0.000767s ]
INFO: [ app_begin ] --END-- [ RunTime:0.000846s ]
INFO: [ view_parse ] --START--
INFO: [ template_filter ] --START--
INFO: Run Behavior\ContentReplaceBehavior [ RunTime:0.000183s ]
INFO: [ template_filter ] --END-- [ RunTime:0.000267s ]
SQL: SHOW COLUMNS FROM `robot_learning_resources_download` [ RunTime:0.0063s ]
SQL: SELECT * FROM `robot_learning_resources_download` ORDER BY id desc  [ RunTime:0.0006s ]
INFO: Run Behavior\ParseTemplateBehavior [ RunTime:0.044509s ]
INFO: [ view_parse ] --END-- [ RunTime:0.044574s ]
INFO: [ view_filter ] --START--
INFO: Run Behavior\WriteHtmlCacheBehavior [ RunTime:0.000710s ]
INFO: [ view_filter ] --END-- [ RunTime:0.000761s ]
INFO: [ app_end ] --START--
INFO: Run Behavior\ShowPageTraceBehavior [ RunTime:0.001045s ]
INFO: [ app_end ] --END-- [ RunTime:0.001122s ]

[ 2018-03-24T21:47:58+08:00 ] 127.0.0.1 /thinkphp/Home/Home/read_file
INFO: [ app_init ] --START--
INFO: Run Behavior\BuildLiteBehavior [ RunTime:0.000021s ]
INFO: [ app_init ] --END-- [ RunTime:0.000525s ]
INFO: [ app_begin ] --START--
INFO: Run Behavior\ReadHtmlCacheBehavior [ RunTime:0.000688s ]
INFO: [ app_begin ] --END-- [ RunTime:0.000745s ]
SQL: SHOW COLUMNS FROM `robot_learning_resources_download` [ RunTime:0.0093s ]
SQL: SELECT * FROM `robot_learning_resources_download` WHERE `id` = 43  [ RunTime:0.0007s ]
INFO: [ app_end ] --START--
INFO: Run Behavior\ShowPageTraceBehavior [ RunTime:0.001665s ]
INFO: [ app_end ] --END-- [ RunTime:0.001750s ]

[ 2018-03-24T21:48:02+08:00 ] 127.0.0.1 /thinkphp/Home/Home/read_file
INFO: [ app_init ] --START--
INFO: Run Behavior\BuildLiteBehavior [ RunTime:0.000018s ]
INFO: [ app_init ] --END-- [ RunTime:0.000475s ]
INFO: [ app_begin ] --START--
INFO: Run Behavior\ReadHtmlCacheBehavior [ RunTime:0.000675s ]
INFO: [ app_begin ] --END-- [ RunTime:0.000731s ]
SQL: SHOW COLUMNS FROM `robot_learning_resources_download` [ RunTime:0.0104s ]
SQL: SELECT * FROM `robot_learning_resources_download` WHERE `id` = 43  [ RunTime:0.0005s ]
INFO: [ app_end ] --START--
INFO: Run Behavior\ShowPageTraceBehavior [ RunTime:0.001109s ]
INFO: [ app_end ] --END-- [ RunTime:0.001176s ]

[ 2018-03-24T21:48:03+08:00 ] 127.0.0.1 /thinkphp/Home/Home/read_file
INFO: [ app_init ] --START--
INFO: Run Behavior\BuildLiteBehavior [ RunTime:0.000023s ]
INFO: [ app_init ] --END-- [ RunTime:0.000532s ]
INFO: [ app_begin ] --START--
INFO: Run Behavior\ReadHtmlCacheBehavior [ RunTime:0.000804s ]
INFO: [ app_begin ] --END-- [ RunTime:0.000871s ]
SQL: SHOW COLUMNS FROM `robot_learning_resources_download` [ RunTime:0.0075s ]
SQL: SELECT * FROM `robot_learning_resources_download` WHERE `id` = 42  [ RunTime:0.0005s ]
INFO: [ app_end ] --START--
INFO: Run Behavior\ShowPageTraceBehavior [ RunTime:0.001084s ]
INFO: [ app_end ] --END-- [ RunTime:0.001140s ]

[ 2018-03-24T21:48:06+08:00 ] 127.0.0.1 /thinkphp/Home/Home/read_file
INFO: [ app_init ] --START--
INFO: Run Behavior\BuildLiteBehavior [ RunTime:0.000020s ]
INFO: [ app_init ] --END-- [ RunTime:0.000486s ]
INFO: [ app_begin ] --START--
INFO: Run Behavior\ReadHtmlCacheBehavior [ RunTime:0.000799s ]
INFO: [ app_begin ] --END-- [ RunTime:0.000886s ]
SQL: SHOW COLUMNS FROM `robot_learning_resources_download` [ RunTime:0.0099s ]
SQL: SELECT * FROM `robot_learning_resources_download` WHERE `id` = 41  [ RunTime:0.0011s ]
INFO: [ app_end ] --START--
INFO: Run Behavior\ShowPageTraceBehavior [ RunTime:0.001463s ]
INFO: [ app_end ] --END-- [ RunTime:0.001545s ]

[ 2018-03-24T21:48:12+08:00 ] ::1 /thinkphp/Home/Home/
INFO: [ app_init ] --START--
INFO: Run Behavior\BuildLiteBehavior [ RunTime:0.000020s ]
INFO: [ app_init ] --END-- [ RunTime:0.000470s ]
INFO: [ app_begin ] --START--
INFO: Run Behavior\ReadHtmlCacheBehavior [ RunTime:0.000662s ]
INFO: [ app_begin ] --END-- [ RunTime:0.000723s ]
NOTIC: [8] A session had already been started - ignoring session_start() D:\phpStudy\WWW\thinkphp\ThinkPHP\Common\functions.php Á¨¨ 1272 Ë°å.
NOTIC: [8] Undefined variable: json_string D:\phpStudy\WWW\thinkphp\Robot\Home\Controller\HomeController.class.php Á¨¨ 14 Ë°å.
SQL: SHOW COLUMNS FROM `robot_institute_overview` [ RunTime:0.0057s ]
SQL: SELECT * FROM `robot_institute_overview`  [ RunTime:0.0004s ]
SQL: SHOW COLUMNS FROM `robot_teaching_work` [ RunTime:0.0052s ]
SQL: SELECT * FROM `robot_teaching_work`  [ RunTime:0.0004s ]
SQL: SHOW COLUMNS FROM `robot_enroll_student` [ RunTime:0.0053s ]
SQL: SELECT * FROM `robot_enroll_student`  [ RunTime:0.0004s ]
SQL: SHOW COLUMNS FROM `robot_institute_show` [ RunTime:0.0052s ]
SQL: SELECT * FROM `robot_institute_show`  [ RunTime:0.0004s ]
SQL: SHOW COLUMNS FROM `robot_learning_resources` [ RunTime:0.0047s ]
SQL: SELECT * FROM `robot_learning_resources`  [ RunTime:0.0004s ]
INFO: [ view_parse ] --START--
INFO: [ template_filter ] --START--
INFO: Run Behavior\ContentReplaceBehavior [ RunTime:0.000224s ]
INFO: [ template_filter ] --END-- [ RunTime:0.000306s ]
SQL: SHOW COLUMNS FROM `robot_index` [ RunTime:0.0060s ]
SQL: SELECT * FROM `robot_index` ORDER BY id desc  [ RunTime:0.0005s ]
SQL: SHOW COLUMNS FROM `robot_learning_resources_download` [ RunTime:0.0055s ]
SQL: SELECT * FROM `robot_learning_resources_download` ORDER BY id desc LIMIT 3   [ RunTime:0.0005s ]
SQL: SHOW COLUMNS FROM `robot_institute_honor_album` [ RunTime:0.0053s ]
SQL: SELECT * FROM `robot_institute_honor_album` ORDER BY id desc  [ RunTime:0.0005s ]
INFO: Run Behavior\ParseTemplateBehavior [ RunTime:0.037193s ]
INFO: [ view_parse ] --END-- [ RunTime:0.037266s ]
INFO: [ view_filter ] --START--
INFO: Run Behavior\WriteHtmlCacheBehavior [ RunTime:0.000774s ]
INFO: [ view_filter ] --END-- [ RunTime:0.000831s ]
INFO: [ app_end ] --START--
INFO: Run Behavior\ShowPageTraceBehavior [ RunTime:0.001454s ]
INFO: [ app_end ] --END-- [ RunTime:0.001535s ]

[ 2018-03-24T21:48:12+08:00 ] ::1 /thinkphp/Home/Home/assets/img/services/5.jpg
INFO: [ app_init ] --START--
INFO: Run Behavior\BuildLiteBehavior [ RunTime:0.000020s ]
INFO: [ app_init ] --END-- [ RunTime:0.000480s ]

[ 2018-03-24T21:48:12+08:00 ] ::1 /thinkphp/Home/Home/assets/img/services/6.jpg
INFO: [ app_init ] --START--
INFO: Run Behavior\BuildLiteBehavior [ RunTime:0.000018s ]
INFO: [ app_init ] --END-- [ RunTime:0.000462s ]

[ 2018-03-24T21:48:12+08:00 ] ::1 /thinkphp/Home/Home/assets/img/services/4.jpg
INFO: [ app_init ] --START--
INFO: Run Behavior\BuildLiteBehavior [ RunTime:0.000021s ]
INFO: [ app_init ] --END-- [ RunTime:0.000599s ]

[ 2018-03-24T21:48:40+08:00 ] 127.0.0.1 /thinkphp/Home/Home/
INFO: [ app_init ] --START--
INFO: Run Behavior\BuildLiteBehavior [ RunTime:0.000019s ]
INFO: [ app_init ] --END-- [ RunTime:0.000471s ]
INFO: [ app_begin ] --START--
INFO: Run Behavior\ReadHtmlCacheBehavior [ RunTime:0.001301s ]
INFO: [ app_begin ] --END-- [ RunTime:0.001386s ]
NOTIC: [8] A session had already been started - ignoring session_start() D:\phpStudy\WWW\thinkphp\ThinkPHP\Common\functions.php Á¨¨ 1272 Ë°å.
NOTIC: [8] Undefined variable: json_string D:\phpStudy\WWW\thinkphp\Robot\Home\Controller\HomeController.class.php Á¨¨ 14 Ë°å.
SQL: SHOW COLUMNS FROM `robot_institute_overview` [ RunTime:0.0054s ]
SQL: SELECT * FROM `robot_institute_overview`  [ RunTime:0.0003s ]
SQL: SHOW COLUMNS FROM `robot_teaching_work` [ RunTime:0.0052s ]
SQL: SELECT * FROM `robot_teaching_work`  [ RunTime:0.0004s ]
SQL: SHOW COLUMNS FROM `robot_enroll_student` [ RunTime:0.0049s ]
SQL: SELECT * FROM `robot_enroll_student`  [ RunTime:0.0004s ]
SQL: SHOW COLUMNS FROM `robot_institute_show` [ RunTime:0.0050s ]
SQL: SELECT * FROM `robot_institute_show`  [ RunTime:0.0004s ]
SQL: SHOW COLUMNS FROM `robot_learning_resources` [ RunTime:0.0057s ]
SQL: SELECT * FROM `robot_learning_resources`  [ RunTime:0.0004s ]
INFO: [ view_parse ] --START--
INFO: [ template_filter ] --START--
INFO: Run Behavior\ContentReplaceBehavior [ RunTime:0.000232s ]
INFO: [ template_filter ] --END-- [ RunTime:0.000311s ]
SQL: SHOW COLUMNS FROM `robot_index` [ RunTime:0.0252s ]
SQL: SELECT * FROM `robot_index` ORDER BY id desc  [ RunTime:0.0004s ]
SQL: SHOW COLUMNS FROM `robot_learning_resources_download` [ RunTime:0.0052s ]
SQL: SELECT * FROM `robot_learning_resources_download` ORDER BY id desc LIMIT 3   [ RunTime:0.0004s ]
SQL: SHOW COLUMNS FROM `robot_institute_honor_album` [ RunTime:0.0048s ]
SQL: SELECT * FROM `robot_institute_honor_album` ORDER BY id desc  [ RunTime:0.0004s ]
INFO: Run Behavior\ParseTemplateBehavior [ RunTime:0.054709s ]
INFO: [ view_parse ] --END-- [ RunTime:0.054765s ]
INFO: [ view_filter ] --START--
INFO: Run Behavior\WriteHtmlCacheBehavior [ RunTime:0.000831s ]
INFO: [ view_filter ] --END-- [ RunTime:0.000886s ]
INFO: [ app_end ] --START--
INFO: Run Behavior\ShowPageTraceBehavior [ RunTime:0.001266s ]
INFO: [ app_end ] --END-- [ RunTime:0.001350s ]

[ 2018-03-24T21:48:40+08:00 ] 127.0.0.1 /thinkphp/Home/Home/assets/img/services/5.jpg
INFO: [ app_init ] --START--
INFO: Run Behavior\BuildLiteBehavior [ RunTime:0.000019s ]
INFO: [ app_init ] --END-- [ RunTime:0.000470s ]

[ 2018-03-24T21:48:40+08:00 ] 127.0.0.1 /thinkphp/Home/Home/assets/img/services/4.jpg
INFO: [ app_init ] --START--
INFO: Run Behavior\BuildLiteBehavior [ RunTime:0.000022s ]
INFO: [ app_init ] --END-- [ RunTime:0.000552s ]

[ 2018-03-24T21:48:40+08:00 ] 127.0.0.1 /thinkphp/Home/Home/assets/img/services/6.jpg
INFO: [ app_init ] --START--
INFO: Run Behavior\BuildLiteBehavior [ RunTime:0.000026s ]
INFO: [ app_init ] --END-- [ RunTime:0.001109s ]

[ 2018-03-24T21:49:00+08:00 ] 127.0.0.1 /thinkphp/Home/Home/
INFO: [ app_init ] --START--
INFO: Run Behavior\BuildLiteBehavior [ RunTime:0.000018s ]
INFO: [ app_init ] --END-- [ RunTime:0.000454s ]
INFO: [ app_begin ] --START--
INFO: Run Behavior\ReadHtmlCacheBehavior [ RunTime:0.000661s ]
INFO: [ app_begin ] --END-- [ RunTime:0.000721s ]
NOTIC: [8] A session had already been started - ignoring session_start() D:\phpStudy\WWW\thinkphp\ThinkPHP\Common\functions.php Á¨¨ 1272 Ë°å.
NOTIC: [8] Undefined variable: json_string D:\phpStudy\WWW\thinkphp\Robot\Home\Controller\HomeController.class.php Á¨¨ 14 Ë°å.
SQL: SHOW COLUMNS FROM `robot_institute_overview` [ RunTime:0.0054s ]
SQL: SELECT * FROM `robot_institute_overview`  [ RunTime:0.0004s ]
SQL: SHOW COLUMNS FROM `robot_teaching_work` [ RunTime:0.0059s ]
SQL: SELECT * FROM `robot_teaching_work`  [ RunTime:0.0004s ]
SQL: SHOW COLUMNS FROM `robot_enroll_student` [ RunTime:0.0049s ]
SQL: SELECT * FROM `robot_enroll_student`  [ RunTime:0.0004s ]
SQL: SHOW COLUMNS FROM `robot_institute_show` [ RunTime:0.0050s ]
SQL: SELECT * FROM `robot_institute_show`  [ RunTime:0.0007s ]
SQL: SHOW COLUMNS FROM `robot_learning_resources` [ RunTime:0.0051s ]
SQL: SELECT * FROM `robot_learning_resources`  [ RunTime:0.0004s ]
INFO: [ view_parse ] --START--
INFO: [ template_filter ] --START--
INFO: Run Behavior\ContentReplaceBehavior [ RunTime:0.000224s ]
INFO: [ template_filter ] --END-- [ RunTime:0.000301s ]
SQL: SHOW COLUMNS FROM `robot_index` [ RunTime:0.0053s ]
SQL: SELECT * FROM `robot_index` ORDER BY id desc  [ RunTime:0.0004s ]
SQL: SHOW COLUMNS FROM `robot_learning_resources_download` [ RunTime:0.0064s ]
SQL: SELECT * FROM `robot_learning_resources_download` ORDER BY id desc LIMIT 5   [ RunTime:0.0005s ]
SQL: SHOW COLUMNS FROM `robot_institute_honor_album` [ RunTime:0.0051s ]
SQL: SELECT * FROM `robot_institute_honor_album` ORDER BY id desc  [ RunTime:0.0004s ]
INFO: Run Behavior\ParseTemplateBehavior [ RunTime:0.036159s ]
INFO: [ view_parse ] --END-- [ RunTime:0.036218s ]
INFO: [ view_filter ] --START--
INFO: Run Behavior\WriteHtmlCacheBehavior [ RunTime:0.000711s ]
INFO: [ view_filter ] --END-- [ RunTime:0.000765s ]
INFO: [ app_end ] --START--
INFO: Run Behavior\ShowPageTraceBehavior [ RunTime:0.001126s ]
INFO: [ app_end ] --END-- [ RunTime:0.001208s ]

[ 2018-03-24T21:49:00+08:00 ] 127.0.0.1 /thinkphp/Home/Home/assets/img/services/4.jpg
INFO: [ app_init ] --START--
INFO: Run Behavior\BuildLiteBehavior [ RunTime:0.000020s ]
INFO: [ app_init ] --END-- [ RunTime:0.000476s ]

[ 2018-03-24T21:49:00+08:00 ] 127.0.0.1 /thinkphp/Home/Home/assets/img/services/5.jpg
INFO: [ app_init ] --START--
INFO: Run Behavior\BuildLiteBehavior [ RunTime:0.000020s ]
INFO: [ app_init ] --END-- [ RunTime:0.000787s ]

[ 2018-03-24T21:49:00+08:00 ] 127.0.0.1 /thinkphp/Home/Home/assets/img/services/6.jpg
INFO: [ app_init ] --START--
INFO: Run Behavior\BuildLiteBehavior [ RunTime:0.000021s ]
INFO: [ app_init ] --END-- [ RunTime:0.000634s ]

[ 2018-03-24T21:49:21+08:00 ] 127.0.0.1 /thinkphp/Home/Home/
INFO: [ app_init ] --START--
INFO: Run Behavior\BuildLiteBehavior [ RunTime:0.000020s ]
INFO: [ app_init ] --END-- [ RunTime:0.000764s ]
INFO: [ app_begin ] --START--
INFO: Run Behavior\ReadHtmlCacheBehavior [ RunTime:0.004285s ]
INFO: [ app_begin ] --END-- [ RunTime:0.004393s ]
NOTIC: [8] A session had already been started - ignoring session_start() D:\phpStudy\WWW\thinkphp\ThinkPHP\Common\functions.php Á¨¨ 1272 Ë°å.
NOTIC: [8] Undefined variable: json_string D:\phpStudy\WWW\thinkphp\Robot\Home\Controller\HomeController.class.php Á¨¨ 14 Ë°å.
SQL: SHOW COLUMNS FROM `robot_institute_overview` [ RunTime:0.0053s ]
SQL: SELECT * FROM `robot_institute_overview`  [ RunTime:0.0004s ]
SQL: SHOW COLUMNS FROM `robot_teaching_work` [ RunTime:0.0053s ]
SQL: SELECT * FROM `robot_teaching_work`  [ RunTime:0.0005s ]
SQL: SHOW COLUMNS FROM `robot_enroll_student` [ RunTime:0.0052s ]
SQL: SELECT * FROM `robot_enroll_student`  [ RunTime:0.0004s ]
SQL: SHOW COLUMNS FROM `robot_institute_show` [ RunTime:0.0050s ]
SQL: SELECT * FROM `robot_institute_show`  [ RunTime:0.0004s ]
SQL: SHOW COLUMNS FROM `robot_learning_resources` [ RunTime:0.0052s ]
SQL: SELECT * FROM `robot_learning_resources`  [ RunTime:0.0004s ]
INFO: [ view_parse ] --START--
INFO: [ template_filter ] --START--
INFO: Run Behavior\ContentReplaceBehavior [ RunTime:0.000211s ]
INFO: [ template_filter ] --END-- [ RunTime:0.000284s ]
SQL: SHOW COLUMNS FROM `robot_index` [ RunTime:0.0052s ]
SQL: SELECT * FROM `robot_index` ORDER BY id desc  [ RunTime:0.0004s ]
SQL: SHOW COLUMNS FROM `robot_learning_resources_download` [ RunTime:0.0052s ]
SQL: SELECT * FROM `robot_learning_resources_download` ORDER BY id desc LIMIT 5   [ RunTime:0.0006s ]
SQL: SHOW COLUMNS FROM `robot_institute_honor_album` [ RunTime:0.0053s ]
SQL: SELECT * FROM `robot_institute_honor_album` ORDER BY id desc  [ RunTime:0.0005s ]
INFO: Run Behavior\ParseTemplateBehavior [ RunTime:0.036706s ]
INFO: [ view_parse ] --END-- [ RunTime:0.036770s ]
INFO: [ view_filter ] --START--
INFO: Run Behavior\WriteHtmlCacheBehavior [ RunTime:0.001044s ]
INFO: [ view_filter ] --END-- [ RunTime:0.001100s ]
INFO: [ app_end ] --START--
INFO: Run Behavior\ShowPageTraceBehavior [ RunTime:0.001506s ]
INFO: [ app_end ] --END-- [ RunTime:0.001589s ]

[ 2018-03-24T21:49:21+08:00 ] 127.0.0.1 /thinkphp/Home/Home/assets/img/services/6.jpg
INFO: [ app_init ] --START--
INFO: Run Behavior\BuildLiteBehavior [ RunTime:0.000021s ]
INFO: [ app_init ] --END-- [ RunTime:0.000467s ]

[ 2018-03-24T21:49:21+08:00 ] 127.0.0.1 /thinkphp/Home/Home/assets/img/services/4.jpg
INFO: [ app_init ] --START--
INFO: Run Behavior\BuildLiteBehavior [ RunTime:0.000021s ]
INFO: [ app_init ] --END-- [ RunTime:0.000736s ]

[ 2018-03-24T21:49:21+08:00 ] 127.0.0.1 /thinkphp/Home/Home/assets/img/services/5.jpg
INFO: [ app_init ] --START--
INFO: Run Behavior\BuildLiteBehavior [ RunTime:0.000023s ]
INFO: [ app_init ] --END-- [ RunTime:0.001182s ]

[ 2018-03-24T21:50:47+08:00 ] 127.0.0.1 /thinkphp/Home/Home/read_file
INFO: [ app_init ] --START--
INFO: Run Behavior\BuildLiteBehavior [ RunTime:0.000031s ]
INFO: [ app_init ] --END-- [ RunTime:0.000945s ]
INFO: [ app_begin ] --START--
INFO: Run Behavior\ReadHtmlCacheBehavior [ RunTime:0.001228s ]
INFO: [ app_begin ] --END-- [ RunTime:0.001321s ]
SQL: SHOW COLUMNS FROM `robot_learning_resources_download` [ RunTime:0.0085s ]
SQL: SELECT * FROM `robot_learning_resources_download` WHERE `id` = 40  [ RunTime:0.0005s ]
INFO: [ app_end ] --START--
INFO: Run Behavior\ShowPageTraceBehavior [ RunTime:0.001079s ]
INFO: [ app_end ] --END-- [ RunTime:0.001146s ]

[ 2018-03-24T21:50:48+08:00 ] 127.0.0.1 /thinkphp/Home/Home/read_file
INFO: [ app_init ] --START--
INFO: Run Behavior\BuildLiteBehavior [ RunTime:0.000019s ]
INFO: [ app_init ] --END-- [ RunTime:0.000487s ]
INFO: [ app_begin ] --START--
INFO: Run Behavior\ReadHtmlCacheBehavior [ RunTime:0.000696s ]
INFO: [ app_begin ] --END-- [ RunTime:0.000762s ]
SQL: SHOW COLUMNS FROM `robot_learning_resources_download` [ RunTime:0.0093s ]
SQL: SELECT * FROM `robot_learning_resources_download` WHERE `id` = 39  [ RunTime:0.0005s ]
INFO: [ app_end ] --START--
INFO: Run Behavior\ShowPageTraceBehavior [ RunTime:0.001179s ]
INFO: [ app_end ] --END-- [ RunTime:0.001251s ]

[ 2018-03-24T21:50:50+08:00 ] 127.0.0.1 /thinkphp/Home/Home/read_file
INFO: [ app_init ] --START--
INFO: Run Behavior\BuildLiteBehavior [ RunTime:0.000019s ]
INFO: [ app_init ] --END-- [ RunTime:0.000462s ]
INFO: [ app_begin ] --START--
INFO: Run Behavior\ReadHtmlCacheBehavior [ RunTime:0.000669s ]
INFO: [ app_begin ] --END-- [ RunTime:0.000726s ]
SQL: SHOW COLUMNS FROM `robot_learning_resources_download` [ RunTime:0.0058s ]
SQL: SELECT * FROM `robot_learning_resources_download` WHERE `id` = 42  [ RunTime:0.0011s ]
INFO: [ app_end ] --START--
INFO: Run Behavior\ShowPageTraceBehavior [ RunTime:0.001162s ]
INFO: [ app_end ] --END-- [ RunTime:0.001239s ]

[ 2018-03-24T21:51:17+08:00 ] ::1 /thinkphp/Home/Home/
INFO: [ app_init ] --START--
INFO: Run Behavior\BuildLiteBehavior [ RunTime:0.000024s ]
INFO: [ app_init ] --END-- [ RunTime:0.000760s ]
INFO: [ app_begin ] --START--
INFO: Run Behavior\ReadHtmlCacheBehavior [ RunTime:0.000778s ]
INFO: [ app_begin ] --END-- [ RunTime:0.000860s ]
NOTIC: [8] A session had already been started - ignoring session_start() D:\phpStudy\WWW\thinkphp\ThinkPHP\Common\functions.php Á¨¨ 1272 Ë°å.
NOTIC: [8] Undefined variable: json_string D:\phpStudy\WWW\thinkphp\Robot\Home\Controller\HomeController.class.php Á¨¨ 14 Ë°å.
SQL: SHOW COLUMNS FROM `robot_institute_overview` [ RunTime:0.0052s ]
SQL: SELECT * FROM `robot_institute_overview`  [ RunTime:0.0004s ]
SQL: SHOW COLUMNS FROM `robot_teaching_work` [ RunTime:0.0050s ]
SQL: SELECT * FROM `robot_teaching_work`  [ RunTime:0.0004s ]
SQL: SHOW COLUMNS FROM `robot_enroll_student` [ RunTime:0.0058s ]
SQL: SELECT * FROM `robot_enroll_student`  [ RunTime:0.0004s ]
SQL: SHOW COLUMNS FROM `robot_institute_show` [ RunTime:0.0053s ]
SQL: SELECT * FROM `robot_institute_show`  [ RunTime:0.0004s ]
SQL: SHOW COLUMNS FROM `robot_learning_resources` [ RunTime:0.0057s ]
SQL: SELECT * FROM `robot_learning_resources`  [ RunTime:0.0004s ]
INFO: [ view_parse ] --START--
INFO: [ template_filter ] --START--
INFO: Run Behavior\ContentReplaceBehavior [ RunTime:0.000223s ]
INFO: [ template_filter ] --END-- [ RunTime:0.000317s ]
SQL: SHOW COLUMNS FROM `robot_index` [ RunTime:0.0054s ]
SQL: SELECT * FROM `robot_index` ORDER BY id desc  [ RunTime:0.0004s ]
SQL: SHOW COLUMNS FROM `robot_learning_resources_download` [ RunTime:0.0052s ]
SQL: SELECT * FROM `robot_learning_resources_download` ORDER BY id desc LIMIT 5   [ RunTime:0.0005s ]
SQL: SHOW COLUMNS FROM `robot_institute_honor_album` [ RunTime:0.0053s ]
SQL: SELECT * FROM `robot_institute_honor_album` ORDER BY id desc  [ RunTime:0.0005s ]
INFO: Run Behavior\ParseTemplateBehavior [ RunTime:0.035184s ]
INFO: [ view_parse ] --END-- [ RunTime:0.035247s ]
INFO: [ view_filter ] --START--
INFO: Run Behavior\WriteHtmlCacheBehavior [ RunTime:0.000704s ]
INFO: [ view_filter ] --END-- [ RunTime:0.000754s ]
INFO: [ app_end ] --START--
INFO: Run Behavior\ShowPageTraceBehavior [ RunTime:0.001027s ]
INFO: [ app_end ] --END-- [ RunTime:0.001096s ]

[ 2018-03-24T21:51:17+08:00 ] ::1 /thinkphp/Home/Home/assets/img/services/4.jpg
INFO: [ app_init ] --START--
INFO: Run Behavior\BuildLiteBehavior [ RunTime:0.000023s ]
INFO: [ app_init ] --END-- [ RunTime:0.000535s ]

[ 2018-03-24T21:51:17+08:00 ] ::1 /thinkphp/Home/Home/assets/img/services/5.jpg
INFO: [ app_init ] --START--
INFO: Run Behavior\BuildLiteBehavior [ RunTime:0.000021s ]
INFO: [ app_init ] --END-- [ RunTime:0.000540s ]

[ 2018-03-24T21:51:17+08:00 ] ::1 /thinkphp/Home/Home/assets/img/services/6.jpg
INFO: [ app_init ] --START--
INFO: Run Behavior\BuildLiteBehavior [ RunTime:0.000020s ]
INFO: [ app_init ] --END-- [ RunTime:0.000509s ]

[ 2018-03-24T21:53:48+08:00 ] ::1 /thinkphp/Home/Home/
INFO: [ app_init ] --START--
INFO: Run Behavior\BuildLiteBehavior [ RunTime:0.000028s ]
INFO: [ app_init ] --END-- [ RunTime:0.000659s ]
INFO: [ app_begin ] --START--
INFO: Run Behavior\ReadHtmlCacheBehavior [ RunTime:0.001507s ]
INFO: [ app_begin ] --END-- [ RunTime:0.001603s ]
NOTIC: [8] A session had already been started - ignoring session_start() D:\phpStudy\WWW\thinkphp\ThinkPHP\Common\functions.php Á¨¨ 1272 Ë°å.
NOTIC: [8] Undefined variable: json_string D:\phpStudy\WWW\thinkphp\Robot\Home\Controller\HomeController.class.php Á¨¨ 14 Ë°å.
SQL: SHOW COLUMNS FROM `robot_institute_overview` [ RunTime:0.0096s ]
SQL: SELECT * FROM `robot_institute_overview`  [ RunTime:0.0004s ]
SQL: SHOW COLUMNS FROM `robot_teaching_work` [ RunTime:0.0052s ]
SQL: SELECT * FROM `robot_teaching_work`  [ RunTime:0.0007s ]
SQL: SHOW COLUMNS FROM `robot_enroll_student` [ RunTime:0.0052s ]
SQL: SELECT * FROM `robot_enroll_student`  [ RunTime:0.0005s ]
SQL: SHOW COLUMNS FROM `robot_institute_show` [ RunTime:0.0055s ]
SQL: SELECT * FROM `robot_institute_show`  [ RunTime:0.0008s ]
SQL: SHOW COLUMNS FROM `robot_learning_resources` [ RunTime:0.0070s ]
SQL: SELECT * FROM `robot_learning_resources`  [ RunTime:0.0004s ]
INFO: [ view_parse ] --START--
INFO: [ template_filter ] --START--
INFO: Run Behavior\ContentReplaceBehavior [ RunTime:0.000217s ]
INFO: [ template_filter ] --END-- [ RunTime:0.000290s ]
SQL: SHOW COLUMNS FROM `robot_index` [ RunTime:0.0066s ]
SQL: SELECT * FROM `robot_index` ORDER BY id desc  [ RunTime:0.0004s ]
SQL: SHOW COLUMNS FROM `robot_learning_resources_download` [ RunTime:0.0051s ]
SQL: SELECT * FROM `robot_learning_resources_download` ORDER BY id desc LIMIT 5   [ RunTime:0.0005s ]
SQL: SHOW COLUMNS FROM `robot_institute_honor_album` [ RunTime:0.0056s ]
SQL: SELECT * FROM `robot_institute_honor_album` ORDER BY id desc  [ RunTime:0.0004s ]
INFO: Run Behavior\ParseTemplateBehavior [ RunTime:0.037953s ]
INFO: [ view_parse ] --END-- [ RunTime:0.038024s ]
INFO: [ view_filter ] --START--
INFO: Run Behavior\WriteHtmlCacheBehavior [ RunTime:0.001046s ]
INFO: [ view_filter ] --END-- [ RunTime:0.001103s ]
INFO: [ app_end ] --START--
INFO: Run Behavior\ShowPageTraceBehavior [ RunTime:0.001384s ]
INFO: [ app_end ] --END-- [ RunTime:0.001460s ]

[ 2018-03-24T21:53:48+08:00 ] ::1 /thinkphp/Home/Home/assets/img/services/4.jpg
INFO: [ app_init ] --START--
INFO: Run Behavior\BuildLiteBehavior [ RunTime:0.000020s ]
INFO: [ app_init ] --END-- [ RunTime:0.000620s ]

[ 2018-03-24T21:53:48+08:00 ] ::1 /thinkphp/Home/Home/assets/img/services/5.jpg
INFO: [ app_init ] --START--
INFO: Run Behavior\BuildLiteBehavior [ RunTime:0.000020s ]
INFO: [ app_init ] --END-- [ RunTime:0.000587s ]

[ 2018-03-24T21:53:48+08:00 ] ::1 /thinkphp/Home/Home/assets/img/services/6.jpg
INFO: [ app_init ] --START--
INFO: Run Behavior\BuildLiteBehavior [ RunTime:0.000021s ]
INFO: [ app_init ] --END-- [ RunTime:0.000599s ]

[ 2018-03-24T21:53:57+08:00 ] ::1 /thinkphp/Home/Home/read_file
INFO: [ app_init ] --START--
INFO: Run Behavior\BuildLiteBehavior [ RunTime:0.000020s ]
INFO: [ app_init ] --END-- [ RunTime:0.000708s ]
INFO: [ app_begin ] --START--
INFO: Run Behavior\ReadHtmlCacheBehavior [ RunTime:0.006074s ]
INFO: [ app_begin ] --END-- [ RunTime:0.006156s ]
SQL: SHOW COLUMNS FROM `robot_learning_resources_download` [ RunTime:0.0084s ]
SQL: SELECT * FROM `robot_learning_resources_download` WHERE `id` = 39  [ RunTime:0.0005s ]
INFO: [ app_end ] --START--
INFO: Run Behavior\ShowPageTraceBehavior [ RunTime:0.001846s ]
INFO: [ app_end ] --END-- [ RunTime:0.001933s ]

[ 2018-03-24T21:53:57+08:00 ] ::1 /thinkphp/Home/Home/
INFO: [ app_init ] --START--
INFO: Run Behavior\BuildLiteBehavior [ RunTime:0.000024s ]
INFO: [ app_init ] --END-- [ RunTime:0.000629s ]
INFO: [ app_begin ] --START--
INFO: Run Behavior\ReadHtmlCacheBehavior [ RunTime:0.002724s ]
INFO: [ app_begin ] --END-- [ RunTime:0.002853s ]
NOTIC: [8] A session had already been started - ignoring session_start() D:\phpStudy\WWW\thinkphp\ThinkPHP\Common\functions.php Á¨¨ 1272 Ë°å.
NOTIC: [8] Undefined variable: json_string D:\phpStudy\WWW\thinkphp\Robot\Home\Controller\HomeController.class.php Á¨¨ 14 Ë°å.
SQL: SHOW COLUMNS FROM `robot_institute_overview` [ RunTime:0.0059s ]
SQL: SELECT * FROM `robot_institute_overview`  [ RunTime:0.0004s ]
SQL: SHOW COLUMNS FROM `robot_teaching_work` [ RunTime:0.0053s ]
SQL: SELECT * FROM `robot_teaching_work`  [ RunTime:0.0005s ]
SQL: SHOW COLUMNS FROM `robot_enroll_student` [ RunTime:0.0101s ]
SQL: SELECT * FROM `robot_enroll_student`  [ RunTime:0.0019s ]
SQL: SHOW COLUMNS FROM `robot_institute_show` [ RunTime:0.0057s ]
SQL: SELECT * FROM `robot_institute_show`  [ RunTime:0.0004s ]
SQL: SHOW COLUMNS FROM `robot_learning_resources` [ RunTime:0.0051s ]
SQL: SELECT * FROM `robot_learning_resources`  [ RunTime:0.0004s ]
INFO: [ view_parse ] --START--
INFO: [ template_filter ] --START--
INFO: Run Behavior\ContentReplaceBehavior [ RunTime:0.000219s ]
INFO: [ template_filter ] --END-- [ RunTime:0.000291s ]
SQL: SHOW COLUMNS FROM `robot_index` [ RunTime:0.0053s ]
SQL: SELECT * FROM `robot_index` ORDER BY id desc  [ RunTime:0.0004s ]
SQL: SHOW COLUMNS FROM `robot_learning_resources_download` [ RunTime:0.0056s ]
SQL: SELECT * FROM `robot_learning_resources_download` ORDER BY id desc LIMIT 5   [ RunTime:0.0005s ]
SQL: SHOW COLUMNS FROM `robot_institute_honor_album` [ RunTime:0.0051s ]
SQL: SELECT * FROM `robot_institute_honor_album` ORDER BY id desc  [ RunTime:0.0005s ]
INFO: Run Behavior\ParseTemplateBehavior [ RunTime:0.037301s ]
INFO: [ view_parse ] --END-- [ RunTime:0.037370s ]
INFO: [ view_filter ] --START--
INFO: Run Behavior\WriteHtmlCacheBehavior [ RunTime:0.001032s ]
INFO: [ view_filter ] --END-- [ RunTime:0.001096s ]
INFO: [ app_end ] --START--
INFO: Run Behavior\ShowPageTraceBehavior [ RunTime:0.001411s ]
INFO: [ app_end ] --END-- [ RunTime:0.001494s ]

[ 2018-03-24T21:53:57+08:00 ] ::1 /thinkphp/Home/Home/assets/img/services/4.jpg
INFO: [ app_init ] --START--
INFO: Run Behavior\BuildLiteBehavior [ RunTime:0.000018s ]
INFO: [ app_init ] --END-- [ RunTime:0.000563s ]

[ 2018-03-24T21:53:57+08:00 ] ::1 /thinkphp/Home/Home/assets/img/services/5.jpg
INFO: [ app_init ] --START--
INFO: Run Behavior\BuildLiteBehavior [ RunTime:0.000024s ]
INFO: [ app_init ] --END-- [ RunTime:0.000795s ]

[ 2018-03-24T21:53:57+08:00 ] ::1 /thinkphp/Home/Home/assets/img/services/6.jpg
INFO: [ app_init ] --START--
INFO: Run Behavior\BuildLiteBehavior [ RunTime:0.000027s ]
INFO: [ app_init ] --END-- [ RunTime:0.000942s ]

[ 2018-03-24T21:54:52+08:00 ] ::1 /thinkphp/Home/Home/
INFO: [ app_init ] --START--
INFO: Run Behavior\BuildLiteBehavior [ RunTime:0.000028s ]
INFO: [ app_init ] --END-- [ RunTime:0.000931s ]
INFO: [ app_begin ] --START--
INFO: Run Behavior\ReadHtmlCacheBehavior [ RunTime:0.001449s ]
INFO: [ app_begin ] --END-- [ RunTime:0.001519s ]
NOTIC: [8] A session had already been started - ignoring session_start() D:\phpStudy\WWW\thinkphp\ThinkPHP\Common\functions.php Á¨¨ 1272 Ë°å.
NOTIC: [8] Undefined variable: json_string D:\phpStudy\WWW\thinkphp\Robot\Home\Controller\HomeController.class.php Á¨¨ 14 Ë°å.
SQL: SHOW COLUMNS FROM `robot_institute_overview` [ RunTime:0.0066s ]
SQL: SELECT * FROM `robot_institute_overview`  [ RunTime:0.0004s ]
SQL: SHOW COLUMNS FROM `robot_teaching_work` [ RunTime:0.0086s ]
SQL: SELECT * FROM `robot_teaching_work`  [ RunTime:0.0004s ]
SQL: SHOW COLUMNS FROM `robot_enroll_student` [ RunTime:0.0054s ]
SQL: SELECT * FROM `robot_enroll_student`  [ RunTime:0.0005s ]
SQL: SHOW COLUMNS FROM `robot_institute_show` [ RunTime:0.0056s ]
SQL: SELECT * FROM `robot_institute_show`  [ RunTime:0.0004s ]
SQL: SHOW COLUMNS FROM `robot_learning_resources` [ RunTime:0.0050s ]
SQL: SELECT * FROM `robot_learning_resources`  [ RunTime:0.0004s ]
INFO: [ view_parse ] --START--
INFO: [ template_filter ] --START--
INFO: Run Behavior\ContentReplaceBehavior [ RunTime:0.000206s ]
INFO: [ template_filter ] --END-- [ RunTime:0.000286s ]
SQL: SHOW COLUMNS FROM `robot_index` [ RunTime:0.0054s ]
SQL: SELECT * FROM `robot_index` ORDER BY id desc  [ RunTime:0.0005s ]
SQL: SHOW COLUMNS FROM `robot_learning_resources_download` [ RunTime:0.0053s ]
SQL: SELECT * FROM `robot_learning_resources_download` ORDER BY id desc LIMIT 5   [ RunTime:0.0005s ]
SQL: SHOW COLUMNS FROM `robot_institute_honor_album` [ RunTime:0.0057s ]
SQL: SELECT * FROM `robot_institute_honor_album` ORDER BY id desc  [ RunTime:0.0004s ]
INFO: Run Behavior\ParseTemplateBehavior [ RunTime:0.040225s ]
INFO: [ view_parse ] --END-- [ RunTime:0.040318s ]
INFO: [ view_filter ] --START--
INFO: Run Behavior\WriteHtmlCacheBehavior [ RunTime:0.000982s ]
INFO: [ view_filter ] --END-- [ RunTime:0.001032s ]
INFO: [ app_end ] --START--
INFO: Run Behavior\ShowPageTraceBehavior [ RunTime:0.001389s ]
INFO: [ app_end ] --END-- [ RunTime:0.001465s ]

[ 2018-03-24T21:54:52+08:00 ] ::1 /thinkphp/Home/Home/assets/img/services/4.jpg
INFO: [ app_init ] --START--
INFO: Run Behavior\BuildLiteBehavior [ RunTime:0.000022s ]
INFO: [ app_init ] --END-- [ RunTime:0.000629s ]

[ 2018-03-24T21:54:52+08:00 ] ::1 /thinkphp/Home/Home/assets/img/services/5.jpg
INFO: [ app_init ] --START--
INFO: Run Behavior\BuildLiteBehavior [ RunTime:0.000024s ]
INFO: [ app_init ] --END-- [ RunTime:0.000653s ]

[ 2018-03-24T21:54:52+08:00 ] ::1 /thinkphp/Home/Home/assets/img/services/6.jpg
INFO: [ app_init ] --START--
INFO: Run Behavior\BuildLiteBehavior [ RunTime:0.000024s ]
INFO: [ app_init ] --END-- [ RunTime:0.001502s ]

[ 2018-03-24T21:56:10+08:00 ] ::1 /thinkphp/Home/Home/
INFO: [ app_init ] --START--
INFO: Run Behavior\BuildLiteBehavior [ RunTime:0.000020s ]
INFO: [ app_init ] --END-- [ RunTime:0.000601s ]
INFO: [ app_begin ] --START--
INFO: Run Behavior\ReadHtmlCacheBehavior [ RunTime:0.001508s ]
INFO: [ app_begin ] --END-- [ RunTime:0.001613s ]
NOTIC: [8] A session had already been started - ignoring session_start() D:\phpStudy\WWW\thinkphp\ThinkPHP\Common\functions.php Á¨¨ 1272 Ë°å.
NOTIC: [8] Undefined variable: json_string D:\phpStudy\WWW\thinkphp\Robot\Home\Controller\HomeController.class.php Á¨¨ 14 Ë°å.
SQL: SHOW COLUMNS FROM `robot_institute_overview` [ RunTime:0.0071s ]
SQL: SELECT * FROM `robot_institute_overview`  [ RunTime:0.0003s ]
SQL: SHOW COLUMNS FROM `robot_teaching_work` [ RunTime:0.0049s ]
SQL: SELECT * FROM `robot_teaching_work`  [ RunTime:0.0005s ]
SQL: SHOW COLUMNS FROM `robot_enroll_student` [ RunTime:0.0057s ]
SQL: SELECT * FROM `robot_enroll_student`  [ RunTime:0.0004s ]
SQL: SHOW COLUMNS FROM `robot_institute_show` [ RunTime:0.0052s ]
SQL: SELECT * FROM `robot_institute_show`  [ RunTime:0.0004s ]
SQL: SHOW COLUMNS FROM `robot_learning_resources` [ RunTime:0.0057s ]
SQL: SELECT * FROM `robot_learning_resources`  [ RunTime:0.0009s ]
INFO: [ view_parse ] --START--
INFO: [ template_filter ] --START--
INFO: Run Behavior\ContentReplaceBehavior [ RunTime:0.000237s ]
INFO: [ template_filter ] --END-- [ RunTime:0.000318s ]
SQL: SHOW COLUMNS FROM `robot_index` [ RunTime:0.0059s ]
SQL: SELECT * FROM `robot_index` ORDER BY id desc  [ RunTime:0.0004s ]
SQL: SHOW COLUMNS FROM `robot_learning_resources_download` [ RunTime:0.0053s ]
SQL: SELECT * FROM `robot_learning_resources_download` ORDER BY id desc LIMIT 5   [ RunTime:0.0005s ]
SQL: SHOW COLUMNS FROM `robot_institute_honor_album` [ RunTime:0.0058s ]
SQL: SELECT * FROM `robot_institute_honor_album` ORDER BY id desc  [ RunTime:0.0004s ]
INFO: Run Behavior\ParseTemplateBehavior [ RunTime:0.039082s ]
INFO: [ view_parse ] --END-- [ RunTime:0.039172s ]
INFO: [ view_filter ] --START--
INFO: Run Behavior\WriteHtmlCacheBehavior [ RunTime:0.000983s ]
INFO: [ view_filter ] --END-- [ RunTime:0.001038s ]
INFO: [ app_end ] --START--
INFO: Run Behavior\ShowPageTraceBehavior [ RunTime:0.001339s ]
INFO: [ app_end ] --END-- [ RunTime:0.001410s ]

[ 2018-03-24T21:56:10+08:00 ] ::1 /thinkphp/Home/Home/assets/img/services/4.jpg
INFO: [ app_init ] --START--
INFO: Run Behavior\BuildLiteBehavior [ RunTime:0.000020s ]
INFO: [ app_init ] --END-- [ RunTime:0.000629s ]

[ 2018-03-24T21:56:10+08:00 ] ::1 /thinkphp/Home/Home/assets/img/services/5.jpg
INFO: [ app_init ] --START--
INFO: Run Behavior\BuildLiteBehavior [ RunTime:0.000022s ]
INFO: [ app_init ] --END-- [ RunTime:0.000606s ]

[ 2018-03-24T21:56:10+08:00 ] ::1 /thinkphp/Home/Home/assets/img/services/6.jpg
INFO: [ app_init ] --START--
INFO: Run Behavior\BuildLiteBehavior [ RunTime:0.000027s ]
INFO: [ app_init ] --END-- [ RunTime:0.000913s ]

[ 2018-03-24T21:56:15+08:00 ] ::1 /thinkphp/Home/Home/
INFO: [ app_init ] --START--
INFO: Run Behavior\BuildLiteBehavior [ RunTime:0.000022s ]
INFO: [ app_init ] --END-- [ RunTime:0.000589s ]
INFO: [ app_begin ] --START--
INFO: Run Behavior\ReadHtmlCacheBehavior [ RunTime:0.001309s ]
INFO: [ app_begin ] --END-- [ RunTime:0.001401s ]
NOTIC: [8] A session had already been started - ignoring session_start() D:\phpStudy\WWW\thinkphp\ThinkPHP\Common\functions.php Á¨¨ 1272 Ë°å.
NOTIC: [8] Undefined variable: json_string D:\phpStudy\WWW\thinkphp\Robot\Home\Controller\HomeController.class.php Á¨¨ 14 Ë°å.
SQL: SHOW COLUMNS FROM `robot_institute_overview` [ RunTime:0.0063s ]
SQL: SELECT * FROM `robot_institute_overview`  [ RunTime:0.0004s ]
SQL: SHOW COLUMNS FROM `robot_teaching_work` [ RunTime:0.0049s ]
SQL: SELECT * FROM `robot_teaching_work`  [ RunTime:0.0004s ]
SQL: SHOW COLUMNS FROM `robot_enroll_student` [ RunTime:0.0052s ]
SQL: SELECT * FROM `robot_enroll_student`  [ RunTime:0.0004s ]
SQL: SHOW COLUMNS FROM `robot_institute_show` [ RunTime:0.0059s ]
SQL: SELECT * FROM `robot_institute_show`  [ RunTime:0.0004s ]
SQL: SHOW COLUMNS FROM `robot_learning_resources` [ RunTime:0.0048s ]
SQL: SELECT * FROM `robot_learning_resources`  [ RunTime:0.0005s ]
INFO: [ view_parse ] --START--
INFO: [ template_filter ] --START--
INFO: Run Behavior\ContentReplaceBehavior [ RunTime:0.000183s ]
INFO: [ template_filter ] --END-- [ RunTime:0.000249s ]
SQL: SHOW COLUMNS FROM `robot_index` [ RunTime:0.0069s ]
SQL: SELECT * FROM `robot_index` ORDER BY id desc  [ RunTime:0.0004s ]
SQL: SHOW COLUMNS FROM `robot_learning_resources_download` [ RunTime:0.0051s ]
SQL: SELECT * FROM `robot_learning_resources_download` ORDER BY id desc LIMIT 5   [ RunTime:0.0005s ]
SQL: SHOW COLUMNS FROM `robot_institute_honor_album` [ RunTime:0.0062s ]
SQL: SELECT * FROM `robot_institute_honor_album` ORDER BY id desc  [ RunTime:0.0005s ]
INFO: Run Behavior\ParseTemplateBehavior [ RunTime:0.040426s ]
INFO: [ view_parse ] --END-- [ RunTime:0.040496s ]
INFO: [ view_filter ] --START--
INFO: Run Behavior\WriteHtmlCacheBehavior [ RunTime:0.001004s ]
INFO: [ view_filter ] --END-- [ RunTime:0.001055s ]
INFO: [ app_end ] --START--
INFO: Run Behavior\ShowPageTraceBehavior [ RunTime:0.001274s ]
INFO: [ app_end ] --END-- [ RunTime:0.001343s ]

[ 2018-03-24T21:56:15+08:00 ] ::1 /thinkphp/Home/Home/assets/img/services/4.jpg
INFO: [ app_init ] --START--
INFO: Run Behavior\BuildLiteBehavior [ RunTime:0.000022s ]
INFO: [ app_init ] --END-- [ RunTime:0.000572s ]

[ 2018-03-24T21:56:15+08:00 ] ::1 /thinkphp/Home/Home/assets/img/services/5.jpg
INFO: [ app_init ] --START--
INFO: Run Behavior\BuildLiteBehavior [ RunTime:0.000021s ]
INFO: [ app_init ] --END-- [ RunTime:0.000594s ]

[ 2018-03-24T21:56:15+08:00 ] ::1 /thinkphp/Home/Home/assets/img/services/6.jpg
INFO: [ app_init ] --START--
INFO: Run Behavior\BuildLiteBehavior [ RunTime:0.000019s ]
INFO: [ app_init ] --END-- [ RunTime:0.000596s ]

[ 2018-03-24T21:56:50+08:00 ] ::1 /thinkphp/Home/Home/
INFO: [ app_init ] --START--
INFO: Run Behavior\BuildLiteBehavior [ RunTime:0.000020s ]
INFO: [ app_init ] --END-- [ RunTime:0.000589s ]
INFO: [ app_begin ] --START--
INFO: Run Behavior\ReadHtmlCacheBehavior [ RunTime:0.001328s ]
INFO: [ app_begin ] --END-- [ RunTime:0.001403s ]
NOTIC: [8] A session had already been started - ignoring session_start() D:\phpStudy\WWW\thinkphp\ThinkPHP\Common\functions.php Á¨¨ 1272 Ë°å.
NOTIC: [8] Undefined variable: json_string D:\phpStudy\WWW\thinkphp\Robot\Home\Controller\HomeController.class.php Á¨¨ 14 Ë°å.
SQL: SHOW COLUMNS FROM `robot_institute_overview` [ RunTime:0.0085s ]
SQL: SELECT * FROM `robot_institute_overview`  [ RunTime:0.0003s ]
SQL: SHOW COLUMNS FROM `robot_teaching_work` [ RunTime:0.0058s ]
SQL: SELECT * FROM `robot_teaching_work`  [ RunTime:0.0005s ]
SQL: SHOW COLUMNS FROM `robot_enroll_student` [ RunTime:0.0071s ]
SQL: SELECT * FROM `robot_enroll_student`  [ RunTime:0.0005s ]
SQL: SHOW COLUMNS FROM `robot_institute_show` [ RunTime:0.0064s ]
SQL: SELECT * FROM `robot_institute_show`  [ RunTime:0.0005s ]
SQL: SHOW COLUMNS FROM `robot_learning_resources` [ RunTime:0.0094s ]
SQL: SELECT * FROM `robot_learning_resources`  [ RunTime:0.0005s ]
INFO: [ view_parse ] --START--
INFO: [ template_filter ] --START--
INFO: Run Behavior\ContentReplaceBehavior [ RunTime:0.000215s ]
INFO: [ template_filter ] --END-- [ RunTime:0.000288s ]
SQL: SHOW COLUMNS FROM `robot_index` [ RunTime:0.0054s ]
SQL: SELECT * FROM `robot_index` ORDER BY id desc  [ RunTime:0.0004s ]
SQL: SHOW COLUMNS FROM `robot_learning_resources_download` [ RunTime:0.0052s ]
SQL: SELECT * FROM `robot_learning_resources_download` ORDER BY id desc LIMIT 5   [ RunTime:0.0005s ]
SQL: SHOW COLUMNS FROM `robot_institute_honor_album` [ RunTime:0.0083s ]
SQL: SELECT * FROM `robot_institute_honor_album` ORDER BY id desc  [ RunTime:0.0005s ]
INFO: Run Behavior\ParseTemplateBehavior [ RunTime:0.046143s ]
INFO: [ view_parse ] --END-- [ RunTime:0.046221s ]
INFO: [ view_filter ] --START--
INFO: Run Behavior\WriteHtmlCacheBehavior [ RunTime:0.001057s ]
INFO: [ view_filter ] --END-- [ RunTime:0.001121s ]
INFO: [ app_end ] --START--
INFO: Run Behavior\ShowPageTraceBehavior [ RunTime:0.001405s ]
INFO: [ app_end ] --END-- [ RunTime:0.001494s ]

[ 2018-03-24T21:56:50+08:00 ] ::1 /thinkphp/Home/Home/assets/img/services/4.jpg
INFO: [ app_init ] --START--
INFO: Run Behavior\BuildLiteBehavior [ RunTime:0.000020s ]
INFO: [ app_init ] --END-- [ RunTime:0.000564s ]

[ 2018-03-24T21:56:50+08:00 ] ::1 /thinkphp/Home/Home/assets/img/services/5.jpg
INFO: [ app_init ] --START--
INFO: Run Behavior\BuildLiteBehavior [ RunTime:0.000021s ]
INFO: [ app_init ] --END-- [ RunTime:0.000666s ]

[ 2018-03-24T21:56:50+08:00 ] ::1 /thinkphp/Home/Home/assets/img/services/6.jpg
INFO: [ app_init ] --START--
INFO: Run Behavior\BuildLiteBehavior [ RunTime:0.000019s ]
INFO: [ app_init ] --END-- [ RunTime:0.000557s ]

[ 2018-03-24T21:56:59+08:00 ] ::1 /thinkphp/Home/Home/read_file
INFO: [ app_init ] --START--
INFO: Run Behavior\BuildLiteBehavior [ RunTime:0.000023s ]
INFO: [ app_init ] --END-- [ RunTime:0.000626s ]
INFO: [ app_begin ] --START--
INFO: Run Behavior\ReadHtmlCacheBehavior [ RunTime:0.001255s ]
INFO: [ app_begin ] --END-- [ RunTime:0.001332s ]
SQL: SHOW COLUMNS FROM `robot_learning_resources_download` [ RunTime:0.0115s ]
SQL: SELECT * FROM `robot_learning_resources_download` WHERE `id` = 43  [ RunTime:0.0005s ]
INFO: [ app_end ] --START--
INFO: Run Behavior\ShowPageTraceBehavior [ RunTime:0.001513s ]
INFO: [ app_end ] --END-- [ RunTime:0.001587s ]

[ 2018-03-24T21:58:28+08:00 ] ::1 /thinkphp/Home/Home/
INFO: [ app_init ] --START--
INFO: Run Behavior\BuildLiteBehavior [ RunTime:0.000028s ]
INFO: [ app_init ] --END-- [ RunTime:0.000671s ]
INFO: [ app_begin ] --START--
INFO: Run Behavior\ReadHtmlCacheBehavior [ RunTime:0.003608s ]
INFO: [ app_begin ] --END-- [ RunTime:0.003689s ]
NOTIC: [8] A session had already been started - ignoring session_start() D:\phpStudy\WWW\thinkphp\ThinkPHP\Common\functions.php Á¨¨ 1272 Ë°å.
NOTIC: [8] Undefined variable: json_string D:\phpStudy\WWW\thinkphp\Robot\Home\Controller\HomeController.class.php Á¨¨ 14 Ë°å.
SQL: SHOW COLUMNS FROM `robot_institute_overview` [ RunTime:0.0058s ]
SQL: SELECT * FROM `robot_institute_overview`  [ RunTime:0.0004s ]
SQL: SHOW COLUMNS FROM `robot_teaching_work` [ RunTime:0.0051s ]
SQL: SELECT * FROM `robot_teaching_work`  [ RunTime:0.0004s ]
SQL: SHOW COLUMNS FROM `robot_enroll_student` [ RunTime:0.0053s ]
SQL: SELECT * FROM `robot_enroll_student`  [ RunTime:0.0004s ]
SQL: SHOW COLUMNS FROM `robot_institute_show` [ RunTime:0.0051s ]
SQL: SELECT * FROM `robot_institute_show`  [ RunTime:0.0004s ]
SQL: SHOW COLUMNS FROM `robot_learning_resources` [ RunTime:0.0047s ]
SQL: SELECT * FROM `robot_learning_resources`  [ RunTime:0.0004s ]
INFO: [ view_parse ] --START--
INFO: [ template_filter ] --START--
INFO: Run Behavior\ContentReplaceBehavior [ RunTime:0.000217s ]
INFO: [ template_filter ] --END-- [ RunTime:0.000297s ]
SQL: SHOW COLUMNS FROM `robot_index` [ RunTime:0.0055s ]
SQL: SELECT * FROM `robot_index` ORDER BY id desc  [ RunTime:0.0004s ]
SQL: SHOW COLUMNS FROM `robot_learning_resources_download` [ RunTime:0.0054s ]
SQL: SELECT * FROM `robot_learning_resources_download` ORDER BY id desc LIMIT 5   [ RunTime:0.0005s ]
SQL: SHOW COLUMNS FROM `robot_institute_honor_album` [ RunTime:0.0052s ]
SQL: SELECT * FROM `robot_institute_honor_album` ORDER BY id desc  [ RunTime:0.0004s ]
INFO: Run Behavior\ParseTemplateBehavior [ RunTime:0.036763s ]
INFO: [ view_parse ] --END-- [ RunTime:0.036825s ]
INFO: [ view_filter ] --START--
INFO: Run Behavior\WriteHtmlCacheBehavior [ RunTime:0.001009s ]
INFO: [ view_filter ] --END-- [ RunTime:0.001057s ]
INFO: [ app_end ] --START--
INFO: Run Behavior\ShowPageTraceBehavior [ RunTime:0.001361s ]
INFO: [ app_end ] --END-- [ RunTime:0.001432s ]

[ 2018-03-24T21:58:28+08:00 ] ::1 /thinkphp/Home/Home/assets/img/services/4.jpg
INFO: [ app_init ] --START--
INFO: Run Behavior\BuildLiteBehavior [ RunTime:0.000022s ]
INFO: [ app_init ] --END-- [ RunTime:0.000645s ]

[ 2018-03-24T21:58:28+08:00 ] ::1 /thinkphp/Home/Home/assets/img/services/5.jpg
INFO: [ app_init ] --START--
INFO: Run Behavior\BuildLiteBehavior [ RunTime:0.000021s ]
INFO: [ app_init ] --END-- [ RunTime:0.000630s ]

[ 2018-03-24T21:58:28+08:00 ] ::1 /thinkphp/Home/Home/assets/img/services/6.jpg
INFO: [ app_init ] --START--
INFO: Run Behavior\BuildLiteBehavior [ RunTime:0.000021s ]
INFO: [ app_init ] --END-- [ RunTime:0.000672s ]

[ 2018-03-24T22:01:14+08:00 ] ::1 /thinkphp/Home/Home/institute_album
INFO: [ app_init ] --START--
INFO: Run Behavior\BuildLiteBehavior [ RunTime:0.000049s ]
INFO: [ app_init ] --END-- [ RunTime:0.001506s ]
INFO: [ app_begin ] --START--
INFO: Run Behavior\ReadHtmlCacheBehavior [ RunTime:0.001186s ]
INFO: [ app_begin ] --END-- [ RunTime:0.001264s ]
INFO: [ view_parse ] --START--
INFO: [ template_filter ] --START--
INFO: Run Behavior\ContentReplaceBehavior [ RunTime:0.000165s ]
INFO: [ template_filter ] --END-- [ RunTime:0.000242s ]
SQL: SHOW COLUMNS FROM `robot_institute_photo_album` [ RunTime:0.0882s ]
SQL: SELECT * FROM `robot_institute_photo_album` ORDER BY id desc  [ RunTime:0.0067s ]
INFO: Run Behavior\ParseTemplateBehavior [ RunTime:0.148444s ]
INFO: [ view_parse ] --END-- [ RunTime:0.148525s ]
INFO: [ view_filter ] --START--
INFO: Run Behavior\WriteHtmlCacheBehavior [ RunTime:0.001082s ]
INFO: [ view_filter ] --END-- [ RunTime:0.001162s ]
INFO: [ app_end ] --START--
INFO: Run Behavior\ShowPageTraceBehavior [ RunTime:0.001329s ]
INFO: [ app_end ] --END-- [ RunTime:0.001407s ]

[ 2018-03-24T22:02:22+08:00 ] ::1 /thinkphp/Home/Home/
INFO: [ app_init ] --START--
INFO: Run Behavior\BuildLiteBehavior [ RunTime:0.000024s ]
INFO: [ app_init ] --END-- [ RunTime:0.044442s ]
INFO: [ app_begin ] --START--
INFO: Run Behavior\ReadHtmlCacheBehavior [ RunTime:0.051378s ]
INFO: [ app_begin ] --END-- [ RunTime:0.051471s ]
NOTIC: [8] A session had already been started - ignoring session_start() D:\phpStudy\WWW\thinkphp\ThinkPHP\Common\functions.php Á¨¨ 1272 Ë°å.
NOTIC: [8] Undefined variable: json_string D:\phpStudy\WWW\thinkphp\Robot\Home\Controller\HomeController.class.php Á¨¨ 14 Ë°å.
SQL: SHOW COLUMNS FROM `robot_institute_overview` [ RunTime:0.0048s ]
SQL: SELECT * FROM `robot_institute_overview`  [ RunTime:0.0004s ]
SQL: SHOW COLUMNS FROM `robot_teaching_work` [ RunTime:0.0052s ]
SQL: SELECT * FROM `robot_teaching_work`  [ RunTime:0.0004s ]
SQL: SHOW COLUMNS FROM `robot_enroll_student` [ RunTime:0.0051s ]
SQL: SELECT * FROM `robot_enroll_student`  [ RunTime:0.0004s ]
SQL: SHOW COLUMNS FROM `robot_institute_show` [ RunTime:0.0051s ]
SQL: SELECT * FROM `robot_institute_show`  [ RunTime:0.0005s ]
SQL: SHOW COLUMNS FROM `robot_learning_resources` [ RunTime:0.0049s ]
SQL: SELECT * FROM `robot_learning_resources`  [ RunTime:0.0004s ]
INFO: [ view_parse ] --START--
INFO: [ template_filter ] --START--
INFO: Run Behavior\ContentReplaceBehavior [ RunTime:0.000219s ]
INFO: [ template_filter ] --END-- [ RunTime:0.000308s ]
SQL: SHOW COLUMNS FROM `robot_index` [ RunTime:0.0056s ]
SQL: SELECT * FROM `robot_index` ORDER BY id desc  [ RunTime:0.0004s ]
SQL: SHOW COLUMNS FROM `robot_learning_resources_download` [ RunTime:0.0054s ]
SQL: SELECT * FROM `robot_learning_resources_download` ORDER BY id desc LIMIT 5   [ RunTime:0.0005s ]
SQL: SHOW COLUMNS FROM `robot_institute_honor_album` [ RunTime:0.0053s ]
SQL: SELECT * FROM `robot_institute_honor_album` ORDER BY id desc  [ RunTime:0.0005s ]
INFO: Run Behavior\ParseTemplateBehavior [ RunTime:0.254680s ]
INFO: [ view_parse ] --END-- [ RunTime:0.254735s ]
INFO: [ view_filter ] --START--
INFO: Run Behavior\WriteHtmlCacheBehavior [ RunTime:0.024586s ]
INFO: [ view_filter ] --END-- [ RunTime:0.024649s ]
INFO: [ app_end ] --START--
INFO: Run Behavior\ShowPageTraceBehavior [ RunTime:0.097004s ]
INFO: [ app_end ] --END-- [ RunTime:0.097095s ]

[ 2018-03-24T22:02:22+08:00 ] ::1 /thinkphp/Home/Home/assets/img/services/5.jpg
INFO: [ app_init ] --START--
INFO: Run Behavior\BuildLiteBehavior [ RunTime:0.000018s ]
INFO: [ app_init ] --END-- [ RunTime:0.000605s ]

[ 2018-03-24T22:02:22+08:00 ] ::1 /thinkphp/Home/Home/assets/img/services/6.jpg
INFO: [ app_init ] --START--
INFO: Run Behavior\BuildLiteBehavior [ RunTime:0.000019s ]
INFO: [ app_init ] --END-- [ RunTime:0.000585s ]

[ 2018-03-24T22:02:23+08:00 ] ::1 /thinkphp/Home/Home/institute_album
INFO: [ app_init ] --START--
INFO: Run Behavior\BuildLiteBehavior [ RunTime:0.000026s ]
INFO: [ app_init ] --END-- [ RunTime:0.000731s ]
INFO: [ app_begin ] --START--
INFO: Run Behavior\ReadHtmlCacheBehavior [ RunTime:0.002892s ]
INFO: [ app_begin ] --END-- [ RunTime:0.003000s ]
INFO: [ view_parse ] --START--
INFO: [ template_filter ] --START--
INFO: Run Behavior\ContentReplaceBehavior [ RunTime:0.000159s ]
INFO: [ template_filter ] --END-- [ RunTime:0.000237s ]
SQL: SHOW COLUMNS FROM `robot_institute_photo_album` [ RunTime:0.0064s ]
SQL: SELECT * FROM `robot_institute_photo_album` ORDER BY id desc  [ RunTime:0.0004s ]
INFO: Run Behavior\ParseTemplateBehavior [ RunTime:0.061924s ]
INFO: [ view_parse ] --END-- [ RunTime:0.061983s ]
INFO: [ view_filter ] --START--
INFO: Run Behavior\WriteHtmlCacheBehavior [ RunTime:0.000993s ]
INFO: [ view_filter ] --END-- [ RunTime:0.001054s ]
INFO: [ app_end ] --START--
INFO: Run Behavior\ShowPageTraceBehavior [ RunTime:0.001275s ]
INFO: [ app_end ] --END-- [ RunTime:0.001346s ]

[ 2018-03-24T22:05:28+08:00 ] ::1 /thinkphp/Home/Home/institute_overview?title=%E5%AD%A6%E9%99%A2%E4%BB%8B%E7%BB%8D&content=InstituteOverviewInstituteIntroduction
INFO: [ app_init ] --START--
INFO: Run Behavior\BuildLiteBehavior [ RunTime:0.000045s ]
INFO: [ app_init ] --END-- [ RunTime:0.001035s ]
INFO: [ app_begin ] --START--
INFO: Run Behavior\ReadHtmlCacheBehavior [ RunTime:0.001654s ]
INFO: [ app_begin ] --END-- [ RunTime:0.001801s ]
INFO: [ view_parse ] --START--
INFO: [ template_filter ] --START--
INFO: Run Behavior\ContentReplaceBehavior [ RunTime:0.000183s ]
INFO: [ template_filter ] --END-- [ RunTime:0.000263s ]
INFO: Run Behavior\ParseTemplateBehavior [ RunTime:0.036637s ]
INFO: [ view_parse ] --END-- [ RunTime:0.036725s ]
INFO: [ view_filter ] --START--
INFO: Run Behavior\WriteHtmlCacheBehavior [ RunTime:0.000742s ]
INFO: [ view_filter ] --END-- [ RunTime:0.000793s ]
INFO: [ app_end ] --START--
INFO: Run Behavior\ShowPageTraceBehavior [ RunTime:0.001349s ]
INFO: [ app_end ] --END-- [ RunTime:0.001432s ]

[ 2018-03-24T22:05:29+08:00 ] 127.0.0.1 /thinkphp/index.php
INFO: [ app_init ] --START--
INFO: Run Behavior\BuildLiteBehavior [ RunTime:0.000022s ]
INFO: [ app_init ] --END-- [ RunTime:0.000615s ]
INFO: [ app_begin ] --START--
INFO: Run Behavior\ReadHtmlCacheBehavior [ RunTime:0.000959s ]
INFO: [ app_begin ] --END-- [ RunTime:0.001030s ]
NOTIC: [8] A session had already been started - ignoring session_start() D:\phpStudy\WWW\thinkphp\ThinkPHP\Common\functions.php Á¨¨ 1272 Ë°å.
NOTIC: [8] Undefined variable: json_string D:\phpStudy\WWW\thinkphp\Robot\Home\Controller\UserController.class.php Á¨¨ 14 Ë°å.
SQL: SHOW COLUMNS FROM `robot_institute_overview` [ RunTime:0.0049s ]
SQL: SELECT * FROM `robot_institute_overview`  [ RunTime:0.0004s ]
SQL: SHOW COLUMNS FROM `robot_teaching_work` [ RunTime:0.0050s ]
SQL: SELECT * FROM `robot_teaching_work`  [ RunTime:0.0004s ]
SQL: SHOW COLUMNS FROM `robot_enroll_student` [ RunTime:0.0049s ]
SQL: SELECT * FROM `robot_enroll_student`  [ RunTime:0.0004s ]
SQL: SHOW COLUMNS FROM `robot_institute_show` [ RunTime:0.0052s ]
SQL: SELECT * FROM `robot_institute_show`  [ RunTime:0.0004s ]
SQL: SHOW COLUMNS FROM `robot_learning_resources` [ RunTime:0.0049s ]
SQL: SELECT * FROM `robot_learning_resources`  [ RunTime:0.0004s ]
INFO: [ view_parse ] --START--
INFO: [ template_filter ] --START--
INFO: Run Behavior\ContentReplaceBehavior [ RunTime:0.000167s ]
INFO: [ template_filter ] --END-- [ RunTime:0.000247s ]
INFO: Run Behavior\ParseTemplateBehavior [ RunTime:0.053971s ]
INFO: [ view_parse ] --END-- [ RunTime:0.054059s ]
INFO: [ view_filter ] --START--
INFO: Run Behavior\WriteHtmlCacheBehavior [ RunTime:0.000627s ]
INFO: [ view_filter ] --END-- [ RunTime:0.000676s ]
INFO: [ app_end ] --START--
INFO: Run Behavior\ShowPageTraceBehavior [ RunTime:0.001072s ]
INFO: [ app_end ] --END-- [ RunTime:0.001146s ]

[ 2018-03-24T22:05:42+08:00 ] ::1 /thinkphp/Home/Home/index
INFO: [ app_init ] --START--
INFO: Run Behavior\BuildLiteBehavior [ RunTime:0.000019s ]
INFO: [ app_init ] --END-- [ RunTime:0.000478s ]
INFO: [ app_begin ] --START--
INFO: Run Behavior\ReadHtmlCacheBehavior [ RunTime:0.000964s ]
INFO: [ app_begin ] --END-- [ RunTime:0.001027s ]
NOTIC: [8] A session had already been started - ignoring session_start() D:\phpStudy\WWW\thinkphp\ThinkPHP\Common\functions.php Á¨¨ 1272 Ë°å.
NOTIC: [8] Undefined variable: json_string D:\phpStudy\WWW\thinkphp\Robot\Home\Controller\HomeController.class.php Á¨¨ 14 Ë°å.
SQL: SHOW COLUMNS FROM `robot_institute_overview` [ RunTime:0.0054s ]
SQL: SELECT * FROM `robot_institute_overview`  [ RunTime:0.0004s ]
SQL: SHOW COLUMNS FROM `robot_teaching_work` [ RunTime:0.0065s ]
SQL: SELECT * FROM `robot_teaching_work`  [ RunTime:0.0004s ]
SQL: SHOW COLUMNS FROM `robot_enroll_student` [ RunTime:0.0056s ]
SQL: SELECT * FROM `robot_enroll_student`  [ RunTime:0.0004s ]
SQL: SHOW COLUMNS FROM `robot_institute_show` [ RunTime:0.0055s ]
SQL: SELECT * FROM `robot_institute_show`  [ RunTime:0.0009s ]
SQL: SHOW COLUMNS FROM `robot_learning_resources` [ RunTime:0.0049s ]
SQL: SELECT * FROM `robot_learning_resources`  [ RunTime:0.0004s ]
INFO: [ view_parse ] --START--
INFO: [ template_filter ] --START--
INFO: Run Behavior\ContentReplaceBehavior [ RunTime:0.000199s ]
INFO: [ template_filter ] --END-- [ RunTime:0.000273s ]
SQL: SHOW COLUMNS FROM `robot_index` [ RunTime:0.0054s ]
SQL: SELECT * FROM `robot_index` ORDER BY id desc  [ RunTime:0.0008s ]
SQL: SHOW COLUMNS FROM `robot_learning_resources_download` [ RunTime:0.0055s ]
SQL: SELECT * FROM `robot_learning_resources_download` ORDER BY id desc LIMIT 5   [ RunTime:0.0005s ]
SQL: SHOW COLUMNS FROM `robot_institute_honor_album` [ RunTime:0.0057s ]
SQL: SELECT * FROM `robot_institute_honor_album` ORDER BY id desc  [ RunTime:0.0005s ]
INFO: Run Behavior\ParseTemplateBehavior [ RunTime:0.037430s ]
INFO: [ view_parse ] --END-- [ RunTime:0.037497s ]
INFO: [ view_filter ] --START--
INFO: Run Behavior\WriteHtmlCacheBehavior [ RunTime:0.001236s ]
INFO: [ view_filter ] --END-- [ RunTime:0.001307s ]
INFO: [ app_end ] --START--
INFO: Run Behavior\ShowPageTraceBehavior [ RunTime:0.001685s ]
INFO: [ app_end ] --END-- [ RunTime:0.001761s ]

[ 2018-03-24T22:05:42+08:00 ] ::1 /thinkphp/Home/Home/assets/img/services/4.jpg
INFO: [ app_init ] --START--
INFO: Run Behavior\BuildLiteBehavior [ RunTime:0.000024s ]
INFO: [ app_init ] --END-- [ RunTime:0.000541s ]

[ 2018-03-24T22:05:42+08:00 ] ::1 /thinkphp/Home/Home/assets/img/services/5.jpg
INFO: [ app_init ] --START--
INFO: Run Behavior\BuildLiteBehavior [ RunTime:0.000027s ]
INFO: [ app_init ] --END-- [ RunTime:0.000611s ]

[ 2018-03-24T22:05:42+08:00 ] ::1 /thinkphp/Home/Home/assets/img/services/6.jpg
INFO: [ app_init ] --START--
INFO: Run Behavior\BuildLiteBehavior [ RunTime:0.000020s ]
INFO: [ app_init ] --END-- [ RunTime:0.000476s ]

[ 2018-03-24T22:05:44+08:00 ] ::1 /thinkphp/Home/Home/institute_overview?title=%E5%AD%A6%E9%99%A2%E4%BB%8B%E7%BB%8D&content=InstituteOverviewInstituteIntroduction
INFO: [ app_init ] --START--
INFO: Run Behavior\BuildLiteBehavior [ RunTime:0.000060s ]
INFO: [ app_init ] --END-- [ RunTime:0.001253s ]
INFO: [ app_begin ] --START--
INFO: Run Behavior\ReadHtmlCacheBehavior [ RunTime:0.001028s ]
INFO: [ app_begin ] --END-- [ RunTime:0.001204s ]
INFO: [ view_parse ] --START--
INFO: [ template_filter ] --START--
INFO: Run Behavior\ContentReplaceBehavior [ RunTime:0.000175s ]
INFO: [ template_filter ] --END-- [ RunTime:0.000256s ]
INFO: Run Behavior\ParseTemplateBehavior [ RunTime:0.015709s ]
INFO: [ view_parse ] --END-- [ RunTime:0.015902s ]
INFO: [ view_filter ] --START--
INFO: Run Behavior\WriteHtmlCacheBehavior [ RunTime:0.000974s ]
INFO: [ view_filter ] --END-- [ RunTime:0.001049s ]
INFO: [ app_end ] --START--
INFO: Run Behavior\ShowPageTraceBehavior [ RunTime:0.001044s ]
INFO: [ app_end ] --END-- [ RunTime:0.001121s ]

[ 2018-03-24T22:07:17+08:00 ] ::1 /thinkphp/Home/Home/index
INFO: [ app_init ] --START--
INFO: Run Behavior\BuildLiteBehavior [ RunTime:0.000034s ]
INFO: [ app_init ] --END-- [ RunTime:0.003698s ]
INFO: [ app_begin ] --START--
INFO: Run Behavior\ReadHtmlCacheBehavior [ RunTime:0.001974s ]
INFO: [ app_begin ] --END-- [ RunTime:0.002095s ]
NOTIC: [8] A session had already been started - ignoring session_start() D:\phpStudy\WWW\thinkphp\ThinkPHP\Common\functions.php Á¨¨ 1272 Ë°å.
NOTIC: [8] Undefined variable: json_string D:\phpStudy\WWW\thinkphp\Robot\Home\Controller\HomeController.class.php Á¨¨ 14 Ë°å.
SQL: SHOW COLUMNS FROM `robot_institute_overview` [ RunTime:0.0059s ]
SQL: SELECT * FROM `robot_institute_overview`  [ RunTime:0.0005s ]
SQL: SHOW COLUMNS FROM `robot_teaching_work` [ RunTime:0.0059s ]
SQL: SELECT * FROM `robot_teaching_work`  [ RunTime:0.0004s ]
SQL: SHOW COLUMNS FROM `robot_enroll_student` [ RunTime:0.0053s ]
SQL: SELECT * FROM `robot_enroll_student`  [ RunTime:0.0005s ]
SQL: SHOW COLUMNS FROM `robot_institute_show` [ RunTime:0.0061s ]
SQL: SELECT * FROM `robot_institute_show`  [ RunTime:0.0004s ]
SQL: SHOW COLUMNS FROM `robot_learning_resources` [ RunTime:0.0048s ]
SQL: SELECT * FROM `robot_learning_resources`  [ RunTime:0.0006s ]
INFO: [ view_parse ] --START--
INFO: [ template_filter ] --START--
INFO: Run Behavior\ContentReplaceBehavior [ RunTime:0.000211s ]
INFO: [ template_filter ] --END-- [ RunTime:0.000284s ]
SQL: SHOW COLUMNS FROM `robot_index` [ RunTime:0.0063s ]
SQL: SELECT * FROM `robot_index` ORDER BY id desc  [ RunTime:0.0004s ]
SQL: SHOW COLUMNS FROM `robot_learning_resources_download` [ RunTime:0.0053s ]
SQL: SELECT * FROM `robot_learning_resources_download` ORDER BY id desc LIMIT 5   [ RunTime:0.0006s ]
SQL: SHOW COLUMNS FROM `robot_institute_honor_album` [ RunTime:0.0075s ]
SQL: SELECT * FROM `robot_institute_honor_album` ORDER BY id desc  [ RunTime:0.0005s ]
INFO: Run Behavior\ParseTemplateBehavior [ RunTime:0.040212s ]
INFO: [ view_parse ] --END-- [ RunTime:0.040294s ]
INFO: [ view_filter ] --START--
INFO: Run Behavior\WriteHtmlCacheBehavior [ RunTime:0.001339s ]
INFO: [ view_filter ] --END-- [ RunTime:0.001423s ]
INFO: [ app_end ] --START--
INFO: Run Behavior\ShowPageTraceBehavior [ RunTime:0.002976s ]
INFO: [ app_end ] --END-- [ RunTime:0.003091s ]

[ 2018-03-24T22:07:18+08:00 ] ::1 /thinkphp/Home/Home/assets/img/services/4.jpg
INFO: [ app_init ] --START--
INFO: Run Behavior\BuildLiteBehavior [ RunTime:0.000021s ]
INFO: [ app_init ] --END-- [ RunTime:0.000586s ]

[ 2018-03-24T22:07:18+08:00 ] ::1 /thinkphp/Home/Home/assets/img/services/5.jpg
INFO: [ app_init ] --START--
INFO: Run Behavior\BuildLiteBehavior [ RunTime:0.000020s ]
INFO: [ app_init ] --END-- [ RunTime:0.000581s ]

[ 2018-03-24T22:07:18+08:00 ] ::1 /thinkphp/Home/Home/assets/img/services/6.jpg
INFO: [ app_init ] --START--
INFO: Run Behavior\BuildLiteBehavior [ RunTime:0.000024s ]
INFO: [ app_init ] --END-- [ RunTime:0.000743s ]

[ 2018-03-24T22:08:49+08:00 ] ::1 /thinkphp/Home/Home/index
INFO: [ app_init ] --START--
INFO: Run Behavior\BuildLiteBehavior [ RunTime:0.000020s ]
INFO: [ app_init ] --END-- [ RunTime:0.000550s ]
INFO: [ app_begin ] --START--
INFO: Run Behavior\ReadHtmlCacheBehavior [ RunTime:0.001832s ]
INFO: [ app_begin ] --END-- [ RunTime:0.001912s ]
NOTIC: [8] A session had already been started - ignoring session_start() D:\phpStudy\WWW\thinkphp\ThinkPHP\Common\functions.php Á¨¨ 1272 Ë°å.
NOTIC: [8] Undefined variable: json_string D:\phpStudy\WWW\thinkphp\Robot\Home\Controller\HomeController.class.php Á¨¨ 14 Ë°å.
SQL: SHOW COLUMNS FROM `robot_institute_overview` [ RunTime:0.0061s ]
SQL: SELECT * FROM `robot_institute_overview`  [ RunTime:0.0004s ]
SQL: SHOW COLUMNS FROM `robot_teaching_work` [ RunTime:0.0052s ]
SQL: SELECT * FROM `robot_teaching_work`  [ RunTime:0.0004s ]
SQL: SHOW COLUMNS FROM `robot_enroll_student` [ RunTime:0.0063s ]
SQL: SELECT * FROM `robot_enroll_student`  [ RunTime:0.0004s ]
SQL: SHOW COLUMNS FROM `robot_institute_show` [ RunTime:0.0052s ]
SQL: SELECT * FROM `robot_institute_show`  [ RunTime:0.0004s ]
SQL: SHOW COLUMNS FROM `robot_learning_resources` [ RunTime:0.0050s ]
SQL: SELECT * FROM `robot_learning_resources`  [ RunTime:0.0011s ]
INFO: [ view_parse ] --START--
INFO: [ template_filter ] --START--
INFO: Run Behavior\ContentReplaceBehavior [ RunTime:0.000211s ]
INFO: [ template_filter ] --END-- [ RunTime:0.000278s ]
SQL: SHOW COLUMNS FROM `robot_index` [ RunTime:0.0051s ]
SQL: SELECT * FROM `robot_index` ORDER BY id desc  [ RunTime:0.0004s ]
SQL: SHOW COLUMNS FROM `robot_learning_resources_download` [ RunTime:0.0050s ]
SQL: SELECT * FROM `robot_learning_resources_download` ORDER BY id desc LIMIT 5   [ RunTime:0.0005s ]
SQL: SHOW COLUMNS FROM `robot_institute_honor_album` [ RunTime:0.0055s ]
SQL: SELECT * FROM `robot_institute_honor_album` ORDER BY id desc  [ RunTime:0.0004s ]
INFO: Run Behavior\ParseTemplateBehavior [ RunTime:0.035469s ]
INFO: [ view_parse ] --END-- [ RunTime:0.035574s ]
INFO: [ view_filter ] --START--
INFO: Run Behavior\WriteHtmlCacheBehavior [ RunTime:0.000965s ]
INFO: [ view_filter ] --END-- [ RunTime:0.001016s ]
INFO: [ app_end ] --START--
INFO: Run Behavior\ShowPageTraceBehavior [ RunTime:0.001262s ]
INFO: [ app_end ] --END-- [ RunTime:0.001329s ]

[ 2018-03-24T22:08:49+08:00 ] ::1 /thinkphp/Home/Home/assets/img/services/4.jpg
INFO: [ app_init ] --START--
INFO: Run Behavior\BuildLiteBehavior [ RunTime:0.000020s ]
INFO: [ app_init ] --END-- [ RunTime:0.000559s ]

[ 2018-03-24T22:08:49+08:00 ] ::1 /thinkphp/Home/Home/assets/img/services/5.jpg
INFO: [ app_init ] --START--
INFO: Run Behavior\BuildLiteBehavior [ RunTime:0.000022s ]
INFO: [ app_init ] --END-- [ RunTime:0.000594s ]

[ 2018-03-24T22:08:49+08:00 ] ::1 /thinkphp/Home/Home/assets/img/services/6.jpg
INFO: [ app_init ] --START--
INFO: Run Behavior\BuildLiteBehavior [ RunTime:0.000021s ]
INFO: [ app_init ] --END-- [ RunTime:0.000615s ]

[ 2018-03-24T22:11:19+08:00 ] 127.0.0.1 /thinkphp/Home/Home/
INFO: [ app_init ] --START--
INFO: Run Behavior\BuildLiteBehavior [ RunTime:0.000022s ]
INFO: [ app_init ] --END-- [ RunTime:0.000567s ]
INFO: [ app_begin ] --START--
INFO: Run Behavior\ReadHtmlCacheBehavior [ RunTime:0.001018s ]
INFO: [ app_begin ] --END-- [ RunTime:0.001083s ]
NOTIC: [8] A session had already been started - ignoring session_start() D:\phpStudy\WWW\thinkphp\ThinkPHP\Common\functions.php Á¨¨ 1272 Ë°å.
NOTIC: [8] Undefined variable: json_string D:\phpStudy\WWW\thinkphp\Robot\Home\Controller\HomeController.class.php Á¨¨ 14 Ë°å.
SQL: SHOW COLUMNS FROM `robot_institute_overview` [ RunTime:0.0048s ]
SQL: SELECT * FROM `robot_institute_overview`  [ RunTime:0.0005s ]
SQL: SHOW COLUMNS FROM `robot_teaching_work` [ RunTime:0.0056s ]
SQL: SELECT * FROM `robot_teaching_work`  [ RunTime:0.0004s ]
SQL: SHOW COLUMNS FROM `robot_enroll_student` [ RunTime:0.0051s ]
SQL: SELECT * FROM `robot_enroll_student`  [ RunTime:0.0004s ]
SQL: SHOW COLUMNS FROM `robot_institute_show` [ RunTime:0.0054s ]
SQL: SELECT * FROM `robot_institute_show`  [ RunTime:0.0004s ]
SQL: SHOW COLUMNS FROM `robot_learning_resources` [ RunTime:0.0049s ]
SQL: SELECT * FROM `robot_learning_resources`  [ RunTime:0.0004s ]
INFO: [ view_parse ] --START--
INFO: [ template_filter ] --START--
INFO: Run Behavior\ContentReplaceBehavior [ RunTime:0.000206s ]
INFO: [ template_filter ] --END-- [ RunTime:0.000280s ]
SQL: SHOW COLUMNS FROM `robot_index` [ RunTime:0.0052s ]
SQL: SELECT * FROM `robot_index` ORDER BY id desc  [ RunTime:0.0004s ]
SQL: SHOW COLUMNS FROM `robot_learning_resources_download` [ RunTime:0.0065s ]
SQL: SELECT * FROM `robot_learning_resources_download` ORDER BY id desc LIMIT 5   [ RunTime:0.0005s ]
SQL: SHOW COLUMNS FROM `robot_institute_honor_album` [ RunTime:0.0049s ]
SQL: SELECT * FROM `robot_institute_honor_album` ORDER BY id desc  [ RunTime:0.0004s ]
INFO: Run Behavior\ParseTemplateBehavior [ RunTime:0.035851s ]
INFO: [ view_parse ] --END-- [ RunTime:0.035911s ]
INFO: [ view_filter ] --START--
INFO: Run Behavior\WriteHtmlCacheBehavior [ RunTime:0.000738s ]
INFO: [ view_filter ] --END-- [ RunTime:0.000790s ]
INFO: [ app_end ] --START--
INFO: Run Behavior\ShowPageTraceBehavior [ RunTime:0.001130s ]
INFO: [ app_end ] --END-- [ RunTime:0.001209s ]

[ 2018-03-24T22:11:20+08:00 ] 127.0.0.1 /thinkphp/Home/Home/assets/img/services/4.jpg
INFO: [ app_init ] --START--
INFO: Run Behavior\BuildLiteBehavior [ RunTime:0.000020s ]
INFO: [ app_init ] --END-- [ RunTime:0.000474s ]

[ 2018-03-24T22:11:20+08:00 ] 127.0.0.1 /thinkphp/Home/Home/assets/img/services/5.jpg
INFO: [ app_init ] --START--
INFO: Run Behavior\BuildLiteBehavior [ RunTime:0.000018s ]
INFO: [ app_init ] --END-- [ RunTime:0.000638s ]

[ 2018-03-24T22:11:20+08:00 ] 127.0.0.1 /thinkphp/Home/Home/assets/img/services/6.jpg
INFO: [ app_init ] --START--
INFO: Run Behavior\BuildLiteBehavior [ RunTime:0.000020s ]
INFO: [ app_init ] --END-- [ RunTime:0.000575s ]

[ 2018-03-24T22:13:31+08:00 ] 127.0.0.1 /thinkphp/Home/Home/read_file
INFO: [ app_init ] --START--
INFO: Run Behavior\BuildLiteBehavior [ RunTime:0.000027s ]
INFO: [ app_init ] --END-- [ RunTime:0.001467s ]
INFO: [ app_begin ] --START--
INFO: Run Behavior\ReadHtmlCacheBehavior [ RunTime:0.001992s ]
INFO: [ app_begin ] --END-- [ RunTime:0.002082s ]
SQL: SHOW COLUMNS FROM `robot_learning_resources_download` [ RunTime:0.0116s ]
SQL: SELECT * FROM `robot_learning_resources_download` WHERE `id` = 43  [ RunTime:0.0006s ]
INFO: [ app_end ] --START--
INFO: Run Behavior\ShowPageTraceBehavior [ RunTime:0.001460s ]
INFO: [ app_end ] --END-- [ RunTime:0.001535s ]

[ 2018-03-24T22:26:06+08:00 ] ::1 /thinkphp/Home/Home/learning_resources?title=%E8%B5%84%E6%BA%90%E4%B8%8B%E8%BD%BD&content=LearningResourcesDownload
INFO: [ app_init ] --START--
INFO: Run Behavior\BuildLiteBehavior [ RunTime:0.000021s ]
INFO: [ app_init ] --END-- [ RunTime:0.000692s ]
INFO: [ app_begin ] --START--
INFO: Run Behavior\ReadHtmlCacheBehavior [ RunTime:0.001154s ]
INFO: [ app_begin ] --END-- [ RunTime:0.001235s ]
INFO: [ view_parse ] --START--
INFO: [ template_filter ] --START--
INFO: Run Behavior\ContentReplaceBehavior [ RunTime:0.000181s ]
INFO: [ template_filter ] --END-- [ RunTime:0.000262s ]
SQL: SHOW COLUMNS FROM `robot_learning_resources_download` [ RunTime:0.0086s ]
SQL: SELECT * FROM `robot_learning_resources_download` ORDER BY id desc  [ RunTime:0.0007s ]
INFO: Run Behavior\ParseTemplateBehavior [ RunTime:0.090166s ]
INFO: [ view_parse ] --END-- [ RunTime:0.090228s ]
INFO: [ view_filter ] --START--
INFO: Run Behavior\WriteHtmlCacheBehavior [ RunTime:0.000809s ]
INFO: [ view_filter ] --END-- [ RunTime:0.000870s ]
INFO: [ app_end ] --START--
INFO: Run Behavior\ShowPageTraceBehavior [ RunTime:0.001078s ]
INFO: [ app_end ] --END-- [ RunTime:0.001151s ]

[ 2018-03-24T22:26:38+08:00 ] ::1 /thinkphp/Home/Home/index
INFO: [ app_init ] --START--
INFO: Run Behavior\BuildLiteBehavior [ RunTime:0.000024s ]
INFO: [ app_init ] --END-- [ RunTime:0.000973s ]
INFO: [ app_begin ] --START--
INFO: Run Behavior\ReadHtmlCacheBehavior [ RunTime:0.001112s ]
INFO: [ app_begin ] --END-- [ RunTime:0.001202s ]
NOTIC: [8] A session had already been started - ignoring session_start() D:\phpStudy\WWW\thinkphp\ThinkPHP\Common\functions.php Á¨¨ 1272 Ë°å.
NOTIC: [8] Undefined variable: json_string D:\phpStudy\WWW\thinkphp\Robot\Home\Controller\HomeController.class.php Á¨¨ 14 Ë°å.
SQL: SHOW COLUMNS FROM `robot_institute_overview` [ RunTime:0.0054s ]
SQL: SELECT * FROM `robot_institute_overview`  [ RunTime:0.0004s ]
SQL: SHOW COLUMNS FROM `robot_teaching_work` [ RunTime:0.0070s ]
SQL: SELECT * FROM `robot_teaching_work`  [ RunTime:0.0005s ]
SQL: SHOW COLUMNS FROM `robot_enroll_student` [ RunTime:0.0055s ]
SQL: SELECT * FROM `robot_enroll_student`  [ RunTime:0.0004s ]
SQL: SHOW COLUMNS FROM `robot_institute_show` [ RunTime:0.0067s ]
SQL: SELECT * FROM `robot_institute_show`  [ RunTime:0.0004s ]
SQL: SHOW COLUMNS FROM `robot_learning_resources` [ RunTime:0.0054s ]
SQL: SELECT * FROM `robot_learning_resources`  [ RunTime:0.0004s ]
INFO: [ view_parse ] --START--
INFO: [ template_filter ] --START--
INFO: Run Behavior\ContentReplaceBehavior [ RunTime:0.000217s ]
INFO: [ template_filter ] --END-- [ RunTime:0.000291s ]
SQL: SHOW COLUMNS FROM `robot_index` [ RunTime:0.0059s ]
SQL: SELECT * FROM `robot_index` ORDER BY id desc  [ RunTime:0.0004s ]
SQL: SHOW COLUMNS FROM `robot_learning_resources_download` [ RunTime:0.0055s ]
SQL: SELECT * FROM `robot_learning_resources_download` ORDER BY id desc LIMIT 5   [ RunTime:0.0005s ]
SQL: SHOW COLUMNS FROM `robot_institute_honor_album` [ RunTime:0.0057s ]
SQL: SELECT * FROM `robot_institute_honor_album` ORDER BY id desc  [ RunTime:0.0005s ]
INFO: Run Behavior\ParseTemplateBehavior [ RunTime:0.036954s ]
INFO: [ view_parse ] --END-- [ RunTime:0.037016s ]
INFO: [ view_filter ] --START--
INFO: Run Behavior\WriteHtmlCacheBehavior [ RunTime:0.000762s ]
INFO: [ view_filter ] --END-- [ RunTime:0.000818s ]
INFO: [ app_end ] --START--
INFO: Run Behavior\ShowPageTraceBehavior [ RunTime:0.001123s ]
INFO: [ app_end ] --END-- [ RunTime:0.001199s ]

[ 2018-03-24T22:26:38+08:00 ] ::1 /thinkphp/Home/Home/assets/img/services/4.jpg
INFO: [ app_init ] --START--
INFO: Run Behavior\BuildLiteBehavior [ RunTime:0.000024s ]
INFO: [ app_init ] --END-- [ RunTime:0.000638s ]

[ 2018-03-24T22:26:38+08:00 ] ::1 /thinkphp/Home/Home/assets/img/services/5.jpg
INFO: [ app_init ] --START--
INFO: Run Behavior\BuildLiteBehavior [ RunTime:0.000020s ]
INFO: [ app_init ] --END-- [ RunTime:0.000722s ]

[ 2018-03-24T22:26:38+08:00 ] ::1 /thinkphp/Home/Home/assets/img/services/6.jpg
INFO: [ app_init ] --START--
INFO: Run Behavior\BuildLiteBehavior [ RunTime:0.000018s ]
INFO: [ app_init ] --END-- [ RunTime:0.000570s ]

