[ 2018-04-09T15:28:06+08:00 ] 127.0.0.1 /thinkphp/index.php/Admin/Index/login
INFO: [ app_init ] --START--
INFO: Run Behavior\BuildLiteBehavior [ RunTime:0.000034s ]
INFO: [ app_init ] --END-- [ RunTime:0.026225s ]
INFO: [ app_begin ] --START--
INFO: Run Behavior\ReadHtmlCacheBehavior [ RunTime:0.017663s ]
INFO: [ app_begin ] --END-- [ RunTime:0.017743s ]
NOTIC: [8] A session had already been started - ignoring session_start() D:\phpStudy\WWW\thinkphp\ThinkPHP\Common\functions.php 第 1272 行.
INFO: [ view_parse ] --START--
INFO: [ template_filter ] --START--
INFO: Run Behavior\ContentReplaceBehavior [ RunTime:0.020084s ]
INFO: [ template_filter ] --END-- [ RunTime:0.020189s ]
INFO: Run Behavior\ParseTemplateBehavior [ RunTime:0.071776s ]
INFO: [ view_parse ] --END-- [ RunTime:0.071867s ]
INFO: [ view_filter ] --START--
INFO: Run Behavior\WriteHtmlCacheBehavior [ RunTime:0.012471s ]
INFO: [ view_filter ] --END-- [ RunTime:0.012538s ]
INFO: [ app_end ] --START--
INFO: Run Behavior\ShowPageTraceBehavior [ RunTime:0.030108s ]
INFO: [ app_end ] --END-- [ RunTime:0.030189s ]

[ 2018-04-09T15:28:21+08:00 ] 127.0.0.1 /thinkphp/index.php/Admin/Index/login1
INFO: [ app_init ] --START--
INFO: Run Behavior\BuildLiteBehavior [ RunTime:0.000019s ]
INFO: [ app_init ] --END-- [ RunTime:0.000564s ]
INFO: [ app_begin ] --START--
INFO: Run Behavior\ReadHtmlCacheBehavior [ RunTime:0.000852s ]
INFO: [ app_begin ] --END-- [ RunTime:0.000929s ]
ERR: 非法操作:login1

[ 2018-04-09T15:28:34+08:00 ] 127.0.0.1 /thinkphp/index.php/Admin/Index/login1
ERR: 非法操作:login1

[ 2018-04-09T15:28:35+08:00 ] 127.0.0.1 /thinkphp/index.php/Admin/Index/404
ERR: 非法操作:404

[ 2018-04-09T15:28:35+08:00 ] 127.0.0.1 /thinkphp/index.php/Admin/Index/404
ERR: 非法操作:404

[ 2018-04-09T15:28:35+08:00 ] 127.0.0.1 /thinkphp/index.php/Admin/Index/404
ERR: 非法操作:404

[ 2018-04-09T15:28:35+08:00 ] 127.0.0.1 /thinkphp/index.php/Admin/Index/404
ERR: 非法操作:404

[ 2018-04-09T15:28:35+08:00 ] 127.0.0.1 /thinkphp/index.php/Admin/Index/404
ERR: 非法操作:404

[ 2018-04-09T15:28:35+08:00 ] 127.0.0.1 /thinkphp/index.php/Admin/Index/404
ERR: 非法操作:404

[ 2018-04-09T15:28:35+08:00 ] 127.0.0.1 /thinkphp/index.php/Admin/Index/404
ERR: 非法操作:404

[ 2018-04-09T15:28:35+08:00 ] 127.0.0.1 /thinkphp/index.php/Admin/Index/404
ERR: 非法操作:404

[ 2018-04-09T15:28:35+08:00 ] 127.0.0.1 /thinkphp/index.php/Admin/Index/404
ERR: 非法操作:404

[ 2018-04-09T15:28:35+08:00 ] 127.0.0.1 /thinkphp/index.php/Admin/Index/404
ERR: 非法操作:404

[ 2018-04-09T15:28:35+08:00 ] 127.0.0.1 /thinkphp/index.php/Admin/Index/404
ERR: 非法操作:404

[ 2018-04-09T15:28:35+08:00 ] 127.0.0.1 /thinkphp/index.php/Admin/Index/404
ERR: 非法操作:404

[ 2018-04-09T15:28:35+08:00 ] 127.0.0.1 /thinkphp/index.php/Admin/Index/404
ERR: 非法操作:404

[ 2018-04-09T15:28:35+08:00 ] 127.0.0.1 /thinkphp/index.php/Admin/Index/404
ERR: 非法操作:404

[ 2018-04-09T15:28:35+08:00 ] 127.0.0.1 /thinkphp/index.php/Admin/Index/404
ERR: 非法操作:404

[ 2018-04-09T15:28:35+08:00 ] 127.0.0.1 /thinkphp/index.php/Admin/Index/404
ERR: 非法操作:404

[ 2018-04-09T15:28:35+08:00 ] 127.0.0.1 /thinkphp/index.php/Admin/Index/404
ERR: 非法操作:404

[ 2018-04-09T15:28:35+08:00 ] 127.0.0.1 /thinkphp/index.php/Admin/Index/404
ERR: 非法操作:404

[ 2018-04-09T15:28:35+08:00 ] 127.0.0.1 /thinkphp/index.php/Admin/Index/404
ERR: 非法操作:404

[ 2018-04-09T15:28:35+08:00 ] 127.0.0.1 /thinkphp/index.php/Admin/Index/404
ERR: 非法操作:404

[ 2018-04-09T15:28:40+08:00 ] 127.0.0.1 /thinkphp/index.php/Admin/Index/404
ERR: 非法操作:404

[ 2018-04-09T15:28:40+08:00 ] 127.0.0.1 /thinkphp/index.php/Admin/Index/404
ERR: 非法操作:404

[ 2018-04-09T15:28:40+08:00 ] 127.0.0.1 /thinkphp/index.php/Admin/Index/404
ERR: 非法操作:404

[ 2018-04-09T15:28:40+08:00 ] 127.0.0.1 /thinkphp/index.php/Admin/Index/404
ERR: 非法操作:404

[ 2018-04-09T15:28:40+08:00 ] 127.0.0.1 /thinkphp/index.php/Admin/Index/404
ERR: 非法操作:404

[ 2018-04-09T15:28:40+08:00 ] 127.0.0.1 /thinkphp/index.php/Admin/Index/404
ERR: 非法操作:404

[ 2018-04-09T15:28:40+08:00 ] 127.0.0.1 /thinkphp/index.php/Admin/Index/404
ERR: 非法操作:404

[ 2018-04-09T15:28:40+08:00 ] 127.0.0.1 /thinkphp/index.php/Admin/Index/404
ERR: 非法操作:404

[ 2018-04-09T15:28:40+08:00 ] 127.0.0.1 /thinkphp/index.php/Admin/Index/404
ERR: 非法操作:404

[ 2018-04-09T15:28:40+08:00 ] 127.0.0.1 /thinkphp/index.php/Admin/Index/404
ERR: 非法操作:404

[ 2018-04-09T15:28:40+08:00 ] 127.0.0.1 /thinkphp/index.php/Admin/Index/404
ERR: 非法操作:404

[ 2018-04-09T15:28:40+08:00 ] 127.0.0.1 /thinkphp/index.php/Admin/Index/404
ERR: 非法操作:404

[ 2018-04-09T15:28:40+08:00 ] 127.0.0.1 /thinkphp/index.php/Admin/Index/404
ERR: 非法操作:404

[ 2018-04-09T15:28:40+08:00 ] 127.0.0.1 /thinkphp/index.php/Admin/Index/404
ERR: 非法操作:404

[ 2018-04-09T15:28:40+08:00 ] 127.0.0.1 /thinkphp/index.php/Admin/Index/404
ERR: 非法操作:404

[ 2018-04-09T15:28:40+08:00 ] 127.0.0.1 /thinkphp/index.php/Admin/Index/404
ERR: 非法操作:404

[ 2018-04-09T15:28:40+08:00 ] 127.0.0.1 /thinkphp/index.php/Admin/Index/404
ERR: 非法操作:404

[ 2018-04-09T15:28:41+08:00 ] 127.0.0.1 /thinkphp/index.php/Admin/Index/404
ERR: 非法操作:404

[ 2018-04-09T15:28:41+08:00 ] 127.0.0.1 /thinkphp/index.php/Admin/Index/404
ERR: 非法操作:404

[ 2018-04-09T15:28:41+08:00 ] 127.0.0.1 /thinkphp/index.php/Admin/Index/404
ERR: 非法操作:404

[ 2018-04-09T15:28:41+08:00 ] 127.0.0.1 /thinkphp/index.php/Admin/Index/404
ERR: 非法操作:404

[ 2018-04-09T15:28:50+08:00 ] 127.0.0.1 /thinkphp/index.php/Admin/Index/login1
ERR: 非法操作:login1

[ 2018-04-09T15:28:50+08:00 ] 127.0.0.1 /thinkphp/index.php/Admin/Index/404
ERR: 非法操作:404

[ 2018-04-09T15:28:50+08:00 ] 127.0.0.1 /thinkphp/index.php/Admin/Index/404
ERR: 非法操作:404

[ 2018-04-09T15:28:50+08:00 ] 127.0.0.1 /thinkphp/index.php/Admin/Index/404
ERR: 非法操作:404

[ 2018-04-09T15:28:50+08:00 ] 127.0.0.1 /thinkphp/index.php/Admin/Index/404
ERR: 非法操作:404

[ 2018-04-09T15:28:50+08:00 ] 127.0.0.1 /thinkphp/index.php/Admin/Index/404
ERR: 非法操作:404

[ 2018-04-09T15:28:50+08:00 ] 127.0.0.1 /thinkphp/index.php/Admin/Index/404
ERR: 非法操作:404

[ 2018-04-09T15:28:50+08:00 ] 127.0.0.1 /thinkphp/index.php/Admin/Index/404
ERR: 非法操作:404

[ 2018-04-09T15:28:50+08:00 ] 127.0.0.1 /thinkphp/index.php/Admin/Index/404
ERR: 非法操作:404

[ 2018-04-09T15:28:50+08:00 ] 127.0.0.1 /thinkphp/index.php/Admin/Index/404
ERR: 非法操作:404

[ 2018-04-09T15:28:50+08:00 ] 127.0.0.1 /thinkphp/index.php/Admin/Index/404
ERR: 非法操作:404

[ 2018-04-09T15:28:50+08:00 ] 127.0.0.1 /thinkphp/index.php/Admin/Index/404
ERR: 非法操作:404

[ 2018-04-09T15:28:50+08:00 ] 127.0.0.1 /thinkphp/index.php/Admin/Index/404
ERR: 非法操作:404

[ 2018-04-09T15:28:50+08:00 ] 127.0.0.1 /thinkphp/index.php/Admin/Index/404
ERR: 非法操作:404

[ 2018-04-09T15:28:50+08:00 ] 127.0.0.1 /thinkphp/index.php/Admin/Index/404
ERR: 非法操作:404

[ 2018-04-09T15:28:50+08:00 ] 127.0.0.1 /thinkphp/index.php/Admin/Index/404
ERR: 非法操作:404

[ 2018-04-09T15:28:50+08:00 ] 127.0.0.1 /thinkphp/index.php/Admin/Index/404
ERR: 非法操作:404

[ 2018-04-09T15:28:50+08:00 ] 127.0.0.1 /thinkphp/index.php/Admin/Index/404
ERR: 非法操作:404

[ 2018-04-09T15:28:50+08:00 ] 127.0.0.1 /thinkphp/index.php/Admin/Index/404
ERR: 非法操作:404

[ 2018-04-09T15:28:50+08:00 ] 127.0.0.1 /thinkphp/index.php/Admin/Index/404
ERR: 非法操作:404

[ 2018-04-09T15:28:50+08:00 ] 127.0.0.1 /thinkphp/index.php/Admin/Index/404
ERR: 非法操作:404

[ 2018-04-09T15:29:05+08:00 ] ::1 /thinkphp/index.php/Admin/index/1
ERR: 非法操作:1

[ 2018-04-09T15:29:05+08:00 ] ::1 /thinkphp/index.php/Admin/index/404
ERR: 非法操作:404

[ 2018-04-09T15:29:05+08:00 ] ::1 /thinkphp/index.php/Admin/index/404
ERR: 非法操作:404

[ 2018-04-09T15:29:05+08:00 ] ::1 /thinkphp/index.php/Admin/index/404
ERR: 非法操作:404

[ 2018-04-09T15:29:05+08:00 ] ::1 /thinkphp/index.php/Admin/index/404
ERR: 非法操作:404

[ 2018-04-09T15:29:05+08:00 ] ::1 /thinkphp/index.php/Admin/index/404
ERR: 非法操作:404

[ 2018-04-09T15:29:05+08:00 ] ::1 /thinkphp/index.php/Admin/index/404
ERR: 非法操作:404

[ 2018-04-09T15:29:05+08:00 ] ::1 /thinkphp/index.php/Admin/index/404
ERR: 非法操作:404

[ 2018-04-09T15:29:05+08:00 ] ::1 /thinkphp/index.php/Admin/index/404
ERR: 非法操作:404

[ 2018-04-09T15:29:05+08:00 ] ::1 /thinkphp/index.php/Admin/index/404
ERR: 非法操作:404

[ 2018-04-09T15:29:05+08:00 ] ::1 /thinkphp/index.php/Admin/index/404
ERR: 非法操作:404

[ 2018-04-09T15:29:05+08:00 ] ::1 /thinkphp/index.php/Admin/index/404
ERR: 非法操作:404

[ 2018-04-09T15:29:05+08:00 ] ::1 /thinkphp/index.php/Admin/index/404
ERR: 非法操作:404

[ 2018-04-09T15:29:05+08:00 ] ::1 /thinkphp/index.php/Admin/index/404
ERR: 非法操作:404

[ 2018-04-09T15:29:05+08:00 ] ::1 /thinkphp/index.php/Admin/index/404
ERR: 非法操作:404

[ 2018-04-09T15:29:05+08:00 ] ::1 /thinkphp/index.php/Admin/index/404
ERR: 非法操作:404

[ 2018-04-09T15:29:05+08:00 ] ::1 /thinkphp/index.php/Admin/index/404
ERR: 非法操作:404

[ 2018-04-09T15:29:05+08:00 ] ::1 /thinkphp/index.php/Admin/index/404
ERR: 非法操作:404

[ 2018-04-09T15:29:05+08:00 ] ::1 /thinkphp/index.php/Admin/index/404
ERR: 非法操作:404

[ 2018-04-09T15:29:05+08:00 ] ::1 /thinkphp/index.php/Admin/index/404
ERR: 非法操作:404

[ 2018-04-09T15:29:05+08:00 ] ::1 /thinkphp/index.php/Admin/index/404
ERR: 非法操作:404

[ 2018-04-09T15:29:06+08:00 ] ::1 /thinkphp/index.php/Admin/index/404
ERR: 非法操作:404

[ 2018-04-09T15:29:06+08:00 ] ::1 /thinkphp/index.php/Admin/index/404
ERR: 非法操作:404

[ 2018-04-09T15:29:06+08:00 ] ::1 /thinkphp/index.php/Admin/index/404
ERR: 非法操作:404

[ 2018-04-09T15:29:06+08:00 ] ::1 /thinkphp/index.php/Admin/index/404
ERR: 非法操作:404

[ 2018-04-09T15:29:06+08:00 ] ::1 /thinkphp/index.php/Admin/index/404
ERR: 非法操作:404

[ 2018-04-09T15:29:06+08:00 ] ::1 /thinkphp/index.php/Admin/index/404
ERR: 非法操作:404

[ 2018-04-09T15:29:06+08:00 ] ::1 /thinkphp/index.php/Admin/index/404
ERR: 非法操作:404

[ 2018-04-09T15:29:06+08:00 ] ::1 /thinkphp/index.php/Admin/index/404
ERR: 非法操作:404

[ 2018-04-09T15:29:06+08:00 ] ::1 /thinkphp/index.php/Admin/index/404
ERR: 非法操作:404

[ 2018-04-09T15:29:06+08:00 ] ::1 /thinkphp/index.php/Admin/index/404
ERR: 非法操作:404

[ 2018-04-09T15:29:06+08:00 ] ::1 /thinkphp/index.php/Admin/index/404
ERR: 非法操作:404

[ 2018-04-09T15:29:06+08:00 ] ::1 /thinkphp/index.php/Admin/index/404
ERR: 非法操作:404

[ 2018-04-09T15:29:06+08:00 ] ::1 /thinkphp/index.php/Admin/index/404
ERR: 非法操作:404

[ 2018-04-09T15:29:06+08:00 ] ::1 /thinkphp/index.php/Admin/index/404
ERR: 非法操作:404

[ 2018-04-09T15:29:06+08:00 ] ::1 /thinkphp/index.php/Admin/index/404
ERR: 非法操作:404

[ 2018-04-09T15:29:06+08:00 ] ::1 /thinkphp/index.php/Admin/index/404
ERR: 非法操作:404

[ 2018-04-09T15:29:06+08:00 ] ::1 /thinkphp/index.php/Admin/index/404
ERR: 非法操作:404

[ 2018-04-09T15:29:06+08:00 ] ::1 /thinkphp/index.php/Admin/index/404
ERR: 非法操作:404

[ 2018-04-09T15:29:06+08:00 ] ::1 /thinkphp/index.php/Admin/index/404
ERR: 非法操作:404

[ 2018-04-09T15:29:06+08:00 ] ::1 /thinkphp/index.php/Admin/index/404
ERR: 非法操作:404

[ 2018-04-09T15:29:06+08:00 ] ::1 /thinkphp/index.php/Admin/index/404
ERR: 非法操作:404

[ 2018-04-09T15:29:11+08:00 ] ::1 /thinkphp/index.php/Admin/index/404
ERR: 非法操作:404

[ 2018-04-09T15:29:11+08:00 ] ::1 /thinkphp/index.php/Admin/index/404
ERR: 非法操作:404

[ 2018-04-09T15:29:11+08:00 ] ::1 /thinkphp/index.php/Admin/index/404
ERR: 非法操作:404

[ 2018-04-09T15:29:11+08:00 ] ::1 /thinkphp/index.php/Admin/index/404
ERR: 非法操作:404

[ 2018-04-09T15:29:11+08:00 ] ::1 /thinkphp/index.php/Admin/index/404
ERR: 非法操作:404

[ 2018-04-09T15:29:11+08:00 ] ::1 /thinkphp/index.php/Admin/index/404
ERR: 非法操作:404

[ 2018-04-09T15:29:11+08:00 ] ::1 /thinkphp/index.php/Admin/index/404
ERR: 非法操作:404

[ 2018-04-09T15:29:11+08:00 ] ::1 /thinkphp/index.php/Admin/index/404
ERR: 非法操作:404

[ 2018-04-09T15:29:11+08:00 ] ::1 /thinkphp/index.php/Admin/index/404
ERR: 非法操作:404

[ 2018-04-09T15:29:11+08:00 ] ::1 /thinkphp/index.php/Admin/index/404
ERR: 非法操作:404

[ 2018-04-09T15:29:11+08:00 ] ::1 /thinkphp/index.php/Admin/index/404
ERR: 非法操作:404

[ 2018-04-09T15:29:11+08:00 ] ::1 /thinkphp/index.php/Admin/index/404
ERR: 非法操作:404

[ 2018-04-09T15:29:11+08:00 ] ::1 /thinkphp/index.php/Admin/index/404
ERR: 非法操作:404

[ 2018-04-09T15:29:11+08:00 ] ::1 /thinkphp/index.php/Admin/index/404
ERR: 非法操作:404

[ 2018-04-09T15:29:11+08:00 ] ::1 /thinkphp/index.php/Admin/index/404
ERR: 非法操作:404

[ 2018-04-09T15:29:11+08:00 ] ::1 /thinkphp/index.php/Admin/index/404
ERR: 非法操作:404

[ 2018-04-09T15:29:11+08:00 ] ::1 /thinkphp/index.php/Admin/index/404
ERR: 非法操作:404

[ 2018-04-09T15:29:11+08:00 ] ::1 /thinkphp/index.php/Admin/index/404
ERR: 非法操作:404

[ 2018-04-09T15:29:11+08:00 ] ::1 /thinkphp/index.php/Admin/index/404
ERR: 非法操作:404

[ 2018-04-09T15:29:11+08:00 ] ::1 /thinkphp/index.php/Admin/index/404
ERR: 非法操作:404

[ 2018-04-09T15:29:11+08:00 ] ::1 /thinkphp/index.php/Admin/index/404
ERR: 非法操作:404

[ 2018-04-09T15:46:14+08:00 ] ::1 /thinkphp/index.php/Admin/404
ERR: 无法加载控制器:404

[ 2018-04-09T15:46:14+08:00 ] ::1 /thinkphp/index.php/Admin/404
ERR: 无法加载控制器:404

[ 2018-04-09T15:46:14+08:00 ] ::1 /thinkphp/index.php/Admin/404
ERR: 无法加载控制器:404

[ 2018-04-09T15:46:14+08:00 ] ::1 /thinkphp/index.php/Admin/404
ERR: 无法加载控制器:404

[ 2018-04-09T15:46:14+08:00 ] ::1 /thinkphp/index.php/Admin/404
ERR: 无法加载控制器:404

[ 2018-04-09T15:46:14+08:00 ] ::1 /thinkphp/index.php/Admin/404
ERR: 无法加载控制器:404

[ 2018-04-09T15:46:14+08:00 ] ::1 /thinkphp/index.php/Admin/404
ERR: 无法加载控制器:404

[ 2018-04-09T15:46:14+08:00 ] ::1 /thinkphp/index.php/Admin/404
ERR: 无法加载控制器:404

[ 2018-04-09T15:46:14+08:00 ] ::1 /thinkphp/index.php/Admin/404
ERR: 无法加载控制器:404

[ 2018-04-09T15:46:14+08:00 ] ::1 /thinkphp/index.php/Admin/404
ERR: 无法加载控制器:404

[ 2018-04-09T15:46:14+08:00 ] ::1 /thinkphp/index.php/Admin/404
ERR: 无法加载控制器:404

[ 2018-04-09T15:46:14+08:00 ] ::1 /thinkphp/index.php/Admin/404
ERR: 无法加载控制器:404

[ 2018-04-09T15:46:14+08:00 ] ::1 /thinkphp/index.php/Admin/404
ERR: 无法加载控制器:404

[ 2018-04-09T15:46:14+08:00 ] ::1 /thinkphp/index.php/Admin/404
ERR: 无法加载控制器:404

[ 2018-04-09T15:46:14+08:00 ] ::1 /thinkphp/index.php/Admin/404
ERR: 无法加载控制器:404

[ 2018-04-09T15:46:14+08:00 ] ::1 /thinkphp/index.php/Admin/404
ERR: 无法加载控制器:404

[ 2018-04-09T15:46:14+08:00 ] ::1 /thinkphp/index.php/Admin/404
ERR: 无法加载控制器:404

[ 2018-04-09T15:46:14+08:00 ] ::1 /thinkphp/index.php/Admin/404
ERR: 无法加载控制器:404

[ 2018-04-09T15:46:14+08:00 ] ::1 /thinkphp/index.php/Admin/404
ERR: 无法加载控制器:404

[ 2018-04-09T15:46:14+08:00 ] ::1 /thinkphp/index.php/Admin/404
ERR: 无法加载控制器:404

[ 2018-04-09T15:46:27+08:00 ] ::1 /thinkphp/index.php/Admin/404
ERR: 无法加载控制器:404

[ 2018-04-09T15:46:27+08:00 ] ::1 /thinkphp/index.php/Admin/404
ERR: 无法加载控制器:404

[ 2018-04-09T15:46:27+08:00 ] ::1 /thinkphp/index.php/Admin/404
ERR: 无法加载控制器:404

[ 2018-04-09T15:46:27+08:00 ] ::1 /thinkphp/index.php/Admin/404
ERR: 无法加载控制器:404

[ 2018-04-09T15:46:27+08:00 ] ::1 /thinkphp/index.php/Admin/404
ERR: 无法加载控制器:404

[ 2018-04-09T15:46:27+08:00 ] ::1 /thinkphp/index.php/Admin/404
ERR: 无法加载控制器:404

[ 2018-04-09T15:46:27+08:00 ] ::1 /thinkphp/index.php/Admin/404
ERR: 无法加载控制器:404

[ 2018-04-09T15:46:27+08:00 ] ::1 /thinkphp/index.php/Admin/404
ERR: 无法加载控制器:404

[ 2018-04-09T15:46:27+08:00 ] ::1 /thinkphp/index.php/Admin/404
ERR: 无法加载控制器:404

[ 2018-04-09T15:46:27+08:00 ] ::1 /thinkphp/index.php/Admin/404
ERR: 无法加载控制器:404

[ 2018-04-09T15:46:27+08:00 ] ::1 /thinkphp/index.php/Admin/404
ERR: 无法加载控制器:404

[ 2018-04-09T15:46:27+08:00 ] ::1 /thinkphp/index.php/Admin/404
ERR: 无法加载控制器:404

[ 2018-04-09T15:46:27+08:00 ] ::1 /thinkphp/index.php/Admin/404
ERR: 无法加载控制器:404

[ 2018-04-09T15:46:27+08:00 ] ::1 /thinkphp/index.php/Admin/404
ERR: 无法加载控制器:404

[ 2018-04-09T15:46:27+08:00 ] ::1 /thinkphp/index.php/Admin/404
ERR: 无法加载控制器:404

[ 2018-04-09T15:46:27+08:00 ] ::1 /thinkphp/index.php/Admin/404
ERR: 无法加载控制器:404

[ 2018-04-09T15:46:27+08:00 ] ::1 /thinkphp/index.php/Admin/404
ERR: 无法加载控制器:404

[ 2018-04-09T15:46:27+08:00 ] ::1 /thinkphp/index.php/Admin/404
ERR: 无法加载控制器:404

[ 2018-04-09T15:46:27+08:00 ] ::1 /thinkphp/index.php/Admin/404
ERR: 无法加载控制器:404

[ 2018-04-09T15:46:27+08:00 ] ::1 /thinkphp/index.php/Admin/404
ERR: 无法加载控制器:404

[ 2018-04-09T15:46:27+08:00 ] ::1 /thinkphp/index.php/Admin/404
ERR: 无法加载控制器:404

[ 2018-04-09T15:46:28+08:00 ] ::1 /thinkphp/index.php/Admin/404
ERR: 无法加载控制器:404

[ 2018-04-09T15:46:28+08:00 ] ::1 /thinkphp/index.php/Admin/404
ERR: 无法加载控制器:404

[ 2018-04-09T15:46:28+08:00 ] ::1 /thinkphp/index.php/Admin/404
ERR: 无法加载控制器:404

[ 2018-04-09T15:46:28+08:00 ] ::1 /thinkphp/index.php/Admin/404
ERR: 无法加载控制器:404

[ 2018-04-09T15:46:28+08:00 ] ::1 /thinkphp/index.php/Admin/404
ERR: 无法加载控制器:404

[ 2018-04-09T15:46:28+08:00 ] ::1 /thinkphp/index.php/Admin/404
ERR: 无法加载控制器:404

[ 2018-04-09T15:46:28+08:00 ] ::1 /thinkphp/index.php/Admin/404
ERR: 无法加载控制器:404

[ 2018-04-09T15:46:28+08:00 ] ::1 /thinkphp/index.php/Admin/404
ERR: 无法加载控制器:404

[ 2018-04-09T15:46:28+08:00 ] ::1 /thinkphp/index.php/Admin/404
ERR: 无法加载控制器:404

[ 2018-04-09T15:46:28+08:00 ] ::1 /thinkphp/index.php/Admin/404
ERR: 无法加载控制器:404

[ 2018-04-09T15:46:28+08:00 ] ::1 /thinkphp/index.php/Admin/404
ERR: 无法加载控制器:404

[ 2018-04-09T15:46:28+08:00 ] ::1 /thinkphp/index.php/Admin/404
ERR: 无法加载控制器:404

[ 2018-04-09T15:46:28+08:00 ] ::1 /thinkphp/index.php/Admin/404
ERR: 无法加载控制器:404

[ 2018-04-09T15:46:28+08:00 ] ::1 /thinkphp/index.php/Admin/404
ERR: 无法加载控制器:404

[ 2018-04-09T15:46:28+08:00 ] ::1 /thinkphp/index.php/Admin/404
ERR: 无法加载控制器:404

[ 2018-04-09T15:46:28+08:00 ] ::1 /thinkphp/index.php/Admin/404
ERR: 无法加载控制器:404

[ 2018-04-09T15:46:28+08:00 ] ::1 /thinkphp/index.php/Admin/404
ERR: 无法加载控制器:404

[ 2018-04-09T15:46:28+08:00 ] ::1 /thinkphp/index.php/Admin/404
ERR: 无法加载控制器:404

[ 2018-04-09T15:46:28+08:00 ] ::1 /thinkphp/index.php/Admin/404
ERR: 无法加载控制器:404

[ 2018-04-09T15:46:28+08:00 ] ::1 /thinkphp/index.php/Admin/404
ERR: 无法加载控制器:404

[ 2018-04-09T15:46:28+08:00 ] ::1 /thinkphp/index.php/Admin/404
ERR: 无法加载控制器:404

