[ 2018-03-24T08:56:54+08:00 ] ::1 /thinkphp/Admin/Admin/1
ERR: 非法操作:1

[ 2018-03-24T09:16:07+08:00 ] ::1 /thinkphp/Admin/Admin/register
ERR: 非法操作:register

[ 2018-03-24T09:21:45+08:00 ] ::1 /thinkphp/Admin/Admin/institute_album_list
ERR: 1146:Table 'robot_tp.robot_' doesn't exist
 [ SQL语句 ] : SELECT * FROM `robot_` ORDER BY id desc 
ERR: 1146:Table 'robot_tp.robot_' doesn't exist
 [ SQL语句 ] : SELECT * FROM `robot_` ORDER BY id desc 

[ 2018-03-24T09:22:02+08:00 ] ::1 /thinkphp/Admin/Admin/institute_album_list/
ERR: 1146:Table 'robot_tp.robot_' doesn't exist
 [ SQL语句 ] : SELECT * FROM `robot_` ORDER BY id desc 
ERR: 1146:Table 'robot_tp.robot_' doesn't exist
 [ SQL语句 ] : SELECT * FROM `robot_` ORDER BY id desc 

[ 2018-03-24T09:22:02+08:00 ] ::1 /thinkphp/Admin/Admin/institute_album_list/404
ERR: 1146:Table 'robot_tp.robot_' doesn't exist
 [ SQL语句 ] : SELECT * FROM `robot_` ORDER BY id desc 
ERR: 1146:Table 'robot_tp.robot_' doesn't exist
 [ SQL语句 ] : SELECT * FROM `robot_` ORDER BY id desc 

[ 2018-03-24T09:22:02+08:00 ] ::1 /thinkphp/Admin/Admin/institute_album_list/404
ERR: 1146:Table 'robot_tp.robot_' doesn't exist
 [ SQL语句 ] : SELECT * FROM `robot_` ORDER BY id desc 
ERR: 1146:Table 'robot_tp.robot_' doesn't exist
 [ SQL语句 ] : SELECT * FROM `robot_` ORDER BY id desc 

[ 2018-03-24T09:22:02+08:00 ] ::1 /thinkphp/Admin/Admin/institute_album_list/404
ERR: 1146:Table 'robot_tp.robot_' doesn't exist
 [ SQL语句 ] : SELECT * FROM `robot_` ORDER BY id desc 
ERR: 1146:Table 'robot_tp.robot_' doesn't exist
 [ SQL语句 ] : SELECT * FROM `robot_` ORDER BY id desc 

[ 2018-03-24T09:22:02+08:00 ] ::1 /thinkphp/Admin/Admin/institute_album_list/404
ERR: 1146:Table 'robot_tp.robot_' doesn't exist
 [ SQL语句 ] : SELECT * FROM `robot_` ORDER BY id desc 
ERR: 1146:Table 'robot_tp.robot_' doesn't exist
 [ SQL语句 ] : SELECT * FROM `robot_` ORDER BY id desc 

[ 2018-03-24T09:22:02+08:00 ] ::1 /thinkphp/Admin/Admin/institute_album_list/404
ERR: 1146:Table 'robot_tp.robot_' doesn't exist
 [ SQL语句 ] : SELECT * FROM `robot_` ORDER BY id desc 
ERR: 1146:Table 'robot_tp.robot_' doesn't exist
 [ SQL语句 ] : SELECT * FROM `robot_` ORDER BY id desc 

[ 2018-03-24T09:22:03+08:00 ] ::1 /thinkphp/Admin/Admin/institute_album_list/404
ERR: 1146:Table 'robot_tp.robot_' doesn't exist
 [ SQL语句 ] : SELECT * FROM `robot_` ORDER BY id desc 
ERR: 1146:Table 'robot_tp.robot_' doesn't exist
 [ SQL语句 ] : SELECT * FROM `robot_` ORDER BY id desc 

[ 2018-03-24T09:22:03+08:00 ] ::1 /thinkphp/Admin/Admin/institute_album_list/404
ERR: 1146:Table 'robot_tp.robot_' doesn't exist
 [ SQL语句 ] : SELECT * FROM `robot_` ORDER BY id desc 
ERR: 1146:Table 'robot_tp.robot_' doesn't exist
 [ SQL语句 ] : SELECT * FROM `robot_` ORDER BY id desc 

[ 2018-03-24T09:22:03+08:00 ] ::1 /thinkphp/Admin/Admin/institute_album_list/404
ERR: 1146:Table 'robot_tp.robot_' doesn't exist
 [ SQL语句 ] : SELECT * FROM `robot_` ORDER BY id desc 
ERR: 1146:Table 'robot_tp.robot_' doesn't exist
 [ SQL语句 ] : SELECT * FROM `robot_` ORDER BY id desc 

[ 2018-03-24T09:22:03+08:00 ] ::1 /thinkphp/Admin/Admin/institute_album_list/404
ERR: 1146:Table 'robot_tp.robot_' doesn't exist
 [ SQL语句 ] : SELECT * FROM `robot_` ORDER BY id desc 
ERR: 1146:Table 'robot_tp.robot_' doesn't exist
 [ SQL语句 ] : SELECT * FROM `robot_` ORDER BY id desc 

[ 2018-03-24T09:22:03+08:00 ] ::1 /thinkphp/Admin/Admin/institute_album_list/404
ERR: 1146:Table 'robot_tp.robot_' doesn't exist
 [ SQL语句 ] : SELECT * FROM `robot_` ORDER BY id desc 
ERR: 1146:Table 'robot_tp.robot_' doesn't exist
 [ SQL语句 ] : SELECT * FROM `robot_` ORDER BY id desc 

[ 2018-03-24T09:22:03+08:00 ] ::1 /thinkphp/Admin/Admin/institute_album_list/404
ERR: 1146:Table 'robot_tp.robot_' doesn't exist
 [ SQL语句 ] : SELECT * FROM `robot_` ORDER BY id desc 
ERR: 1146:Table 'robot_tp.robot_' doesn't exist
 [ SQL语句 ] : SELECT * FROM `robot_` ORDER BY id desc 

[ 2018-03-24T09:22:03+08:00 ] ::1 /thinkphp/Admin/Admin/institute_album_list/404
ERR: 1146:Table 'robot_tp.robot_' doesn't exist
 [ SQL语句 ] : SELECT * FROM `robot_` ORDER BY id desc 
ERR: 1146:Table 'robot_tp.robot_' doesn't exist
 [ SQL语句 ] : SELECT * FROM `robot_` ORDER BY id desc 

[ 2018-03-24T09:22:03+08:00 ] ::1 /thinkphp/Admin/Admin/institute_album_list/404
ERR: 1146:Table 'robot_tp.robot_' doesn't exist
 [ SQL语句 ] : SELECT * FROM `robot_` ORDER BY id desc 
ERR: 1146:Table 'robot_tp.robot_' doesn't exist
 [ SQL语句 ] : SELECT * FROM `robot_` ORDER BY id desc 

[ 2018-03-24T09:22:03+08:00 ] ::1 /thinkphp/Admin/Admin/institute_album_list/404
ERR: 1146:Table 'robot_tp.robot_' doesn't exist
 [ SQL语句 ] : SELECT * FROM `robot_` ORDER BY id desc 
ERR: 1146:Table 'robot_tp.robot_' doesn't exist
 [ SQL语句 ] : SELECT * FROM `robot_` ORDER BY id desc 

[ 2018-03-24T09:22:03+08:00 ] ::1 /thinkphp/Admin/Admin/institute_album_list/404
ERR: 1146:Table 'robot_tp.robot_' doesn't exist
 [ SQL语句 ] : SELECT * FROM `robot_` ORDER BY id desc 
ERR: 1146:Table 'robot_tp.robot_' doesn't exist
 [ SQL语句 ] : SELECT * FROM `robot_` ORDER BY id desc 

[ 2018-03-24T09:22:03+08:00 ] ::1 /thinkphp/Admin/Admin/institute_album_list/404
ERR: 1146:Table 'robot_tp.robot_' doesn't exist
 [ SQL语句 ] : SELECT * FROM `robot_` ORDER BY id desc 
ERR: 1146:Table 'robot_tp.robot_' doesn't exist
 [ SQL语句 ] : SELECT * FROM `robot_` ORDER BY id desc 

[ 2018-03-24T09:22:03+08:00 ] ::1 /thinkphp/Admin/Admin/institute_album_list/404
ERR: 1146:Table 'robot_tp.robot_' doesn't exist
 [ SQL语句 ] : SELECT * FROM `robot_` ORDER BY id desc 
ERR: 1146:Table 'robot_tp.robot_' doesn't exist
 [ SQL语句 ] : SELECT * FROM `robot_` ORDER BY id desc 

[ 2018-03-24T09:22:03+08:00 ] ::1 /thinkphp/Admin/Admin/institute_album_list/404
ERR: 1146:Table 'robot_tp.robot_' doesn't exist
 [ SQL语句 ] : SELECT * FROM `robot_` ORDER BY id desc 
ERR: 1146:Table 'robot_tp.robot_' doesn't exist
 [ SQL语句 ] : SELECT * FROM `robot_` ORDER BY id desc 

[ 2018-03-24T09:22:03+08:00 ] ::1 /thinkphp/Admin/Admin/institute_album_list/404
ERR: 1146:Table 'robot_tp.robot_' doesn't exist
 [ SQL语句 ] : SELECT * FROM `robot_` ORDER BY id desc 
ERR: 1146:Table 'robot_tp.robot_' doesn't exist
 [ SQL语句 ] : SELECT * FROM `robot_` ORDER BY id desc 

[ 2018-03-24T09:22:03+08:00 ] ::1 /thinkphp/Admin/Admin/institute_album_list/404
ERR: 1146:Table 'robot_tp.robot_' doesn't exist
 [ SQL语句 ] : SELECT * FROM `robot_` ORDER BY id desc 
ERR: 1146:Table 'robot_tp.robot_' doesn't exist
 [ SQL语句 ] : SELECT * FROM `robot_` ORDER BY id desc 

[ 2018-03-24T09:22:03+08:00 ] ::1 /thinkphp/Admin/Admin/institute_album_list/404
ERR: 1146:Table 'robot_tp.robot_' doesn't exist
 [ SQL语句 ] : SELECT * FROM `robot_` ORDER BY id desc 
ERR: 1146:Table 'robot_tp.robot_' doesn't exist
 [ SQL语句 ] : SELECT * FROM `robot_` ORDER BY id desc 

[ 2018-03-24T09:22:03+08:00 ] ::1 /thinkphp/Admin/Admin/institute_album_list/404
ERR: 1146:Table 'robot_tp.robot_' doesn't exist
 [ SQL语句 ] : SELECT * FROM `robot_` ORDER BY id desc 
ERR: 1146:Table 'robot_tp.robot_' doesn't exist
 [ SQL语句 ] : SELECT * FROM `robot_` ORDER BY id desc 

[ 2018-03-24T09:22:03+08:00 ] ::1 /thinkphp/Admin/Admin/institute_album_list/404
ERR: 1146:Table 'robot_tp.robot_' doesn't exist
 [ SQL语句 ] : SELECT * FROM `robot_` ORDER BY id desc 
ERR: 1146:Table 'robot_tp.robot_' doesn't exist
 [ SQL语句 ] : SELECT * FROM `robot_` ORDER BY id desc 

[ 2018-03-24T09:22:03+08:00 ] ::1 /thinkphp/Admin/Admin/institute_album_list/404
ERR: 1146:Table 'robot_tp.robot_' doesn't exist
 [ SQL语句 ] : SELECT * FROM `robot_` ORDER BY id desc 
ERR: 1146:Table 'robot_tp.robot_' doesn't exist
 [ SQL语句 ] : SELECT * FROM `robot_` ORDER BY id desc 

[ 2018-03-24T09:22:03+08:00 ] ::1 /thinkphp/Admin/Admin/institute_album_list/404
ERR: 1146:Table 'robot_tp.robot_' doesn't exist
 [ SQL语句 ] : SELECT * FROM `robot_` ORDER BY id desc 
ERR: 1146:Table 'robot_tp.robot_' doesn't exist
 [ SQL语句 ] : SELECT * FROM `robot_` ORDER BY id desc 

[ 2018-03-24T09:22:03+08:00 ] ::1 /thinkphp/Admin/Admin/institute_album_list/404
ERR: 1146:Table 'robot_tp.robot_' doesn't exist
 [ SQL语句 ] : SELECT * FROM `robot_` ORDER BY id desc 
ERR: 1146:Table 'robot_tp.robot_' doesn't exist
 [ SQL语句 ] : SELECT * FROM `robot_` ORDER BY id desc 

[ 2018-03-24T09:22:03+08:00 ] ::1 /thinkphp/Admin/Admin/institute_album_list/404
ERR: 1146:Table 'robot_tp.robot_' doesn't exist
 [ SQL语句 ] : SELECT * FROM `robot_` ORDER BY id desc 
ERR: 1146:Table 'robot_tp.robot_' doesn't exist
 [ SQL语句 ] : SELECT * FROM `robot_` ORDER BY id desc 

[ 2018-03-24T09:22:03+08:00 ] ::1 /thinkphp/Admin/Admin/institute_album_list/404
ERR: 1146:Table 'robot_tp.robot_' doesn't exist
 [ SQL语句 ] : SELECT * FROM `robot_` ORDER BY id desc 
ERR: 1146:Table 'robot_tp.robot_' doesn't exist
 [ SQL语句 ] : SELECT * FROM `robot_` ORDER BY id desc 

[ 2018-03-24T09:22:03+08:00 ] ::1 /thinkphp/Admin/Admin/institute_album_list/404
ERR: 1146:Table 'robot_tp.robot_' doesn't exist
 [ SQL语句 ] : SELECT * FROM `robot_` ORDER BY id desc 
ERR: 1146:Table 'robot_tp.robot_' doesn't exist
 [ SQL语句 ] : SELECT * FROM `robot_` ORDER BY id desc 

[ 2018-03-24T09:22:03+08:00 ] ::1 /thinkphp/Admin/Admin/institute_album_list/404
ERR: 1146:Table 'robot_tp.robot_' doesn't exist
 [ SQL语句 ] : SELECT * FROM `robot_` ORDER BY id desc 
ERR: 1146:Table 'robot_tp.robot_' doesn't exist
 [ SQL语句 ] : SELECT * FROM `robot_` ORDER BY id desc 

[ 2018-03-24T09:22:03+08:00 ] ::1 /thinkphp/Admin/Admin/institute_album_list/404
ERR: 1146:Table 'robot_tp.robot_' doesn't exist
 [ SQL语句 ] : SELECT * FROM `robot_` ORDER BY id desc 
ERR: 1146:Table 'robot_tp.robot_' doesn't exist
 [ SQL语句 ] : SELECT * FROM `robot_` ORDER BY id desc 

[ 2018-03-24T09:22:03+08:00 ] ::1 /thinkphp/Admin/Admin/institute_album_list/404
ERR: 1146:Table 'robot_tp.robot_' doesn't exist
 [ SQL语句 ] : SELECT * FROM `robot_` ORDER BY id desc 
ERR: 1146:Table 'robot_tp.robot_' doesn't exist
 [ SQL语句 ] : SELECT * FROM `robot_` ORDER BY id desc 

[ 2018-03-24T09:22:03+08:00 ] ::1 /thinkphp/Admin/Admin/institute_album_list/404
ERR: 1146:Table 'robot_tp.robot_' doesn't exist
 [ SQL语句 ] : SELECT * FROM `robot_` ORDER BY id desc 
ERR: 1146:Table 'robot_tp.robot_' doesn't exist
 [ SQL语句 ] : SELECT * FROM `robot_` ORDER BY id desc 

[ 2018-03-24T09:22:03+08:00 ] ::1 /thinkphp/Admin/Admin/institute_album_list/404
ERR: 1146:Table 'robot_tp.robot_' doesn't exist
 [ SQL语句 ] : SELECT * FROM `robot_` ORDER BY id desc 
ERR: 1146:Table 'robot_tp.robot_' doesn't exist
 [ SQL语句 ] : SELECT * FROM `robot_` ORDER BY id desc 

[ 2018-03-24T09:22:03+08:00 ] ::1 /thinkphp/Admin/Admin/institute_album_list/404
ERR: 1146:Table 'robot_tp.robot_' doesn't exist
 [ SQL语句 ] : SELECT * FROM `robot_` ORDER BY id desc 
ERR: 1146:Table 'robot_tp.robot_' doesn't exist
 [ SQL语句 ] : SELECT * FROM `robot_` ORDER BY id desc 

[ 2018-03-24T09:22:03+08:00 ] ::1 /thinkphp/Admin/Admin/institute_album_list/404
ERR: 1146:Table 'robot_tp.robot_' doesn't exist
 [ SQL语句 ] : SELECT * FROM `robot_` ORDER BY id desc 
ERR: 1146:Table 'robot_tp.robot_' doesn't exist
 [ SQL语句 ] : SELECT * FROM `robot_` ORDER BY id desc 

[ 2018-03-24T09:22:03+08:00 ] ::1 /thinkphp/Admin/Admin/institute_album_list/404
ERR: 1146:Table 'robot_tp.robot_' doesn't exist
 [ SQL语句 ] : SELECT * FROM `robot_` ORDER BY id desc 
ERR: 1146:Table 'robot_tp.robot_' doesn't exist
 [ SQL语句 ] : SELECT * FROM `robot_` ORDER BY id desc 

[ 2018-03-24T09:22:04+08:00 ] ::1 /thinkphp/Admin/Admin/institute_album_list/404
ERR: 1146:Table 'robot_tp.robot_' doesn't exist
 [ SQL语句 ] : SELECT * FROM `robot_` ORDER BY id desc 
ERR: 1146:Table 'robot_tp.robot_' doesn't exist
 [ SQL语句 ] : SELECT * FROM `robot_` ORDER BY id desc 

[ 2018-03-24T09:22:04+08:00 ] ::1 /thinkphp/Admin/Admin/institute_album_list/404
ERR: 1146:Table 'robot_tp.robot_' doesn't exist
 [ SQL语句 ] : SELECT * FROM `robot_` ORDER BY id desc 
ERR: 1146:Table 'robot_tp.robot_' doesn't exist
 [ SQL语句 ] : SELECT * FROM `robot_` ORDER BY id desc 

[ 2018-03-24T09:22:04+08:00 ] ::1 /thinkphp/Admin/Admin/institute_album_list/404
ERR: 1146:Table 'robot_tp.robot_' doesn't exist
 [ SQL语句 ] : SELECT * FROM `robot_` ORDER BY id desc 
ERR: 1146:Table 'robot_tp.robot_' doesn't exist
 [ SQL语句 ] : SELECT * FROM `robot_` ORDER BY id desc 

[ 2018-03-24T09:22:04+08:00 ] ::1 /thinkphp/Admin/Admin/institute_album_list/404
ERR: 1146:Table 'robot_tp.robot_' doesn't exist
 [ SQL语句 ] : SELECT * FROM `robot_` ORDER BY id desc 
ERR: 1146:Table 'robot_tp.robot_' doesn't exist
 [ SQL语句 ] : SELECT * FROM `robot_` ORDER BY id desc 

[ 2018-03-24T09:22:06+08:00 ] ::1 /thinkphp/Admin/Admin/institute_album_list
ERR: 1146:Table 'robot_tp.robot_' doesn't exist
 [ SQL语句 ] : SELECT * FROM `robot_` ORDER BY id desc 
ERR: 1146:Table 'robot_tp.robot_' doesn't exist
 [ SQL语句 ] : SELECT * FROM `robot_` ORDER BY id desc 

[ 2018-03-24T09:22:56+08:00 ] ::1 /thinkphp/Admin/Admin/learning_resources_list
ERR: 1146:Table 'robot_tp.robot_' doesn't exist
 [ SQL语句 ] : SELECT * FROM `robot_` ORDER BY id desc 
ERR: 1146:Table 'robot_tp.robot_' doesn't exist
 [ SQL语句 ] : SELECT * FROM `robot_` ORDER BY id desc 

[ 2018-03-24T09:23:32+08:00 ] ::1 /thinkphp/Admin/Admin/learning_resources_list
ERR: 1146:Table 'robot_tp.robot_' doesn't exist
 [ SQL语句 ] : SELECT * FROM `robot_` ORDER BY id desc 
ERR: 1146:Table 'robot_tp.robot_' doesn't exist
 [ SQL语句 ] : SELECT * FROM `robot_` ORDER BY id desc 

[ 2018-03-24T09:23:39+08:00 ] ::1 /thinkphp/Admin/Admin/learning_resources_list.php
ERR: 非法操作:learning_resources_list.php

[ 2018-03-24T09:23:45+08:00 ] ::1 /thinkphp/Admin/Admin/learning_resources_list.html
ERR: 1146:Table 'robot_tp.robot_' doesn't exist
 [ SQL语句 ] : SELECT * FROM `robot_` ORDER BY id desc 
ERR: 1146:Table 'robot_tp.robot_' doesn't exist
 [ SQL语句 ] : SELECT * FROM `robot_` ORDER BY id desc 

[ 2018-03-24T09:28:46+08:00 ] ::1 /thinkphp/Admin/Admin/__PUCLIC__/js/Admin/login_out.js
ERR: 非法操作:__puclic__

[ 2018-03-24T09:28:46+08:00 ] ::1 /thinkphp/Admin/Admin/__PUCLIC__/js/Admin/404
ERR: 非法操作:__puclic__

[ 2018-03-24T09:28:46+08:00 ] ::1 /thinkphp/Admin/Admin/__PUCLIC__/js/Admin/404
ERR: 非法操作:__puclic__

[ 2018-03-24T09:28:46+08:00 ] ::1 /thinkphp/Admin/Admin/__PUCLIC__/js/Admin/404
ERR: 非法操作:__puclic__

[ 2018-03-24T09:28:46+08:00 ] ::1 /thinkphp/Admin/Admin/__PUCLIC__/js/Admin/404
ERR: 非法操作:__puclic__

[ 2018-03-24T09:28:46+08:00 ] ::1 /thinkphp/Admin/Admin/__PUCLIC__/js/Admin/404
ERR: 非法操作:__puclic__

[ 2018-03-24T09:28:46+08:00 ] ::1 /thinkphp/Admin/Admin/__PUCLIC__/js/Admin/404
ERR: 非法操作:__puclic__

[ 2018-03-24T09:28:46+08:00 ] ::1 /thinkphp/Admin/Admin/__PUCLIC__/js/Admin/404
ERR: 非法操作:__puclic__

[ 2018-03-24T09:28:46+08:00 ] ::1 /thinkphp/Admin/Admin/__PUCLIC__/js/Admin/404
ERR: 非法操作:__puclic__

[ 2018-03-24T09:28:46+08:00 ] ::1 /thinkphp/Admin/Admin/__PUCLIC__/js/Admin/404
ERR: 非法操作:__puclic__

[ 2018-03-24T09:28:46+08:00 ] ::1 /thinkphp/Admin/Admin/__PUCLIC__/js/Admin/404
ERR: 非法操作:__puclic__

[ 2018-03-24T09:28:46+08:00 ] ::1 /thinkphp/Admin/Admin/__PUCLIC__/js/Admin/404
ERR: 非法操作:__puclic__

[ 2018-03-24T09:28:46+08:00 ] ::1 /thinkphp/Admin/Admin/__PUCLIC__/js/Admin/404
ERR: 非法操作:__puclic__

[ 2018-03-24T09:28:46+08:00 ] ::1 /thinkphp/Admin/Admin/__PUCLIC__/js/Admin/404
ERR: 非法操作:__puclic__

[ 2018-03-24T09:28:46+08:00 ] ::1 /thinkphp/Admin/Admin/__PUCLIC__/js/Admin/404
ERR: 非法操作:__puclic__

[ 2018-03-24T09:28:46+08:00 ] ::1 /thinkphp/Admin/Admin/__PUCLIC__/js/Admin/404
ERR: 非法操作:__puclic__

[ 2018-03-24T09:28:46+08:00 ] ::1 /thinkphp/Admin/Admin/__PUCLIC__/js/Admin/404
ERR: 非法操作:__puclic__

[ 2018-03-24T09:28:46+08:00 ] ::1 /thinkphp/Admin/Admin/__PUCLIC__/js/Admin/404
ERR: 非法操作:__puclic__

[ 2018-03-24T09:28:46+08:00 ] ::1 /thinkphp/Admin/Admin/__PUCLIC__/js/Admin/404
ERR: 非法操作:__puclic__

[ 2018-03-24T09:28:46+08:00 ] ::1 /thinkphp/Admin/Admin/__PUCLIC__/js/Admin/404
ERR: 非法操作:__puclic__

[ 2018-03-24T09:28:46+08:00 ] ::1 /thinkphp/Admin/Admin/__PUCLIC__/js/Admin/404
ERR: 非法操作:__puclic__

[ 2018-03-24T09:29:09+08:00 ] ::1 /thinkphp/Admin/Admin/ilo
ERR: 非法操作:ilo

[ 2018-03-24T09:29:16+08:00 ] ::1 /thinkphp/Admin/Admin/__PUCLIC__/js/Admin/login_out.js
ERR: 非法操作:__puclic__

[ 2018-03-24T09:29:16+08:00 ] ::1 /thinkphp/Admin/Admin/__PUCLIC__/js/Admin/404
ERR: 非法操作:__puclic__

[ 2018-03-24T09:29:16+08:00 ] ::1 /thinkphp/Admin/Admin/__PUCLIC__/js/Admin/404
ERR: 非法操作:__puclic__

[ 2018-03-24T09:29:16+08:00 ] ::1 /thinkphp/Admin/Admin/__PUCLIC__/js/Admin/404
ERR: 非法操作:__puclic__

[ 2018-03-24T09:29:16+08:00 ] ::1 /thinkphp/Admin/Admin/__PUCLIC__/js/Admin/404
ERR: 非法操作:__puclic__

[ 2018-03-24T09:29:16+08:00 ] ::1 /thinkphp/Admin/Admin/__PUCLIC__/js/Admin/404
ERR: 非法操作:__puclic__

[ 2018-03-24T09:29:16+08:00 ] ::1 /thinkphp/Admin/Admin/__PUCLIC__/js/Admin/404
ERR: 非法操作:__puclic__

[ 2018-03-24T09:29:16+08:00 ] ::1 /thinkphp/Admin/Admin/__PUCLIC__/js/Admin/404
ERR: 非法操作:__puclic__

[ 2018-03-24T09:29:16+08:00 ] ::1 /thinkphp/Admin/Admin/__PUCLIC__/js/Admin/404
ERR: 非法操作:__puclic__

[ 2018-03-24T09:29:16+08:00 ] ::1 /thinkphp/Admin/Admin/__PUCLIC__/js/Admin/404
ERR: 非法操作:__puclic__

[ 2018-03-24T09:29:16+08:00 ] ::1 /thinkphp/Admin/Admin/__PUCLIC__/js/Admin/404
ERR: 非法操作:__puclic__

[ 2018-03-24T09:29:16+08:00 ] ::1 /thinkphp/Admin/Admin/__PUCLIC__/js/Admin/404
ERR: 非法操作:__puclic__

[ 2018-03-24T09:29:16+08:00 ] ::1 /thinkphp/Admin/Admin/__PUCLIC__/js/Admin/404
ERR: 非法操作:__puclic__

[ 2018-03-24T09:29:16+08:00 ] ::1 /thinkphp/Admin/Admin/__PUCLIC__/js/Admin/404
ERR: 非法操作:__puclic__

[ 2018-03-24T09:29:16+08:00 ] ::1 /thinkphp/Admin/Admin/__PUCLIC__/js/Admin/404
ERR: 非法操作:__puclic__

[ 2018-03-24T09:29:16+08:00 ] ::1 /thinkphp/Admin/Admin/__PUCLIC__/js/Admin/404
ERR: 非法操作:__puclic__

[ 2018-03-24T09:29:17+08:00 ] ::1 /thinkphp/Admin/Admin/__PUCLIC__/js/Admin/404
ERR: 非法操作:__puclic__

[ 2018-03-24T09:29:17+08:00 ] ::1 /thinkphp/Admin/Admin/__PUCLIC__/js/Admin/404
ERR: 非法操作:__puclic__

[ 2018-03-24T09:29:17+08:00 ] ::1 /thinkphp/Admin/Admin/__PUCLIC__/js/Admin/404
ERR: 非法操作:__puclic__

[ 2018-03-24T09:29:17+08:00 ] ::1 /thinkphp/Admin/Admin/__PUCLIC__/js/Admin/404
ERR: 非法操作:__puclic__

[ 2018-03-24T09:29:17+08:00 ] ::1 /thinkphp/Admin/Admin/__PUCLIC__/js/Admin/404
ERR: 非法操作:__puclic__

[ 2018-03-24T09:44:26+08:00 ] ::1 /thinkphp/Admin/Admin/delete_content
ERR: 1146:Table 'robot_tp.robot_' doesn't exist
 [ SQL语句 ] : DELETE FROM `robot_` WHERE ( id=3 )
ERR: 1146:Table 'robot_tp.robot_' doesn't exist
 [ SQL语句 ] : DELETE FROM `robot_` WHERE ( id=3 )

[ 2018-03-24T09:44:37+08:00 ] ::1 /thinkphp/Admin/Admin/editable_content_list
ERR: 1146:Table 'robot_tp.robot_' doesn't exist
 [ SQL语句 ] : SELECT * FROM `robot_` 
ERR: 1146:Table 'robot_tp.robot_' doesn't exist
 [ SQL语句 ] : SELECT * FROM `robot_` 

[ 2018-03-24T09:45:45+08:00 ] ::1 /thinkphp/Admin/Admin/delete_album
ERR: 1146:Table 'robot_tp.robot_' doesn't exist
 [ SQL语句 ] : SELECT `album_file` FROM `robot_` WHERE ( id=24 ) 
ERR: 1146:Table 'robot_tp.robot_' doesn't exist
 [ SQL语句 ] : SELECT `album_file` FROM `robot_` WHERE ( id=24 ) 

[ 2018-03-24T09:45:47+08:00 ] ::1 /thinkphp/Admin/Admin/institute_album_list
ERR: 1146:Table 'robot_tp.robot_' doesn't exist
 [ SQL语句 ] : SELECT * FROM `robot_` ORDER BY id desc 
ERR: 1146:Table 'robot_tp.robot_' doesn't exist
 [ SQL语句 ] : SELECT * FROM `robot_` ORDER BY id desc 

[ 2018-03-24T09:58:47+08:00 ] ::1 /thinkphp/Admin/Admin/delete_content
ERR: 1146:Table 'robot_tp.robot_' doesn't exist
 [ SQL语句 ] : DELETE FROM `robot_` WHERE ( id=2 )
ERR: 1146:Table 'robot_tp.robot_' doesn't exist
 [ SQL语句 ] : DELETE FROM `robot_` WHERE ( id=2 )

[ 2018-03-24T09:58:50+08:00 ] ::1 /thinkphp/Admin/Admin/editable_content_list
ERR: 1146:Table 'robot_tp.robot_' doesn't exist
 [ SQL语句 ] : SELECT * FROM `robot_` 
ERR: 1146:Table 'robot_tp.robot_' doesn't exist
 [ SQL语句 ] : SELECT * FROM `robot_` 

[ 2018-03-24T11:05:24+08:00 ] 127.0.0.1 /thinkphp/Admin/login
ERR: 无法加载控制器:Login

[ 2018-03-24T11:05:24+08:00 ] 127.0.0.1 /thinkphp/Admin/404
ERR: 无法加载控制器:404

[ 2018-03-24T11:05:24+08:00 ] 127.0.0.1 /thinkphp/Admin/404
ERR: 无法加载控制器:404

[ 2018-03-24T11:05:24+08:00 ] 127.0.0.1 /thinkphp/Admin/404
ERR: 无法加载控制器:404

[ 2018-03-24T11:05:24+08:00 ] 127.0.0.1 /thinkphp/Admin/404
ERR: 无法加载控制器:404

[ 2018-03-24T11:05:24+08:00 ] 127.0.0.1 /thinkphp/Admin/404
ERR: 无法加载控制器:404

[ 2018-03-24T11:05:24+08:00 ] 127.0.0.1 /thinkphp/Admin/404
ERR: 无法加载控制器:404

[ 2018-03-24T11:05:24+08:00 ] 127.0.0.1 /thinkphp/Admin/404
ERR: 无法加载控制器:404

[ 2018-03-24T11:05:24+08:00 ] 127.0.0.1 /thinkphp/Admin/404
ERR: 无法加载控制器:404

[ 2018-03-24T11:05:24+08:00 ] 127.0.0.1 /thinkphp/Admin/404
ERR: 无法加载控制器:404

[ 2018-03-24T11:05:24+08:00 ] 127.0.0.1 /thinkphp/Admin/404
ERR: 无法加载控制器:404

[ 2018-03-24T11:05:24+08:00 ] 127.0.0.1 /thinkphp/Admin/404
ERR: 无法加载控制器:404

[ 2018-03-24T11:05:24+08:00 ] 127.0.0.1 /thinkphp/Admin/404
ERR: 无法加载控制器:404

[ 2018-03-24T11:05:24+08:00 ] 127.0.0.1 /thinkphp/Admin/404
ERR: 无法加载控制器:404

[ 2018-03-24T11:05:24+08:00 ] 127.0.0.1 /thinkphp/Admin/404
ERR: 无法加载控制器:404

[ 2018-03-24T11:05:24+08:00 ] 127.0.0.1 /thinkphp/Admin/404
ERR: 无法加载控制器:404

[ 2018-03-24T11:05:24+08:00 ] 127.0.0.1 /thinkphp/Admin/404
ERR: 无法加载控制器:404

[ 2018-03-24T11:05:34+08:00 ] 127.0.0.1 /thinkphp/Admin/ADmin/
ERR: 无法加载控制器:ADmin

[ 2018-03-24T11:05:34+08:00 ] 127.0.0.1 /thinkphp/Admin/ADmin/404
ERR: 无法加载控制器:ADmin

[ 2018-03-24T11:05:34+08:00 ] 127.0.0.1 /thinkphp/Admin/ADmin/404
ERR: 无法加载控制器:ADmin

[ 2018-03-24T11:05:34+08:00 ] 127.0.0.1 /thinkphp/Admin/ADmin/404
ERR: 无法加载控制器:ADmin

[ 2018-03-24T11:05:34+08:00 ] 127.0.0.1 /thinkphp/Admin/ADmin/404
ERR: 无法加载控制器:ADmin

[ 2018-03-24T11:05:34+08:00 ] 127.0.0.1 /thinkphp/Admin/ADmin/404
ERR: 无法加载控制器:ADmin

[ 2018-03-24T11:05:34+08:00 ] 127.0.0.1 /thinkphp/Admin/ADmin/404
ERR: 无法加载控制器:ADmin

[ 2018-03-24T11:05:34+08:00 ] 127.0.0.1 /thinkphp/Admin/ADmin/404
ERR: 无法加载控制器:ADmin

[ 2018-03-24T11:05:34+08:00 ] 127.0.0.1 /thinkphp/Admin/ADmin/404
ERR: 无法加载控制器:ADmin

[ 2018-03-24T11:05:34+08:00 ] 127.0.0.1 /thinkphp/Admin/ADmin/404
ERR: 无法加载控制器:ADmin

[ 2018-03-24T11:05:34+08:00 ] 127.0.0.1 /thinkphp/Admin/ADmin/404
ERR: 无法加载控制器:ADmin

[ 2018-03-24T11:05:34+08:00 ] 127.0.0.1 /thinkphp/Admin/ADmin/404
ERR: 无法加载控制器:ADmin

[ 2018-03-24T11:05:34+08:00 ] 127.0.0.1 /thinkphp/Admin/ADmin/404
ERR: 无法加载控制器:ADmin

[ 2018-03-24T11:05:34+08:00 ] 127.0.0.1 /thinkphp/Admin/ADmin/404
ERR: 无法加载控制器:ADmin

[ 2018-03-24T11:05:34+08:00 ] 127.0.0.1 /thinkphp/Admin/ADmin/404
ERR: 无法加载控制器:ADmin

[ 2018-03-24T11:05:34+08:00 ] 127.0.0.1 /thinkphp/Admin/ADmin/404
ERR: 无法加载控制器:ADmin

[ 2018-03-24T11:05:34+08:00 ] 127.0.0.1 /thinkphp/Admin/ADmin/404
ERR: 无法加载控制器:ADmin

[ 2018-03-24T11:05:40+08:00 ] 127.0.0.1 /thinkphp/Admin/ADmin/login
ERR: 无法加载控制器:ADmin

[ 2018-03-24T11:05:40+08:00 ] 127.0.0.1 /thinkphp/Admin/ADmin/404
ERR: 无法加载控制器:ADmin

[ 2018-03-24T11:05:40+08:00 ] 127.0.0.1 /thinkphp/Admin/ADmin/404
ERR: 无法加载控制器:ADmin

[ 2018-03-24T11:05:40+08:00 ] 127.0.0.1 /thinkphp/Admin/ADmin/404
ERR: 无法加载控制器:ADmin

[ 2018-03-24T11:05:40+08:00 ] 127.0.0.1 /thinkphp/Admin/ADmin/404
ERR: 无法加载控制器:ADmin

[ 2018-03-24T11:05:40+08:00 ] 127.0.0.1 /thinkphp/Admin/ADmin/404
ERR: 无法加载控制器:ADmin

[ 2018-03-24T11:05:40+08:00 ] 127.0.0.1 /thinkphp/Admin/ADmin/404
ERR: 无法加载控制器:ADmin

[ 2018-03-24T11:05:40+08:00 ] 127.0.0.1 /thinkphp/Admin/ADmin/404
ERR: 无法加载控制器:ADmin

[ 2018-03-24T11:05:40+08:00 ] 127.0.0.1 /thinkphp/Admin/ADmin/404
ERR: 无法加载控制器:ADmin

[ 2018-03-24T11:05:40+08:00 ] 127.0.0.1 /thinkphp/Admin/ADmin/404
ERR: 无法加载控制器:ADmin

[ 2018-03-24T11:05:40+08:00 ] 127.0.0.1 /thinkphp/Admin/ADmin/404
ERR: 无法加载控制器:ADmin

[ 2018-03-24T11:05:40+08:00 ] 127.0.0.1 /thinkphp/Admin/ADmin/404
ERR: 无法加载控制器:ADmin

[ 2018-03-24T11:05:40+08:00 ] 127.0.0.1 /thinkphp/Admin/ADmin/404
ERR: 无法加载控制器:ADmin

[ 2018-03-24T11:05:40+08:00 ] 127.0.0.1 /thinkphp/Admin/ADmin/404
ERR: 无法加载控制器:ADmin

[ 2018-03-24T11:05:40+08:00 ] 127.0.0.1 /thinkphp/Admin/ADmin/404
ERR: 无法加载控制器:ADmin

[ 2018-03-24T11:05:40+08:00 ] 127.0.0.1 /thinkphp/Admin/ADmin/404
ERR: 无法加载控制器:ADmin

[ 2018-03-24T11:05:40+08:00 ] 127.0.0.1 /thinkphp/Admin/ADmin/404
ERR: 无法加载控制器:ADmin

[ 2018-03-24T13:52:15+08:00 ] 127.0.0.1 /thinkphp/Admin/Admin/login.php
ERR: 非法操作:login.php

[ 2018-03-24T13:52:20+08:00 ] 127.0.0.1 /thinkphp/Admin/Admin/login.php
ERR: 非法操作:login.php

[ 2018-03-24T13:55:55+08:00 ] ::1 /thinkphp/Admin/Admin/lindex
ERR: 非法操作:lindex

[ 2018-03-24T21:47:37+08:00 ] ::1 /thinkphp/Admin/Admin/validate
INFO: [ app_init ] --START--
INFO: Run Behavior\BuildLiteBehavior [ RunTime:0.000021s ]
INFO: [ app_init ] --END-- [ RunTime:0.000770s ]
INFO: [ app_begin ] --START--
INFO: Run Behavior\ReadHtmlCacheBehavior [ RunTime:0.001912s ]
INFO: [ app_begin ] --END-- [ RunTime:0.002231s ]
SQL: SHOW COLUMNS FROM `robot_login` [ RunTime:0.0061s ]
SQL: SELECT * FROM `robot_login` WHERE `user_name` = 'root'  [ RunTime:0.0006s ]
NOTIC: [8] A session had already been started - ignoring session_start() D:\phpStudy\WWW\thinkphp\ThinkPHP\Common\functions.php 第 1272 行.
INFO: [ app_end ] --START--
INFO: Run Behavior\ShowPageTraceBehavior [ RunTime:0.001419s ]
INFO: [ app_end ] --END-- [ RunTime:0.001502s ]

[ 2018-03-24T21:47:37+08:00 ] ::1 /thinkphp/Admin/Admin/index
INFO: [ app_init ] --START--
INFO: Run Behavior\BuildLiteBehavior [ RunTime:0.000021s ]
INFO: [ app_init ] --END-- [ RunTime:0.000494s ]
INFO: [ app_begin ] --START--
INFO: Run Behavior\ReadHtmlCacheBehavior [ RunTime:0.002447s ]
INFO: [ app_begin ] --END-- [ RunTime:0.002558s ]
SQL: SHOW COLUMNS FROM `robot_editable` [ RunTime:0.0056s ]
SQL: SELECT * FROM `robot_editable`  [ RunTime:0.0005s ]
SQL: SHOW COLUMNS FROM `robot_teaching_work` [ RunTime:0.0055s ]
SQL: SELECT `catalog_id`,`catalog`,`catalog_table` FROM `robot_teaching_work` WHERE ( 1=1 AND group_id='1' )  [ RunTime:0.0123s ]
SQL: SHOW COLUMNS FROM `robot_enroll_student` [ RunTime:0.0052s ]
SQL: SELECT `catalog_id`,`catalog`,`catalog_table` FROM `robot_enroll_student` WHERE ( 1=1 AND group_id='1' )  [ RunTime:0.0004s ]
SQL: SHOW COLUMNS FROM `robot_institute_show` [ RunTime:0.0063s ]
SQL: SELECT `catalog_id`,`catalog`,`catalog_table` FROM `robot_institute_show` WHERE ( 1=1 AND group_id='1' )  [ RunTime:0.0005s ]
SQL: SELECT `catalog_id`,`catalog`,`catalog_table` FROM `robot_teaching_work` WHERE ( 1=1 AND group_id='2' )  [ RunTime:0.0005s ]
SQL: SELECT `catalog_id`,`catalog`,`catalog_table` FROM `robot_enroll_student` WHERE ( 1=1 AND group_id='2' )  [ RunTime:0.0005s ]
SQL: SELECT `catalog_id`,`catalog`,`catalog_table` FROM `robot_institute_show` WHERE ( 1=1 AND group_id='2' )  [ RunTime:0.0004s ]
SQL: SELECT `catalog_id`,`catalog`,`catalog_table` FROM `robot_teaching_work` WHERE ( 1=1 AND group_id='3' )  [ RunTime:0.0004s ]
SQL: SELECT `catalog_id`,`catalog`,`catalog_table` FROM `robot_enroll_student` WHERE ( 1=1 AND group_id='3' )  [ RunTime:0.0004s ]
SQL: SELECT `catalog_id`,`catalog`,`catalog_table` FROM `robot_institute_show` WHERE ( 1=1 AND group_id='3' )  [ RunTime:0.0004s ]
SQL: SHOW COLUMNS FROM `robot_institute_overview` [ RunTime:0.0048s ]
SQL: SELECT * FROM `robot_institute_overview`  [ RunTime:0.0004s ]
SQL: SHOW COLUMNS FROM `robot_learning_resources` [ RunTime:0.0059s ]
SQL: SELECT * FROM `robot_learning_resources`  [ RunTime:0.0004s ]
SQL: SHOW COLUMNS FROM `robot_institute_album` [ RunTime:0.0050s ]
SQL: SELECT * FROM `robot_institute_album`  [ RunTime:0.0006s ]
INFO: [ view_parse ] --START--
INFO: [ template_filter ] --START--
INFO: Run Behavior\ContentReplaceBehavior [ RunTime:0.000136s ]
INFO: [ template_filter ] --END-- [ RunTime:0.000208s ]
INFO: Run Behavior\ParseTemplateBehavior [ RunTime:0.050060s ]
INFO: [ view_parse ] --END-- [ RunTime:0.050143s ]
INFO: [ view_filter ] --START--
INFO: Run Behavior\WriteHtmlCacheBehavior [ RunTime:0.000789s ]
INFO: [ view_filter ] --END-- [ RunTime:0.000848s ]
INFO: [ app_end ] --START--
INFO: Run Behavior\ShowPageTraceBehavior [ RunTime:0.001307s ]
INFO: [ app_end ] --END-- [ RunTime:0.001387s ]

[ 2018-03-24T21:47:38+08:00 ] ::1 /thinkphp/Admin/Admin/robot_index
INFO: [ app_init ] --START--
INFO: Run Behavior\BuildLiteBehavior [ RunTime:0.000027s ]
INFO: [ app_init ] --END-- [ RunTime:0.000606s ]
INFO: [ app_begin ] --START--
INFO: Run Behavior\ReadHtmlCacheBehavior [ RunTime:0.001074s ]
INFO: [ app_begin ] --END-- [ RunTime:0.001156s ]
INFO: [ view_parse ] --START--
INFO: [ template_filter ] --START--
INFO: Run Behavior\ContentReplaceBehavior [ RunTime:0.000135s ]
INFO: [ template_filter ] --END-- [ RunTime:0.000224s ]
SQL: SHOW COLUMNS FROM `robot_index` [ RunTime:0.0053s ]
SQL: SELECT * FROM `robot_index` ORDER BY id desc  [ RunTime:0.0004s ]
INFO: Run Behavior\ParseTemplateBehavior [ RunTime:0.049604s ]
INFO: [ view_parse ] --END-- [ RunTime:0.049676s ]
INFO: [ view_filter ] --START--
INFO: Run Behavior\WriteHtmlCacheBehavior [ RunTime:0.000856s ]
INFO: [ view_filter ] --END-- [ RunTime:0.000914s ]
INFO: [ app_end ] --START--
INFO: Run Behavior\ShowPageTraceBehavior [ RunTime:0.001305s ]
INFO: [ app_end ] --END-- [ RunTime:0.001386s ]

[ 2018-03-24T21:47:40+08:00 ] ::1 /thinkphp/Admin/Admin/learning_resources?title=%E6%9C%BA%E5%99%A8%E4%BA%BA%E5%AE%9E%E9%AA%8C%E5%AE%A4&content=LearningResourcesLab
INFO: [ app_init ] --START--
INFO: Run Behavior\BuildLiteBehavior [ RunTime:0.000019s ]
INFO: [ app_init ] --END-- [ RunTime:0.000488s ]
INFO: [ app_begin ] --START--
INFO: Run Behavior\ReadHtmlCacheBehavior [ RunTime:0.001121s ]
INFO: [ app_begin ] --END-- [ RunTime:0.001209s ]
INFO: [ view_parse ] --START--
INFO: [ template_filter ] --START--
INFO: Run Behavior\ContentReplaceBehavior [ RunTime:0.000138s ]
INFO: [ template_filter ] --END-- [ RunTime:0.000230s ]
INFO: Run Behavior\ParseTemplateBehavior [ RunTime:0.031127s ]
INFO: [ view_parse ] --END-- [ RunTime:0.031204s ]
INFO: [ view_filter ] --START--
INFO: Run Behavior\WriteHtmlCacheBehavior [ RunTime:0.000775s ]
INFO: [ view_filter ] --END-- [ RunTime:0.000832s ]
INFO: [ app_end ] --START--
INFO: Run Behavior\ShowPageTraceBehavior [ RunTime:0.001133s ]
INFO: [ app_end ] --END-- [ RunTime:0.001205s ]

[ 2018-03-24T21:47:40+08:00 ] ::1 /thinkphp/Admin/Admin/learning_resources_list
INFO: [ app_init ] --START--
INFO: Run Behavior\BuildLiteBehavior [ RunTime:0.000019s ]
INFO: [ app_init ] --END-- [ RunTime:0.000493s ]
INFO: [ app_begin ] --START--
INFO: Run Behavior\ReadHtmlCacheBehavior [ RunTime:0.001122s ]
INFO: [ app_begin ] --END-- [ RunTime:0.001207s ]
INFO: [ view_parse ] --START--
INFO: [ template_filter ] --START--
INFO: Run Behavior\ContentReplaceBehavior [ RunTime:0.000136s ]
INFO: [ template_filter ] --END-- [ RunTime:0.000225s ]
SQL: SHOW COLUMNS FROM `robot_learning_resources_lab` [ RunTime:0.0057s ]
SQL: SELECT * FROM `robot_learning_resources_lab` ORDER BY id desc  [ RunTime:0.0004s ]
INFO: Run Behavior\ParseTemplateBehavior [ RunTime:0.053364s ]
INFO: [ view_parse ] --END-- [ RunTime:0.053427s ]
INFO: [ view_filter ] --START--
INFO: Run Behavior\WriteHtmlCacheBehavior [ RunTime:0.000950s ]
INFO: [ view_filter ] --END-- [ RunTime:0.001013s ]
INFO: [ app_end ] --START--
INFO: Run Behavior\ShowPageTraceBehavior [ RunTime:0.001210s ]
INFO: [ app_end ] --END-- [ RunTime:0.001286s ]

[ 2018-03-24T21:47:41+08:00 ] ::1 /thinkphp/Admin/Admin/learning_resources?title=%E8%B5%84%E6%BA%90%E4%B8%8B%E8%BD%BD&content=LearningResourcesDownload
INFO: [ app_init ] --START--
INFO: Run Behavior\BuildLiteBehavior [ RunTime:0.000021s ]
INFO: [ app_init ] --END-- [ RunTime:0.000496s ]
INFO: [ app_begin ] --START--
INFO: Run Behavior\ReadHtmlCacheBehavior [ RunTime:0.001065s ]
INFO: [ app_begin ] --END-- [ RunTime:0.001140s ]
INFO: [ view_parse ] --START--
INFO: [ template_filter ] --START--
INFO: Run Behavior\ContentReplaceBehavior [ RunTime:0.000148s ]
INFO: [ template_filter ] --END-- [ RunTime:0.000225s ]
INFO: Run Behavior\ParseTemplateBehavior [ RunTime:0.014841s ]
INFO: [ view_parse ] --END-- [ RunTime:0.014922s ]
INFO: [ view_filter ] --START--
INFO: Run Behavior\WriteHtmlCacheBehavior [ RunTime:0.000763s ]
INFO: [ view_filter ] --END-- [ RunTime:0.000814s ]
INFO: [ app_end ] --START--
INFO: Run Behavior\ShowPageTraceBehavior [ RunTime:0.001223s ]
INFO: [ app_end ] --END-- [ RunTime:0.001301s ]

[ 2018-03-24T21:47:42+08:00 ] ::1 /thinkphp/Admin/Admin/learning_resources_list
INFO: [ app_init ] --START--
INFO: Run Behavior\BuildLiteBehavior [ RunTime:0.000021s ]
INFO: [ app_init ] --END-- [ RunTime:0.000537s ]
INFO: [ app_begin ] --START--
INFO: Run Behavior\ReadHtmlCacheBehavior [ RunTime:0.001161s ]
INFO: [ app_begin ] --END-- [ RunTime:0.001238s ]
INFO: [ view_parse ] --START--
INFO: [ template_filter ] --START--
INFO: Run Behavior\ContentReplaceBehavior [ RunTime:0.000134s ]
INFO: [ template_filter ] --END-- [ RunTime:0.000210s ]
SQL: SHOW COLUMNS FROM `robot_learning_resources_download` [ RunTime:0.0061s ]
SQL: SELECT * FROM `robot_learning_resources_download` ORDER BY id desc  [ RunTime:0.0005s ]
INFO: Run Behavior\ParseTemplateBehavior [ RunTime:0.035420s ]
INFO: [ view_parse ] --END-- [ RunTime:0.035487s ]
INFO: [ view_filter ] --START--
INFO: Run Behavior\WriteHtmlCacheBehavior [ RunTime:0.000797s ]
INFO: [ view_filter ] --END-- [ RunTime:0.000855s ]
INFO: [ app_end ] --START--
INFO: Run Behavior\ShowPageTraceBehavior [ RunTime:0.001134s ]
INFO: [ app_end ] --END-- [ RunTime:0.001203s ]

[ 2018-03-24T21:47:44+08:00 ] ::1 /thinkphp/Admin/Admin/read_file
INFO: [ app_init ] --START--
INFO: Run Behavior\BuildLiteBehavior [ RunTime:0.000034s ]
INFO: [ app_init ] --END-- [ RunTime:0.001020s ]
INFO: [ app_begin ] --START--
INFO: Run Behavior\ReadHtmlCacheBehavior [ RunTime:0.001234s ]
INFO: [ app_begin ] --END-- [ RunTime:0.001420s ]
SQL: SHOW COLUMNS FROM `robot_learning_resources_download` [ RunTime:0.0074s ]
SQL: SELECT * FROM `robot_learning_resources_download` WHERE `id` = 43  [ RunTime:0.0434s ]
INFO: [ app_end ] --START--
INFO: Run Behavior\ShowPageTraceBehavior [ RunTime:0.001210s ]
INFO: [ app_end ] --END-- [ RunTime:0.001266s ]

