[ 2018-04-04T20:00:09+08:00 ] 127.0.0.1 /thinkphp/index.php/Admin/Index/login
INFO: [ app_init ] --START--
INFO: Run Behavior\BuildLiteBehavior [ RunTime:0.000042s ]
INFO: [ app_init ] --END-- [ RunTime:0.023791s ]
INFO: [ app_begin ] --START--
INFO: Run Behavior\ReadHtmlCacheBehavior [ RunTime:0.020211s ]
INFO: [ app_begin ] --END-- [ RunTime:0.020293s ]
NOTIC: [8] A session had already been started - ignoring session_start() D:\phpStudy\WWW\thinkphp\ThinkPHP\Common\functions.php 第 1272 行.
INFO: [ view_parse ] --START--
INFO: [ template_filter ] --START--
INFO: Run Behavior\ContentReplaceBehavior [ RunTime:0.031951s ]
INFO: [ template_filter ] --END-- [ RunTime:0.032029s ]
INFO: Run Behavior\ParseTemplateBehavior [ RunTime:0.118022s ]
INFO: [ view_parse ] --END-- [ RunTime:0.118082s ]
INFO: [ view_filter ] --START--
INFO: Run Behavior\WriteHtmlCacheBehavior [ RunTime:0.029179s ]
INFO: [ view_filter ] --END-- [ RunTime:0.029234s ]
INFO: [ app_end ] --START--
INFO: Run Behavior\ShowPageTraceBehavior [ RunTime:0.008098s ]
INFO: [ app_end ] --END-- [ RunTime:0.008180s ]

[ 2018-04-04T20:00:24+08:00 ] 127.0.0.1 /thinkphp/index.php/Admin/Index/validate_login_email
INFO: [ app_init ] --START--
INFO: Run Behavior\BuildLiteBehavior [ RunTime:0.000025s ]
INFO: [ app_init ] --END-- [ RunTime:0.000621s ]
INFO: [ app_begin ] --START--
INFO: Run Behavior\ReadHtmlCacheBehavior [ RunTime:0.000952s ]
INFO: [ app_begin ] --END-- [ RunTime:0.001045s ]
SQL: SHOW COLUMNS FROM `robot_login` [ RunTime:0.0374s ]
SQL: SELECT * FROM `robot_login` WHERE `email` = '3@qq.com'  [ RunTime:0.0061s ]
INFO: [ app_end ] --START--
INFO: Run Behavior\ShowPageTraceBehavior [ RunTime:0.000658s ]
INFO: [ app_end ] --END-- [ RunTime:0.000691s ]

[ 2018-04-04T20:00:27+08:00 ] 127.0.0.1 /thinkphp/index.php/Admin/Index/validate_login_pwd
INFO: [ app_init ] --START--
INFO: Run Behavior\BuildLiteBehavior [ RunTime:0.000021s ]
INFO: [ app_init ] --END-- [ RunTime:0.000431s ]
INFO: [ app_begin ] --START--
INFO: Run Behavior\ReadHtmlCacheBehavior [ RunTime:0.000892s ]
INFO: [ app_begin ] --END-- [ RunTime:0.001005s ]
SQL: SHOW COLUMNS FROM `robot_login` [ RunTime:0.0074s ]
SQL: SELECT * FROM `robot_login` WHERE `email` = '3@qq.com' AND `pwd` = '310dcbbf4cce62f762a2aaa148d556bd'  [ RunTime:0.0003s ]
INFO: [ app_end ] --START--
INFO: Run Behavior\ShowPageTraceBehavior [ RunTime:0.000599s ]
INFO: [ app_end ] --END-- [ RunTime:0.000637s ]

[ 2018-04-04T20:00:30+08:00 ] 127.0.0.1 /thinkphp/index.php/Admin/Index/validate
INFO: [ app_init ] --START--
INFO: Run Behavior\BuildLiteBehavior [ RunTime:0.000013s ]
INFO: [ app_init ] --END-- [ RunTime:0.000394s ]
INFO: [ app_begin ] --START--
INFO: Run Behavior\ReadHtmlCacheBehavior [ RunTime:0.000459s ]
INFO: [ app_begin ] --END-- [ RunTime:0.000504s ]
SQL: SHOW COLUMNS FROM `robot_login` [ RunTime:0.0077s ]
SQL: SELECT * FROM `robot_login` WHERE `email` = '3@qq.com' AND `pwd` = '310dcbbf4cce62f762a2aaa148d556bd'  [ RunTime:0.0003s ]
SQL: SHOW COLUMNS FROM `robot_user_type` [ RunTime:0.0501s ]
SQL: SELECT `type` FROM `robot_user_type` WHERE ( 1=1 AND type_id='3' ) LIMIT 1   [ RunTime:0.0003s ]

[ 2018-04-04T20:00:30+08:00 ] 127.0.0.1 /thinkphp/index.php/Admin/Editor/index.html
INFO: [ app_init ] --START--
INFO: Run Behavior\BuildLiteBehavior [ RunTime:0.000018s ]
INFO: [ app_init ] --END-- [ RunTime:0.000459s ]
INFO: [ app_begin ] --START--
INFO: Run Behavior\ReadHtmlCacheBehavior [ RunTime:0.000637s ]
INFO: [ app_begin ] --END-- [ RunTime:0.000698s ]
SQL: SHOW COLUMNS FROM `robot_editable` [ RunTime:0.0258s ]
SQL: SELECT * FROM `robot_editable`  [ RunTime:0.0003s ]
SQL: SHOW COLUMNS FROM `robot_teaching_work` [ RunTime:0.0365s ]
SQL: SELECT `catalog_id`,`catalog`,`catalog_table` FROM `robot_teaching_work` WHERE ( 1=1 AND group_id='1' ) ORDER BY catalog_id  [ RunTime:0.0004s ]
SQL: SHOW COLUMNS FROM `robot_enroll_student` [ RunTime:0.0299s ]
SQL: SELECT `catalog_id`,`catalog`,`catalog_table` FROM `robot_enroll_student` WHERE ( 1=1 AND group_id='1' ) ORDER BY catalog_id  [ RunTime:0.0005s ]
SQL: SHOW COLUMNS FROM `robot_institute_show` [ RunTime:0.0341s ]
SQL: SELECT `catalog_id`,`catalog`,`catalog_table` FROM `robot_institute_show` WHERE ( 1=1 AND group_id='1' ) ORDER BY catalog_id  [ RunTime:0.0004s ]
SQL: SELECT `catalog_id`,`catalog`,`catalog_table` FROM `robot_teaching_work` WHERE ( 1=1 AND group_id='2' ) ORDER BY catalog_id  [ RunTime:0.0003s ]
SQL: SELECT `catalog_id`,`catalog`,`catalog_table` FROM `robot_enroll_student` WHERE ( 1=1 AND group_id='2' ) ORDER BY catalog_id  [ RunTime:0.0002s ]
SQL: SELECT `catalog_id`,`catalog`,`catalog_table` FROM `robot_institute_show` WHERE ( 1=1 AND group_id='2' ) ORDER BY catalog_id  [ RunTime:0.0002s ]
SQL: SELECT `catalog_id`,`catalog`,`catalog_table` FROM `robot_teaching_work` WHERE ( 1=1 AND group_id='3' ) ORDER BY catalog_id  [ RunTime:0.0001s ]
SQL: SELECT `catalog_id`,`catalog`,`catalog_table` FROM `robot_enroll_student` WHERE ( 1=1 AND group_id='3' ) ORDER BY catalog_id  [ RunTime:0.0001s ]
SQL: SELECT `catalog_id`,`catalog`,`catalog_table` FROM `robot_institute_show` WHERE ( 1=1 AND group_id='3' ) ORDER BY catalog_id  [ RunTime:0.0002s ]
SQL: SHOW COLUMNS FROM `robot_institute_album` [ RunTime:0.0395s ]
SQL: SELECT * FROM `robot_institute_album`  [ RunTime:0.0003s ]
INFO: [ view_parse ] --START--
INFO: [ template_filter ] --START--
INFO: Run Behavior\ContentReplaceBehavior [ RunTime:0.000085s ]
INFO: [ template_filter ] --END-- [ RunTime:0.000132s ]
INFO: Run Behavior\ParseTemplateBehavior [ RunTime:0.060648s ]
INFO: [ view_parse ] --END-- [ RunTime:0.060805s ]
INFO: [ view_filter ] --START--
INFO: Run Behavior\WriteHtmlCacheBehavior [ RunTime:0.000409s ]
INFO: [ view_filter ] --END-- [ RunTime:0.000450s ]
INFO: [ app_end ] --START--
INFO: Run Behavior\ShowPageTraceBehavior [ RunTime:0.000690s ]
INFO: [ app_end ] --END-- [ RunTime:0.000753s ]

[ 2018-04-04T20:00:32+08:00 ] 127.0.0.1 /thinkphp/index.php/Admin/Editor/add_content
INFO: [ app_init ] --START--
INFO: Run Behavior\BuildLiteBehavior [ RunTime:0.000012s ]
INFO: [ app_init ] --END-- [ RunTime:0.000324s ]
INFO: [ app_begin ] --START--
INFO: Run Behavior\ReadHtmlCacheBehavior [ RunTime:0.000461s ]
INFO: [ app_begin ] --END-- [ RunTime:0.000505s ]
SQL: SHOW COLUMNS FROM `robot_editable` [ RunTime:0.0061s ]
SQL: SELECT * FROM `robot_editable`  [ RunTime:0.0003s ]
SQL: SHOW COLUMNS FROM `robot_teaching_work` [ RunTime:0.0067s ]
SQL: SELECT `catalog_id`,`catalog`,`catalog_table` FROM `robot_teaching_work` WHERE ( 1=1 AND group_id='1' ) ORDER BY catalog_id  [ RunTime:0.0003s ]
SQL: SHOW COLUMNS FROM `robot_enroll_student` [ RunTime:0.0068s ]
SQL: SELECT `catalog_id`,`catalog`,`catalog_table` FROM `robot_enroll_student` WHERE ( 1=1 AND group_id='1' ) ORDER BY catalog_id  [ RunTime:0.0004s ]
SQL: SHOW COLUMNS FROM `robot_institute_show` [ RunTime:0.0051s ]
SQL: SELECT `catalog_id`,`catalog`,`catalog_table` FROM `robot_institute_show` WHERE ( 1=1 AND group_id='1' ) ORDER BY catalog_id  [ RunTime:0.0002s ]
SQL: SELECT `catalog_id`,`catalog`,`catalog_table` FROM `robot_teaching_work` WHERE ( 1=1 AND group_id='2' ) ORDER BY catalog_id  [ RunTime:0.0002s ]
SQL: SELECT `catalog_id`,`catalog`,`catalog_table` FROM `robot_enroll_student` WHERE ( 1=1 AND group_id='2' ) ORDER BY catalog_id  [ RunTime:0.0002s ]
SQL: SELECT `catalog_id`,`catalog`,`catalog_table` FROM `robot_institute_show` WHERE ( 1=1 AND group_id='2' ) ORDER BY catalog_id  [ RunTime:0.0002s ]
SQL: SELECT `catalog_id`,`catalog`,`catalog_table` FROM `robot_teaching_work` WHERE ( 1=1 AND group_id='3' ) ORDER BY catalog_id  [ RunTime:0.0002s ]
SQL: SELECT `catalog_id`,`catalog`,`catalog_table` FROM `robot_enroll_student` WHERE ( 1=1 AND group_id='3' ) ORDER BY catalog_id  [ RunTime:0.0002s ]
SQL: SELECT `catalog_id`,`catalog`,`catalog_table` FROM `robot_institute_show` WHERE ( 1=1 AND group_id='3' ) ORDER BY catalog_id  [ RunTime:0.0003s ]
INFO: [ view_parse ] --START--
INFO: [ template_filter ] --START--
INFO: Run Behavior\ContentReplaceBehavior [ RunTime:0.000063s ]
INFO: [ template_filter ] --END-- [ RunTime:0.000116s ]
INFO: Run Behavior\ParseTemplateBehavior [ RunTime:0.036490s ]
INFO: [ view_parse ] --END-- [ RunTime:0.036556s ]
INFO: [ view_filter ] --START--
INFO: Run Behavior\WriteHtmlCacheBehavior [ RunTime:0.000290s ]
INFO: [ view_filter ] --END-- [ RunTime:0.000321s ]
INFO: [ app_end ] --START--
INFO: Run Behavior\ShowPageTraceBehavior [ RunTime:0.000465s ]
INFO: [ app_end ] --END-- [ RunTime:0.000501s ]

[ 2018-04-04T20:00:32+08:00 ] 127.0.0.1 /thinkphp/index.php/Admin/Editor/summernote
INFO: [ app_init ] --START--
INFO: Run Behavior\BuildLiteBehavior [ RunTime:0.000019s ]
INFO: [ app_init ] --END-- [ RunTime:0.000532s ]
INFO: [ app_begin ] --START--
INFO: Run Behavior\ReadHtmlCacheBehavior [ RunTime:0.000688s ]
INFO: [ app_begin ] --END-- [ RunTime:0.000748s ]
INFO: [ view_parse ] --START--
INFO: [ template_filter ] --START--
INFO: Run Behavior\ContentReplaceBehavior [ RunTime:0.000050s ]
INFO: [ template_filter ] --END-- [ RunTime:0.000105s ]
INFO: Run Behavior\ParseTemplateBehavior [ RunTime:0.019904s ]
INFO: [ view_parse ] --END-- [ RunTime:0.019991s ]
INFO: [ view_filter ] --START--
INFO: Run Behavior\WriteHtmlCacheBehavior [ RunTime:0.000535s ]
INFO: [ view_filter ] --END-- [ RunTime:0.000591s ]
INFO: [ app_end ] --START--
INFO: Run Behavior\ShowPageTraceBehavior [ RunTime:0.000867s ]
INFO: [ app_end ] --END-- [ RunTime:0.000924s ]

[ 2018-04-04T20:01:30+08:00 ] 127.0.0.1 /thinkphp/index.php/Admin/Editor/index
INFO: [ app_init ] --START--
INFO: Run Behavior\BuildLiteBehavior [ RunTime:0.000022s ]
INFO: [ app_init ] --END-- [ RunTime:0.000540s ]
INFO: [ app_begin ] --START--
INFO: Run Behavior\ReadHtmlCacheBehavior [ RunTime:0.000577s ]
INFO: [ app_begin ] --END-- [ RunTime:0.000645s ]
SQL: SHOW COLUMNS FROM `robot_editable` [ RunTime:0.0065s ]
SQL: SELECT * FROM `robot_editable`  [ RunTime:0.0003s ]
SQL: SHOW COLUMNS FROM `robot_teaching_work` [ RunTime:0.0033s ]
SQL: SELECT `catalog_id`,`catalog`,`catalog_table` FROM `robot_teaching_work` WHERE ( 1=1 AND group_id='1' ) ORDER BY catalog_id  [ RunTime:0.0003s ]
SQL: SHOW COLUMNS FROM `robot_enroll_student` [ RunTime:0.0056s ]
SQL: SELECT `catalog_id`,`catalog`,`catalog_table` FROM `robot_enroll_student` WHERE ( 1=1 AND group_id='1' ) ORDER BY catalog_id  [ RunTime:0.0004s ]
SQL: SHOW COLUMNS FROM `robot_institute_show` [ RunTime:0.0031s ]
SQL: SELECT `catalog_id`,`catalog`,`catalog_table` FROM `robot_institute_show` WHERE ( 1=1 AND group_id='1' ) ORDER BY catalog_id  [ RunTime:0.0003s ]
SQL: SELECT `catalog_id`,`catalog`,`catalog_table` FROM `robot_teaching_work` WHERE ( 1=1 AND group_id='2' ) ORDER BY catalog_id  [ RunTime:0.0002s ]
SQL: SELECT `catalog_id`,`catalog`,`catalog_table` FROM `robot_enroll_student` WHERE ( 1=1 AND group_id='2' ) ORDER BY catalog_id  [ RunTime:0.0003s ]
SQL: SELECT `catalog_id`,`catalog`,`catalog_table` FROM `robot_institute_show` WHERE ( 1=1 AND group_id='2' ) ORDER BY catalog_id  [ RunTime:0.0002s ]
SQL: SELECT `catalog_id`,`catalog`,`catalog_table` FROM `robot_teaching_work` WHERE ( 1=1 AND group_id='3' ) ORDER BY catalog_id  [ RunTime:0.0002s ]
SQL: SELECT `catalog_id`,`catalog`,`catalog_table` FROM `robot_enroll_student` WHERE ( 1=1 AND group_id='3' ) ORDER BY catalog_id  [ RunTime:0.0002s ]
SQL: SELECT `catalog_id`,`catalog`,`catalog_table` FROM `robot_institute_show` WHERE ( 1=1 AND group_id='3' ) ORDER BY catalog_id  [ RunTime:0.0002s ]
SQL: SHOW COLUMNS FROM `robot_institute_album` [ RunTime:0.0033s ]
SQL: SELECT * FROM `robot_institute_album`  [ RunTime:0.0003s ]
INFO: [ view_parse ] --START--
INFO: [ template_filter ] --START--
INFO: Run Behavior\ContentReplaceBehavior [ RunTime:0.000080s ]
INFO: [ template_filter ] --END-- [ RunTime:0.000131s ]
INFO: Run Behavior\ParseTemplateBehavior [ RunTime:0.008281s ]
INFO: [ view_parse ] --END-- [ RunTime:0.008331s ]
INFO: [ view_filter ] --START--
INFO: Run Behavior\WriteHtmlCacheBehavior [ RunTime:0.000218s ]
INFO: [ view_filter ] --END-- [ RunTime:0.000249s ]
INFO: [ app_end ] --START--
INFO: Run Behavior\ShowPageTraceBehavior [ RunTime:0.000653s ]
INFO: [ app_end ] --END-- [ RunTime:0.000703s ]

[ 2018-04-04T20:01:31+08:00 ] 127.0.0.1 /thinkphp/index.php/Admin/Editor/contact
INFO: [ app_init ] --START--
INFO: Run Behavior\BuildLiteBehavior [ RunTime:0.000050s ]
INFO: [ app_init ] --END-- [ RunTime:0.000899s ]
INFO: [ app_begin ] --START--
INFO: Run Behavior\ReadHtmlCacheBehavior [ RunTime:0.000787s ]
INFO: [ app_begin ] --END-- [ RunTime:0.000904s ]
INFO: [ view_parse ] --START--
INFO: [ template_filter ] --START--
INFO: Run Behavior\ContentReplaceBehavior [ RunTime:0.000274s ]
INFO: [ template_filter ] --END-- [ RunTime:0.000355s ]
SQL: SHOW COLUMNS FROM `robot_login` [ RunTime:0.0106s ]
SQL: SELECT * FROM `robot_login` ORDER BY student_no  [ RunTime:0.0004s ]
SQL: SHOW COLUMNS FROM `robot_user_type` [ RunTime:0.0045s ]
SQL: SELECT `type` FROM `robot_user_type` WHERE ( 1=1 AND type_id='2' ) LIMIT 1   [ RunTime:0.0004s ]
SQL: SELECT `type` FROM `robot_user_type` WHERE ( 1=1 AND type_id='5' ) LIMIT 1   [ RunTime:0.0005s ]
SQL: SELECT `type` FROM `robot_user_type` WHERE ( 1=1 AND type_id='1' ) LIMIT 1   [ RunTime:0.0003s ]
SQL: SELECT `type` FROM `robot_user_type` WHERE ( 1=1 AND type_id='6' ) LIMIT 1   [ RunTime:0.0002s ]
SQL: SELECT `type` FROM `robot_user_type` WHERE ( 1=1 AND type_id='6' ) LIMIT 1   [ RunTime:0.0010s ]
SQL: SELECT `type` FROM `robot_user_type` WHERE ( 1=1 AND type_id='2' ) LIMIT 1   [ RunTime:0.0005s ]
SQL: SELECT `type` FROM `robot_user_type` WHERE ( 1=1 AND type_id='3' ) LIMIT 1   [ RunTime:0.0003s ]
SQL: SELECT `type` FROM `robot_user_type` WHERE ( 1=1 AND type_id='4' ) LIMIT 1   [ RunTime:0.0014s ]
SQL: SELECT `type` FROM `robot_user_type` WHERE ( 1=1 AND type_id='4' ) LIMIT 1   [ RunTime:0.0009s ]
INFO: Run Behavior\ParseTemplateBehavior [ RunTime:0.362643s ]
INFO: [ view_parse ] --END-- [ RunTime:0.362715s ]
INFO: [ view_filter ] --START--
INFO: Run Behavior\WriteHtmlCacheBehavior [ RunTime:0.000531s ]
INFO: [ view_filter ] --END-- [ RunTime:0.000596s ]
INFO: [ app_end ] --START--
INFO: Run Behavior\ShowPageTraceBehavior [ RunTime:0.000862s ]
INFO: [ app_end ] --END-- [ RunTime:0.000978s ]

[ 2018-04-04T20:01:32+08:00 ] 127.0.0.1 /thinkphp/index.php/Admin/Editor/add_content
INFO: [ app_init ] --START--
INFO: Run Behavior\BuildLiteBehavior [ RunTime:0.000011s ]
INFO: [ app_init ] --END-- [ RunTime:0.000332s ]
INFO: [ app_begin ] --START--
INFO: Run Behavior\ReadHtmlCacheBehavior [ RunTime:0.000438s ]
INFO: [ app_begin ] --END-- [ RunTime:0.000478s ]
SQL: SHOW COLUMNS FROM `robot_editable` [ RunTime:0.0033s ]
SQL: SELECT * FROM `robot_editable`  [ RunTime:0.0002s ]
SQL: SHOW COLUMNS FROM `robot_teaching_work` [ RunTime:0.0030s ]
SQL: SELECT `catalog_id`,`catalog`,`catalog_table` FROM `robot_teaching_work` WHERE ( 1=1 AND group_id='1' ) ORDER BY catalog_id  [ RunTime:0.0003s ]
SQL: SHOW COLUMNS FROM `robot_enroll_student` [ RunTime:0.0050s ]
SQL: SELECT `catalog_id`,`catalog`,`catalog_table` FROM `robot_enroll_student` WHERE ( 1=1 AND group_id='1' ) ORDER BY catalog_id  [ RunTime:0.0004s ]
SQL: SHOW COLUMNS FROM `robot_institute_show` [ RunTime:0.0035s ]
SQL: SELECT `catalog_id`,`catalog`,`catalog_table` FROM `robot_institute_show` WHERE ( 1=1 AND group_id='1' ) ORDER BY catalog_id  [ RunTime:0.0003s ]
SQL: SELECT `catalog_id`,`catalog`,`catalog_table` FROM `robot_teaching_work` WHERE ( 1=1 AND group_id='2' ) ORDER BY catalog_id  [ RunTime:0.0002s ]
SQL: SELECT `catalog_id`,`catalog`,`catalog_table` FROM `robot_enroll_student` WHERE ( 1=1 AND group_id='2' ) ORDER BY catalog_id  [ RunTime:0.0002s ]
SQL: SELECT `catalog_id`,`catalog`,`catalog_table` FROM `robot_institute_show` WHERE ( 1=1 AND group_id='2' ) ORDER BY catalog_id  [ RunTime:0.0002s ]
SQL: SELECT `catalog_id`,`catalog`,`catalog_table` FROM `robot_teaching_work` WHERE ( 1=1 AND group_id='3' ) ORDER BY catalog_id  [ RunTime:0.0002s ]
SQL: SELECT `catalog_id`,`catalog`,`catalog_table` FROM `robot_enroll_student` WHERE ( 1=1 AND group_id='3' ) ORDER BY catalog_id  [ RunTime:0.0002s ]
SQL: SELECT `catalog_id`,`catalog`,`catalog_table` FROM `robot_institute_show` WHERE ( 1=1 AND group_id='3' ) ORDER BY catalog_id  [ RunTime:0.0002s ]
INFO: [ view_parse ] --START--
INFO: [ template_filter ] --START--
INFO: Run Behavior\ContentReplaceBehavior [ RunTime:0.000057s ]
INFO: [ template_filter ] --END-- [ RunTime:0.000094s ]
INFO: Run Behavior\ParseTemplateBehavior [ RunTime:0.006044s ]
INFO: [ view_parse ] --END-- [ RunTime:0.006109s ]
INFO: [ view_filter ] --START--
INFO: Run Behavior\WriteHtmlCacheBehavior [ RunTime:0.000505s ]
INFO: [ view_filter ] --END-- [ RunTime:0.000597s ]
INFO: [ app_end ] --START--
INFO: Run Behavior\ShowPageTraceBehavior [ RunTime:0.001394s ]
INFO: [ app_end ] --END-- [ RunTime:0.001469s ]

[ 2018-04-04T20:01:32+08:00 ] 127.0.0.1 /thinkphp/index.php/Admin/Editor/summernote
INFO: [ app_init ] --START--
INFO: Run Behavior\BuildLiteBehavior [ RunTime:0.000025s ]
INFO: [ app_init ] --END-- [ RunTime:0.000692s ]
INFO: [ app_begin ] --START--
INFO: Run Behavior\ReadHtmlCacheBehavior [ RunTime:0.000892s ]
INFO: [ app_begin ] --END-- [ RunTime:0.000971s ]
INFO: [ view_parse ] --START--
INFO: [ template_filter ] --START--
INFO: Run Behavior\ContentReplaceBehavior [ RunTime:0.000066s ]
INFO: [ template_filter ] --END-- [ RunTime:0.000140s ]
INFO: Run Behavior\ParseTemplateBehavior [ RunTime:0.010095s ]
INFO: [ view_parse ] --END-- [ RunTime:0.010217s ]
INFO: [ view_filter ] --START--
INFO: Run Behavior\WriteHtmlCacheBehavior [ RunTime:0.000806s ]
INFO: [ view_filter ] --END-- [ RunTime:0.000862s ]
INFO: [ app_end ] --START--
INFO: Run Behavior\ShowPageTraceBehavior [ RunTime:0.000943s ]
INFO: [ app_end ] --END-- [ RunTime:0.000996s ]

