[ 2018-03-14T20:23:06+08:00 ] ::1 /thinkphp/Admin/Admin/add_content
INFO: [ app_init ] --START--
INFO: Run Behavior\BuildLiteBehavior [ RunTime:0.000019s ]
INFO: [ app_init ] --END-- [ RunTime:0.029130s ]
INFO: [ app_begin ] --START--
INFO: Run Behavior\ReadHtmlCacheBehavior [ RunTime:0.016033s ]
INFO: [ app_begin ] --END-- [ RunTime:0.016096s ]
SQL: SHOW COLUMNS FROM `robot_editable` [ RunTime:0.1227s ]
SQL: SELECT * FROM `robot_editable`  [ RunTime:0.0002s ]
SQL: SHOW COLUMNS FROM `robot_teaching_work` [ RunTime:0.0569s ]
SQL: SELECT `catalog_id`,`catalog`,`catalog_table` FROM `robot_teaching_work` WHERE ( 1=1 AND group_id='1' )  [ RunTime:0.0121s ]
SQL: SHOW COLUMNS FROM `robot_enroll_student` [ RunTime:0.0288s ]
SQL: SELECT `catalog_id`,`catalog`,`catalog_table` FROM `robot_enroll_student` WHERE ( 1=1 AND group_id='1' )  [ RunTime:0.0006s ]
SQL: SHOW COLUMNS FROM `robot_institute_show` [ RunTime:0.0320s ]
SQL: SELECT `catalog_id`,`catalog`,`catalog_table` FROM `robot_institute_show` WHERE ( 1=1 AND group_id='1' )  [ RunTime:0.0004s ]
SQL: SELECT `catalog_id`,`catalog`,`catalog_table` FROM `robot_teaching_work` WHERE ( 1=1 AND group_id='2' )  [ RunTime:0.0003s ]
SQL: SELECT `catalog_id`,`catalog`,`catalog_table` FROM `robot_enroll_student` WHERE ( 1=1 AND group_id='2' )  [ RunTime:0.0003s ]
SQL: SELECT `catalog_id`,`catalog`,`catalog_table` FROM `robot_institute_show` WHERE ( 1=1 AND group_id='2' )  [ RunTime:0.0003s ]
SQL: SELECT `catalog_id`,`catalog`,`catalog_table` FROM `robot_teaching_work` WHERE ( 1=1 AND group_id='3' )  [ RunTime:0.0002s ]
SQL: SELECT `catalog_id`,`catalog`,`catalog_table` FROM `robot_enroll_student` WHERE ( 1=1 AND group_id='3' )  [ RunTime:0.0002s ]
SQL: SELECT `catalog_id`,`catalog`,`catalog_table` FROM `robot_institute_show` WHERE ( 1=1 AND group_id='3' )  [ RunTime:0.0002s ]
INFO: [ view_parse ] --START--
INFO: [ template_filter ] --START--
INFO: Run Behavior\ContentReplaceBehavior [ RunTime:0.013165s ]
INFO: [ template_filter ] --END-- [ RunTime:0.013231s ]
NOTIC: [2] Invalid argument supplied for foreach() D:\phpStudy\WWW\thinkphp\Robot\Runtime\Cache\Admin\31d88e896eec00fc618cb850efe0170e.php 第 82 行.
NOTIC: [2] Invalid argument supplied for foreach() D:\phpStudy\WWW\thinkphp\Robot\Runtime\Cache\Admin\31d88e896eec00fc618cb850efe0170e.php 第 118 行.
INFO: Run Behavior\ParseTemplateBehavior [ RunTime:0.111283s ]
INFO: [ view_parse ] --END-- [ RunTime:0.111353s ]
INFO: [ view_filter ] --START--
INFO: Run Behavior\WriteHtmlCacheBehavior [ RunTime:0.008603s ]
INFO: [ view_filter ] --END-- [ RunTime:0.008639s ]
INFO: [ app_end ] --START--
INFO: Run Behavior\ShowPageTraceBehavior [ RunTime:0.014732s ]
INFO: [ app_end ] --END-- [ RunTime:0.014820s ]

[ 2018-03-14T20:23:06+08:00 ] ::1 /thinkphp/Admin/Admin/summernote
INFO: [ app_init ] --START--
INFO: Run Behavior\BuildLiteBehavior [ RunTime:0.000019s ]
INFO: [ app_init ] --END-- [ RunTime:0.000546s ]
INFO: [ app_begin ] --START--
INFO: Run Behavior\ReadHtmlCacheBehavior [ RunTime:0.000769s ]
INFO: [ app_begin ] --END-- [ RunTime:0.000841s ]
INFO: [ view_parse ] --START--
INFO: [ template_filter ] --START--
INFO: Run Behavior\ContentReplaceBehavior [ RunTime:0.000042s ]
INFO: [ template_filter ] --END-- [ RunTime:0.000089s ]
NOTIC: [8] Undefined index: editable_title_table D:\phpStudy\WWW\thinkphp\Robot\Runtime\Cache\Admin\7605fd0cbffd31fc3b1eeac2533ff32c.php 第 73 行.
NOTIC: [8] Undefined index: editable_title_table D:\phpStudy\WWW\thinkphp\Robot\Runtime\Cache\Admin\7605fd0cbffd31fc3b1eeac2533ff32c.php 第 73 行.
NOTIC: [8] Undefined index: editable_title_table D:\phpStudy\WWW\thinkphp\Robot\Runtime\Cache\Admin\7605fd0cbffd31fc3b1eeac2533ff32c.php 第 73 行.
INFO: Run Behavior\ParseTemplateBehavior [ RunTime:0.015261s ]
INFO: [ view_parse ] --END-- [ RunTime:0.015331s ]
INFO: [ view_filter ] --START--
INFO: Run Behavior\WriteHtmlCacheBehavior [ RunTime:0.000461s ]
INFO: [ view_filter ] --END-- [ RunTime:0.000520s ]
INFO: [ app_end ] --START--
INFO: Run Behavior\ShowPageTraceBehavior [ RunTime:0.000845s ]
INFO: [ app_end ] --END-- [ RunTime:0.000909s ]

[ 2018-03-14T20:23:07+08:00 ] ::1 /thinkphp/Admin/Admin/add_content
INFO: [ app_init ] --START--
INFO: Run Behavior\BuildLiteBehavior [ RunTime:0.000013s ]
INFO: [ app_init ] --END-- [ RunTime:0.000455s ]
INFO: [ app_begin ] --START--
INFO: Run Behavior\ReadHtmlCacheBehavior [ RunTime:0.000702s ]
INFO: [ app_begin ] --END-- [ RunTime:0.000743s ]
SQL: SHOW COLUMNS FROM `robot_editable` [ RunTime:0.0066s ]
SQL: SELECT * FROM `robot_editable`  [ RunTime:0.0003s ]
SQL: SHOW COLUMNS FROM `robot_teaching_work` [ RunTime:0.0060s ]
SQL: SELECT `catalog_id`,`catalog`,`catalog_table` FROM `robot_teaching_work` WHERE ( 1=1 AND group_id='1' )  [ RunTime:0.0004s ]
SQL: SHOW COLUMNS FROM `robot_enroll_student` [ RunTime:0.0060s ]
SQL: SELECT `catalog_id`,`catalog`,`catalog_table` FROM `robot_enroll_student` WHERE ( 1=1 AND group_id='1' )  [ RunTime:0.0004s ]
SQL: SHOW COLUMNS FROM `robot_institute_show` [ RunTime:0.0058s ]
SQL: SELECT `catalog_id`,`catalog`,`catalog_table` FROM `robot_institute_show` WHERE ( 1=1 AND group_id='1' )  [ RunTime:0.0003s ]
SQL: SELECT `catalog_id`,`catalog`,`catalog_table` FROM `robot_teaching_work` WHERE ( 1=1 AND group_id='2' )  [ RunTime:0.0002s ]
SQL: SELECT `catalog_id`,`catalog`,`catalog_table` FROM `robot_enroll_student` WHERE ( 1=1 AND group_id='2' )  [ RunTime:0.0002s ]
SQL: SELECT `catalog_id`,`catalog`,`catalog_table` FROM `robot_institute_show` WHERE ( 1=1 AND group_id='2' )  [ RunTime:0.0002s ]
SQL: SELECT `catalog_id`,`catalog`,`catalog_table` FROM `robot_teaching_work` WHERE ( 1=1 AND group_id='3' )  [ RunTime:0.0002s ]
SQL: SELECT `catalog_id`,`catalog`,`catalog_table` FROM `robot_enroll_student` WHERE ( 1=1 AND group_id='3' )  [ RunTime:0.0002s ]
SQL: SELECT `catalog_id`,`catalog`,`catalog_table` FROM `robot_institute_show` WHERE ( 1=1 AND group_id='3' )  [ RunTime:0.0001s ]
INFO: [ view_parse ] --START--
INFO: [ template_filter ] --START--
INFO: Run Behavior\ContentReplaceBehavior [ RunTime:0.000096s ]
INFO: [ template_filter ] --END-- [ RunTime:0.000164s ]
NOTIC: [2] Invalid argument supplied for foreach() D:\phpStudy\WWW\thinkphp\Robot\Runtime\Cache\Admin\31d88e896eec00fc618cb850efe0170e.php 第 82 行.
NOTIC: [2] Invalid argument supplied for foreach() D:\phpStudy\WWW\thinkphp\Robot\Runtime\Cache\Admin\31d88e896eec00fc618cb850efe0170e.php 第 118 行.
INFO: Run Behavior\ParseTemplateBehavior [ RunTime:0.012424s ]
INFO: [ view_parse ] --END-- [ RunTime:0.012471s ]
INFO: [ view_filter ] --START--
INFO: Run Behavior\WriteHtmlCacheBehavior [ RunTime:0.000516s ]
INFO: [ view_filter ] --END-- [ RunTime:0.000551s ]
INFO: [ app_end ] --START--
INFO: Run Behavior\ShowPageTraceBehavior [ RunTime:0.000901s ]
INFO: [ app_end ] --END-- [ RunTime:0.000954s ]

[ 2018-03-14T20:23:10+08:00 ] ::1 /thinkphp/Admin/Admin/index
INFO: [ app_init ] --START--
INFO: Run Behavior\BuildLiteBehavior [ RunTime:0.000023s ]
INFO: [ app_init ] --END-- [ RunTime:0.000706s ]
INFO: [ app_begin ] --START--
INFO: Run Behavior\ReadHtmlCacheBehavior [ RunTime:0.000781s ]
INFO: [ app_begin ] --END-- [ RunTime:0.000849s ]
SQL: SHOW COLUMNS FROM `robot_editable` [ RunTime:0.0095s ]
SQL: SELECT * FROM `robot_editable`  [ RunTime:0.0003s ]
SQL: SHOW COLUMNS FROM `robot_teaching_work` [ RunTime:0.0053s ]
SQL: SELECT `catalog_id`,`catalog`,`catalog_table` FROM `robot_teaching_work` WHERE ( 1=1 AND group_id='1' )  [ RunTime:0.0003s ]
SQL: SHOW COLUMNS FROM `robot_enroll_student` [ RunTime:0.0069s ]
SQL: SELECT `catalog_id`,`catalog`,`catalog_table` FROM `robot_enroll_student` WHERE ( 1=1 AND group_id='1' )  [ RunTime:0.0002s ]
SQL: SHOW COLUMNS FROM `robot_institute_show` [ RunTime:0.0073s ]
SQL: SELECT `catalog_id`,`catalog`,`catalog_table` FROM `robot_institute_show` WHERE ( 1=1 AND group_id='1' )  [ RunTime:0.0003s ]
SQL: SELECT `catalog_id`,`catalog`,`catalog_table` FROM `robot_teaching_work` WHERE ( 1=1 AND group_id='2' )  [ RunTime:0.0002s ]
SQL: SELECT `catalog_id`,`catalog`,`catalog_table` FROM `robot_enroll_student` WHERE ( 1=1 AND group_id='2' )  [ RunTime:0.0002s ]
SQL: SELECT `catalog_id`,`catalog`,`catalog_table` FROM `robot_institute_show` WHERE ( 1=1 AND group_id='2' )  [ RunTime:0.0002s ]
SQL: SELECT `catalog_id`,`catalog`,`catalog_table` FROM `robot_teaching_work` WHERE ( 1=1 AND group_id='3' )  [ RunTime:0.0011s ]
SQL: SELECT `catalog_id`,`catalog`,`catalog_table` FROM `robot_enroll_student` WHERE ( 1=1 AND group_id='3' )  [ RunTime:0.0003s ]
SQL: SELECT `catalog_id`,`catalog`,`catalog_table` FROM `robot_institute_show` WHERE ( 1=1 AND group_id='3' )  [ RunTime:0.0003s ]
NOTIC: [8] A session had already been started - ignoring session_start() D:\phpStudy\WWW\thinkphp\ThinkPHP\Common\functions.php 第 1272 行.
SQL: SHOW COLUMNS FROM `robot_institute_overview` [ RunTime:0.0796s ]
SQL: SELECT * FROM `robot_institute_overview`  [ RunTime:0.0003s ]
SQL: SHOW COLUMNS FROM `robot_learning_resources` [ RunTime:0.0279s ]
SQL: SELECT * FROM `robot_learning_resources`  [ RunTime:0.0003s ]
INFO: [ view_parse ] --START--
INFO: [ template_filter ] --START--
INFO: Run Behavior\ContentReplaceBehavior [ RunTime:0.000097s ]
INFO: [ template_filter ] --END-- [ RunTime:0.000154s ]
INFO: Run Behavior\ParseTemplateBehavior [ RunTime:0.022843s ]
INFO: [ view_parse ] --END-- [ RunTime:0.022902s ]
INFO: [ view_filter ] --START--
INFO: Run Behavior\WriteHtmlCacheBehavior [ RunTime:0.000272s ]
INFO: [ view_filter ] --END-- [ RunTime:0.000314s ]
INFO: [ app_end ] --START--
INFO: Run Behavior\ShowPageTraceBehavior [ RunTime:0.000671s ]
INFO: [ app_end ] --END-- [ RunTime:0.000718s ]

[ 2018-03-14T20:23:10+08:00 ] ::1 /thinkphp/Admin/Admin/index
INFO: [ app_init ] --START--
INFO: Run Behavior\BuildLiteBehavior [ RunTime:0.000025s ]
INFO: [ app_init ] --END-- [ RunTime:0.000749s ]
INFO: [ app_begin ] --START--
INFO: Run Behavior\ReadHtmlCacheBehavior [ RunTime:0.000822s ]
INFO: [ app_begin ] --END-- [ RunTime:0.000901s ]
SQL: SHOW COLUMNS FROM `robot_editable` [ RunTime:0.0077s ]
SQL: SELECT * FROM `robot_editable`  [ RunTime:0.0004s ]
SQL: SHOW COLUMNS FROM `robot_teaching_work` [ RunTime:0.0072s ]
SQL: SELECT `catalog_id`,`catalog`,`catalog_table` FROM `robot_teaching_work` WHERE ( 1=1 AND group_id='1' )  [ RunTime:0.0010s ]
SQL: SHOW COLUMNS FROM `robot_enroll_student` [ RunTime:0.0053s ]
SQL: SELECT `catalog_id`,`catalog`,`catalog_table` FROM `robot_enroll_student` WHERE ( 1=1 AND group_id='1' )  [ RunTime:0.0003s ]
SQL: SHOW COLUMNS FROM `robot_institute_show` [ RunTime:0.0082s ]
SQL: SELECT `catalog_id`,`catalog`,`catalog_table` FROM `robot_institute_show` WHERE ( 1=1 AND group_id='1' )  [ RunTime:0.0003s ]
SQL: SELECT `catalog_id`,`catalog`,`catalog_table` FROM `robot_teaching_work` WHERE ( 1=1 AND group_id='2' )  [ RunTime:0.0002s ]
SQL: SELECT `catalog_id`,`catalog`,`catalog_table` FROM `robot_enroll_student` WHERE ( 1=1 AND group_id='2' )  [ RunTime:0.0002s ]
SQL: SELECT `catalog_id`,`catalog`,`catalog_table` FROM `robot_institute_show` WHERE ( 1=1 AND group_id='2' )  [ RunTime:0.0002s ]
SQL: SELECT `catalog_id`,`catalog`,`catalog_table` FROM `robot_teaching_work` WHERE ( 1=1 AND group_id='3' )  [ RunTime:0.0002s ]
SQL: SELECT `catalog_id`,`catalog`,`catalog_table` FROM `robot_enroll_student` WHERE ( 1=1 AND group_id='3' )  [ RunTime:0.0001s ]
SQL: SELECT `catalog_id`,`catalog`,`catalog_table` FROM `robot_institute_show` WHERE ( 1=1 AND group_id='3' )  [ RunTime:0.0001s ]
NOTIC: [8] A session had already been started - ignoring session_start() D:\phpStudy\WWW\thinkphp\ThinkPHP\Common\functions.php 第 1272 行.
SQL: SHOW COLUMNS FROM `robot_institute_overview` [ RunTime:0.0047s ]
SQL: SELECT * FROM `robot_institute_overview`  [ RunTime:0.0002s ]
SQL: SHOW COLUMNS FROM `robot_learning_resources` [ RunTime:0.0048s ]
SQL: SELECT * FROM `robot_learning_resources`  [ RunTime:0.0003s ]
INFO: [ view_parse ] --START--
INFO: [ template_filter ] --START--
INFO: Run Behavior\ContentReplaceBehavior [ RunTime:0.000099s ]
INFO: [ template_filter ] --END-- [ RunTime:0.000154s ]
INFO: Run Behavior\ParseTemplateBehavior [ RunTime:0.009913s ]
INFO: [ view_parse ] --END-- [ RunTime:0.009978s ]
INFO: [ view_filter ] --START--
INFO: Run Behavior\WriteHtmlCacheBehavior [ RunTime:0.000298s ]
INFO: [ view_filter ] --END-- [ RunTime:0.000333s ]
INFO: [ app_end ] --START--
INFO: Run Behavior\ShowPageTraceBehavior [ RunTime:0.000717s ]
INFO: [ app_end ] --END-- [ RunTime:0.000785s ]

[ 2018-03-14T20:23:10+08:00 ] ::1 /thinkphp/Admin/Admin/robot_index
INFO: [ app_init ] --START--
INFO: Run Behavior\BuildLiteBehavior [ RunTime:0.000022s ]
INFO: [ app_init ] --END-- [ RunTime:0.000766s ]
INFO: [ app_begin ] --START--
INFO: Run Behavior\ReadHtmlCacheBehavior [ RunTime:0.001504s ]
INFO: [ app_begin ] --END-- [ RunTime:0.001615s ]
INFO: [ view_parse ] --START--
INFO: [ template_filter ] --START--
INFO: Run Behavior\ContentReplaceBehavior [ RunTime:0.000074s ]
INFO: [ template_filter ] --END-- [ RunTime:0.000122s ]
SQL: SHOW COLUMNS FROM `robot_index` [ RunTime:0.0308s ]
SQL: SELECT * FROM `robot_index`  [ RunTime:0.0003s ]
SQL: SELECT * FROM `robot_index`  [ RunTime:0.0002s ]
SQL: SELECT * FROM `robot_index`  [ RunTime:0.0002s ]
SQL: SELECT * FROM `robot_index`  [ RunTime:0.0002s ]
INFO: Run Behavior\ParseTemplateBehavior [ RunTime:0.069381s ]
INFO: [ view_parse ] --END-- [ RunTime:0.069419s ]
INFO: [ view_filter ] --START--
INFO: Run Behavior\WriteHtmlCacheBehavior [ RunTime:0.000522s ]
INFO: [ view_filter ] --END-- [ RunTime:0.000577s ]
INFO: [ app_end ] --START--
INFO: Run Behavior\ShowPageTraceBehavior [ RunTime:0.000821s ]
INFO: [ app_end ] --END-- [ RunTime:0.000864s ]

[ 2018-03-14T20:23:16+08:00 ] ::1 /thinkphp/Admin/Admin/index
INFO: [ app_init ] --START--
INFO: Run Behavior\BuildLiteBehavior [ RunTime:0.000012s ]
INFO: [ app_init ] --END-- [ RunTime:0.000363s ]
INFO: [ app_begin ] --START--
INFO: Run Behavior\ReadHtmlCacheBehavior [ RunTime:0.000481s ]
INFO: [ app_begin ] --END-- [ RunTime:0.000519s ]
SQL: SHOW COLUMNS FROM `robot_editable` [ RunTime:0.0093s ]
SQL: SELECT * FROM `robot_editable`  [ RunTime:0.0009s ]
SQL: SHOW COLUMNS FROM `robot_teaching_work` [ RunTime:0.0047s ]
SQL: SELECT `catalog_id`,`catalog`,`catalog_table` FROM `robot_teaching_work` WHERE ( 1=1 AND group_id='1' )  [ RunTime:0.0003s ]
SQL: SHOW COLUMNS FROM `robot_enroll_student` [ RunTime:0.0050s ]
SQL: SELECT `catalog_id`,`catalog`,`catalog_table` FROM `robot_enroll_student` WHERE ( 1=1 AND group_id='1' )  [ RunTime:0.0002s ]
SQL: SHOW COLUMNS FROM `robot_institute_show` [ RunTime:0.0075s ]
SQL: SELECT `catalog_id`,`catalog`,`catalog_table` FROM `robot_institute_show` WHERE ( 1=1 AND group_id='1' )  [ RunTime:0.0002s ]
SQL: SELECT `catalog_id`,`catalog`,`catalog_table` FROM `robot_teaching_work` WHERE ( 1=1 AND group_id='2' )  [ RunTime:0.0002s ]
SQL: SELECT `catalog_id`,`catalog`,`catalog_table` FROM `robot_enroll_student` WHERE ( 1=1 AND group_id='2' )  [ RunTime:0.0002s ]
SQL: SELECT `catalog_id`,`catalog`,`catalog_table` FROM `robot_institute_show` WHERE ( 1=1 AND group_id='2' )  [ RunTime:0.0002s ]
SQL: SELECT `catalog_id`,`catalog`,`catalog_table` FROM `robot_teaching_work` WHERE ( 1=1 AND group_id='3' )  [ RunTime:0.0002s ]
SQL: SELECT `catalog_id`,`catalog`,`catalog_table` FROM `robot_enroll_student` WHERE ( 1=1 AND group_id='3' )  [ RunTime:0.0002s ]
SQL: SELECT `catalog_id`,`catalog`,`catalog_table` FROM `robot_institute_show` WHERE ( 1=1 AND group_id='3' )  [ RunTime:0.0002s ]
NOTIC: [8] A session had already been started - ignoring session_start() D:\phpStudy\WWW\thinkphp\ThinkPHP\Common\functions.php 第 1272 行.
SQL: SHOW COLUMNS FROM `robot_institute_overview` [ RunTime:0.0047s ]
SQL: SELECT * FROM `robot_institute_overview`  [ RunTime:0.0002s ]
SQL: SHOW COLUMNS FROM `robot_learning_resources` [ RunTime:0.0081s ]
SQL: SELECT * FROM `robot_learning_resources`  [ RunTime:0.0002s ]
INFO: [ view_parse ] --START--
INFO: [ template_filter ] --START--
INFO: Run Behavior\ContentReplaceBehavior [ RunTime:0.000091s ]
INFO: [ template_filter ] --END-- [ RunTime:0.000138s ]
INFO: Run Behavior\ParseTemplateBehavior [ RunTime:0.007893s ]
INFO: [ view_parse ] --END-- [ RunTime:0.007941s ]
INFO: [ view_filter ] --START--
INFO: Run Behavior\WriteHtmlCacheBehavior [ RunTime:0.000270s ]
INFO: [ view_filter ] --END-- [ RunTime:0.000312s ]
INFO: [ app_end ] --START--
INFO: Run Behavior\ShowPageTraceBehavior [ RunTime:0.000669s ]
INFO: [ app_end ] --END-- [ RunTime:0.000707s ]

[ 2018-03-14T20:23:16+08:00 ] ::1 /thinkphp/Admin/Admin/index
INFO: [ app_init ] --START--
INFO: Run Behavior\BuildLiteBehavior [ RunTime:0.000023s ]
INFO: [ app_init ] --END-- [ RunTime:0.000568s ]
INFO: [ app_begin ] --START--
INFO: Run Behavior\ReadHtmlCacheBehavior [ RunTime:0.000818s ]
INFO: [ app_begin ] --END-- [ RunTime:0.000945s ]
SQL: SHOW COLUMNS FROM `robot_editable` [ RunTime:0.0073s ]
SQL: SELECT * FROM `robot_editable`  [ RunTime:0.0002s ]
SQL: SHOW COLUMNS FROM `robot_teaching_work` [ RunTime:0.0059s ]
SQL: SELECT `catalog_id`,`catalog`,`catalog_table` FROM `robot_teaching_work` WHERE ( 1=1 AND group_id='1' )  [ RunTime:0.0003s ]
SQL: SHOW COLUMNS FROM `robot_enroll_student` [ RunTime:0.0109s ]
SQL: SELECT `catalog_id`,`catalog`,`catalog_table` FROM `robot_enroll_student` WHERE ( 1=1 AND group_id='1' )  [ RunTime:0.0003s ]
SQL: SHOW COLUMNS FROM `robot_institute_show` [ RunTime:0.0056s ]
SQL: SELECT `catalog_id`,`catalog`,`catalog_table` FROM `robot_institute_show` WHERE ( 1=1 AND group_id='1' )  [ RunTime:0.0002s ]
SQL: SELECT `catalog_id`,`catalog`,`catalog_table` FROM `robot_teaching_work` WHERE ( 1=1 AND group_id='2' )  [ RunTime:0.0001s ]
SQL: SELECT `catalog_id`,`catalog`,`catalog_table` FROM `robot_enroll_student` WHERE ( 1=1 AND group_id='2' )  [ RunTime:0.0002s ]
SQL: SELECT `catalog_id`,`catalog`,`catalog_table` FROM `robot_institute_show` WHERE ( 1=1 AND group_id='2' )  [ RunTime:0.0002s ]
SQL: SELECT `catalog_id`,`catalog`,`catalog_table` FROM `robot_teaching_work` WHERE ( 1=1 AND group_id='3' )  [ RunTime:0.0001s ]
SQL: SELECT `catalog_id`,`catalog`,`catalog_table` FROM `robot_enroll_student` WHERE ( 1=1 AND group_id='3' )  [ RunTime:0.0001s ]
SQL: SELECT `catalog_id`,`catalog`,`catalog_table` FROM `robot_institute_show` WHERE ( 1=1 AND group_id='3' )  [ RunTime:0.0001s ]
NOTIC: [8] A session had already been started - ignoring session_start() D:\phpStudy\WWW\thinkphp\ThinkPHP\Common\functions.php 第 1272 行.
SQL: SHOW COLUMNS FROM `robot_institute_overview` [ RunTime:0.0092s ]
SQL: SELECT * FROM `robot_institute_overview`  [ RunTime:0.0003s ]
SQL: SHOW COLUMNS FROM `robot_learning_resources` [ RunTime:0.0049s ]
SQL: SELECT * FROM `robot_learning_resources`  [ RunTime:0.0002s ]
INFO: [ view_parse ] --START--
INFO: [ template_filter ] --START--
INFO: Run Behavior\ContentReplaceBehavior [ RunTime:0.000094s ]
INFO: [ template_filter ] --END-- [ RunTime:0.000143s ]
INFO: Run Behavior\ParseTemplateBehavior [ RunTime:0.009368s ]
INFO: [ view_parse ] --END-- [ RunTime:0.009412s ]
INFO: [ view_filter ] --START--
INFO: Run Behavior\WriteHtmlCacheBehavior [ RunTime:0.000271s ]
INFO: [ view_filter ] --END-- [ RunTime:0.000302s ]
INFO: [ app_end ] --START--
INFO: Run Behavior\ShowPageTraceBehavior [ RunTime:0.000534s ]
INFO: [ app_end ] --END-- [ RunTime:0.000573s ]

[ 2018-03-14T20:23:16+08:00 ] ::1 /thinkphp/Admin/Admin/robot_index
INFO: [ app_init ] --START--
INFO: Run Behavior\BuildLiteBehavior [ RunTime:0.000022s ]
INFO: [ app_init ] --END-- [ RunTime:0.000599s ]
INFO: [ app_begin ] --START--
INFO: Run Behavior\ReadHtmlCacheBehavior [ RunTime:0.000745s ]
INFO: [ app_begin ] --END-- [ RunTime:0.000810s ]
INFO: [ view_parse ] --START--
INFO: [ template_filter ] --START--
INFO: Run Behavior\ContentReplaceBehavior [ RunTime:0.000072s ]
INFO: [ template_filter ] --END-- [ RunTime:0.000118s ]
SQL: SHOW COLUMNS FROM `robot_index` [ RunTime:0.0062s ]
SQL: SELECT * FROM `robot_index`  [ RunTime:0.0003s ]
SQL: SELECT * FROM `robot_index`  [ RunTime:0.0002s ]
SQL: SELECT * FROM `robot_index`  [ RunTime:0.0002s ]
SQL: SELECT * FROM `robot_index`  [ RunTime:0.0009s ]
INFO: Run Behavior\ParseTemplateBehavior [ RunTime:0.024827s ]
INFO: [ view_parse ] --END-- [ RunTime:0.024873s ]
INFO: [ view_filter ] --START--
INFO: Run Behavior\WriteHtmlCacheBehavior [ RunTime:0.000456s ]
INFO: [ view_filter ] --END-- [ RunTime:0.000495s ]
INFO: [ app_end ] --START--
INFO: Run Behavior\ShowPageTraceBehavior [ RunTime:0.000841s ]
INFO: [ app_end ] --END-- [ RunTime:0.000923s ]

[ 2018-03-14T20:23:37+08:00 ] ::1 /thinkphp/Admin/Admin/
INFO: [ app_init ] --START--
INFO: Run Behavior\BuildLiteBehavior [ RunTime:0.000015s ]
INFO: [ app_init ] --END-- [ RunTime:0.000508s ]
INFO: [ app_begin ] --START--
INFO: Run Behavior\ReadHtmlCacheBehavior [ RunTime:0.000527s ]
INFO: [ app_begin ] --END-- [ RunTime:0.000573s ]
SQL: SHOW COLUMNS FROM `robot_editable` [ RunTime:0.0051s ]
SQL: SELECT * FROM `robot_editable`  [ RunTime:0.0002s ]
SQL: SHOW COLUMNS FROM `robot_teaching_work` [ RunTime:0.0082s ]
SQL: SELECT `catalog_id`,`catalog`,`catalog_table` FROM `robot_teaching_work` WHERE ( 1=1 AND group_id='1' )  [ RunTime:0.0002s ]
SQL: SHOW COLUMNS FROM `robot_enroll_student` [ RunTime:0.0048s ]
SQL: SELECT `catalog_id`,`catalog`,`catalog_table` FROM `robot_enroll_student` WHERE ( 1=1 AND group_id='1' )  [ RunTime:0.0002s ]
SQL: SHOW COLUMNS FROM `robot_institute_show` [ RunTime:0.0076s ]
SQL: SELECT `catalog_id`,`catalog`,`catalog_table` FROM `robot_institute_show` WHERE ( 1=1 AND group_id='1' )  [ RunTime:0.0002s ]
SQL: SELECT `catalog_id`,`catalog`,`catalog_table` FROM `robot_teaching_work` WHERE ( 1=1 AND group_id='2' )  [ RunTime:0.0001s ]
SQL: SELECT `catalog_id`,`catalog`,`catalog_table` FROM `robot_enroll_student` WHERE ( 1=1 AND group_id='2' )  [ RunTime:0.0001s ]
SQL: SELECT `catalog_id`,`catalog`,`catalog_table` FROM `robot_institute_show` WHERE ( 1=1 AND group_id='2' )  [ RunTime:0.0001s ]
SQL: SELECT `catalog_id`,`catalog`,`catalog_table` FROM `robot_teaching_work` WHERE ( 1=1 AND group_id='3' )  [ RunTime:0.0001s ]
SQL: SELECT `catalog_id`,`catalog`,`catalog_table` FROM `robot_enroll_student` WHERE ( 1=1 AND group_id='3' )  [ RunTime:0.0001s ]
SQL: SELECT `catalog_id`,`catalog`,`catalog_table` FROM `robot_institute_show` WHERE ( 1=1 AND group_id='3' )  [ RunTime:0.0001s ]
NOTIC: [8] A session had already been started - ignoring session_start() D:\phpStudy\WWW\thinkphp\ThinkPHP\Common\functions.php 第 1272 行.
SQL: SHOW COLUMNS FROM `robot_institute_overview` [ RunTime:0.0048s ]
SQL: SELECT * FROM `robot_institute_overview`  [ RunTime:0.0002s ]
SQL: SHOW COLUMNS FROM `robot_learning_resources` [ RunTime:0.0070s ]
SQL: SELECT * FROM `robot_learning_resources`  [ RunTime:0.0003s ]
INFO: [ view_parse ] --START--
INFO: [ template_filter ] --START--
INFO: Run Behavior\ContentReplaceBehavior [ RunTime:0.000096s ]
INFO: [ template_filter ] --END-- [ RunTime:0.000142s ]
INFO: Run Behavior\ParseTemplateBehavior [ RunTime:0.007296s ]
INFO: [ view_parse ] --END-- [ RunTime:0.007349s ]
INFO: [ view_filter ] --START--
INFO: Run Behavior\WriteHtmlCacheBehavior [ RunTime:0.000261s ]
INFO: [ view_filter ] --END-- [ RunTime:0.000291s ]
INFO: [ app_end ] --START--
INFO: Run Behavior\ShowPageTraceBehavior [ RunTime:0.000594s ]
INFO: [ app_end ] --END-- [ RunTime:0.000631s ]

[ 2018-03-14T20:23:37+08:00 ] ::1 /thinkphp/Admin/Admin/robot_index
INFO: [ app_init ] --START--
INFO: Run Behavior\BuildLiteBehavior [ RunTime:0.000022s ]
INFO: [ app_init ] --END-- [ RunTime:0.000619s ]
INFO: [ app_begin ] --START--
INFO: Run Behavior\ReadHtmlCacheBehavior [ RunTime:0.000776s ]
INFO: [ app_begin ] --END-- [ RunTime:0.000849s ]
INFO: [ view_parse ] --START--
INFO: [ template_filter ] --START--
INFO: Run Behavior\ContentReplaceBehavior [ RunTime:0.000394s ]
INFO: [ template_filter ] --END-- [ RunTime:0.000571s ]
SQL: SHOW COLUMNS FROM `robot_index` [ RunTime:0.0093s ]
SQL: SELECT * FROM `robot_index`  [ RunTime:0.0003s ]
SQL: SELECT * FROM `robot_index`  [ RunTime:0.0002s ]
SQL: SELECT * FROM `robot_index`  [ RunTime:0.0001s ]
SQL: SELECT * FROM `robot_index`  [ RunTime:0.0001s ]
INFO: Run Behavior\ParseTemplateBehavior [ RunTime:0.032495s ]
INFO: [ view_parse ] --END-- [ RunTime:0.032541s ]
INFO: [ view_filter ] --START--
INFO: Run Behavior\WriteHtmlCacheBehavior [ RunTime:0.000380s ]
INFO: [ view_filter ] --END-- [ RunTime:0.000410s ]
INFO: [ app_end ] --START--
INFO: Run Behavior\ShowPageTraceBehavior [ RunTime:0.000968s ]
INFO: [ app_end ] --END-- [ RunTime:0.001042s ]

[ 2018-03-14T20:23:37+08:00 ] ::1 /thinkphp/Admin/Admin/
INFO: [ app_init ] --START--
INFO: Run Behavior\BuildLiteBehavior [ RunTime:0.000020s ]
INFO: [ app_init ] --END-- [ RunTime:0.000538s ]
INFO: [ app_begin ] --START--
INFO: Run Behavior\ReadHtmlCacheBehavior [ RunTime:0.000829s ]
INFO: [ app_begin ] --END-- [ RunTime:0.000905s ]
SQL: SHOW COLUMNS FROM `robot_editable` [ RunTime:0.0077s ]
SQL: SELECT * FROM `robot_editable`  [ RunTime:0.0003s ]
SQL: SHOW COLUMNS FROM `robot_teaching_work` [ RunTime:0.0079s ]
SQL: SELECT `catalog_id`,`catalog`,`catalog_table` FROM `robot_teaching_work` WHERE ( 1=1 AND group_id='1' )  [ RunTime:0.0004s ]
SQL: SHOW COLUMNS FROM `robot_enroll_student` [ RunTime:0.0079s ]
SQL: SELECT `catalog_id`,`catalog`,`catalog_table` FROM `robot_enroll_student` WHERE ( 1=1 AND group_id='1' )  [ RunTime:0.0004s ]
SQL: SHOW COLUMNS FROM `robot_institute_show` [ RunTime:0.0073s ]
SQL: SELECT `catalog_id`,`catalog`,`catalog_table` FROM `robot_institute_show` WHERE ( 1=1 AND group_id='1' )  [ RunTime:0.0007s ]
SQL: SELECT `catalog_id`,`catalog`,`catalog_table` FROM `robot_teaching_work` WHERE ( 1=1 AND group_id='2' )  [ RunTime:0.0004s ]
SQL: SELECT `catalog_id`,`catalog`,`catalog_table` FROM `robot_enroll_student` WHERE ( 1=1 AND group_id='2' )  [ RunTime:0.0015s ]
SQL: SELECT `catalog_id`,`catalog`,`catalog_table` FROM `robot_institute_show` WHERE ( 1=1 AND group_id='2' )  [ RunTime:0.0004s ]
SQL: SELECT `catalog_id`,`catalog`,`catalog_table` FROM `robot_teaching_work` WHERE ( 1=1 AND group_id='3' )  [ RunTime:0.0003s ]
SQL: SELECT `catalog_id`,`catalog`,`catalog_table` FROM `robot_enroll_student` WHERE ( 1=1 AND group_id='3' )  [ RunTime:0.0003s ]
SQL: SELECT `catalog_id`,`catalog`,`catalog_table` FROM `robot_institute_show` WHERE ( 1=1 AND group_id='3' )  [ RunTime:0.0002s ]
NOTIC: [8] A session had already been started - ignoring session_start() D:\phpStudy\WWW\thinkphp\ThinkPHP\Common\functions.php 第 1272 行.
SQL: SHOW COLUMNS FROM `robot_institute_overview` [ RunTime:0.0062s ]
SQL: SELECT * FROM `robot_institute_overview`  [ RunTime:0.0003s ]
SQL: SHOW COLUMNS FROM `robot_learning_resources` [ RunTime:0.0081s ]
SQL: SELECT * FROM `robot_learning_resources`  [ RunTime:0.0003s ]
INFO: [ view_parse ] --START--
INFO: [ template_filter ] --START--
INFO: Run Behavior\ContentReplaceBehavior [ RunTime:0.000154s ]
INFO: [ template_filter ] --END-- [ RunTime:0.000239s ]
INFO: Run Behavior\ParseTemplateBehavior [ RunTime:0.014943s ]
INFO: [ view_parse ] --END-- [ RunTime:0.015046s ]
INFO: [ view_filter ] --START--
INFO: Run Behavior\WriteHtmlCacheBehavior [ RunTime:0.000858s ]
INFO: [ view_filter ] --END-- [ RunTime:0.000947s ]
INFO: [ app_end ] --START--
INFO: Run Behavior\ShowPageTraceBehavior [ RunTime:0.001244s ]
INFO: [ app_end ] --END-- [ RunTime:0.001320s ]

[ 2018-03-14T20:24:06+08:00 ] ::1 /thinkphp/Admin/Admin/
INFO: [ app_init ] --START--
INFO: Run Behavior\BuildLiteBehavior [ RunTime:0.000013s ]
INFO: [ app_init ] --END-- [ RunTime:0.000453s ]
INFO: [ app_begin ] --START--
INFO: Run Behavior\ReadHtmlCacheBehavior [ RunTime:0.000709s ]
INFO: [ app_begin ] --END-- [ RunTime:0.000750s ]
SQL: SHOW COLUMNS FROM `robot_editable` [ RunTime:0.0053s ]
SQL: SELECT * FROM `robot_editable`  [ RunTime:0.0002s ]
SQL: SHOW COLUMNS FROM `robot_teaching_work` [ RunTime:0.0048s ]
SQL: SELECT `catalog_id`,`catalog`,`catalog_table` FROM `robot_teaching_work` WHERE ( 1=1 AND group_id='1' )  [ RunTime:0.0002s ]
SQL: SHOW COLUMNS FROM `robot_enroll_student` [ RunTime:0.0047s ]
SQL: SELECT `catalog_id`,`catalog`,`catalog_table` FROM `robot_enroll_student` WHERE ( 1=1 AND group_id='1' )  [ RunTime:0.0002s ]
SQL: SHOW COLUMNS FROM `robot_institute_show` [ RunTime:0.0054s ]
SQL: SELECT `catalog_id`,`catalog`,`catalog_table` FROM `robot_institute_show` WHERE ( 1=1 AND group_id='1' )  [ RunTime:0.0002s ]
SQL: SELECT `catalog_id`,`catalog`,`catalog_table` FROM `robot_teaching_work` WHERE ( 1=1 AND group_id='2' )  [ RunTime:0.0002s ]
SQL: SELECT `catalog_id`,`catalog`,`catalog_table` FROM `robot_enroll_student` WHERE ( 1=1 AND group_id='2' )  [ RunTime:0.0002s ]
SQL: SELECT `catalog_id`,`catalog`,`catalog_table` FROM `robot_institute_show` WHERE ( 1=1 AND group_id='2' )  [ RunTime:0.0002s ]
SQL: SELECT `catalog_id`,`catalog`,`catalog_table` FROM `robot_teaching_work` WHERE ( 1=1 AND group_id='3' )  [ RunTime:0.0002s ]
SQL: SELECT `catalog_id`,`catalog`,`catalog_table` FROM `robot_enroll_student` WHERE ( 1=1 AND group_id='3' )  [ RunTime:0.0002s ]
SQL: SELECT `catalog_id`,`catalog`,`catalog_table` FROM `robot_institute_show` WHERE ( 1=1 AND group_id='3' )  [ RunTime:0.0002s ]
NOTIC: [8] A session had already been started - ignoring session_start() D:\phpStudy\WWW\thinkphp\ThinkPHP\Common\functions.php 第 1272 行.
SQL: SHOW COLUMNS FROM `robot_institute_overview` [ RunTime:0.0046s ]
SQL: SELECT * FROM `robot_institute_overview`  [ RunTime:0.0002s ]
SQL: SHOW COLUMNS FROM `robot_learning_resources` [ RunTime:0.0045s ]
SQL: SELECT * FROM `robot_learning_resources`  [ RunTime:0.0003s ]
INFO: [ view_parse ] --START--
INFO: [ template_filter ] --START--
INFO: Run Behavior\ContentReplaceBehavior [ RunTime:0.000103s ]
INFO: [ template_filter ] --END-- [ RunTime:0.000156s ]
INFO: Run Behavior\ParseTemplateBehavior [ RunTime:0.008767s ]
INFO: [ view_parse ] --END-- [ RunTime:0.008815s ]
INFO: [ view_filter ] --START--
INFO: Run Behavior\WriteHtmlCacheBehavior [ RunTime:0.000472s ]
INFO: [ view_filter ] --END-- [ RunTime:0.000538s ]
INFO: [ app_end ] --START--
INFO: Run Behavior\ShowPageTraceBehavior [ RunTime:0.000818s ]
INFO: [ app_end ] --END-- [ RunTime:0.000864s ]

[ 2018-03-14T20:24:06+08:00 ] ::1 /thinkphp/Admin/Admin/
INFO: [ app_init ] --START--
INFO: Run Behavior\BuildLiteBehavior [ RunTime:0.000024s ]
INFO: [ app_init ] --END-- [ RunTime:0.000711s ]
INFO: [ app_begin ] --START--
INFO: Run Behavior\ReadHtmlCacheBehavior [ RunTime:0.001004s ]
INFO: [ app_begin ] --END-- [ RunTime:0.001114s ]
SQL: SHOW COLUMNS FROM `robot_editable` [ RunTime:0.0101s ]
SQL: SELECT * FROM `robot_editable`  [ RunTime:0.0004s ]
SQL: SHOW COLUMNS FROM `robot_teaching_work` [ RunTime:0.0081s ]
SQL: SELECT `catalog_id`,`catalog`,`catalog_table` FROM `robot_teaching_work` WHERE ( 1=1 AND group_id='1' )  [ RunTime:0.0003s ]
SQL: SHOW COLUMNS FROM `robot_enroll_student` [ RunTime:0.0100s ]
SQL: SELECT `catalog_id`,`catalog`,`catalog_table` FROM `robot_enroll_student` WHERE ( 1=1 AND group_id='1' )  [ RunTime:0.0004s ]
SQL: SHOW COLUMNS FROM `robot_institute_show` [ RunTime:0.0058s ]
SQL: SELECT `catalog_id`,`catalog`,`catalog_table` FROM `robot_institute_show` WHERE ( 1=1 AND group_id='1' )  [ RunTime:0.0004s ]
SQL: SELECT `catalog_id`,`catalog`,`catalog_table` FROM `robot_teaching_work` WHERE ( 1=1 AND group_id='2' )  [ RunTime:0.0003s ]
SQL: SELECT `catalog_id`,`catalog`,`catalog_table` FROM `robot_enroll_student` WHERE ( 1=1 AND group_id='2' )  [ RunTime:0.0002s ]
SQL: SELECT `catalog_id`,`catalog`,`catalog_table` FROM `robot_institute_show` WHERE ( 1=1 AND group_id='2' )  [ RunTime:0.0002s ]
SQL: SELECT `catalog_id`,`catalog`,`catalog_table` FROM `robot_teaching_work` WHERE ( 1=1 AND group_id='3' )  [ RunTime:0.0002s ]
SQL: SELECT `catalog_id`,`catalog`,`catalog_table` FROM `robot_enroll_student` WHERE ( 1=1 AND group_id='3' )  [ RunTime:0.0002s ]
SQL: SELECT `catalog_id`,`catalog`,`catalog_table` FROM `robot_institute_show` WHERE ( 1=1 AND group_id='3' )  [ RunTime:0.0002s ]
NOTIC: [8] A session had already been started - ignoring session_start() D:\phpStudy\WWW\thinkphp\ThinkPHP\Common\functions.php 第 1272 行.
SQL: SHOW COLUMNS FROM `robot_institute_overview` [ RunTime:0.0084s ]
SQL: SELECT * FROM `robot_institute_overview`  [ RunTime:0.0004s ]
SQL: SHOW COLUMNS FROM `robot_learning_resources` [ RunTime:0.0063s ]
SQL: SELECT * FROM `robot_learning_resources`  [ RunTime:0.0003s ]
INFO: [ view_parse ] --START--
INFO: [ template_filter ] --START--
INFO: Run Behavior\ContentReplaceBehavior [ RunTime:0.000142s ]
INFO: [ template_filter ] --END-- [ RunTime:0.000242s ]
INFO: Run Behavior\ParseTemplateBehavior [ RunTime:0.013044s ]
INFO: [ view_parse ] --END-- [ RunTime:0.013119s ]
INFO: [ view_filter ] --START--
INFO: Run Behavior\WriteHtmlCacheBehavior [ RunTime:0.000837s ]
INFO: [ view_filter ] --END-- [ RunTime:0.000907s ]
INFO: [ app_end ] --START--
INFO: Run Behavior\ShowPageTraceBehavior [ RunTime:0.001001s ]
INFO: [ app_end ] --END-- [ RunTime:0.001079s ]

[ 2018-03-14T20:24:07+08:00 ] ::1 /thinkphp/Admin/Admin/robot_index
INFO: [ app_init ] --START--
INFO: Run Behavior\BuildLiteBehavior [ RunTime:0.000022s ]
INFO: [ app_init ] --END-- [ RunTime:0.000664s ]
INFO: [ app_begin ] --START--
INFO: Run Behavior\ReadHtmlCacheBehavior [ RunTime:0.001219s ]
INFO: [ app_begin ] --END-- [ RunTime:0.001300s ]
INFO: [ view_parse ] --START--
INFO: [ template_filter ] --START--
INFO: Run Behavior\ContentReplaceBehavior [ RunTime:0.000074s ]
INFO: [ template_filter ] --END-- [ RunTime:0.000121s ]
SQL: SHOW COLUMNS FROM `robot_index` [ RunTime:0.0060s ]
SQL: SELECT * FROM `robot_index`  [ RunTime:0.0002s ]
SQL: SELECT * FROM `robot_index`  [ RunTime:0.0002s ]
SQL: SELECT * FROM `robot_index`  [ RunTime:0.0002s ]
SQL: SELECT * FROM `robot_index`  [ RunTime:0.0002s ]
INFO: Run Behavior\ParseTemplateBehavior [ RunTime:0.029518s ]
INFO: [ view_parse ] --END-- [ RunTime:0.029556s ]
INFO: [ view_filter ] --START--
INFO: Run Behavior\WriteHtmlCacheBehavior [ RunTime:0.000584s ]
INFO: [ view_filter ] --END-- [ RunTime:0.000619s ]
INFO: [ app_end ] --START--
INFO: Run Behavior\ShowPageTraceBehavior [ RunTime:0.002730s ]
INFO: [ app_end ] --END-- [ RunTime:0.002806s ]

[ 2018-03-14T20:24:09+08:00 ] ::1 /thinkphp/Admin/Admin/index
INFO: [ app_init ] --START--
INFO: Run Behavior\BuildLiteBehavior [ RunTime:0.000018s ]
INFO: [ app_init ] --END-- [ RunTime:0.000521s ]
INFO: [ app_begin ] --START--
INFO: Run Behavior\ReadHtmlCacheBehavior [ RunTime:0.000649s ]
INFO: [ app_begin ] --END-- [ RunTime:0.000708s ]
SQL: SHOW COLUMNS FROM `robot_editable` [ RunTime:0.0054s ]
SQL: SELECT * FROM `robot_editable`  [ RunTime:0.0002s ]
SQL: SHOW COLUMNS FROM `robot_teaching_work` [ RunTime:0.0060s ]
SQL: SELECT `catalog_id`,`catalog`,`catalog_table` FROM `robot_teaching_work` WHERE ( 1=1 AND group_id='1' )  [ RunTime:0.0005s ]
SQL: SHOW COLUMNS FROM `robot_enroll_student` [ RunTime:0.0051s ]
SQL: SELECT `catalog_id`,`catalog`,`catalog_table` FROM `robot_enroll_student` WHERE ( 1=1 AND group_id='1' )  [ RunTime:0.0002s ]
SQL: SHOW COLUMNS FROM `robot_institute_show` [ RunTime:0.0048s ]
SQL: SELECT `catalog_id`,`catalog`,`catalog_table` FROM `robot_institute_show` WHERE ( 1=1 AND group_id='1' )  [ RunTime:0.0003s ]
SQL: SELECT `catalog_id`,`catalog`,`catalog_table` FROM `robot_teaching_work` WHERE ( 1=1 AND group_id='2' )  [ RunTime:0.0003s ]
SQL: SELECT `catalog_id`,`catalog`,`catalog_table` FROM `robot_enroll_student` WHERE ( 1=1 AND group_id='2' )  [ RunTime:0.0003s ]
SQL: SELECT `catalog_id`,`catalog`,`catalog_table` FROM `robot_institute_show` WHERE ( 1=1 AND group_id='2' )  [ RunTime:0.0003s ]
SQL: SELECT `catalog_id`,`catalog`,`catalog_table` FROM `robot_teaching_work` WHERE ( 1=1 AND group_id='3' )  [ RunTime:0.0003s ]
SQL: SELECT `catalog_id`,`catalog`,`catalog_table` FROM `robot_enroll_student` WHERE ( 1=1 AND group_id='3' )  [ RunTime:0.0002s ]
SQL: SELECT `catalog_id`,`catalog`,`catalog_table` FROM `robot_institute_show` WHERE ( 1=1 AND group_id='3' )  [ RunTime:0.0001s ]
NOTIC: [8] A session had already been started - ignoring session_start() D:\phpStudy\WWW\thinkphp\ThinkPHP\Common\functions.php 第 1272 行.
SQL: SHOW COLUMNS FROM `robot_institute_overview` [ RunTime:0.0046s ]
SQL: SELECT * FROM `robot_institute_overview`  [ RunTime:0.0002s ]
SQL: SHOW COLUMNS FROM `robot_learning_resources` [ RunTime:0.0046s ]
SQL: SELECT * FROM `robot_learning_resources`  [ RunTime:0.0002s ]
INFO: [ view_parse ] --START--
INFO: [ template_filter ] --START--
INFO: Run Behavior\ContentReplaceBehavior [ RunTime:0.000089s ]
INFO: [ template_filter ] --END-- [ RunTime:0.000135s ]
INFO: Run Behavior\ParseTemplateBehavior [ RunTime:0.007206s ]
INFO: [ view_parse ] --END-- [ RunTime:0.007253s ]
INFO: [ view_filter ] --START--
INFO: Run Behavior\WriteHtmlCacheBehavior [ RunTime:0.000272s ]
INFO: [ view_filter ] --END-- [ RunTime:0.000302s ]
INFO: [ app_end ] --START--
INFO: Run Behavior\ShowPageTraceBehavior [ RunTime:0.000525s ]
INFO: [ app_end ] --END-- [ RunTime:0.000567s ]

[ 2018-03-14T20:24:09+08:00 ] ::1 /thinkphp/Admin/Admin/robot_index
INFO: [ app_init ] --START--
INFO: Run Behavior\BuildLiteBehavior [ RunTime:0.000017s ]
INFO: [ app_init ] --END-- [ RunTime:0.000541s ]
INFO: [ app_begin ] --START--
INFO: Run Behavior\ReadHtmlCacheBehavior [ RunTime:0.000812s ]
INFO: [ app_begin ] --END-- [ RunTime:0.000888s ]
INFO: [ view_parse ] --START--
INFO: [ template_filter ] --START--
INFO: Run Behavior\ContentReplaceBehavior [ RunTime:0.000114s ]
INFO: [ template_filter ] --END-- [ RunTime:0.000188s ]
SQL: SHOW COLUMNS FROM `robot_index` [ RunTime:0.0074s ]
SQL: SELECT * FROM `robot_index`  [ RunTime:0.0004s ]
SQL: SELECT * FROM `robot_index`  [ RunTime:0.0004s ]
SQL: SELECT * FROM `robot_index`  [ RunTime:0.0002s ]
SQL: SELECT * FROM `robot_index`  [ RunTime:0.0002s ]
INFO: Run Behavior\ParseTemplateBehavior [ RunTime:0.031054s ]
INFO: [ view_parse ] --END-- [ RunTime:0.031113s ]
INFO: [ view_filter ] --START--
INFO: Run Behavior\WriteHtmlCacheBehavior [ RunTime:0.000509s ]
INFO: [ view_filter ] --END-- [ RunTime:0.000557s ]
INFO: [ app_end ] --START--
INFO: Run Behavior\ShowPageTraceBehavior [ RunTime:0.000930s ]
INFO: [ app_end ] --END-- [ RunTime:0.001010s ]

[ 2018-03-14T20:24:09+08:00 ] ::1 /thinkphp/Admin/Admin/index
INFO: [ app_init ] --START--
INFO: Run Behavior\BuildLiteBehavior [ RunTime:0.000020s ]
INFO: [ app_init ] --END-- [ RunTime:0.000549s ]
INFO: [ app_begin ] --START--
INFO: Run Behavior\ReadHtmlCacheBehavior [ RunTime:0.000858s ]
INFO: [ app_begin ] --END-- [ RunTime:0.000936s ]
SQL: SHOW COLUMNS FROM `robot_editable` [ RunTime:0.0048s ]
SQL: SELECT * FROM `robot_editable`  [ RunTime:0.0002s ]
SQL: SHOW COLUMNS FROM `robot_teaching_work` [ RunTime:0.0078s ]
SQL: SELECT `catalog_id`,`catalog`,`catalog_table` FROM `robot_teaching_work` WHERE ( 1=1 AND group_id='1' )  [ RunTime:0.0004s ]
SQL: SHOW COLUMNS FROM `robot_enroll_student` [ RunTime:0.0064s ]
SQL: SELECT `catalog_id`,`catalog`,`catalog_table` FROM `robot_enroll_student` WHERE ( 1=1 AND group_id='1' )  [ RunTime:0.0005s ]
SQL: SHOW COLUMNS FROM `robot_institute_show` [ RunTime:0.0105s ]
SQL: SELECT `catalog_id`,`catalog`,`catalog_table` FROM `robot_institute_show` WHERE ( 1=1 AND group_id='1' )  [ RunTime:0.0004s ]
SQL: SELECT `catalog_id`,`catalog`,`catalog_table` FROM `robot_teaching_work` WHERE ( 1=1 AND group_id='2' )  [ RunTime:0.0003s ]
SQL: SELECT `catalog_id`,`catalog`,`catalog_table` FROM `robot_enroll_student` WHERE ( 1=1 AND group_id='2' )  [ RunTime:0.0003s ]
SQL: SELECT `catalog_id`,`catalog`,`catalog_table` FROM `robot_institute_show` WHERE ( 1=1 AND group_id='2' )  [ RunTime:0.0003s ]
SQL: SELECT `catalog_id`,`catalog`,`catalog_table` FROM `robot_teaching_work` WHERE ( 1=1 AND group_id='3' )  [ RunTime:0.0004s ]
SQL: SELECT `catalog_id`,`catalog`,`catalog_table` FROM `robot_enroll_student` WHERE ( 1=1 AND group_id='3' )  [ RunTime:0.0003s ]
SQL: SELECT `catalog_id`,`catalog`,`catalog_table` FROM `robot_institute_show` WHERE ( 1=1 AND group_id='3' )  [ RunTime:0.0003s ]
NOTIC: [8] A session had already been started - ignoring session_start() D:\phpStudy\WWW\thinkphp\ThinkPHP\Common\functions.php 第 1272 行.
SQL: SHOW COLUMNS FROM `robot_institute_overview` [ RunTime:0.0076s ]
SQL: SELECT * FROM `robot_institute_overview`  [ RunTime:0.0003s ]
SQL: SHOW COLUMNS FROM `robot_learning_resources` [ RunTime:0.0077s ]
SQL: SELECT * FROM `robot_learning_resources`  [ RunTime:0.0003s ]
INFO: [ view_parse ] --START--
INFO: [ template_filter ] --START--
INFO: Run Behavior\ContentReplaceBehavior [ RunTime:0.000147s ]
INFO: [ template_filter ] --END-- [ RunTime:0.000231s ]
INFO: Run Behavior\ParseTemplateBehavior [ RunTime:0.012757s ]
INFO: [ view_parse ] --END-- [ RunTime:0.012894s ]
INFO: [ view_filter ] --START--
INFO: Run Behavior\WriteHtmlCacheBehavior [ RunTime:0.000494s ]
INFO: [ view_filter ] --END-- [ RunTime:0.000558s ]
INFO: [ app_end ] --START--
INFO: Run Behavior\ShowPageTraceBehavior [ RunTime:0.001109s ]
INFO: [ app_end ] --END-- [ RunTime:0.001211s ]

[ 2018-03-14T20:24:40+08:00 ] ::1 /thinkphp/Admin/Admin/index
INFO: [ app_init ] --START--
INFO: Run Behavior\BuildLiteBehavior [ RunTime:0.000019s ]
INFO: [ app_init ] --END-- [ RunTime:0.000495s ]
INFO: [ app_begin ] --START--
INFO: Run Behavior\ReadHtmlCacheBehavior [ RunTime:0.000547s ]
INFO: [ app_begin ] --END-- [ RunTime:0.000599s ]
SQL: SHOW COLUMNS FROM `robot_editable` [ RunTime:0.0090s ]
SQL: SELECT * FROM `robot_editable`  [ RunTime:0.0003s ]
SQL: SHOW COLUMNS FROM `robot_teaching_work` [ RunTime:0.0049s ]
SQL: SELECT `catalog_id`,`catalog`,`catalog_table` FROM `robot_teaching_work` WHERE ( 1=1 AND group_id='1' )  [ RunTime:0.0003s ]
SQL: SHOW COLUMNS FROM `robot_enroll_student` [ RunTime:0.0049s ]
SQL: SELECT `catalog_id`,`catalog`,`catalog_table` FROM `robot_enroll_student` WHERE ( 1=1 AND group_id='1' )  [ RunTime:0.0003s ]
SQL: SHOW COLUMNS FROM `robot_institute_show` [ RunTime:0.0062s ]
SQL: SELECT `catalog_id`,`catalog`,`catalog_table` FROM `robot_institute_show` WHERE ( 1=1 AND group_id='1' )  [ RunTime:0.0003s ]
SQL: SELECT `catalog_id`,`catalog`,`catalog_table` FROM `robot_teaching_work` WHERE ( 1=1 AND group_id='2' )  [ RunTime:0.0002s ]
SQL: SELECT `catalog_id`,`catalog`,`catalog_table` FROM `robot_enroll_student` WHERE ( 1=1 AND group_id='2' )  [ RunTime:0.0002s ]
SQL: SELECT `catalog_id`,`catalog`,`catalog_table` FROM `robot_institute_show` WHERE ( 1=1 AND group_id='2' )  [ RunTime:0.0002s ]
SQL: SELECT `catalog_id`,`catalog`,`catalog_table` FROM `robot_teaching_work` WHERE ( 1=1 AND group_id='3' )  [ RunTime:0.0002s ]
SQL: SELECT `catalog_id`,`catalog`,`catalog_table` FROM `robot_enroll_student` WHERE ( 1=1 AND group_id='3' )  [ RunTime:0.0002s ]
SQL: SELECT `catalog_id`,`catalog`,`catalog_table` FROM `robot_institute_show` WHERE ( 1=1 AND group_id='3' )  [ RunTime:0.0002s ]
NOTIC: [8] A session had already been started - ignoring session_start() D:\phpStudy\WWW\thinkphp\ThinkPHP\Common\functions.php 第 1272 行.
SQL: SHOW COLUMNS FROM `robot_institute_overview` [ RunTime:0.0051s ]
SQL: SELECT * FROM `robot_institute_overview`  [ RunTime:0.0002s ]
SQL: SHOW COLUMNS FROM `robot_learning_resources` [ RunTime:0.0047s ]
SQL: SELECT * FROM `robot_learning_resources`  [ RunTime:0.0002s ]
INFO: [ view_parse ] --START--
INFO: [ template_filter ] --START--
INFO: Run Behavior\ContentReplaceBehavior [ RunTime:0.000088s ]
INFO: [ template_filter ] --END-- [ RunTime:0.000127s ]
INFO: Run Behavior\ParseTemplateBehavior [ RunTime:0.006807s ]
INFO: [ view_parse ] --END-- [ RunTime:0.006847s ]
INFO: [ view_filter ] --START--
INFO: Run Behavior\WriteHtmlCacheBehavior [ RunTime:0.000261s ]
INFO: [ view_filter ] --END-- [ RunTime:0.000292s ]
INFO: [ app_end ] --START--
INFO: Run Behavior\ShowPageTraceBehavior [ RunTime:0.000594s ]
INFO: [ app_end ] --END-- [ RunTime:0.000634s ]

[ 2018-03-14T20:24:40+08:00 ] ::1 /thinkphp/Admin/Admin/index
INFO: [ app_init ] --START--
INFO: Run Behavior\BuildLiteBehavior [ RunTime:0.000023s ]
INFO: [ app_init ] --END-- [ RunTime:0.000645s ]
INFO: [ app_begin ] --START--
INFO: Run Behavior\ReadHtmlCacheBehavior [ RunTime:0.000604s ]
INFO: [ app_begin ] --END-- [ RunTime:0.000659s ]
SQL: SHOW COLUMNS FROM `robot_editable` [ RunTime:0.0060s ]
SQL: SELECT * FROM `robot_editable`  [ RunTime:0.0002s ]
SQL: SHOW COLUMNS FROM `robot_teaching_work` [ RunTime:0.0056s ]
SQL: SELECT `catalog_id`,`catalog`,`catalog_table` FROM `robot_teaching_work` WHERE ( 1=1 AND group_id='1' )  [ RunTime:0.0004s ]
SQL: SHOW COLUMNS FROM `robot_enroll_student` [ RunTime:0.0058s ]
SQL: SELECT `catalog_id`,`catalog`,`catalog_table` FROM `robot_enroll_student` WHERE ( 1=1 AND group_id='1' )  [ RunTime:0.0003s ]
SQL: SHOW COLUMNS FROM `robot_institute_show` [ RunTime:0.0065s ]
SQL: SELECT `catalog_id`,`catalog`,`catalog_table` FROM `robot_institute_show` WHERE ( 1=1 AND group_id='1' )  [ RunTime:0.0004s ]
SQL: SELECT `catalog_id`,`catalog`,`catalog_table` FROM `robot_teaching_work` WHERE ( 1=1 AND group_id='2' )  [ RunTime:0.0003s ]
SQL: SELECT `catalog_id`,`catalog`,`catalog_table` FROM `robot_enroll_student` WHERE ( 1=1 AND group_id='2' )  [ RunTime:0.0003s ]
SQL: SELECT `catalog_id`,`catalog`,`catalog_table` FROM `robot_institute_show` WHERE ( 1=1 AND group_id='2' )  [ RunTime:0.0003s ]
SQL: SELECT `catalog_id`,`catalog`,`catalog_table` FROM `robot_teaching_work` WHERE ( 1=1 AND group_id='3' )  [ RunTime:0.0003s ]
SQL: SELECT `catalog_id`,`catalog`,`catalog_table` FROM `robot_enroll_student` WHERE ( 1=1 AND group_id='3' )  [ RunTime:0.0002s ]
SQL: SELECT `catalog_id`,`catalog`,`catalog_table` FROM `robot_institute_show` WHERE ( 1=1 AND group_id='3' )  [ RunTime:0.0002s ]
NOTIC: [8] A session had already been started - ignoring session_start() D:\phpStudy\WWW\thinkphp\ThinkPHP\Common\functions.php 第 1272 行.
SQL: SHOW COLUMNS FROM `robot_institute_overview` [ RunTime:0.0067s ]
SQL: SELECT * FROM `robot_institute_overview`  [ RunTime:0.0002s ]
SQL: SHOW COLUMNS FROM `robot_learning_resources` [ RunTime:0.0057s ]
SQL: SELECT * FROM `robot_learning_resources`  [ RunTime:0.0002s ]
INFO: [ view_parse ] --START--
INFO: [ template_filter ] --START--
INFO: Run Behavior\ContentReplaceBehavior [ RunTime:0.000093s ]
INFO: [ template_filter ] --END-- [ RunTime:0.000145s ]
INFO: Run Behavior\ParseTemplateBehavior [ RunTime:0.007562s ]
INFO: [ view_parse ] --END-- [ RunTime:0.007636s ]
INFO: [ view_filter ] --START--
INFO: Run Behavior\WriteHtmlCacheBehavior [ RunTime:0.000834s ]
INFO: [ view_filter ] --END-- [ RunTime:0.000924s ]
INFO: [ app_end ] --START--
INFO: Run Behavior\ShowPageTraceBehavior [ RunTime:0.000943s ]
INFO: [ app_end ] --END-- [ RunTime:0.001011s ]

[ 2018-03-14T20:24:40+08:00 ] ::1 /thinkphp/Admin/Admin/robot_index
INFO: [ app_init ] --START--
INFO: Run Behavior\BuildLiteBehavior [ RunTime:0.000014s ]
INFO: [ app_init ] --END-- [ RunTime:0.000374s ]
INFO: [ app_begin ] --START--
INFO: Run Behavior\ReadHtmlCacheBehavior [ RunTime:0.000600s ]
INFO: [ app_begin ] --END-- [ RunTime:0.000645s ]
INFO: [ view_parse ] --START--
INFO: [ template_filter ] --START--
INFO: Run Behavior\ContentReplaceBehavior [ RunTime:0.000094s ]
INFO: [ template_filter ] --END-- [ RunTime:0.000165s ]
SQL: SHOW COLUMNS FROM `robot_index` [ RunTime:0.0071s ]
SQL: SELECT * FROM `robot_index`  [ RunTime:0.0003s ]
SQL: SELECT * FROM `robot_index`  [ RunTime:0.0002s ]
SQL: SELECT * FROM `robot_index`  [ RunTime:0.0003s ]
SQL: SELECT * FROM `robot_index`  [ RunTime:0.0003s ]
INFO: Run Behavior\ParseTemplateBehavior [ RunTime:0.032405s ]
INFO: [ view_parse ] --END-- [ RunTime:0.032473s ]
INFO: [ view_filter ] --START--
INFO: Run Behavior\WriteHtmlCacheBehavior [ RunTime:0.000542s ]
INFO: [ view_filter ] --END-- [ RunTime:0.000593s ]
INFO: [ app_end ] --START--
INFO: Run Behavior\ShowPageTraceBehavior [ RunTime:0.000835s ]
INFO: [ app_end ] --END-- [ RunTime:0.000910s ]

[ 2018-03-14T20:24:45+08:00 ] ::1 /thinkphp/Admin/Admin/learning_resources?title=%E6%9C%BA%E5%99%A8%E4%BA%BA%E5%AE%9E%E9%AA%8C%E5%AE%A4&content=LearningResourcesLab
INFO: [ app_init ] --START--
INFO: Run Behavior\BuildLiteBehavior [ RunTime:0.000013s ]
INFO: [ app_init ] --END-- [ RunTime:0.000360s ]
INFO: [ app_begin ] --START--
INFO: Run Behavior\ReadHtmlCacheBehavior [ RunTime:0.000477s ]
INFO: [ app_begin ] --END-- [ RunTime:0.000518s ]
INFO: [ view_parse ] --START--
INFO: [ template_filter ] --START--
INFO: Run Behavior\ContentReplaceBehavior [ RunTime:0.000089s ]
INFO: [ template_filter ] --END-- [ RunTime:0.000133s ]
INFO: Run Behavior\ParseTemplateBehavior [ RunTime:0.016309s ]
INFO: [ view_parse ] --END-- [ RunTime:0.016374s ]
INFO: [ view_filter ] --START--
INFO: Run Behavior\WriteHtmlCacheBehavior [ RunTime:0.000285s ]
INFO: [ view_filter ] --END-- [ RunTime:0.000312s ]
INFO: [ app_end ] --START--
INFO: Run Behavior\ShowPageTraceBehavior [ RunTime:0.000599s ]
INFO: [ app_end ] --END-- [ RunTime:0.000644s ]

[ 2018-03-14T20:24:46+08:00 ] ::1 /thinkphp/Admin/Admin/learning_resources?title=%E6%9C%BA%E5%99%A8%E4%BA%BA%E5%AE%9E%E9%AA%8C%E5%AE%A4&content=LearningResourcesLab
INFO: [ app_init ] --START--
INFO: Run Behavior\BuildLiteBehavior [ RunTime:0.000019s ]
INFO: [ app_init ] --END-- [ RunTime:0.000593s ]
INFO: [ app_begin ] --START--
INFO: Run Behavior\ReadHtmlCacheBehavior [ RunTime:0.000825s ]
INFO: [ app_begin ] --END-- [ RunTime:0.000922s ]
INFO: [ view_parse ] --START--
INFO: [ template_filter ] --START--
INFO: Run Behavior\ContentReplaceBehavior [ RunTime:0.000146s ]
INFO: [ template_filter ] --END-- [ RunTime:0.000234s ]
INFO: Run Behavior\ParseTemplateBehavior [ RunTime:0.011459s ]
INFO: [ view_parse ] --END-- [ RunTime:0.011555s ]
INFO: [ view_filter ] --START--
INFO: Run Behavior\WriteHtmlCacheBehavior [ RunTime:0.025983s ]
INFO: [ view_filter ] --END-- [ RunTime:0.026188s ]
INFO: [ app_end ] --START--
INFO: Run Behavior\ShowPageTraceBehavior [ RunTime:0.001555s ]
INFO: [ app_end ] --END-- [ RunTime:0.001690s ]

[ 2018-03-14T20:24:46+08:00 ] ::1 /thinkphp/Admin/Admin/learning_resources_list
INFO: [ app_init ] --START--
INFO: Run Behavior\BuildLiteBehavior [ RunTime:0.000053s ]
INFO: [ app_init ] --END-- [ RunTime:0.000973s ]
INFO: [ app_begin ] --START--
INFO: Run Behavior\ReadHtmlCacheBehavior [ RunTime:0.001046s ]
INFO: [ app_begin ] --END-- [ RunTime:0.001141s ]
INFO: [ view_parse ] --START--
INFO: [ template_filter ] --START--
INFO: Run Behavior\ContentReplaceBehavior [ RunTime:0.000123s ]
INFO: [ template_filter ] --END-- [ RunTime:0.000195s ]
SQL: SHOW COLUMNS FROM `robot_learning_resources_lab` [ RunTime:0.0611s ]
SQL: SELECT * FROM `robot_learning_resources_lab`  [ RunTime:0.0005s ]
INFO: Run Behavior\ParseTemplateBehavior [ RunTime:0.108271s ]
INFO: [ view_parse ] --END-- [ RunTime:0.108339s ]
INFO: [ view_filter ] --START--
INFO: Run Behavior\WriteHtmlCacheBehavior [ RunTime:0.000626s ]
INFO: [ view_filter ] --END-- [ RunTime:0.000683s ]
INFO: [ app_end ] --START--
INFO: Run Behavior\ShowPageTraceBehavior [ RunTime:0.000865s ]
INFO: [ app_end ] --END-- [ RunTime:0.000934s ]

[ 2018-03-14T20:24:48+08:00 ] ::1 /thinkphp/Admin/Admin/editable_content?title=%E5%A4%96%E5%87%BA%E5%8F%82%E8%A7%82&content=InstituteShowVisit
INFO: [ app_init ] --START--
INFO: Run Behavior\BuildLiteBehavior [ RunTime:0.000012s ]
INFO: [ app_init ] --END-- [ RunTime:0.000365s ]
INFO: [ app_begin ] --START--
INFO: Run Behavior\ReadHtmlCacheBehavior [ RunTime:0.000456s ]
INFO: [ app_begin ] --END-- [ RunTime:0.000526s ]
INFO: [ view_parse ] --START--
INFO: [ template_filter ] --START--
INFO: Run Behavior\ContentReplaceBehavior [ RunTime:0.000086s ]
INFO: [ template_filter ] --END-- [ RunTime:0.000132s ]
INFO: Run Behavior\ParseTemplateBehavior [ RunTime:0.050595s ]
INFO: [ view_parse ] --END-- [ RunTime:0.050651s ]
INFO: [ view_filter ] --START--
INFO: Run Behavior\WriteHtmlCacheBehavior [ RunTime:0.000324s ]
INFO: [ view_filter ] --END-- [ RunTime:0.000351s ]
INFO: [ app_end ] --START--
INFO: Run Behavior\ShowPageTraceBehavior [ RunTime:0.000546s ]
INFO: [ app_end ] --END-- [ RunTime:0.000591s ]

[ 2018-03-14T20:24:48+08:00 ] ::1 /thinkphp/Admin/Admin/editable_content?title=%E5%A4%96%E5%87%BA%E5%8F%82%E8%A7%82&content=InstituteShowVisit
INFO: [ app_init ] --START--
INFO: Run Behavior\BuildLiteBehavior [ RunTime:0.000021s ]
INFO: [ app_init ] --END-- [ RunTime:0.000883s ]
INFO: [ app_begin ] --START--
INFO: Run Behavior\ReadHtmlCacheBehavior [ RunTime:0.000949s ]
INFO: [ app_begin ] --END-- [ RunTime:0.001060s ]
INFO: [ view_parse ] --START--
INFO: [ template_filter ] --START--
INFO: Run Behavior\ContentReplaceBehavior [ RunTime:0.000141s ]
INFO: [ template_filter ] --END-- [ RunTime:0.000227s ]
INFO: Run Behavior\ParseTemplateBehavior [ RunTime:0.010929s ]
INFO: [ view_parse ] --END-- [ RunTime:0.011004s ]
INFO: [ view_filter ] --START--
INFO: Run Behavior\WriteHtmlCacheBehavior [ RunTime:0.000890s ]
INFO: [ view_filter ] --END-- [ RunTime:0.000962s ]
INFO: [ app_end ] --START--
INFO: Run Behavior\ShowPageTraceBehavior [ RunTime:0.000728s ]
INFO: [ app_end ] --END-- [ RunTime:0.000782s ]

[ 2018-03-14T20:24:49+08:00 ] ::1 /thinkphp/Admin/Admin/editable_content_list
INFO: [ app_init ] --START--
INFO: Run Behavior\BuildLiteBehavior [ RunTime:0.000017s ]
INFO: [ app_init ] --END-- [ RunTime:0.000505s ]
INFO: [ app_begin ] --START--
INFO: Run Behavior\ReadHtmlCacheBehavior [ RunTime:0.000892s ]
INFO: [ app_begin ] --END-- [ RunTime:0.001061s ]
INFO: [ view_parse ] --START--
INFO: [ template_filter ] --START--
INFO: Run Behavior\ContentReplaceBehavior [ RunTime:0.000113s ]
INFO: [ template_filter ] --END-- [ RunTime:0.000198s ]
SQL: SHOW COLUMNS FROM `robot_institute_show_visit` [ RunTime:0.0430s ]
SQL: SELECT * FROM `robot_institute_show_visit`  [ RunTime:0.0003s ]
INFO: Run Behavior\ParseTemplateBehavior [ RunTime:0.090339s ]
INFO: [ view_parse ] --END-- [ RunTime:0.090391s ]
INFO: [ view_filter ] --START--
INFO: Run Behavior\WriteHtmlCacheBehavior [ RunTime:0.000534s ]
INFO: [ view_filter ] --END-- [ RunTime:0.000587s ]
INFO: [ app_end ] --START--
INFO: Run Behavior\ShowPageTraceBehavior [ RunTime:0.000902s ]
INFO: [ app_end ] --END-- [ RunTime:0.000969s ]

[ 2018-03-14T20:24:53+08:00 ] ::1 /thinkphp/Admin/Admin/institute_overview?title=%E5%AD%A6%E9%99%A2%E4%BB%8B%E7%BB%8D&content=InstituteOverviewInstituteIntroduction
INFO: [ app_init ] --START--
INFO: Run Behavior\BuildLiteBehavior [ RunTime:0.000026s ]
INFO: [ app_init ] --END-- [ RunTime:0.001288s ]
INFO: [ app_begin ] --START--
INFO: Run Behavior\ReadHtmlCacheBehavior [ RunTime:0.000492s ]
INFO: [ app_begin ] --END-- [ RunTime:0.000532s ]
INFO: [ view_parse ] --START--
INFO: [ template_filter ] --START--
INFO: Run Behavior\ContentReplaceBehavior [ RunTime:0.000101s ]
INFO: [ template_filter ] --END-- [ RunTime:0.000156s ]
INFO: Run Behavior\ParseTemplateBehavior [ RunTime:0.069368s ]
INFO: [ view_parse ] --END-- [ RunTime:0.069434s ]
INFO: [ view_filter ] --START--
INFO: Run Behavior\WriteHtmlCacheBehavior [ RunTime:0.000391s ]
INFO: [ view_filter ] --END-- [ RunTime:0.000428s ]
INFO: [ app_end ] --START--
INFO: Run Behavior\ShowPageTraceBehavior [ RunTime:0.000683s ]
INFO: [ app_end ] --END-- [ RunTime:0.000743s ]

[ 2018-03-14T20:24:53+08:00 ] ::1 /thinkphp/Admin/Admin/institute_overview?title=%E5%AD%A6%E9%99%A2%E4%BB%8B%E7%BB%8D&content=InstituteOverviewInstituteIntroduction
INFO: [ app_init ] --START--
INFO: Run Behavior\BuildLiteBehavior [ RunTime:0.000020s ]
INFO: [ app_init ] --END-- [ RunTime:0.000550s ]
INFO: [ app_begin ] --START--
INFO: Run Behavior\ReadHtmlCacheBehavior [ RunTime:0.000774s ]
INFO: [ app_begin ] --END-- [ RunTime:0.000846s ]
INFO: [ view_parse ] --START--
INFO: [ template_filter ] --START--
INFO: Run Behavior\ContentReplaceBehavior [ RunTime:0.000142s ]
INFO: [ template_filter ] --END-- [ RunTime:0.000222s ]
INFO: Run Behavior\ParseTemplateBehavior [ RunTime:0.011405s ]
INFO: [ view_parse ] --END-- [ RunTime:0.011479s ]
INFO: [ view_filter ] --START--
INFO: Run Behavior\WriteHtmlCacheBehavior [ RunTime:0.000558s ]
INFO: [ view_filter ] --END-- [ RunTime:0.000614s ]
INFO: [ app_end ] --START--
INFO: Run Behavior\ShowPageTraceBehavior [ RunTime:0.001017s ]
INFO: [ app_end ] --END-- [ RunTime:0.001091s ]

[ 2018-03-14T20:24:53+08:00 ] ::1 /thinkphp/Admin/Admin/institute_overview_content
INFO: [ app_init ] --START--
INFO: Run Behavior\BuildLiteBehavior [ RunTime:0.000018s ]
INFO: [ app_init ] --END-- [ RunTime:0.000628s ]
INFO: [ app_begin ] --START--
INFO: Run Behavior\ReadHtmlCacheBehavior [ RunTime:0.000759s ]
INFO: [ app_begin ] --END-- [ RunTime:0.000832s ]
INFO: [ view_parse ] --START--
INFO: [ template_filter ] --START--
INFO: Run Behavior\ContentReplaceBehavior [ RunTime:0.000055s ]
INFO: [ template_filter ] --END-- [ RunTime:0.000131s ]
SQL: SHOW COLUMNS FROM `robot_institute_overview_institute_introduction` [ RunTime:0.0370s ]
SQL: SELECT * FROM `robot_institute_overview_institute_introduction`  [ RunTime:0.0003s ]
INFO: Run Behavior\ParseTemplateBehavior [ RunTime:0.066360s ]
INFO: [ view_parse ] --END-- [ RunTime:0.066415s ]
INFO: [ view_filter ] --START--
INFO: Run Behavior\WriteHtmlCacheBehavior [ RunTime:0.000392s ]
INFO: [ view_filter ] --END-- [ RunTime:0.000426s ]
INFO: [ app_end ] --START--
INFO: Run Behavior\ShowPageTraceBehavior [ RunTime:0.000519s ]
INFO: [ app_end ] --END-- [ RunTime:0.000557s ]

[ 2018-03-14T20:24:59+08:00 ] ::1 /thinkphp/Admin/Admin/institute_overview?title=%E5%AD%A6%E9%99%A2%E6%9C%BA%E6%9E%84&content=InstituteOverviewInstituteGroup
INFO: [ app_init ] --START--
INFO: Run Behavior\BuildLiteBehavior [ RunTime:0.000014s ]
INFO: [ app_init ] --END-- [ RunTime:0.001064s ]
INFO: [ app_begin ] --START--
INFO: Run Behavior\ReadHtmlCacheBehavior [ RunTime:0.000542s ]
INFO: [ app_begin ] --END-- [ RunTime:0.000584s ]
INFO: [ view_parse ] --START--
INFO: [ template_filter ] --START--
INFO: Run Behavior\ContentReplaceBehavior [ RunTime:0.000084s ]
INFO: [ template_filter ] --END-- [ RunTime:0.000124s ]
INFO: Run Behavior\ParseTemplateBehavior [ RunTime:0.007614s ]
INFO: [ view_parse ] --END-- [ RunTime:0.007667s ]
INFO: [ view_filter ] --START--
INFO: Run Behavior\WriteHtmlCacheBehavior [ RunTime:0.000701s ]
INFO: [ view_filter ] --END-- [ RunTime:0.000927s ]
INFO: [ app_end ] --START--
INFO: Run Behavior\ShowPageTraceBehavior [ RunTime:0.000798s ]
INFO: [ app_end ] --END-- [ RunTime:0.000878s ]

[ 2018-03-14T20:24:59+08:00 ] ::1 /thinkphp/Admin/Admin/institute_overview?title=%E5%AD%A6%E9%99%A2%E6%9C%BA%E6%9E%84&content=InstituteOverviewInstituteGroup
INFO: [ app_init ] --START--
INFO: Run Behavior\BuildLiteBehavior [ RunTime:0.000019s ]
INFO: [ app_init ] --END-- [ RunTime:0.000523s ]
INFO: [ app_begin ] --START--
INFO: Run Behavior\ReadHtmlCacheBehavior [ RunTime:0.000744s ]
INFO: [ app_begin ] --END-- [ RunTime:0.000811s ]
INFO: [ view_parse ] --START--
INFO: [ template_filter ] --START--
INFO: Run Behavior\ContentReplaceBehavior [ RunTime:0.000091s ]
INFO: [ template_filter ] --END-- [ RunTime:0.000141s ]
INFO: Run Behavior\ParseTemplateBehavior [ RunTime:0.012061s ]
INFO: [ view_parse ] --END-- [ RunTime:0.012130s ]
INFO: [ view_filter ] --START--
INFO: Run Behavior\WriteHtmlCacheBehavior [ RunTime:0.000381s ]
INFO: [ view_filter ] --END-- [ RunTime:0.000420s ]
INFO: [ app_end ] --START--
INFO: Run Behavior\ShowPageTraceBehavior [ RunTime:0.000702s ]
INFO: [ app_end ] --END-- [ RunTime:0.000755s ]

[ 2018-03-14T20:24:59+08:00 ] ::1 /thinkphp/Admin/Admin/institute_overview_content
INFO: [ app_init ] --START--
INFO: Run Behavior\BuildLiteBehavior [ RunTime:0.000021s ]
INFO: [ app_init ] --END-- [ RunTime:0.000559s ]
INFO: [ app_begin ] --START--
INFO: Run Behavior\ReadHtmlCacheBehavior [ RunTime:0.001200s ]
INFO: [ app_begin ] --END-- [ RunTime:0.001292s ]
INFO: [ view_parse ] --START--
INFO: [ template_filter ] --START--
INFO: Run Behavior\ContentReplaceBehavior [ RunTime:0.000037s ]
INFO: [ template_filter ] --END-- [ RunTime:0.000090s ]
SQL: SHOW COLUMNS FROM `robot_institute_overview_institute_group` [ RunTime:0.0437s ]
SQL: SELECT * FROM `robot_institute_overview_institute_group`  [ RunTime:0.0003s ]
INFO: Run Behavior\ParseTemplateBehavior [ RunTime:0.060328s ]
INFO: [ view_parse ] --END-- [ RunTime:0.060378s ]
INFO: [ view_filter ] --START--
INFO: Run Behavior\WriteHtmlCacheBehavior [ RunTime:0.000454s ]
INFO: [ view_filter ] --END-- [ RunTime:0.000496s ]
INFO: [ app_end ] --START--
INFO: Run Behavior\ShowPageTraceBehavior [ RunTime:0.000558s ]
INFO: [ app_end ] --END-- [ RunTime:0.000597s ]

[ 2018-03-14T20:25:00+08:00 ] ::1 /thinkphp/Admin/Admin/institute_overview?title=%E5%AD%A6%E9%99%A2%E4%BB%8B%E7%BB%8D&content=InstituteOverviewInstituteIntroduction
INFO: [ app_init ] --START--
INFO: Run Behavior\BuildLiteBehavior [ RunTime:0.000012s ]
INFO: [ app_init ] --END-- [ RunTime:0.000363s ]
INFO: [ app_begin ] --START--
INFO: Run Behavior\ReadHtmlCacheBehavior [ RunTime:0.000520s ]
INFO: [ app_begin ] --END-- [ RunTime:0.000570s ]
INFO: [ view_parse ] --START--
INFO: [ template_filter ] --START--
INFO: Run Behavior\ContentReplaceBehavior [ RunTime:0.000091s ]
INFO: [ template_filter ] --END-- [ RunTime:0.000141s ]
INFO: Run Behavior\ParseTemplateBehavior [ RunTime:0.008026s ]
INFO: [ view_parse ] --END-- [ RunTime:0.008088s ]
INFO: [ view_filter ] --START--
INFO: Run Behavior\WriteHtmlCacheBehavior [ RunTime:0.000482s ]
INFO: [ view_filter ] --END-- [ RunTime:0.000523s ]
INFO: [ app_end ] --START--
INFO: Run Behavior\ShowPageTraceBehavior [ RunTime:0.001109s ]
INFO: [ app_end ] --END-- [ RunTime:0.001231s ]

[ 2018-03-14T20:25:00+08:00 ] ::1 /thinkphp/Admin/Admin/institute_overview_content
INFO: [ app_init ] --START--
INFO: Run Behavior\BuildLiteBehavior [ RunTime:0.000026s ]
INFO: [ app_init ] --END-- [ RunTime:0.000607s ]
INFO: [ app_begin ] --START--
INFO: Run Behavior\ReadHtmlCacheBehavior [ RunTime:0.000912s ]
INFO: [ app_begin ] --END-- [ RunTime:0.000995s ]
INFO: [ view_parse ] --START--
INFO: [ template_filter ] --START--
INFO: Run Behavior\ContentReplaceBehavior [ RunTime:0.000118s ]
INFO: [ template_filter ] --END-- [ RunTime:0.000257s ]
SQL: SHOW COLUMNS FROM `robot_institute_overview_institute_introduction` [ RunTime:0.0098s ]
SQL: SELECT * FROM `robot_institute_overview_institute_introduction`  [ RunTime:0.0003s ]
INFO: Run Behavior\ParseTemplateBehavior [ RunTime:0.026612s ]
INFO: [ view_parse ] --END-- [ RunTime:0.026677s ]
INFO: [ view_filter ] --START--
INFO: Run Behavior\WriteHtmlCacheBehavior [ RunTime:0.000561s ]
INFO: [ view_filter ] --END-- [ RunTime:0.000616s ]
INFO: [ app_end ] --START--
INFO: Run Behavior\ShowPageTraceBehavior [ RunTime:0.000795s ]
INFO: [ app_end ] --END-- [ RunTime:0.000854s ]

[ 2018-03-14T20:25:00+08:00 ] ::1 /thinkphp/Admin/Admin/institute_overview?title=%E5%AD%A6%E9%99%A2%E4%BB%8B%E7%BB%8D&content=InstituteOverviewInstituteIntroduction
INFO: [ app_init ] --START--
INFO: Run Behavior\BuildLiteBehavior [ RunTime:0.000019s ]
INFO: [ app_init ] --END-- [ RunTime:0.000542s ]
INFO: [ app_begin ] --START--
INFO: Run Behavior\ReadHtmlCacheBehavior [ RunTime:0.000728s ]
INFO: [ app_begin ] --END-- [ RunTime:0.000793s ]
INFO: [ view_parse ] --START--
INFO: [ template_filter ] --START--
INFO: Run Behavior\ContentReplaceBehavior [ RunTime:0.000142s ]
INFO: [ template_filter ] --END-- [ RunTime:0.000231s ]
INFO: Run Behavior\ParseTemplateBehavior [ RunTime:0.009307s ]
INFO: [ view_parse ] --END-- [ RunTime:0.009368s ]
INFO: [ view_filter ] --START--
INFO: Run Behavior\WriteHtmlCacheBehavior [ RunTime:0.000387s ]
INFO: [ view_filter ] --END-- [ RunTime:0.000426s ]
INFO: [ app_end ] --START--
INFO: Run Behavior\ShowPageTraceBehavior [ RunTime:0.000796s ]
INFO: [ app_end ] --END-- [ RunTime:0.000857s ]

[ 2018-03-14T20:25:02+08:00 ] ::1 /thinkphp/Admin/Admin/institute_overview?title=%E5%AD%A6%E9%99%A2%E6%9C%BA%E6%9E%84&content=InstituteOverviewInstituteGroup
INFO: [ app_init ] --START--
INFO: Run Behavior\BuildLiteBehavior [ RunTime:0.000012s ]
INFO: [ app_init ] --END-- [ RunTime:0.000362s ]
INFO: [ app_begin ] --START--
INFO: Run Behavior\ReadHtmlCacheBehavior [ RunTime:0.000457s ]
INFO: [ app_begin ] --END-- [ RunTime:0.000498s ]
INFO: [ view_parse ] --START--
INFO: [ template_filter ] --START--
INFO: Run Behavior\ContentReplaceBehavior [ RunTime:0.000114s ]
INFO: [ template_filter ] --END-- [ RunTime:0.000181s ]
INFO: Run Behavior\ParseTemplateBehavior [ RunTime:0.008627s ]
INFO: [ view_parse ] --END-- [ RunTime:0.008678s ]
INFO: [ view_filter ] --START--
INFO: Run Behavior\WriteHtmlCacheBehavior [ RunTime:0.000439s ]
INFO: [ view_filter ] --END-- [ RunTime:0.000481s ]
INFO: [ app_end ] --START--
INFO: Run Behavior\ShowPageTraceBehavior [ RunTime:0.001058s ]
INFO: [ app_end ] --END-- [ RunTime:0.001168s ]

[ 2018-03-14T20:25:02+08:00 ] ::1 /thinkphp/Admin/Admin/institute_overview_content
INFO: [ app_init ] --START--
INFO: Run Behavior\BuildLiteBehavior [ RunTime:0.000013s ]
INFO: [ app_init ] --END-- [ RunTime:0.000406s ]
INFO: [ app_begin ] --START--
INFO: Run Behavior\ReadHtmlCacheBehavior [ RunTime:0.000800s ]
INFO: [ app_begin ] --END-- [ RunTime:0.000866s ]
INFO: [ view_parse ] --START--
INFO: [ template_filter ] --START--
INFO: Run Behavior\ContentReplaceBehavior [ RunTime:0.000055s ]
INFO: [ template_filter ] --END-- [ RunTime:0.000133s ]
SQL: SHOW COLUMNS FROM `robot_institute_overview_institute_group` [ RunTime:0.0087s ]
SQL: SELECT * FROM `robot_institute_overview_institute_group`  [ RunTime:0.0003s ]
INFO: Run Behavior\ParseTemplateBehavior [ RunTime:0.027421s ]
INFO: [ view_parse ] --END-- [ RunTime:0.027494s ]
INFO: [ view_filter ] --START--
INFO: Run Behavior\WriteHtmlCacheBehavior [ RunTime:0.000555s ]
INFO: [ view_filter ] --END-- [ RunTime:0.000610s ]
INFO: [ app_end ] --START--
INFO: Run Behavior\ShowPageTraceBehavior [ RunTime:0.000815s ]
INFO: [ app_end ] --END-- [ RunTime:0.000881s ]

[ 2018-03-14T20:25:02+08:00 ] ::1 /thinkphp/Admin/Admin/institute_overview?title=%E5%AD%A6%E9%99%A2%E6%9C%BA%E6%9E%84&content=InstituteOverviewInstituteGroup
INFO: [ app_init ] --START--
INFO: Run Behavior\BuildLiteBehavior [ RunTime:0.000012s ]
INFO: [ app_init ] --END-- [ RunTime:0.000368s ]
INFO: [ app_begin ] --START--
INFO: Run Behavior\ReadHtmlCacheBehavior [ RunTime:0.000715s ]
INFO: [ app_begin ] --END-- [ RunTime:0.000791s ]
INFO: [ view_parse ] --START--
INFO: [ template_filter ] --START--
INFO: Run Behavior\ContentReplaceBehavior [ RunTime:0.000093s ]
INFO: [ template_filter ] --END-- [ RunTime:0.000144s ]
INFO: Run Behavior\ParseTemplateBehavior [ RunTime:0.009741s ]
INFO: [ view_parse ] --END-- [ RunTime:0.009871s ]
INFO: [ view_filter ] --START--
INFO: Run Behavior\WriteHtmlCacheBehavior [ RunTime:0.000297s ]
INFO: [ view_filter ] --END-- [ RunTime:0.000327s ]
INFO: [ app_end ] --START--
INFO: Run Behavior\ShowPageTraceBehavior [ RunTime:0.000831s ]
INFO: [ app_end ] --END-- [ RunTime:0.000894s ]

